[0.018s] Invoking command in '/gpfs/fs1/home/wtan10/Desktop/ECE217/project2_ws/build/ece217_project2_tan': CONDA_PROMPT_MODIFIER=(ros2_env) _=/usr/bin/env /gpfs/fs1/sfw3/rhel9-x86_64/miniforge3/25.11.0-1/envs/ros2_env/bin/cmake --build /gpfs/fs1/home/wtan10/Desktop/ECE217/project2_ws/build/ece217_project2_tan -- -j2 -l2
[0.097s] [  2%] Built target ece217_project2_tan__rosidl_generator_type_description
[0.115s] [  2%] Built target ament_cmake_python_copy_ece217_project2_tan
[0.122s] [  5%] Built target ece217_project2_tan__cpp
[0.143s] [ 17%] Built target ece217_project2_tan__rosidl_generator_c
[0.172s] [ 25%] Built target ece217_project2_tan__rosidl_typesupport_cpp
[0.201s] [ 33%] Built target ece217_project2_tan__rosidl_typesupport_fastrtps_c
[0.231s] [ 41%] Built target ece217_project2_tan__rosidl_typesupport_fastrtps_cpp
[0.260s] [ 48%] Built target ece217_project2_tan__rosidl_typesupport_introspection_c
[0.287s] [ 56%] Built target ece217_project2_tan__rosidl_typesupport_c
[0.315s] [ 64%] Built target ece217_project2_tan__rosidl_typesupport_introspection_cpp
[0.353s] [ 69%] Built target project2-client
[0.409s] [ 71%] [32mBuilding CXX object CMakeFiles/project2-server.dir/src/kinematic_control.cpp.o[0m
[0.505s] running egg_info
[0.539s] writing ece217_project2_tan.egg-info/PKG-INFO
[0.540s] writing dependency_links to ece217_project2_tan.egg-info/dependency_links.txt
[0.541s] writing top-level names to ece217_project2_tan.egg-info/top_level.txt
[0.647s] reading manifest file 'ece217_project2_tan.egg-info/SOURCES.txt'
[0.648s] writing manifest file 'ece217_project2_tan.egg-info/SOURCES.txt'
[0.679s] [ 71%] Built target ament_cmake_python_build_ece217_project2_tan_egg
[0.704s] [ 71%] Built target ece217_project2_tan
[0.730s] [ 74%] Built target ece217_project2_tan__py
[0.774s] [ 79%] Built target ece217_project2_tan__rosidl_generator_py
[0.801s] [ 84%] Built target ece217_project2_tan_s__rosidl_typesupport_fastrtps_c
[0.832s] [ 89%] Built target ece217_project2_tan_s__rosidl_typesupport_introspection_c
[0.859s] [ 94%] Built target ece217_project2_tan_s__rosidl_typesupport_c
[0.869s] [ 97%] [32mBuilding CXX object CMakeFiles/project2-server.dir/src/project2-server.cpp.o[0m
[1.903s] [01m[K/gpfs/fs1/home/wtan10/Desktop/ECE217/project2_ws/src/ece217_project2_tan/src/kinematic_control.cpp:[m[K In function '[01m[KEigen::VectorXd[01;32m[K kinematic[m[K(double, double, double, double, double, double, double, double, double, double, double, double, double)[m[K':
[1.903s] [01m[K/gpfs/fs1/home/wtan10/Desktop/ECE217/project2_ws/src/ece217_project2_tan/src/kinematic_control.cpp:71:36:[m[K [01;31m[Kerror: [m[Kno match for '[01m[Koperator*[m[K' (operand types are '[01m[KEigen::Vector3d[m[K' {aka '[01m[KEigen::Matrix<double, 3, 1>[m[K'} and '[01m[K<unresolved overloaded function type>[m[K')
[1.903s]    71 |         erroro = [32m[Kquaternion_vector[m[K [01;31m[K*[m[K [34m[Kgoal_q.w[m[K - goal_quaternion_vector * q.w - cross;
[1.903s]       |                  [32m[K~~~~~~~~~~~~~~~~~[m[K [01;31m[K^[m[K [34m[K~~~~~~~~[m[K
[1.903s]       |                  [32m[K|[m[K                          [34m[K|[m[K
[1.904s]       |                  [32m[K|[m[K                          [34m[K<unresolved overloaded function type>[m[K
[1.904s]       |                  [32m[KEigen::Vector3d {aka Eigen::Matrix<double, 3, 1>}[m[K
[1.904s] In file included from [01m[K/gpfs/fs1/sfw3/rhel9-x86_64/miniforge3/25.11.0-1/envs/ros2_env/include/eigen3/Eigen/Core:19[m[K,
[1.904s]                  from [01m[K/gpfs/fs1/sfw3/rhel9-x86_64/miniforge3/25.11.0-1/envs/ros2_env/include/eigen3/Eigen/Dense:1[m[K,
[1.904s]                  from [01m[K/gpfs/fs1/home/wtan10/Desktop/ECE217/project2_ws/src/ece217_project2_tan/src/kinematic_control.cpp:7[m[K:
[1.905s] [01m[K/gpfs/fs1/sfw3/rhel9-x86_64/miniforge3/25.11.0-1/envs/ros2_env/include/eigen3/Eigen/src/Core/../plugins/CommonCwiseBinaryOps.h:50:29:[m[K [01;36m[Knote: [m[Kcandidate: '[01m[Ktemplate<class T> const Eigen::CwiseBinaryOp<Eigen::internal::scalar_product_op<typename Eigen::internal::traits<T>::Scalar, typename Eigen::internal::promote_scalar_arg<typename Eigen::internal::traits<T>::Scalar, T, Eigen::internal::has_ReturnType<Eigen::ScalarBinaryOpTraits<typename Eigen::internal::traits<T>::Scalar, T, Eigen::internal::scalar_product_op<typename Eigen::internal::traits<T>::Scalar, T> > >::value>::type>, const Derived, const typename Eigen::internal::plain_constant_type<Derived, typename Eigen::internal::promote_scalar_arg<typename Eigen::internal::traits<T>::Scalar, T, Eigen::internal::has_ReturnType<Eigen::ScalarBinaryOpTraits<typename Eigen::internal::traits<T>::Scalar, T, Eigen::internal::scalar_product_op<typename Eigen::internal::traits<T>::Scalar, T> > >::value>::type>::type> Eigen::MatrixBase<Derived>::[01;32m[Koperator*[m[K(const T&) const [35m[K[with Derived = Eigen::Matrix<double, 3, 1>][m[K[m[K'
[1.905s]    50 | EIGEN_MAKE_SCALAR_BINARY_OP([01;36m[Koperator[m[K*,product)
[1.906s]       |                             [01;36m[K^~~~~~~~[m[K
[1.906s] [01m[K/gpfs/fs1/sfw3/rhel9-x86_64/miniforge3/25.11.0-1/envs/ros2_env/include/eigen3/Eigen/src/Core/util/Macros.h:1365:4:[m[K [01;36m[Knote: [m[Kin definition of macro '[01m[KEIGEN_MAKE_SCALAR_BINARY_OP_ONTHERIGHT[m[K'
[1.906s]  1365 |   ([01;36m[KMETHOD[m[K)(const T& scalar) const { \
[1.906s]       |    [01;36m[K^~~~~~[m[K
[1.906s] [01m[K/gpfs/fs1/sfw3/rhel9-x86_64/miniforge3/25.11.0-1/envs/ros2_env/include/eigen3/Eigen/src/Core/../plugins/CommonCwiseBinaryOps.h:50:1:[m[K [01;36m[Knote: [m[Kin expansion of macro '[01m[KEIGEN_MAKE_SCALAR_BINARY_OP[m[K'
[1.906s]    50 | [01;36m[KEIGEN_MAKE_SCALAR_BINARY_OP[m[K(operator*,product)
[1.906s]       | [01;36m[K^~~~~~~~~~~~~~~~~~~~~~~~~~~[m[K
[1.906s] [01m[K/gpfs/fs1/sfw3/rhel9-x86_64/miniforge3/25.11.0-1/envs/ros2_env/include/eigen3/Eigen/src/Core/../plugins/CommonCwiseBinaryOps.h:50:29:[m[K [01;36m[Knote: [m[K  template argument deduction/substitution failed:
[1.906s]    50 | EIGEN_MAKE_SCALAR_BINARY_OP([01;36m[Koperator[m[K*,product)
[1.906s]       |                             [01;36m[K^~~~~~~~[m[K
[1.907s] [01m[K/gpfs/fs1/sfw3/rhel9-x86_64/miniforge3/25.11.0-1/envs/ros2_env/include/eigen3/Eigen/src/Core/util/Macros.h:1365:4:[m[K [01;36m[Knote: [m[Kin definition of macro '[01m[KEIGEN_MAKE_SCALAR_BINARY_OP_ONTHERIGHT[m[K'
[1.907s]  1365 |   ([01;36m[KMETHOD[m[K)(const T& scalar) const { \
[1.907s]       |    [01;36m[K^~~~~~[m[K
[1.907s] [01m[K/gpfs/fs1/sfw3/rhel9-x86_64/miniforge3/25.11.0-1/envs/ros2_env/include/eigen3/Eigen/src/Core/../plugins/CommonCwiseBinaryOps.h:50:1:[m[K [01;36m[Knote: [m[Kin expansion of macro '[01m[KEIGEN_MAKE_SCALAR_BINARY_OP[m[K'
[1.907s]    50 | [01;36m[KEIGEN_MAKE_SCALAR_BINARY_OP[m[K(operator*,product)
[1.907s]       | [01;36m[K^~~~~~~~~~~~~~~~~~~~~~~~~~~[m[K
[1.907s] [01m[K/gpfs/fs1/home/wtan10/Desktop/ECE217/project2_ws/src/ece217_project2_tan/src/kinematic_control.cpp:71:45:[m[K [01;36m[Knote: [m[K  couldn't deduce template parameter '[01m[KT[m[K'
[1.907s]    71 |         erroro = quaternion_vector * goal_q.[01;36m[Kw[m[K - goal_quaternion_vector * q.w - cross;
[1.907s]       |                                             [01;36m[K^[m[K
[1.907s] In file included from [01m[K/gpfs/fs1/sfw3/rhel9-x86_64/miniforge3/25.11.0-1/envs/ros2_env/include/eigen3/Eigen/Core:322[m[K:
[1.907s] [01m[K/gpfs/fs1/sfw3/rhel9-x86_64/miniforge3/25.11.0-1/envs/ros2_env/include/eigen3/Eigen/src/Core/GeneralProduct.h:399:1:[m[K [01;36m[Knote: [m[Kcandidate: '[01m[Ktemplate<class OtherDerived> const Eigen::Product<Derived, OtherDerived> Eigen::MatrixBase<Derived>::[01;32m[Koperator*[m[K(const Eigen::MatrixBase<OtherDerived>&) const [35m[K[with Derived = Eigen::Matrix<double, 3, 1>][m[K[m[K'
[1.908s]   399 | [01;36m[KMatrixBase<Derived>[m[K::operator*(const MatrixBase<OtherDerived> &other) const
[1.908s]       | [01;36m[K^~~~~~~~~~~~~~~~~~~[m[K
[1.908s] [01m[K/gpfs/fs1/sfw3/rhel9-x86_64/miniforge3/25.11.0-1/envs/ros2_env/include/eigen3/Eigen/src/Core/GeneralProduct.h:399:1:[m[K [01;36m[Knote: [m[K  template argument deduction/substitution failed:
[1.908s] [01m[K/gpfs/fs1/home/wtan10/Desktop/ECE217/project2_ws/src/ece217_project2_tan/src/kinematic_control.cpp:71:45:[m[K [01;36m[Knote: [m[K  mismatched types '[01m[Kconst Eigen::MatrixBase<Derived>[m[K' and '[01m[Kdouble& (Eigen::QuaternionBase<Eigen::Quaternion<double> >::*)()[m[K'
[1.908s]    71 |         erroro = quaternion_vector * goal_q.[01;36m[Kw[m[K - goal_quaternion_vector * q.w - cross;
[1.908s]       |                                             [01;36m[K^[m[K
[1.908s] [01m[K/gpfs/fs1/home/wtan10/Desktop/ECE217/project2_ws/src/ece217_project2_tan/src/kinematic_control.cpp:71:45:[m[K [01;36m[Knote: [m[K  mismatched types '[01m[Kconst Eigen::MatrixBase<Derived>[m[K' and '[01m[Kconst double& (Eigen::QuaternionBase<Eigen::Quaternion<double> >::*)() const[m[K'
[1.908s] [01m[K/gpfs/fs1/home/wtan10/Desktop/ECE217/project2_ws/src/ece217_project2_tan/src/kinematic_control.cpp:71:45:[m[K [01;36m[Knote: [m[K  couldn't deduce template parameter '[01m[KOtherDerived[m[K'
[1.908s] In file included from [01m[K/gpfs/fs1/sfw3/rhel9-x86_64/miniforge3/25.11.0-1/envs/ros2_env/include/eigen3/Eigen/Core:273[m[K:
[1.908s] [01m[K/gpfs/fs1/sfw3/rhel9-x86_64/miniforge3/25.11.0-1/envs/ros2_env/include/eigen3/Eigen/src/Core/MatrixBase.h:185:5:[m[K [01;36m[Knote: [m[Kcandidate: '[01m[Ktemplate<class DiagonalDerived> const Eigen::Product<Derived, OtherDerived, 1> Eigen::MatrixBase<Derived>::[01;32m[Koperator*[m[K(const Eigen::DiagonalBase<DiagonalDerived>&) const [35m[K[with Derived = Eigen::Matrix<double, 3, 1>][m[K[m[K'
[1.908s]   185 |     [01;36m[Koperator[m[K*(const DiagonalBase<DiagonalDerived> &diagonal) const;
[1.908s]       |     [01;36m[K^~~~~~~~[m[K
[1.908s] [01m[K/gpfs/fs1/sfw3/rhel9-x86_64/miniforge3/25.11.0-1/envs/ros2_env/include/eigen3/Eigen/src/Core/MatrixBase.h:185:5:[m[K [01;36m[Knote: [m[K  template argument deduction/substitution failed:
[1.908s] [01m[K/gpfs/fs1/home/wtan10/Desktop/ECE217/project2_ws/src/ece217_project2_tan/src/kinematic_control.cpp:71:45:[m[K [01;36m[Knote: [m[K  mismatched types '[01m[Kconst Eigen::DiagonalBase<T>[m[K' and '[01m[Kdouble& (Eigen::QuaternionBase<Eigen::Quaternion<double> >::*)()[m[K'
[1.908s]    71 |         erroro = quaternion_vector * goal_q.[01;36m[Kw[m[K - goal_quaternion_vector * q.w - cross;
[1.909s]       |                                             [01;36m[K^[m[K
[1.909s] [01m[K/gpfs/fs1/home/wtan10/Desktop/ECE217/project2_ws/src/ece217_project2_tan/src/kinematic_control.cpp:71:45:[m[K [01;36m[Knote: [m[K  mismatched types '[01m[Kconst Eigen::DiagonalBase<T>[m[K' and '[01m[Kconst double& (Eigen::QuaternionBase<Eigen::Quaternion<double> >::*)() const[m[K'
[1.909s] [01m[K/gpfs/fs1/home/wtan10/Desktop/ECE217/project2_ws/src/ece217_project2_tan/src/kinematic_control.cpp:71:45:[m[K [01;36m[Knote: [m[K  couldn't deduce template parameter '[01m[KDiagonalDerived[m[K'
[1.909s] [01m[K/gpfs/fs1/sfw3/rhel9-x86_64/miniforge3/25.11.0-1/envs/ros2_env/include/eigen3/Eigen/src/Core/../plugins/CommonCwiseBinaryOps.h:50:29:[m[K [01;36m[Knote: [m[Kcandidate: '[01m[Ktemplate<class T> const Eigen::CwiseBinaryOp<Eigen::internal::scalar_product_op<typename Eigen::internal::promote_scalar_arg<double, T, Eigen::internal::has_ReturnType<Eigen::ScalarBinaryOpTraits<T, double, Eigen::internal::scalar_product_op<T, double> > >::value>::type, double>, const typename Eigen::internal::plain_constant_type<Eigen::Matrix<double, 3, 1>, typename Eigen::internal::promote_scalar_arg<double, T, Eigen::internal::has_ReturnType<Eigen::ScalarBinaryOpTraits<T, double, Eigen::internal::scalar_product_op<T, double> > >::value>::type>::type, const Eigen::Matrix<double, 3, 1> > Eigen::[01;32m[Koperator*[m[K(const T&, const MatrixBase<Matrix<double, 3, 1> >::StorageBaseType&)[m[K'
[1.909s]    50 | EIGEN_MAKE_SCALAR_BINARY_OP([01;36m[Koperator[m[K*,product)
[1.909s]       |                             [01;36m[K^~~~~~~~[m[K
[1.909s] [01m[K/gpfs/fs1/sfw3/rhel9-x86_64/miniforge3/25.11.0-1/envs/ros2_env/include/eigen3/Eigen/src/Core/util/Macros.h:1374:4:[m[K [01;36m[Knote: [m[Kin definition of macro '[01m[KEIGEN_MAKE_SCALAR_BINARY_OP_ONTHELEFT[m[K'
[1.909s]  1374 |   ([01;36m[KMETHOD[m[K)(const T& scalar, const StorageBaseType& matrix) { \
[1.909s]       |    [01;36m[K^~~~~~[m[K
[1.909s] [01m[K/gpfs/fs1/sfw3/rhel9-x86_64/miniforge3/25.11.0-1/envs/ros2_env/include/eigen3/Eigen/src/Core/../plugins/CommonCwiseBinaryOps.h:50:1:[m[K [01;36m[Knote: [m[Kin expansion of macro '[01m[KEIGEN_MAKE_SCALAR_BINARY_OP[m[K'
[1.909s]    50 | [01;36m[KEIGEN_MAKE_SCALAR_BINARY_OP[m[K(operator*,product)
[1.909s]       | [01;36m[K^~~~~~~~~~~~~~~~~~~~~~~~~~~[m[K
[1.909s] [01m[K/gpfs/fs1/sfw3/rhel9-x86_64/miniforge3/25.11.0-1/envs/ros2_env/include/eigen3/Eigen/src/Core/../plugins/CommonCwiseBinaryOps.h:50:29:[m[K [01;36m[Knote: [m[K  template argument deduction/substitution failed:
[1.909s]    50 | EIGEN_MAKE_SCALAR_BINARY_OP([01;36m[Koperator[m[K*,product)
[1.910s]       |                             [01;36m[K^~~~~~~~[m[K
[1.910s] [01m[K/gpfs/fs1/sfw3/rhel9-x86_64/miniforge3/25.11.0-1/envs/ros2_env/include/eigen3/Eigen/src/Core/util/Macros.h:1374:4:[m[K [01;36m[Knote: [m[Kin definition of macro '[01m[KEIGEN_MAKE_SCALAR_BINARY_OP_ONTHELEFT[m[K'
[1.910s]  1374 |   ([01;36m[KMETHOD[m[K)(const T& scalar, const StorageBaseType& matrix) { \
[1.910s]       |    [01;36m[K^~~~~~[m[K
[1.910s] [01m[K/gpfs/fs1/sfw3/rhel9-x86_64/miniforge3/25.11.0-1/envs/ros2_env/include/eigen3/Eigen/src/Core/../plugins/CommonCwiseBinaryOps.h:50:1:[m[K [01;36m[Knote: [m[Kin expansion of macro '[01m[KEIGEN_MAKE_SCALAR_BINARY_OP[m[K'
[1.910s]    50 | [01;36m[KEIGEN_MAKE_SCALAR_BINARY_OP[m[K(operator*,product)
[1.910s]       | [01;36m[K^~~~~~~~~~~~~~~~~~~~~~~~~~~[m[K
[1.910s] [01m[K/gpfs/fs1/home/wtan10/Desktop/ECE217/project2_ws/src/ece217_project2_tan/src/kinematic_control.cpp:71:45:[m[K [01;36m[Knote: [m[K  cannot convert '[01m[Kgoal_q.Eigen::QuaternionBase<Eigen::Quaternion<double> >::w[m[K' (type '[01m[K<unresolved overloaded function type>[m[K') to type '[01m[Kconst Eigen::MatrixBase<Eigen::Matrix<double, 3, 1> >::StorageBaseType&[m[K' {aka '[01m[Kconst Eigen::MatrixBase<Eigen::Matrix<double, 3, 1> >&[m[K'}
[1.910s]    71 |         erroro = quaternion_vector * [01;36m[Kgoal_q.w[m[K - goal_quaternion_vector * q.w - cross;
[1.910s]       |                                      [01;36m[K~~~~~~~^[m[K
[1.910s] In file included from [01m[K/gpfs/fs1/sfw3/rhel9-x86_64/miniforge3/25.11.0-1/envs/ros2_env/include/eigen3/Eigen/Geometry:40[m[K,
[1.910s]                  from [01m[K/gpfs/fs1/sfw3/rhel9-x86_64/miniforge3/25.11.0-1/envs/ros2_env/include/eigen3/Eigen/Dense:6[m[K:
[1.910s] [01m[K/gpfs/fs1/sfw3/rhel9-x86_64/miniforge3/25.11.0-1/envs/ros2_env/include/eigen3/Eigen/src/Geometry/RotationBase.h:76:49:[m[K [01;36m[Knote: [m[Kcandidate: '[01m[Ktemplate<class OtherDerived> Eigen::RotationBase<Eigen::Quaternion<double>, 3>::RotationMatrixType Eigen::[01;32m[Koperator*[m[K(const EigenBase<Derived>&, const Quaternion<double>&)[m[K'
[1.910s]    76 |     EIGEN_DEVICE_FUNC inline RotationMatrixType [01;36m[Koperator[m[K*(const EigenBase<OtherDerived>& l, const Derived& r)
[1.910s]       |                                                 [01;36m[K^~~~~~~~[m[K
[1.911s] [01m[K/gpfs/fs1/sfw3/rhel9-x86_64/miniforge3/25.11.0-1/envs/ros2_env/include/eigen3/Eigen/src/Geometry/RotationBase.h:76:49:[m[K [01;36m[Knote: [m[K  template argument deduction/substitution failed:
[1.911s] [01m[K/gpfs/fs1/home/wtan10/Desktop/ECE217/project2_ws/src/ece217_project2_tan/src/kinematic_control.cpp:71:45:[m[K [01;36m[Knote: [m[K  cannot convert '[01m[Kgoal_q.Eigen::QuaternionBase<Eigen::Quaternion<double> >::w[m[K' (type '[01m[K<unresolved overloaded function type>[m[K') to type '[01m[Kconst Eigen::Quaternion<double>&[m[K'
[1.911s]    71 |         erroro = quaternion_vector * [01;36m[Kgoal_q.w[m[K - goal_quaternion_vector * q.w - cross;
[1.911s]       |                                      [01;36m[K~~~~~~~^[m[K
[1.911s] In file included from [01m[K/gpfs/fs1/sfw3/rhel9-x86_64/miniforge3/25.11.0-1/envs/ros2_env/include/eigen3/Eigen/Core:326[m[K:
[1.911s] [01m[K/gpfs/fs1/sfw3/rhel9-x86_64/miniforge3/25.11.0-1/envs/ros2_env/include/eigen3/Eigen/src/Core/PermutationMatrix.h:515:1:[m[K [01;36m[Knote: [m[Kcandidate: '[01m[Ktemplate<class MatrixDerived, class PermutationDerived> const Eigen::Product<MatrixDerived, PermutationDerived, 2> Eigen::[01;32m[Koperator*[m[K(const MatrixBase<Derived>&, const PermutationBase<PermutationDerived>&)[m[K'
[1.911s]   515 | [01;36m[Koperator[m[K*(const MatrixBase<MatrixDerived> &matrix,
[1.911s]       | [01;36m[K^~~~~~~~[m[K
[1.911s] [01m[K/gpfs/fs1/sfw3/rhel9-x86_64/miniforge3/25.11.0-1/envs/ros2_env/include/eigen3/Eigen/src/Core/PermutationMatrix.h:515:1:[m[K [01;36m[Knote: [m[K  template argument deduction/substitution failed:
[1.911s] [01m[K/gpfs/fs1/home/wtan10/Desktop/ECE217/project2_ws/src/ece217_project2_tan/src/kinematic_control.cpp:71:45:[m[K [01;36m[Knote: [m[K  mismatched types '[01m[Kconst Eigen::PermutationBase<PermutationDerived>[m[K' and '[01m[Kdouble& (Eigen::QuaternionBase<Eigen::Quaternion<double> >::*)()[m[K'
[1.911s]    71 |         erroro = quaternion_vector * goal_q.[01;36m[Kw[m[K - goal_quaternion_vector * q.w - cross;
[1.911s]       |                                             [01;36m[K^[m[K
[1.911s] [01m[K/gpfs/fs1/home/wtan10/Desktop/ECE217/project2_ws/src/ece217_project2_tan/src/kinematic_control.cpp:71:45:[m[K [01;36m[Knote: [m[K  mismatched types '[01m[Kconst Eigen::PermutationBase<PermutationDerived>[m[K' and '[01m[Kconst double& (Eigen::QuaternionBase<Eigen::Quaternion<double> >::*)() const[m[K'
[1.911s] [01m[K/gpfs/fs1/home/wtan10/Desktop/ECE217/project2_ws/src/ece217_project2_tan/src/kinematic_control.cpp:71:45:[m[K [01;36m[Knote: [m[K  couldn't deduce template parameter '[01m[KPermutationDerived[m[K'
[1.911s] [01m[K/gpfs/fs1/sfw3/rhel9-x86_64/miniforge3/25.11.0-1/envs/ros2_env/include/eigen3/Eigen/src/Core/PermutationMatrix.h:527:1:[m[K [01;36m[Knote: [m[Kcandidate: '[01m[Ktemplate<class PermutationDerived, class MatrixDerived> const Eigen::Product<MatrixDerived, PermutationDerived, 2> Eigen::[01;32m[Koperator*[m[K(const PermutationBase<PermutationDerived>&, const MatrixBase<U>&)[m[K'
[1.912s]   527 | [01;36m[Koperator[m[K*(const PermutationBase<PermutationDerived> &permutation,
[1.912s]       | [01;36m[K^~~~~~~~[m[K
[1.912s] [01m[K/gpfs/fs1/sfw3/rhel9-x86_64/miniforge3/25.11.0-1/envs/ros2_env/include/eigen3/Eigen/src/Core/PermutationMatrix.h:527:1:[m[K [01;36m[Knote: [m[K  template argument deduction/substitution failed:
[1.912s] [01m[K/gpfs/fs1/home/wtan10/Desktop/ECE217/project2_ws/src/ece217_project2_tan/src/kinematic_control.cpp:71:45:[m[K [01;36m[Knote: [m[K  '[01m[KEigen::Vector3d[m[K' {aka '[01m[KEigen::Matrix<double, 3, 1>[m[K'} is not derived from '[01m[Kconst Eigen::PermutationBase<PermutationDerived>[m[K'
[1.912s]    71 |         erroro = quaternion_vector * goal_q.[01;36m[Kw[m[K - goal_quaternion_vector * q.w - cross;
[1.912s]       |                                             [01;36m[K^[m[K
[1.912s] In file included from [01m[K/gpfs/fs1/sfw3/rhel9-x86_64/miniforge3/25.11.0-1/envs/ros2_env/include/eigen3/Eigen/Core:327[m[K:
[1.912s] [01m[K/gpfs/fs1/sfw3/rhel9-x86_64/miniforge3/25.11.0-1/envs/ros2_env/include/eigen3/Eigen/src/Core/Transpositions.h:313:1:[m[K [01;36m[Knote: [m[Kcandidate: '[01m[Ktemplate<class MatrixDerived, class TranspositionsDerived> const Eigen::Product<MatrixDerived, PermutationDerived, 2> Eigen::[01;32m[Koperator*[m[K(const MatrixBase<Derived>&, const TranspositionsBase<TranspositionsDerived>&)[m[K'
[1.912s]   313 | [01;36m[Koperator[m[K*(const MatrixBase<MatrixDerived> &matrix,
[1.912s]       | [01;36m[K^~~~~~~~[m[K
[1.912s] [01m[K/gpfs/fs1/sfw3/rhel9-x86_64/miniforge3/25.11.0-1/envs/ros2_env/include/eigen3/Eigen/src/Core/Transpositions.h:313:1:[m[K [01;36m[Knote: [m[K  template argument deduction/substitution failed:
[1.912s] [01m[K/gpfs/fs1/home/wtan10/Desktop/ECE217/project2_ws/src/ece217_project2_tan/src/kinematic_control.cpp:71:45:[m[K [01;36m[Knote: [m[K  mismatched types '[01m[Kconst Eigen::TranspositionsBase<TranspositionsDerived>[m[K' and '[01m[Kdouble& (Eigen::QuaternionBase<Eigen::Quaternion<double> >::*)()[m[K'
[1.912s]    71 |         erroro = quaternion_vector * goal_q.[01;36m[Kw[m[K - goal_quaternion_vector * q.w - cross;
[1.912s]       |                                             [01;36m[K^[m[K
[1.913s] [01m[K/gpfs/fs1/home/wtan10/Desktop/ECE217/project2_ws/src/ece217_project2_tan/src/kinematic_control.cpp:71:45:[m[K [01;36m[Knote: [m[K  mismatched types '[01m[Kconst Eigen::TranspositionsBase<TranspositionsDerived>[m[K' and '[01m[Kconst double& (Eigen::QuaternionBase<Eigen::Quaternion<double> >::*)() const[m[K'
[1.913s] [01m[K/gpfs/fs1/home/wtan10/Desktop/ECE217/project2_ws/src/ece217_project2_tan/src/kinematic_control.cpp:71:45:[m[K [01;36m[Knote: [m[K  couldn't deduce template parameter '[01m[KTranspositionsDerived[m[K'
[1.913s] [01m[K/gpfs/fs1/sfw3/rhel9-x86_64/miniforge3/25.11.0-1/envs/ros2_env/include/eigen3/Eigen/src/Core/Transpositions.h:325:1:[m[K [01;36m[Knote: [m[Kcandidate: '[01m[Ktemplate<class TranspositionsDerived, class MatrixDerived> const Eigen::Product<MatrixDerived, PermutationDerived, 2> Eigen::[01;32m[Koperator*[m[K(const TranspositionsBase<TranspositionsDerived>&, const MatrixBase<U>&)[m[K'
[1.913s]   325 | [01;36m[Koperator[m[K*(const TranspositionsBase<TranspositionsDerived> &transpositions,
[1.913s]       | [01;36m[K^~~~~~~~[m[K
[1.913s] [01m[K/gpfs/fs1/sfw3/rhel9-x86_64/miniforge3/25.11.0-1/envs/ros2_env/include/eigen3/Eigen/src/Core/Transpositions.h:325:1:[m[K [01;36m[Knote: [m[K  template argument deduction/substitution failed:
[1.913s] [01m[K/gpfs/fs1/home/wtan10/Desktop/ECE217/project2_ws/src/ece217_project2_tan/src/kinematic_control.cpp:71:45:[m[K [01;36m[Knote: [m[K  '[01m[KEigen::Vector3d[m[K' {aka '[01m[KEigen::Matrix<double, 3, 1>[m[K'} is not derived from '[01m[Kconst Eigen::TranspositionsBase<TranspositionsDerived>[m[K'
[1.913s]    71 |         erroro = quaternion_vector * goal_q.[01;36m[Kw[m[K - goal_quaternion_vector * q.w - cross;
[1.913s]       |                                             [01;36m[K^[m[K
[1.913s] In file included from [01m[K/gpfs/fs1/sfw3/rhel9-x86_64/miniforge3/25.11.0-1/envs/ros2_env/include/eigen3/Eigen/Householder:24[m[K,
[1.913s]                  from [01m[K/gpfs/fs1/sfw3/rhel9-x86_64/miniforge3/25.11.0-1/envs/ros2_env/include/eigen3/Eigen/QR:15[m[K,
[1.913s]                  from [01m[K/gpfs/fs1/sfw3/rhel9-x86_64/miniforge3/25.11.0-1/envs/ros2_env/include/eigen3/Eigen/Dense:4[m[K:
[1.913s] [01m[K/gpfs/fs1/sfw3/rhel9-x86_64/miniforge3/25.11.0-1/envs/ros2_env/include/eigen3/Eigen/src/Householder/HouseholderSequence.h:513:99:[m[K [01;36m[Knote: [m[Kcandidate: '[01m[Ktemplate<class OtherDerived, class VectorsType, class CoeffsType, int Side> typename Eigen::internal::matrix_type_times_scalar_type<typename VectorsType::Scalar, OtherDerived>::Type Eigen::[01;32m[Koperator*[m[K(const MatrixBase<Derived>&, const HouseholderSequence<VectorsType, CoeffsType, Side>&)[m[K'
[1.913s]   513 | typename internal::matrix_type_times_scalar_type<typename VectorsType::Scalar,OtherDerived>::Type [01;36m[Koperator[m[K*(const MatrixBase<OtherDerived>& other, const HouseholderSequence<VectorsType,CoeffsType,Side>& h)
[1.913s]       |                                                                                                   [01;36m[K^~~~~~~~[m[K
[1.914s] [01m[K/gpfs/fs1/sfw3/rhel9-x86_64/miniforge3/25.11.0-1/envs/ros2_env/include/eigen3/Eigen/src/Householder/HouseholderSequence.h:513:99:[m[K [01;36m[Knote: [m[K  template argument deduction/substitution failed:
[1.914s] [01m[K/gpfs/fs1/home/wtan10/Desktop/ECE217/project2_ws/src/ece217_project2_tan/src/kinematic_control.cpp:71:45:[m[K [01;36m[Knote: [m[K  mismatched types '[01m[Kconst Eigen::HouseholderSequence<VectorsType, CoeffsType, Side>[m[K' and '[01m[Kdouble& (Eigen::QuaternionBase<Eigen::Quaternion<double> >::*)()[m[K'
[1.914s]    71 |         erroro = quaternion_vector * goal_q.[01;36m[Kw[m[K - goal_quaternion_vector * q.w - cross;
[1.914s]       |                                             [01;36m[K^[m[K
[1.914s] [01m[K/gpfs/fs1/home/wtan10/Desktop/ECE217/project2_ws/src/ece217_project2_tan/src/kinematic_control.cpp:71:45:[m[K [01;36m[Knote: [m[K  mismatched types '[01m[Kconst Eigen::HouseholderSequence<VectorsType, CoeffsType, Side>[m[K' and '[01m[Kconst double& (Eigen::QuaternionBase<Eigen::Quaternion<double> >::*)() const[m[K'
[1.914s] [01m[K/gpfs/fs1/home/wtan10/Desktop/ECE217/project2_ws/src/ece217_project2_tan/src/kinematic_control.cpp:71:45:[m[K [01;36m[Knote: [m[K  couldn't deduce template parameter '[01m[KVectorsType[m[K'
[1.914s] In file included from [01m[K/gpfs/fs1/sfw3/rhel9-x86_64/miniforge3/25.11.0-1/envs/ros2_env/include/eigen3/Eigen/Geometry:46[m[K:
[1.914s] [01m[K/gpfs/fs1/sfw3/rhel9-x86_64/miniforge3/25.11.0-1/envs/ros2_env/include/eigen3/Eigen/src/Geometry/Scaling.h:135:1:[m[K [01;36m[Knote: [m[Kcandidate: '[01m[Ktemplate<class Derived, class Scalar> Eigen::CwiseBinaryOp<Eigen::internal::scalar_product_op<typename Eigen::internal::traits<T>::Scalar, Scalar>, const Derived, const typename Eigen::internal::plain_constant_type<Expr, Scalar>::type> Eigen::[01;32m[Koperator*[m[K(const MatrixBase<Derived>&, const UniformScaling<Scalar>&)[m[K'
[1.914s]   135 | [01;36m[Koperator[m[K*(const MatrixBase<Derived>& matrix, const UniformScaling<Scalar>& s)
[1.914s]       | [01;36m[K^~~~~~~~[m[K
[1.914s] [01m[K/gpfs/fs1/sfw3/rhel9-x86_64/miniforge3/25.11.0-1/envs/ros2_env/include/eigen3/Eigen/src/Geometry/Scaling.h:135:1:[m[K [01;36m[Knote: [m[K  template argument deduction/substitution failed:
[1.914s] [01m[K/gpfs/fs1/home/wtan10/Desktop/ECE217/project2_ws/src/ece217_project2_tan/src/kinematic_control.cpp:71:45:[m[K [01;36m[Knote: [m[K  mismatched types '[01m[Kconst Eigen::UniformScaling<Scalar>[m[K' and '[01m[Kdouble& (Eigen::QuaternionBase<Eigen::Quaternion<double> >::*)()[m[K'
[1.914s]    71 |         erroro = quaternion_vector * goal_q.[01;36m[Kw[m[K - goal_quaternion_vector * q.w - cross;
[1.914s]       |                                             [01;36m[K^[m[K
[1.915s] [01m[K/gpfs/fs1/home/wtan10/Desktop/ECE217/project2_ws/src/ece217_project2_tan/src/kinematic_control.cpp:71:45:[m[K [01;36m[Knote: [m[K  mismatched types '[01m[Kconst Eigen::UniformScaling<Scalar>[m[K' and '[01m[Kconst double& (Eigen::QuaternionBase<Eigen::Quaternion<double> >::*)() const[m[K'
[1.915s] [01m[K/gpfs/fs1/home/wtan10/Desktop/ECE217/project2_ws/src/ece217_project2_tan/src/kinematic_control.cpp:71:45:[m[K [01;36m[Knote: [m[K  couldn't deduce template parameter '[01m[KScalar[m[K'
[1.915s] [01m[K/gpfs/fs1/sfw3/rhel9-x86_64/miniforge3/25.11.0-1/envs/ros2_env/include/eigen3/Eigen/src/Geometry/RotationBase.h:80:66:[m[K [01;36m[Knote: [m[Kcandidate: '[01m[KEigen::Transform<double, 3, 2> Eigen::[01;32m[Koperator*[m[K(const DiagonalMatrix<double, 3>&, const Quaternion<double>&)[m[K'
[1.915s]    80 |     EIGEN_DEVICE_FUNC friend inline Transform<Scalar,Dim,Affine> [01;36m[Koperator[m[K*(const DiagonalMatrix<Scalar,Dim>& l, const Derived& r)
[1.915s]       |                                                                  [01;36m[K^~~~~~~~[m[K
[1.915s] [01m[K/gpfs/fs1/sfw3/rhel9-x86_64/miniforge3/25.11.0-1/envs/ros2_env/include/eigen3/Eigen/src/Geometry/RotationBase.h:80:110:[m[K [01;36m[Knote: [m[K  no known conversion for argument 1 from '[01m[KEigen::Vector3d[m[K' {aka '[01m[KEigen::Matrix<double, 3, 1>[m[K'} to '[01m[Kconst Eigen::DiagonalMatrix<double, 3>&[m[K'
[1.915s]    80 |     EIGEN_DEVICE_FUNC friend inline Transform<Scalar,Dim,Affine> operator*([01;36m[Kconst DiagonalMatrix<Scalar,Dim>& l[m[K, const Derived& r)
[1.915s]       |                                                                            [01;36m[K~~~~~~~~~~~~~~~~~~~~~~~~~~~~~~~~~~^[m[K
[1.915s] [01m[K/gpfs/fs1/home/wtan10/Desktop/ECE217/project2_ws/src/ece217_project2_tan/src/kinematic_control.cpp:71:72:[m[K [01;31m[Kerror: [m[Kno match for '[01m[Koperator*[m[K' (operand types are '[01m[KEigen::Vector3d[m[K' {aka '[01m[KEigen::Matrix<double, 3, 1>[m[K'} and '[01m[K<unresolved overloaded function type>[m[K')
[1.915s]    71 |         erroro = quaternion_vector * goal_q.w - [32m[Kgoal_quaternion_vector[m[K [01;31m[K*[m[K [34m[Kq.w[m[K - cross;
[1.915s]       |                                                 [32m[K~~~~~~~~~~~~~~~~~~~~~~[m[K [01;31m[K^[m[K [34m[K~~~[m[K
[1.915s]       |                                                 [32m[K|[m[K                          [34m[K|[m[K
[1.915s]       |                                                 [32m[K|[m[K                          [34m[K<unresolved overloaded function type>[m[K
[1.915s]       |                                                 [32m[KEigen::Vector3d {aka Eigen::Matrix<double, 3, 1>}[m[K
[1.915s] [01m[K/gpfs/fs1/sfw3/rhel9-x86_64/miniforge3/25.11.0-1/envs/ros2_env/include/eigen3/Eigen/src/Core/../plugins/CommonCwiseBinaryOps.h:50:29:[m[K [01;36m[Knote: [m[Kcandidate: '[01m[Ktemplate<class T> const Eigen::CwiseBinaryOp<Eigen::internal::scalar_product_op<typename Eigen::internal::traits<T>::Scalar, typename Eigen::internal::promote_scalar_arg<typename Eigen::internal::traits<T>::Scalar, T, Eigen::internal::has_ReturnType<Eigen::ScalarBinaryOpTraits<typename Eigen::internal::traits<T>::Scalar, T, Eigen::internal::scalar_product_op<typename Eigen::internal::traits<T>::Scalar, T> > >::value>::type>, const Derived, const typename Eigen::internal::plain_constant_type<Derived, typename Eigen::internal::promote_scalar_arg<typename Eigen::internal::traits<T>::Scalar, T, Eigen::internal::has_ReturnType<Eigen::ScalarBinaryOpTraits<typename Eigen::internal::traits<T>::Scalar, T, Eigen::internal::scalar_product_op<typename Eigen::internal::traits<T>::Scalar, T> > >::value>::type>::type> Eigen::MatrixBase<Derived>::[01;32m[Koperator*[m[K(const T&) const [35m[K[with Derived = Eigen::Matrix<double, 3, 1>][m[K[m[K'
[1.916s]    50 | EIGEN_MAKE_SCALAR_BINARY_OP([01;36m[Koperator[m[K*,product)
[1.916s]       |                             [01;36m[K^~~~~~~~[m[K
[1.916s] [01m[K/gpfs/fs1/sfw3/rhel9-x86_64/miniforge3/25.11.0-1/envs/ros2_env/include/eigen3/Eigen/src/Core/util/Macros.h:1365:4:[m[K [01;36m[Knote: [m[Kin definition of macro '[01m[KEIGEN_MAKE_SCALAR_BINARY_OP_ONTHERIGHT[m[K'
[1.916s]  1365 |   ([01;36m[KMETHOD[m[K)(const T& scalar) const { \
[1.916s]       |    [01;36m[K^~~~~~[m[K
[1.916s] [01m[K/gpfs/fs1/sfw3/rhel9-x86_64/miniforge3/25.11.0-1/envs/ros2_env/include/eigen3/Eigen/src/Core/../plugins/CommonCwiseBinaryOps.h:50:1:[m[K [01;36m[Knote: [m[Kin expansion of macro '[01m[KEIGEN_MAKE_SCALAR_BINARY_OP[m[K'
[1.916s]    50 | [01;36m[KEIGEN_MAKE_SCALAR_BINARY_OP[m[K(operator*,product)
[1.916s]       | [01;36m[K^~~~~~~~~~~~~~~~~~~~~~~~~~~[m[K
[1.916s] [01m[K/gpfs/fs1/sfw3/rhel9-x86_64/miniforge3/25.11.0-1/envs/ros2_env/include/eigen3/Eigen/src/Core/../plugins/CommonCwiseBinaryOps.h:50:29:[m[K [01;36m[Knote: [m[K  template argument deduction/substitution failed:
[1.916s]    50 | EIGEN_MAKE_SCALAR_BINARY_OP([01;36m[Koperator[m[K*,product)
[1.916s]       |                             [01;36m[K^~~~~~~~[m[K
[1.916s] [01m[K/gpfs/fs1/sfw3/rhel9-x86_64/miniforge3/25.11.0-1/envs/ros2_env/include/eigen3/Eigen/src/Core/util/Macros.h:1365:4:[m[K [01;36m[Knote: [m[Kin definition of macro '[01m[KEIGEN_MAKE_SCALAR_BINARY_OP_ONTHERIGHT[m[K'
[1.916s]  1365 |   ([01;36m[KMETHOD[m[K)(const T& scalar) const { \
[1.916s]       |    [01;36m[K^~~~~~[m[K
[1.916s] [01m[K/gpfs/fs1/sfw3/rhel9-x86_64/miniforge3/25.11.0-1/envs/ros2_env/include/eigen3/Eigen/src/Core/../plugins/CommonCwiseBinaryOps.h:50:1:[m[K [01;36m[Knote: [m[Kin expansion of macro '[01m[KEIGEN_MAKE_SCALAR_BINARY_OP[m[K'
[1.917s]    50 | [01;36m[KEIGEN_MAKE_SCALAR_BINARY_OP[m[K(operator*,product)
[1.917s]       | [01;36m[K^~~~~~~~~~~~~~~~~~~~~~~~~~~[m[K
[1.917s] [01m[K/gpfs/fs1/home/wtan10/Desktop/ECE217/project2_ws/src/ece217_project2_tan/src/kinematic_control.cpp:71:76:[m[K [01;36m[Knote: [m[K  couldn't deduce template parameter '[01m[KT[m[K'
[1.917s]    71 |         erroro = quaternion_vector * goal_q.w - goal_quaternion_vector * q.[01;36m[Kw[m[K - cross;
[1.917s]       |                                                                            [01;36m[K^[m[K
[1.917s] [01m[K/gpfs/fs1/sfw3/rhel9-x86_64/miniforge3/25.11.0-1/envs/ros2_env/include/eigen3/Eigen/src/Core/GeneralProduct.h:399:1:[m[K [01;36m[Knote: [m[Kcandidate: '[01m[Ktemplate<class OtherDerived> const Eigen::Product<Derived, OtherDerived> Eigen::MatrixBase<Derived>::[01;32m[Koperator*[m[K(const Eigen::MatrixBase<OtherDerived>&) const [35m[K[with Derived = Eigen::Matrix<double, 3, 1>][m[K[m[K'
[1.917s]   399 | [01;36m[KMatrixBase<Derived>[m[K::operator*(const MatrixBase<OtherDerived> &other) const
[1.917s]       | [01;36m[K^~~~~~~~~~~~~~~~~~~[m[K
[1.917s] [01m[K/gpfs/fs1/sfw3/rhel9-x86_64/miniforge3/25.11.0-1/envs/ros2_env/include/eigen3/Eigen/src/Core/GeneralProduct.h:399:1:[m[K [01;36m[Knote: [m[K  template argument deduction/substitution failed:
[1.917s] [01m[K/gpfs/fs1/home/wtan10/Desktop/ECE217/project2_ws/src/ece217_project2_tan/src/kinematic_control.cpp:71:76:[m[K [01;36m[Knote: [m[K  mismatched types '[01m[Kconst Eigen::MatrixBase<Derived>[m[K' and '[01m[Kdouble& (Eigen::QuaternionBase<Eigen::Quaternion<double> >::*)()[m[K'
[1.917s]    71 |         erroro = quaternion_vector * goal_q.w - goal_quaternion_vector * q.[01;36m[Kw[m[K - cross;
[1.917s]       |                                                                            [01;36m[K^[m[K
[1.917s] [01m[K/gpfs/fs1/home/wtan10/Desktop/ECE217/project2_ws/src/ece217_project2_tan/src/kinematic_control.cpp:71:76:[m[K [01;36m[Knote: [m[K  mismatched types '[01m[Kconst Eigen::MatrixBase<Derived>[m[K' and '[01m[Kconst double& (Eigen::QuaternionBase<Eigen::Quaternion<double> >::*)() const[m[K'
[1.917s] [01m[K/gpfs/fs1/home/wtan10/Desktop/ECE217/project2_ws/src/ece217_project2_tan/src/kinematic_control.cpp:71:76:[m[K [01;36m[Knote: [m[K  couldn't deduce template parameter '[01m[KOtherDerived[m[K'
[1.918s] [01m[K/gpfs/fs1/sfw3/rhel9-x86_64/miniforge3/25.11.0-1/envs/ros2_env/include/eigen3/Eigen/src/Core/MatrixBase.h:185:5:[m[K [01;36m[Knote: [m[Kcandidate: '[01m[Ktemplate<class DiagonalDerived> const Eigen::Product<Derived, OtherDerived, 1> Eigen::MatrixBase<Derived>::[01;32m[Koperator*[m[K(const Eigen::DiagonalBase<DiagonalDerived>&) const [35m[K[with Derived = Eigen::Matrix<double, 3, 1>][m[K[m[K'
[1.918s]   185 |     [01;36m[Koperator[m[K*(const DiagonalBase<DiagonalDerived> &diagonal) const;
[1.918s]       |     [01;36m[K^~~~~~~~[m[K
[1.918s] [01m[K/gpfs/fs1/sfw3/rhel9-x86_64/miniforge3/25.11.0-1/envs/ros2_env/include/eigen3/Eigen/src/Core/MatrixBase.h:185:5:[m[K [01;36m[Knote: [m[K  template argument deduction/substitution failed:
[1.918s] [01m[K/gpfs/fs1/home/wtan10/Desktop/ECE217/project2_ws/src/ece217_project2_tan/src/kinematic_control.cpp:71:76:[m[K [01;36m[Knote: [m[K  mismatched types '[01m[Kconst Eigen::DiagonalBase<T>[m[K' and '[01m[Kdouble& (Eigen::QuaternionBase<Eigen::Quaternion<double> >::*)()[m[K'
[1.918s]    71 |         erroro = quaternion_vector * goal_q.w - goal_quaternion_vector * q.[01;36m[Kw[m[K - cross;
[1.918s]       |                                                                            [01;36m[K^[m[K
[1.918s] [01m[K/gpfs/fs1/home/wtan10/Desktop/ECE217/project2_ws/src/ece217_project2_tan/src/kinematic_control.cpp:71:76:[m[K [01;36m[Knote: [m[K  mismatched types '[01m[Kconst Eigen::DiagonalBase<T>[m[K' and '[01m[Kconst double& (Eigen::QuaternionBase<Eigen::Quaternion<double> >::*)() const[m[K'
[1.918s] [01m[K/gpfs/fs1/home/wtan10/Desktop/ECE217/project2_ws/src/ece217_project2_tan/src/kinematic_control.cpp:71:76:[m[K [01;36m[Knote: [m[K  couldn't deduce template parameter '[01m[KDiagonalDerived[m[K'
[1.918s] [01m[K/gpfs/fs1/sfw3/rhel9-x86_64/miniforge3/25.11.0-1/envs/ros2_env/include/eigen3/Eigen/src/Core/../plugins/CommonCwiseBinaryOps.h:50:29:[m[K [01;36m[Knote: [m[Kcandidate: '[01m[Ktemplate<class T> const Eigen::CwiseBinaryOp<Eigen::internal::scalar_product_op<typename Eigen::internal::promote_scalar_arg<double, T, Eigen::internal::has_ReturnType<Eigen::ScalarBinaryOpTraits<T, double, Eigen::internal::scalar_product_op<T, double> > >::value>::type, double>, const typename Eigen::internal::plain_constant_type<Eigen::Matrix<double, 3, 1>, typename Eigen::internal::promote_scalar_arg<double, T, Eigen::internal::has_ReturnType<Eigen::ScalarBinaryOpTraits<T, double, Eigen::internal::scalar_product_op<T, double> > >::value>::type>::type, const Eigen::Matrix<double, 3, 1> > Eigen::[01;32m[Koperator*[m[K(const T&, const MatrixBase<Matrix<double, 3, 1> >::StorageBaseType&)[m[K'
[1.918s]    50 | EIGEN_MAKE_SCALAR_BINARY_OP([01;36m[Koperator[m[K*,product)
[1.918s]       |                             [01;36m[K^~~~~~~~[m[K
[1.918s] [01m[K/gpfs/fs1/sfw3/rhel9-x86_64/miniforge3/25.11.0-1/envs/ros2_env/include/eigen3/Eigen/src/Core/util/Macros.h:1374:4:[m[K [01;36m[Knote: [m[Kin definition of macro '[01m[KEIGEN_MAKE_SCALAR_BINARY_OP_ONTHELEFT[m[K'
[1.918s]  1374 |   ([01;36m[KMETHOD[m[K)(const T& scalar, const StorageBaseType& matrix) { \
[1.918s]       |    [01;36m[K^~~~~~[m[K
[1.919s] [01m[K/gpfs/fs1/sfw3/rhel9-x86_64/miniforge3/25.11.0-1/envs/ros2_env/include/eigen3/Eigen/src/Core/../plugins/CommonCwiseBinaryOps.h:50:1:[m[K [01;36m[Knote: [m[Kin expansion of macro '[01m[KEIGEN_MAKE_SCALAR_BINARY_OP[m[K'
[1.919s]    50 | [01;36m[KEIGEN_MAKE_SCALAR_BINARY_OP[m[K(operator*,product)
[1.919s]       | [01;36m[K^~~~~~~~~~~~~~~~~~~~~~~~~~~[m[K
[1.919s] [01m[K/gpfs/fs1/sfw3/rhel9-x86_64/miniforge3/25.11.0-1/envs/ros2_env/include/eigen3/Eigen/src/Core/../plugins/CommonCwiseBinaryOps.h:50:29:[m[K [01;36m[Knote: [m[K  template argument deduction/substitution failed:
[1.919s]    50 | EIGEN_MAKE_SCALAR_BINARY_OP([01;36m[Koperator[m[K*,product)
[1.919s]       |                             [01;36m[K^~~~~~~~[m[K
[1.919s] [01m[K/gpfs/fs1/sfw3/rhel9-x86_64/miniforge3/25.11.0-1/envs/ros2_env/include/eigen3/Eigen/src/Core/util/Macros.h:1374:4:[m[K [01;36m[Knote: [m[Kin definition of macro '[01m[KEIGEN_MAKE_SCALAR_BINARY_OP_ONTHELEFT[m[K'
[1.919s]  1374 |   ([01;36m[KMETHOD[m[K)(const T& scalar, const StorageBaseType& matrix) { \
[1.924s]       |    [01;36m[K^~~~~~[m[K
[1.924s] [01m[K/gpfs/fs1/sfw3/rhel9-x86_64/miniforge3/25.11.0-1/envs/ros2_env/include/eigen3/Eigen/src/Core/../plugins/CommonCwiseBinaryOps.h:50:1:[m[K [01;36m[Knote: [m[Kin expansion of macro '[01m[KEIGEN_MAKE_SCALAR_BINARY_OP[m[K'
[1.924s]    50 | [01;36m[KEIGEN_MAKE_SCALAR_BINARY_OP[m[K(operator*,product)
[1.924s]       | [01;36m[K^~~~~~~~~~~~~~~~~~~~~~~~~~~[m[K
[1.924s] [01m[K/gpfs/fs1/home/wtan10/Desktop/ECE217/project2_ws/src/ece217_project2_tan/src/kinematic_control.cpp:71:76:[m[K [01;36m[Knote: [m[K  cannot convert '[01m[Kq.Eigen::QuaternionBase<Eigen::Quaternion<double> >::w[m[K' (type '[01m[K<unresolved overloaded function type>[m[K') to type '[01m[Kconst Eigen::MatrixBase<Eigen::Matrix<double, 3, 1> >::StorageBaseType&[m[K' {aka '[01m[Kconst Eigen::MatrixBase<Eigen::Matrix<double, 3, 1> >&[m[K'}
[1.924s]    71 |         erroro = quaternion_vector * goal_q.w - goal_quaternion_vector * [01;36m[Kq.w[m[K - cross;
[1.924s]       |                                                                          [01;36m[K~~^[m[K
[1.924s] [01m[K/gpfs/fs1/sfw3/rhel9-x86_64/miniforge3/25.11.0-1/envs/ros2_env/include/eigen3/Eigen/src/Geometry/RotationBase.h:76:49:[m[K [01;36m[Knote: [m[Kcandidate: '[01m[Ktemplate<class OtherDerived> Eigen::RotationBase<Eigen::Quaternion<double>, 3>::RotationMatrixType Eigen::[01;32m[Koperator*[m[K(const EigenBase<Derived>&, const Quaternion<double>&)[m[K'
[1.924s]    76 |     EIGEN_DEVICE_FUNC inline RotationMatrixType [01;36m[Koperator[m[K*(const EigenBase<OtherDerived>& l, const Derived& r)
[1.924s]       |                                                 [01;36m[K^~~~~~~~[m[K
[1.924s] [01m[K/gpfs/fs1/sfw3/rhel9-x86_64/miniforge3/25.11.0-1/envs/ros2_env/include/eigen3/Eigen/src/Geometry/RotationBase.h:76:49:[m[K [01;36m[Knote: [m[K  template argument deduction/substitution failed:
[1.924s] [01m[K/gpfs/fs1/home/wtan10/Desktop/ECE217/project2_ws/src/ece217_project2_tan/src/kinematic_control.cpp:71:76:[m[K [01;36m[Knote: [m[K  cannot convert '[01m[Kq.Eigen::QuaternionBase<Eigen::Quaternion<double> >::w[m[K' (type '[01m[K<unresolved overloaded function type>[m[K') to type '[01m[Kconst Eigen::Quaternion<double>&[m[K'
[1.925s]    71 |         erroro = quaternion_vector * goal_q.w - goal_quaternion_vector * [01;36m[Kq.w[m[K - cross;
[1.925s]       |                                                                          [01;36m[K~~^[m[K
[1.925s] [01m[K/gpfs/fs1/sfw3/rhel9-x86_64/miniforge3/25.11.0-1/envs/ros2_env/include/eigen3/Eigen/src/Core/PermutationMatrix.h:515:1:[m[K [01;36m[Knote: [m[Kcandidate: '[01m[Ktemplate<class MatrixDerived, class PermutationDerived> const Eigen::Product<MatrixDerived, PermutationDerived, 2> Eigen::[01;32m[Koperator*[m[K(const MatrixBase<Derived>&, const PermutationBase<PermutationDerived>&)[m[K'
[1.925s]   515 | [01;36m[Koperator[m[K*(const MatrixBase<MatrixDerived> &matrix,
[1.925s]       | [01;36m[K^~~~~~~~[m[K
[1.925s] [01m[K/gpfs/fs1/sfw3/rhel9-x86_64/miniforge3/25.11.0-1/envs/ros2_env/include/eigen3/Eigen/src/Core/PermutationMatrix.h:515:1:[m[K [01;36m[Knote: [m[K  template argument deduction/substitution failed:
[1.925s] [01m[K/gpfs/fs1/home/wtan10/Desktop/ECE217/project2_ws/src/ece217_project2_tan/src/kinematic_control.cpp:71:76:[m[K [01;36m[Knote: [m[K  mismatched types '[01m[Kconst Eigen::PermutationBase<PermutationDerived>[m[K' and '[01m[Kdouble& (Eigen::QuaternionBase<Eigen::Quaternion<double> >::*)()[m[K'
[1.925s]    71 |         erroro = quaternion_vector * goal_q.w - goal_quaternion_vector * q.[01;36m[Kw[m[K - cross;
[1.925s]       |                                                                            [01;36m[K^[m[K
[1.925s] [01m[K/gpfs/fs1/home/wtan10/Desktop/ECE217/project2_ws/src/ece217_project2_tan/src/kinematic_control.cpp:71:76:[m[K [01;36m[Knote: [m[K  mismatched types '[01m[Kconst Eigen::PermutationBase<PermutationDerived>[m[K' and '[01m[Kconst double& (Eigen::QuaternionBase<Eigen::Quaternion<double> >::*)() const[m[K'
[1.925s] [01m[K/gpfs/fs1/home/wtan10/Desktop/ECE217/project2_ws/src/ece217_project2_tan/src/kinematic_control.cpp:71:76:[m[K [01;36m[Knote: [m[K  couldn't deduce template parameter '[01m[KPermutationDerived[m[K'
[1.925s] [01m[K/gpfs/fs1/sfw3/rhel9-x86_64/miniforge3/25.11.0-1/envs/ros2_env/include/eigen3/Eigen/src/Core/PermutationMatrix.h:527:1:[m[K [01;36m[Knote: [m[Kcandidate: '[01m[Ktemplate<class PermutationDerived, class MatrixDerived> const Eigen::Product<MatrixDerived, PermutationDerived, 2> Eigen::[01;32m[Koperator*[m[K(const PermutationBase<PermutationDerived>&, const MatrixBase<U>&)[m[K'
[1.925s]   527 | [01;36m[Koperator[m[K*(const PermutationBase<PermutationDerived> &permutation,
[1.925s]       | [01;36m[K^~~~~~~~[m[K
[1.925s] [01m[K/gpfs/fs1/sfw3/rhel9-x86_64/miniforge3/25.11.0-1/envs/ros2_env/include/eigen3/Eigen/src/Core/PermutationMatrix.h:527:1:[m[K [01;36m[Knote: [m[K  template argument deduction/substitution failed:
[1.926s] [01m[K/gpfs/fs1/home/wtan10/Desktop/ECE217/project2_ws/src/ece217_project2_tan/src/kinematic_control.cpp:71:76:[m[K [01;36m[Knote: [m[K  '[01m[KEigen::Vector3d[m[K' {aka '[01m[KEigen::Matrix<double, 3, 1>[m[K'} is not derived from '[01m[Kconst Eigen::PermutationBase<PermutationDerived>[m[K'
[1.926s]    71 |         erroro = quaternion_vector * goal_q.w - goal_quaternion_vector * q.[01;36m[Kw[m[K - cross;
[1.926s]       |                                                                            [01;36m[K^[m[K
[1.926s] [01m[K/gpfs/fs1/sfw3/rhel9-x86_64/miniforge3/25.11.0-1/envs/ros2_env/include/eigen3/Eigen/src/Core/Transpositions.h:313:1:[m[K [01;36m[Knote: [m[Kcandidate: '[01m[Ktemplate<class MatrixDerived, class TranspositionsDerived> const Eigen::Product<MatrixDerived, PermutationDerived, 2> Eigen::[01;32m[Koperator*[m[K(const MatrixBase<Derived>&, const TranspositionsBase<TranspositionsDerived>&)[m[K'
[1.926s]   313 | [01;36m[Koperator[m[K*(const MatrixBase<MatrixDerived> &matrix,
[1.926s]       | [01;36m[K^~~~~~~~[m[K
[1.926s] [01m[K/gpfs/fs1/sfw3/rhel9-x86_64/miniforge3/25.11.0-1/envs/ros2_env/include/eigen3/Eigen/src/Core/Transpositions.h:313:1:[m[K [01;36m[Knote: [m[K  template argument deduction/substitution failed:
[1.926s] [01m[K/gpfs/fs1/home/wtan10/Desktop/ECE217/project2_ws/src/ece217_project2_tan/src/kinematic_control.cpp:71:76:[m[K [01;36m[Knote: [m[K  mismatched types '[01m[Kconst Eigen::TranspositionsBase<TranspositionsDerived>[m[K' and '[01m[Kdouble& (Eigen::QuaternionBase<Eigen::Quaternion<double> >::*)()[m[K'
[1.926s]    71 |         erroro = quaternion_vector * goal_q.w - goal_quaternion_vector * q.[01;36m[Kw[m[K - cross;
[1.926s]       |                                                                            [01;36m[K^[m[K
[1.926s] [01m[K/gpfs/fs1/home/wtan10/Desktop/ECE217/project2_ws/src/ece217_project2_tan/src/kinematic_control.cpp:71:76:[m[K [01;36m[Knote: [m[K  mismatched types '[01m[Kconst Eigen::TranspositionsBase<TranspositionsDerived>[m[K' and '[01m[Kconst double& (Eigen::QuaternionBase<Eigen::Quaternion<double> >::*)() const[m[K'
[1.926s] [01m[K/gpfs/fs1/home/wtan10/Desktop/ECE217/project2_ws/src/ece217_project2_tan/src/kinematic_control.cpp:71:76:[m[K [01;36m[Knote: [m[K  couldn't deduce template parameter '[01m[KTranspositionsDerived[m[K'
[1.926s] [01m[K/gpfs/fs1/sfw3/rhel9-x86_64/miniforge3/25.11.0-1/envs/ros2_env/include/eigen3/Eigen/src/Core/Transpositions.h:325:1:[m[K [01;36m[Knote: [m[Kcandidate: '[01m[Ktemplate<class TranspositionsDerived, class MatrixDerived> const Eigen::Product<MatrixDerived, PermutationDerived, 2> Eigen::[01;32m[Koperator*[m[K(const TranspositionsBase<TranspositionsDerived>&, const MatrixBase<U>&)[m[K'
[1.926s]   325 | [01;36m[Koperator[m[K*(const TranspositionsBase<TranspositionsDerived> &transpositions,
[1.927s]       | [01;36m[K^~~~~~~~[m[K
[1.927s] [01m[K/gpfs/fs1/sfw3/rhel9-x86_64/miniforge3/25.11.0-1/envs/ros2_env/include/eigen3/Eigen/src/Core/Transpositions.h:325:1:[m[K [01;36m[Knote: [m[K  template argument deduction/substitution failed:
[1.927s] [01m[K/gpfs/fs1/home/wtan10/Desktop/ECE217/project2_ws/src/ece217_project2_tan/src/kinematic_control.cpp:71:76:[m[K [01;36m[Knote: [m[K  '[01m[KEigen::Vector3d[m[K' {aka '[01m[KEigen::Matrix<double, 3, 1>[m[K'} is not derived from '[01m[Kconst Eigen::TranspositionsBase<TranspositionsDerived>[m[K'
[1.927s]    71 |         erroro = quaternion_vector * goal_q.w - goal_quaternion_vector * q.[01;36m[Kw[m[K - cross;
[1.927s]       |                                                                            [01;36m[K^[m[K
[1.927s] [01m[K/gpfs/fs1/sfw3/rhel9-x86_64/miniforge3/25.11.0-1/envs/ros2_env/include/eigen3/Eigen/src/Householder/HouseholderSequence.h:513:99:[m[K [01;36m[Knote: [m[Kcandidate: '[01m[Ktemplate<class OtherDerived, class VectorsType, class CoeffsType, int Side> typename Eigen::internal::matrix_type_times_scalar_type<typename VectorsType::Scalar, OtherDerived>::Type Eigen::[01;32m[Koperator*[m[K(const MatrixBase<Derived>&, const HouseholderSequence<VectorsType, CoeffsType, Side>&)[m[K'
[1.927s]   513 | typename internal::matrix_type_times_scalar_type<typename VectorsType::Scalar,OtherDerived>::Type [01;36m[Koperator[m[K*(const MatrixBase<OtherDerived>& other, const HouseholderSequence<VectorsType,CoeffsType,Side>& h)
[1.927s]       |                                                                                                   [01;36m[K^~~~~~~~[m[K
[1.927s] [01m[K/gpfs/fs1/sfw3/rhel9-x86_64/miniforge3/25.11.0-1/envs/ros2_env/include/eigen3/Eigen/src/Householder/HouseholderSequence.h:513:99:[m[K [01;36m[Knote: [m[K  template argument deduction/substitution failed:
[1.927s] [01m[K/gpfs/fs1/home/wtan10/Desktop/ECE217/project2_ws/src/ece217_project2_tan/src/kinematic_control.cpp:71:76:[m[K [01;36m[Knote: [m[K  mismatched types '[01m[Kconst Eigen::HouseholderSequence<VectorsType, CoeffsType, Side>[m[K' and '[01m[Kdouble& (Eigen::QuaternionBase<Eigen::Quaternion<double> >::*)()[m[K'
[1.927s]    71 |         erroro = quaternion_vector * goal_q.w - goal_quaternion_vector * q.[01;36m[Kw[m[K - cross;
[1.927s]       |                                                                            [01;36m[K^[m[K
[1.927s] [01m[K/gpfs/fs1/home/wtan10/Desktop/ECE217/project2_ws/src/ece217_project2_tan/src/kinematic_control.cpp:71:76:[m[K [01;36m[Knote: [m[K  mismatched types '[01m[Kconst Eigen::HouseholderSequence<VectorsType, CoeffsType, Side>[m[K' and '[01m[Kconst double& (Eigen::QuaternionBase<Eigen::Quaternion<double> >::*)() const[m[K'
[1.927s] [01m[K/gpfs/fs1/home/wtan10/Desktop/ECE217/project2_ws/src/ece217_project2_tan/src/kinematic_control.cpp:71:76:[m[K [01;36m[Knote: [m[K  couldn't deduce template parameter '[01m[KVectorsType[m[K'
[1.927s] [01m[K/gpfs/fs1/sfw3/rhel9-x86_64/miniforge3/25.11.0-1/envs/ros2_env/include/eigen3/Eigen/src/Geometry/Scaling.h:135:1:[m[K [01;36m[Knote: [m[Kcandidate: '[01m[Ktemplate<class Derived, class Scalar> Eigen::CwiseBinaryOp<Eigen::internal::scalar_product_op<typename Eigen::internal::traits<T>::Scalar, Scalar>, const Derived, const typename Eigen::internal::plain_constant_type<Expr, Scalar>::type> Eigen::[01;32m[Koperator*[m[K(const MatrixBase<Derived>&, const UniformScaling<Scalar>&)[m[K'
[1.928s]   135 | [01;36m[Koperator[m[K*(const MatrixBase<Derived>& matrix, const UniformScaling<Scalar>& s)
[1.928s]       | [01;36m[K^~~~~~~~[m[K
[1.928s] [01m[K/gpfs/fs1/sfw3/rhel9-x86_64/miniforge3/25.11.0-1/envs/ros2_env/include/eigen3/Eigen/src/Geometry/Scaling.h:135:1:[m[K [01;36m[Knote: [m[K  template argument deduction/substitution failed:
[1.928s] [01m[K/gpfs/fs1/home/wtan10/Desktop/ECE217/project2_ws/src/ece217_project2_tan/src/kinematic_control.cpp:71:76:[m[K [01;36m[Knote: [m[K  mismatched types '[01m[Kconst Eigen::UniformScaling<Scalar>[m[K' and '[01m[Kdouble& (Eigen::QuaternionBase<Eigen::Quaternion<double> >::*)()[m[K'
[1.928s]    71 |         erroro = quaternion_vector * goal_q.w - goal_quaternion_vector * q.[01;36m[Kw[m[K - cross;
[1.928s]       |                                                                            [01;36m[K^[m[K
[1.928s] [01m[K/gpfs/fs1/home/wtan10/Desktop/ECE217/project2_ws/src/ece217_project2_tan/src/kinematic_control.cpp:71:76:[m[K [01;36m[Knote: [m[K  mismatched types '[01m[Kconst Eigen::UniformScaling<Scalar>[m[K' and '[01m[Kconst double& (Eigen::QuaternionBase<Eigen::Quaternion<double> >::*)() const[m[K'
[1.928s] [01m[K/gpfs/fs1/home/wtan10/Desktop/ECE217/project2_ws/src/ece217_project2_tan/src/kinematic_control.cpp:71:76:[m[K [01;36m[Knote: [m[K  couldn't deduce template parameter '[01m[KScalar[m[K'
[1.928s] [01m[K/gpfs/fs1/sfw3/rhel9-x86_64/miniforge3/25.11.0-1/envs/ros2_env/include/eigen3/Eigen/src/Geometry/RotationBase.h:80:66:[m[K [01;36m[Knote: [m[Kcandidate: '[01m[KEigen::Transform<double, 3, 2> Eigen::[01;32m[Koperator*[m[K(const DiagonalMatrix<double, 3>&, const Quaternion<double>&)[m[K'
[1.928s]    80 |     EIGEN_DEVICE_FUNC friend inline Transform<Scalar,Dim,Affine> [01;36m[Koperator[m[K*(const DiagonalMatrix<Scalar,Dim>& l, const Derived& r)
[1.928s]       |                                                                  [01;36m[K^~~~~~~~[m[K
[1.928s] [01m[K/gpfs/fs1/sfw3/rhel9-x86_64/miniforge3/25.11.0-1/envs/ros2_env/include/eigen3/Eigen/src/Geometry/RotationBase.h:80:110:[m[K [01;36m[Knote: [m[K  no known conversion for argument 1 from '[01m[KEigen::Vector3d[m[K' {aka '[01m[KEigen::Matrix<double, 3, 1>[m[K'} to '[01m[Kconst Eigen::DiagonalMatrix<double, 3>&[m[K'
[1.928s]    80 |     EIGEN_DEVICE_FUNC friend inline Transform<Scalar,Dim,Affine> operator*([01;36m[Kconst DiagonalMatrix<Scalar,Dim>& l[m[K, const Derived& r)
[1.928s]       |                                                                            [01;36m[K~~~~~~~~~~~~~~~~~~~~~~~~~~~~~~~~~~^[m[K
[2.022s] In file included from [01m[K/gpfs/fs1/sfw3/rhel9-x86_64/miniforge3/25.11.0-1/envs/ros2_env/include/eigen3/Eigen/Core:164[m[K:
[2.022s] /gpfs/fs1/sfw3/rhel9-x86_64/miniforge3/25.11.0-1/envs/ros2_env/include/eigen3/Eigen/src/Core/GeneralProduct.h: In instantiation of '[01m[Kconst Eigen::Product<Derived, OtherDerived> Eigen::MatrixBase<Derived>::[01;32m[Koperator*[m[K(const Eigen::MatrixBase<OtherDerived>&) const [35m[K[with OtherDerived = Eigen::Block<Eigen::Matrix<double, 4, 1>, 3, 1, false>; Derived = Eigen::Block<Eigen::Matrix<double, 4, 1>, 3, 1, false>][m[K[m[K':
[2.022s] [01m[K/gpfs/fs1/home/wtan10/Desktop/ECE217/project2_ws/src/ece217_project2_tan/src/kinematic_control.cpp:69:47:[m[K   required from here
[2.023s]    69 |         Eigen::Vector3d cross = goal_q.vec() * q.vec([01;36m[K)[m[K;
[2.023s]       |                                                      [01;36m[K^[m[K
[2.023s] [01m[K/gpfs/fs1/sfw3/rhel9-x86_64/miniforge3/25.11.0-1/envs/ros2_env/include/eigen3/Eigen/src/Core/GeneralProduct.h:415:38:[m[K [01;31m[Kerror: [m[Kstatic assertion failed: INVALID_VECTOR_VECTOR_PRODUCT__IF_YOU_WANTED_A_DOT_OR_COEFF_WISE_PRODUCT_YOU_MUST_USE_THE_EXPLICIT_FUNCTIONS
[2.023s]   415 |   EIGEN_STATIC_ASSERT([01;31m[KProductIsValid || !(AreVectors && SameSizes)[m[K,
[2.023s]       |                       [01;31m[K~~~~~~~~~~~~~~~^~~~~~~~~~~~~~~~~~~~~~~~~~~~~[m[K
[2.023s] [01m[K/gpfs/fs1/sfw3/rhel9-x86_64/miniforge3/25.11.0-1/envs/ros2_env/include/eigen3/Eigen/src/Core/util/StaticAssert.h:33:54:[m[K [01;36m[Knote: [m[Kin definition of macro '[01m[KEIGEN_STATIC_ASSERT[m[K'
[2.023s]    33 |     #define EIGEN_STATIC_ASSERT(X,MSG) static_assert([01;36m[KX[m[K,#MSG);
[2.023s]       |                                                      [01;36m[K^[m[K
[2.023s] [01m[K/gpfs/fs1/sfw3/rhel9-x86_64/miniforge3/25.11.0-1/envs/ros2_env/include/eigen3/Eigen/src/Core/GeneralProduct.h:415:38:[m[K [01;36m[Knote: [m[K'[01m[K(false || (false || false))[m[K' evaluates to false
[2.023s]   415 |   EIGEN_STATIC_ASSERT([01;36m[KProductIsValid || !(AreVectors && SameSizes)[m[K,
[2.023s]       |                       [01;36m[K~~~~~~~~~~~~~~~^~~~~~~~~~~~~~~~~~~~~~~~~~~~~[m[K
[2.023s] [01m[K/gpfs/fs1/sfw3/rhel9-x86_64/miniforge3/25.11.0-1/envs/ros2_env/include/eigen3/Eigen/src/Core/util/StaticAssert.h:33:54:[m[K [01;36m[Knote: [m[Kin definition of macro '[01m[KEIGEN_STATIC_ASSERT[m[K'
[2.023s]    33 |     #define EIGEN_STATIC_ASSERT(X,MSG) static_assert([01;36m[KX[m[K,#MSG);
[2.023s]       |                                                      [01;36m[K^[m[K
[2.204s] /gpfs/fs1/sfw3/rhel9-x86_64/miniforge3/25.11.0-1/envs/ros2_env/include/eigen3/Eigen/src/Core/GeneralProduct.h: In instantiation of '[01m[Kconst Eigen::Product<Derived, OtherDerived, 1> Eigen::MatrixBase<Derived>::[01;32m[KlazyProduct[m[K(const Eigen::MatrixBase<OtherDerived>&) const [35m[K[with OtherDerived = Eigen::Block<Eigen::Matrix<double, 4, 1>, 3, 1, false>; Derived = Eigen::Block<Eigen::Matrix<double, 4, 1>, 3, 1, false>][m[K[m[K':
[2.205s] [01m[K/gpfs/fs1/sfw3/rhel9-x86_64/miniforge3/25.11.0-1/envs/ros2_env/include/eigen3/Eigen/src/Core/ProductEvaluators.h:402:50:[m[K   required from '[01m[Kstatic void Eigen::internal::generic_product_impl<Lhs, Rhs, Eigen::DenseShape, Eigen::DenseShape, 3>::[01;32m[KevalTo[m[K(Dst&, const Lhs&, const Rhs&) [35m[K[with Dst = Eigen::Matrix<double, 3, 1>; Lhs = Eigen::Block<Eigen::Matrix<double, 4, 1>, 3, 1, false>; Rhs = Eigen::Block<Eigen::Matrix<double, 4, 1>, 3, 1, false>][m[K[m[K'
[2.205s]   402 |     call_assignment_no_alias(dst, [01;36m[Klhs.lazyProduct(rhs)[m[K, internal::assign_op<typename Dst::Scalar,Scalar>());
[2.205s]       |                                   [01;36m[K~~~~~~~~~~~~~~~^~~~~[m[K
[2.205s] [01m[K/gpfs/fs1/sfw3/rhel9-x86_64/miniforge3/25.11.0-1/envs/ros2_env/include/eigen3/Eigen/src/Core/ProductEvaluators.h:148:43:[m[K   required from '[01m[Kstatic void Eigen::internal::Assignment<DstXprType, Eigen::Product<Lhs, Rhs, Options>, Eigen::internal::assign_op<Scalar, Scalar>, Eigen::internal::Dense2Dense, typename Eigen::internal::enable_if<((Options == Eigen::DefaultProduct) || (Options == Eigen::AliasFreeProduct))>::type>::[01;32m[Krun[m[K(DstXprType&, const SrcXprType&, const Eigen::internal::assign_op<Scalar, Scalar>&) [35m[K[with DstXprType = Eigen::Matrix<double, 3, 1>; Lhs = Eigen::Block<Eigen::Matrix<double, 4, 1>, 3, 1, false>; Rhs = Eigen::Block<Eigen::Matrix<double, 4, 1>, 3, 1, false>; int Options = 0; Scalar = double; SrcXprType = Eigen::Product<Eigen::Block<Eigen::Matrix<double, 4, 1>, 3, 1, false>, Eigen::Block<Eigen::Matrix<double, 4, 1>, 3, 1, false>, 0>][m[K[m[K'
[2.205s]   148 |     [01;36m[Kgeneric_product_impl<Lhs, Rhs>::evalTo(dst, src.lhs(), src.rhs())[m[K;
[2.205s]       |     [01;36m[K~~~~~~~~~~~~~~~~~~~~~~~~~~~~~~~~~~~~~~^~~~~~~~~~~~~~~~~~~~~~~~~~~[m[K
[2.205s] [01m[K/gpfs/fs1/sfw3/rhel9-x86_64/miniforge3/25.11.0-1/envs/ros2_env/include/eigen3/Eigen/src/Core/AssignEvaluator.h:890:49:[m[K   required from '[01m[Kvoid Eigen::internal::[01;32m[Kcall_assignment_no_alias[m[K(Dst&, const Src&, const Func&) [35m[K[with Dst = Eigen::Matrix<double, 3, 1>; Src = Eigen::Product<Eigen::Block<Eigen::Matrix<double, 4, 1>, 3, 1, false>, Eigen::Block<Eigen::Matrix<double, 4, 1>, 3, 1, false>, 0>; Func = assign_op<double, double>][m[K[m[K'
[2.205s]   890 |   [01;36m[KAssignment<ActualDstTypeCleaned,Src,Func>::run(actualDst, src, func)[m[K;
[2.205s]       |   [01;36m[K~~~~~~~~~~~~~~~~~~~~~~~~~~~~~~~~~~~~~~~~~~~~~~^~~~~~~~~~~~~~~~~~~~~~[m[K
[2.205s] [01m[K/gpfs/fs1/sfw3/rhel9-x86_64/miniforge3/25.11.0-1/envs/ros2_env/include/eigen3/Eigen/src/Core/PlainObjectBase.h:797:41:[m[K   required from '[01m[KDerived& Eigen::PlainObjectBase<Derived>::[01;32m[K_set_noalias[m[K(const Eigen::DenseBase<OtherDerived>&) [35m[K[with OtherDerived = Eigen::Product<Eigen::Block<Eigen::Matrix<double, 4, 1>, 3, 1, false>, Eigen::Block<Eigen::Matrix<double, 4, 1>, 3, 1, false>, 0>; Derived = Eigen::Matrix<double, 3, 1>][m[K[m[K'
[2.205s]   797 |       [01;36m[Kinternal::call_assignment_no_alias(this->derived(), other.derived(), internal::assign_op<Scalar,typename OtherDerived::Scalar>())[m[K;
[2.205s]       |       [01;36m[K~~~~~~~~~~~~~~~~~~~~~~~~~~~~~~~~~~^~~~~~~~~~~~~~~~~~~~~~~~~~~~~~~~~~~~~~~~~~~~~~~~~~~~~~~~~~~~~~~~~~~~~~~~~~~~~~~~~~~~~~~~~~~~~~~[m[K
[2.205s] [01m[K/gpfs/fs1/sfw3/rhel9-x86_64/miniforge3/25.11.0-1/envs/ros2_env/include/eigen3/Eigen/src/Core/PlainObjectBase.h:594:19:[m[K   required from '[01m[KEigen::PlainObjectBase<Derived>::[01;32m[KPlainObjectBase[m[K(const Eigen::DenseBase<OtherDerived>&) [35m[K[with OtherDerived = Eigen::Product<Eigen::Block<Eigen::Matrix<double, 4, 1>, 3, 1, false>, Eigen::Block<Eigen::Matrix<double, 4, 1>, 3, 1, false>, 0>; Derived = Eigen::Matrix<double, 3, 1>][m[K[m[K'
[2.206s]   594 |       [01;36m[K_set_noalias(other)[m[K;
[2.206s]       |       [01;36m[K~~~~~~~~~~~~^~~~~~~[m[K
[2.206s] [01m[K/gpfs/fs1/sfw3/rhel9-x86_64/miniforge3/25.11.0-1/envs/ros2_env/include/eigen3/Eigen/src/Core/Matrix.h:423:29:[m[K   required from '[01m[KEigen::Matrix<_Scalar, _Rows, _Cols, _Options, _MaxRows, _MaxCols>::[01;32m[KMatrix[m[K(const Eigen::EigenBase<OtherDerived>&) [35m[K[with OtherDerived = Eigen::Product<Eigen::Block<Eigen::Matrix<double, 4, 1>, 3, 1, false>, Eigen::Block<Eigen::Matrix<double, 4, 1>, 3, 1, false>, 0>; _Scalar = double; int _Rows = 3; int _Cols = 1; int _Options = 0; int _MaxRows = 3; int _MaxCols = 1][m[K[m[K'
[2.206s]   423 |       : Base(other.derived()[01;36m[K)[m[K
[2.206s]       |                             [01;36m[K^[m[K
[2.206s] [01m[K/gpfs/fs1/home/wtan10/Desktop/ECE217/project2_ws/src/ece217_project2_tan/src/kinematic_control.cpp:69:47:[m[K   required from here
[2.206s]    69 |         Eigen::Vector3d cross = goal_q.vec() * q.vec([01;36m[K)[m[K;
[2.206s]       |                                                      [01;36m[K^[m[K
[2.206s] [01m[K/gpfs/fs1/sfw3/rhel9-x86_64/miniforge3/25.11.0-1/envs/ros2_env/include/eigen3/Eigen/src/Core/GeneralProduct.h:454:38:[m[K [01;31m[Kerror: [m[Kstatic assertion failed: INVALID_VECTOR_VECTOR_PRODUCT__IF_YOU_WANTED_A_DOT_OR_COEFF_WISE_PRODUCT_YOU_MUST_USE_THE_EXPLICIT_FUNCTIONS
[2.206s]   454 |   EIGEN_STATIC_ASSERT([01;31m[KProductIsValid || !(AreVectors && SameSizes)[m[K,
[2.206s]       |                       [01;31m[K~~~~~~~~~~~~~~~^~~~~~~~~~~~~~~~~~~~~~~~~~~~~[m[K
[2.206s] [01m[K/gpfs/fs1/sfw3/rhel9-x86_64/miniforge3/25.11.0-1/envs/ros2_env/include/eigen3/Eigen/src/Core/util/StaticAssert.h:33:54:[m[K [01;36m[Knote: [m[Kin definition of macro '[01m[KEIGEN_STATIC_ASSERT[m[K'
[2.206s]    33 |     #define EIGEN_STATIC_ASSERT(X,MSG) static_assert([01;36m[KX[m[K,#MSG);
[2.206s]       |                                                      [01;36m[K^[m[K
[2.206s] [01m[K/gpfs/fs1/sfw3/rhel9-x86_64/miniforge3/25.11.0-1/envs/ros2_env/include/eigen3/Eigen/src/Core/GeneralProduct.h:454:38:[m[K [01;36m[Knote: [m[K'[01m[K(false || (false || false))[m[K' evaluates to false
[2.207s]   454 |   EIGEN_STATIC_ASSERT([01;36m[KProductIsValid || !(AreVectors && SameSizes)[m[K,
[2.207s]       |                       [01;36m[K~~~~~~~~~~~~~~~^~~~~~~~~~~~~~~~~~~~~~~~~~~~~[m[K
[2.207s] [01m[K/gpfs/fs1/sfw3/rhel9-x86_64/miniforge3/25.11.0-1/envs/ros2_env/include/eigen3/Eigen/src/Core/util/StaticAssert.h:33:54:[m[K [01;36m[Knote: [m[Kin definition of macro '[01m[KEIGEN_STATIC_ASSERT[m[K'
[2.207s]    33 |     #define EIGEN_STATIC_ASSERT(X,MSG) static_assert([01;36m[KX[m[K,#MSG);
[2.207s]       |                                                      [01;36m[K^[m[K
[2.607s] /gpfs/fs1/sfw3/rhel9-x86_64/miniforge3/25.11.0-1/envs/ros2_env/include/eigen3/Eigen/src/Core/CwiseBinaryOp.h: In instantiation of '[01m[KEigen::CwiseBinaryOp<BinaryOp, Lhs, Rhs>::[01;32m[KCwiseBinaryOp[m[K(const Lhs&, const Rhs&, const BinaryOp&) [35m[K[with BinaryOp = Eigen::internal::scalar_product_op<double, double>; LhsType = const Eigen::Transpose<const Eigen::Block<const Eigen::Block<Eigen::Matrix<double, 4, 1>, 3, 1, false>, 1, 1, false> >; RhsType = const Eigen::Block<const Eigen::Block<Eigen::Matrix<double, 4, 1>, 3, 1, false>, 3, 1, true>; Lhs = Eigen::Transpose<const Eigen::Block<const Eigen::Block<Eigen::Matrix<double, 4, 1>, 3, 1, false>, 1, 1, false> >; Rhs = Eigen::Block<const Eigen::Block<Eigen::Matrix<double, 4, 1>, 3, 1, false>, 3, 1, true>][m[K[m[K':
[2.607s] [01m[K/gpfs/fs1/sfw3/rhel9-x86_64/miniforge3/25.11.0-1/envs/ros2_env/include/eigen3/Eigen/src/Core/../plugins/MatrixCwiseBinaryOps.h:25:10:[m[K   required from '[01m[Kconst Eigen::CwiseBinaryOp<Eigen::internal::scalar_product_op<typename Eigen::internal::traits<T>::Scalar, typename Eigen::internal::traits<OtherDerived>::Scalar>, const Derived, const OtherDerived> Eigen::MatrixBase<Derived>::[01;32m[KcwiseProduct[m[K(const Eigen::MatrixBase<OtherDerived>&) const [35m[K[with OtherDerived = Eigen::Block<const Eigen::Block<Eigen::Matrix<double, 4, 1>, 3, 1, false>, 3, 1, true>; Derived = Eigen::Transpose<const Eigen::Block<const Eigen::Block<Eigen::Matrix<double, 4, 1>, 3, 1, false>, 1, 1, false> >; typename Eigen::internal::traits<T>::Scalar = double; typename Eigen::internal::traits<OtherDerived>::Scalar = double][m[K[m[K'
[2.607s]  1327 |     CwiseBinaryOp< \
[2.607s] [01m[K/gpfs/fs1/sfw3/rhel9-x86_64/miniforge3/25.11.0-1/envs/ros2_env/include/eigen3/Eigen/src/Core/ProductEvaluators.h:606:52:[m[K   required from '[01m[Kconst Eigen::internal::product_evaluator<Eigen::Product<Lhs, Rhs, 1>, ProductTag, Eigen::DenseShape, Eigen::DenseShape>::CoeffReturnType Eigen::internal::product_evaluator<Eigen::Product<Lhs, Rhs, 1>, ProductTag, Eigen::DenseShape, Eigen::DenseShape>::[01;32m[Kcoeff[m[K(Eigen::Index, Eigen::Index) const [35m[K[with Lhs = Eigen::Block<Eigen::Matrix<double, 4, 1>, 3, 1, false>; Rhs = Eigen::Block<Eigen::Matrix<double, 4, 1>, 3, 1, false>; int ProductTag = 4; typename Eigen::internal::traits<typename Eigen::Product<Lhs, Rhs, 1>::Lhs>::Scalar = double; typename Eigen::Product<Lhs, Rhs, 1>::Lhs = Eigen::Block<Eigen::Matrix<double, 4, 1>, 3, 1, false>; typename Eigen::internal::traits<typename Eigen::Product<Lhs, Rhs, 1>::Rhs>::Scalar = double; typename Eigen::Product<Lhs, Rhs, 1>::Rhs = Eigen::Block<Eigen::Matrix<double, 4, 1>, 3, 1, false>; CoeffReturnType = double; Eigen::Index = long int][m[K[m[K'
[2.607s]   606 |     return [01;36m[K(m_lhs.row(row).transpose().cwiseProduct( m_rhs.col(col) ))[m[K.sum();
[2.607s]       |            [01;36m[K~~~~~~~~~~~~~~~~~~~~~~~~~~~~~~~~~~~~~~~~^~~~~~~~~~~~~~~~~~~[m[K
[2.607s] [01m[K/gpfs/fs1/sfw3/rhel9-x86_64/miniforge3/25.11.0-1/envs/ros2_env/include/eigen3/Eigen/src/Core/AssignEvaluator.h:654:63:[m[K   required from '[01m[Kvoid Eigen::internal::generic_dense_assignment_kernel<DstEvaluatorTypeT, SrcEvaluatorTypeT, Functor, Version>::[01;32m[KassignCoeff[m[K(Eigen::Index, Eigen::Index) [35m[K[with DstEvaluatorTypeT = Eigen::internal::evaluator<Eigen::Matrix<double, 3, 1> >; SrcEvaluatorTypeT = Eigen::internal::evaluator<Eigen::Product<Eigen::Block<Eigen::Matrix<double, 4, 1>, 3, 1, false>, Eigen::Block<Eigen::Matrix<double, 4, 1>, 3, 1, false>, 1> >; Functor = Eigen::internal::assign_op<double, double>; int Version = 0; Eigen::Index = long int][m[K[m[K'
[2.607s]   654 |     m_functor.assignCoeff(m_dst.coeffRef(row,col), [01;36m[Km_src.coeff(row,col)[m[K);
[2.607s]       |                                                    [01;36m[K~~~~~~~~~~~^~~~~~~~~[m[K
[2.608s] [01m[K/gpfs/fs1/sfw3/rhel9-x86_64/miniforge3/25.11.0-1/envs/ros2_env/include/eigen3/Eigen/src/Core/AssignEvaluator.h:668:16:[m[K   required from '[01m[Kvoid Eigen::internal::generic_dense_assignment_kernel<DstEvaluatorTypeT, SrcEvaluatorTypeT, Functor, Version>::[01;32m[KassignCoeffByOuterInner[m[K(Eigen::Index, Eigen::Index) [35m[K[with DstEvaluatorTypeT = Eigen::internal::evaluator<Eigen::Matrix<double, 3, 1> >; SrcEvaluatorTypeT = Eigen::internal::evaluator<Eigen::Product<Eigen::Block<Eigen::Matrix<double, 4, 1>, 3, 1, false>, Eigen::Block<Eigen::Matrix<double, 4, 1>, 3, 1, false>, 1> >; Functor = Eigen::internal::assign_op<double, double>; int Version = 0; Eigen::Index = long int][m[K[m[K'
[2.608s]   668 |     [01;36m[KassignCoeff(row, col)[m[K;
[2.608s]       |     [01;36m[K~~~~~~~~~~~^~~~~~~~~~[m[K
[2.608s] [01m[K/gpfs/fs1/sfw3/rhel9-x86_64/miniforge3/25.11.0-1/envs/ros2_env/include/eigen3/Eigen/src/Core/AssignEvaluator.h:211:35:[m[K   required from '[01m[Kstatic void Eigen::internal::copy_using_evaluator_DefaultTraversal_CompleteUnrolling<Kernel, Index, Stop>::[01;32m[Krun[m[K(Kernel&) [35m[K[with Kernel = Eigen::internal::generic_dense_assignment_kernel<Eigen::internal::evaluator<Eigen::Matrix<double, 3, 1> >, Eigen::internal::evaluator<Eigen::Product<Eigen::Block<Eigen::Matrix<double, 4, 1>, 3, 1, false>, Eigen::Block<Eigen::Matrix<double, 4, 1>, 3, 1, false>, 1> >, Eigen::internal::assign_op<double, double>, 0>; int Index = 2; int Stop = 3][m[K[m[K'
[2.608s]   211 |     [01;36m[Kkernel.assignCoeffByOuterInner(outer, inner)[m[K;
[2.608s]       |     [01;36m[K~~~~~~~~~~~~~~~~~~~~~~~~~~~~~~^~~~~~~~~~~~~~[m[K
[2.608s] [01m[K/gpfs/fs1/sfw3/rhel9-x86_64/miniforge3/25.11.0-1/envs/ros2_env/include/eigen3/Eigen/src/Core/AssignEvaluator.h:456:92:[m[K   [ skipping 5 instantiation contexts, use -ftemplate-backtrace-limit=0 to disable ]
[2.608s] [01m[K/gpfs/fs1/sfw3/rhel9-x86_64/miniforge3/25.11.0-1/envs/ros2_env/include/eigen3/Eigen/src/Core/ProductEvaluators.h:148:43:[m[K   required from '[01m[Kstatic void Eigen::internal::Assignment<DstXprType, Eigen::Product<Lhs, Rhs, Options>, Eigen::internal::assign_op<Scalar, Scalar>, Eigen::internal::Dense2Dense, typename Eigen::internal::enable_if<((Options == Eigen::DefaultProduct) || (Options == Eigen::AliasFreeProduct))>::type>::[01;32m[Krun[m[K(DstXprType&, const SrcXprType&, const Eigen::internal::assign_op<Scalar, Scalar>&) [35m[K[with DstXprType = Eigen::Matrix<double, 3, 1>; Lhs = Eigen::Block<Eigen::Matrix<double, 4, 1>, 3, 1, false>; Rhs = Eigen::Block<Eigen::Matrix<double, 4, 1>, 3, 1, false>; int Options = 0; Scalar = double; SrcXprType = Eigen::Product<Eigen::Block<Eigen::Matrix<double, 4, 1>, 3, 1, false>, Eigen::Block<Eigen::Matrix<double, 4, 1>, 3, 1, false>, 0>][m[K[m[K'
[2.608s]   148 |     [01;36m[Kgeneric_product_impl<Lhs, Rhs>::evalTo(dst, src.lhs(), src.rhs())[m[K;
[2.608s]       |     [01;36m[K~~~~~~~~~~~~~~~~~~~~~~~~~~~~~~~~~~~~~~^~~~~~~~~~~~~~~~~~~~~~~~~~~[m[K
[2.608s] [01m[K/gpfs/fs1/sfw3/rhel9-x86_64/miniforge3/25.11.0-1/envs/ros2_env/include/eigen3/Eigen/src/Core/AssignEvaluator.h:890:49:[m[K   required from '[01m[Kvoid Eigen::internal::[01;32m[Kcall_assignment_no_alias[m[K(Dst&, const Src&, const Func&) [35m[K[with Dst = Eigen::Matrix<double, 3, 1>; Src = Eigen::Product<Eigen::Block<Eigen::Matrix<double, 4, 1>, 3, 1, false>, Eigen::Block<Eigen::Matrix<double, 4, 1>, 3, 1, false>, 0>; Func = assign_op<double, double>][m[K[m[K'
[2.608s]   890 |   [01;36m[KAssignment<ActualDstTypeCleaned,Src,Func>::run(actualDst, src, func)[m[K;
[2.608s]       |   [01;36m[K~~~~~~~~~~~~~~~~~~~~~~~~~~~~~~~~~~~~~~~~~~~~~~^~~~~~~~~~~~~~~~~~~~~~[m[K
[2.608s] [01m[K/gpfs/fs1/sfw3/rhel9-x86_64/miniforge3/25.11.0-1/envs/ros2_env/include/eigen3/Eigen/src/Core/PlainObjectBase.h:797:41:[m[K   required from '[01m[KDerived& Eigen::PlainObjectBase<Derived>::[01;32m[K_set_noalias[m[K(const Eigen::DenseBase<OtherDerived>&) [35m[K[with OtherDerived = Eigen::Product<Eigen::Block<Eigen::Matrix<double, 4, 1>, 3, 1, false>, Eigen::Block<Eigen::Matrix<double, 4, 1>, 3, 1, false>, 0>; Derived = Eigen::Matrix<double, 3, 1>][m[K[m[K'
[2.609s]   797 |       [01;36m[Kinternal::call_assignment_no_alias(this->derived(), other.derived(), internal::assign_op<Scalar,typename OtherDerived::Scalar>())[m[K;
[2.609s]       |       [01;36m[K~~~~~~~~~~~~~~~~~~~~~~~~~~~~~~~~~~^~~~~~~~~~~~~~~~~~~~~~~~~~~~~~~~~~~~~~~~~~~~~~~~~~~~~~~~~~~~~~~~~~~~~~~~~~~~~~~~~~~~~~~~~~~~~~~[m[K
[2.609s] [01m[K/gpfs/fs1/sfw3/rhel9-x86_64/miniforge3/25.11.0-1/envs/ros2_env/include/eigen3/Eigen/src/Core/PlainObjectBase.h:594:19:[m[K   required from '[01m[KEigen::PlainObjectBase<Derived>::[01;32m[KPlainObjectBase[m[K(const Eigen::DenseBase<OtherDerived>&) [35m[K[with OtherDerived = Eigen::Product<Eigen::Block<Eigen::Matrix<double, 4, 1>, 3, 1, false>, Eigen::Block<Eigen::Matrix<double, 4, 1>, 3, 1, false>, 0>; Derived = Eigen::Matrix<double, 3, 1>][m[K[m[K'
[2.609s]   594 |       [01;36m[K_set_noalias(other)[m[K;
[2.609s]       |       [01;36m[K~~~~~~~~~~~~^~~~~~~[m[K
[2.609s] [01m[K/gpfs/fs1/sfw3/rhel9-x86_64/miniforge3/25.11.0-1/envs/ros2_env/include/eigen3/Eigen/src/Core/Matrix.h:423:29:[m[K   required from '[01m[KEigen::Matrix<_Scalar, _Rows, _Cols, _Options, _MaxRows, _MaxCols>::[01;32m[KMatrix[m[K(const Eigen::EigenBase<OtherDerived>&) [35m[K[with OtherDerived = Eigen::Product<Eigen::Block<Eigen::Matrix<double, 4, 1>, 3, 1, false>, Eigen::Block<Eigen::Matrix<double, 4, 1>, 3, 1, false>, 0>; _Scalar = double; int _Rows = 3; int _Cols = 1; int _Options = 0; int _MaxRows = 3; int _MaxCols = 1][m[K[m[K'
[2.609s]   423 |       : Base(other.derived()[01;36m[K)[m[K
[2.609s]       |                             [01;36m[K^[m[K
[2.609s] [01m[K/gpfs/fs1/home/wtan10/Desktop/ECE217/project2_ws/src/ece217_project2_tan/src/kinematic_control.cpp:69:47:[m[K   required from here
[2.609s]    69 |         Eigen::Vector3d cross = goal_q.vec() * q.vec([01;36m[K)[m[K;
[2.609s]       |                                                      [01;36m[K^[m[K
[2.609s] [01m[K/gpfs/fs1/sfw3/rhel9-x86_64/miniforge3/25.11.0-1/envs/ros2_env/include/eigen3/Eigen/src/Core/util/StaticAssert.h:177:5:[m[K [01;31m[Kerror: [m[Kstatic assertion failed: YOU_MIXED_MATRICES_OF_DIFFERENT_SIZES
[2.609s]   175 |      [01;31m[K( \[m[K
[2.609s]       |      [01;31m[K~~~[m[K
[2.610s]   176 | [01;31m[K        (int(Eigen::internal::size_of_xpr_at_compile_time<TYPE0>::ret)==0 && int(Eigen::internal::size_of_xpr_at_compile_time<TYPE1>::ret)==0) \[m[K
[2.610s]       |         [01;31m[K~~~~~~~~~~~~~~~~~~~~~~~~~~~~~~~~~~~~~~~~~~~~~~~~~~~~~~~~~~~~~~~~~~~~~~~~~~~~~~~~~~~~~~~~~~~~~~~~~~~~~~~~~~~~~~~~~~~~~~~~~~~~~~~~~~~~~~~~[m[K
[2.610s]   177 | [01;31m[K    || (\[m[K
[2.610s]       |     [01;31m[K^~~~~[m[K
[2.610s]   178 | [01;31m[K          (int(TYPE0::RowsAtCompileTime)==Eigen::Dynamic \[m[K
[2.610s]       |           [01;31m[K~~~~~~~~~~~~~~~~~~~~~~~~~~~~~~~~~~~~~~~~~~~~~~~~[m[K
[2.610s]   179 | [01;31m[K        || int(TYPE1::RowsAtCompileTime)==Eigen::Dynamic \[m[K
[2.610s]       |         [01;31m[K~~~~~~~~~~~~~~~~~~~~~~~~~~~~~~~~~~~~~~~~~~~~~~~~~~[m[K
[2.610s]   180 | [01;31m[K        || int(TYPE0::RowsAtCompileTime)==int(TYPE1::RowsAtCompileTime)) \[m[K
[2.610s]       |         [01;31m[K~~~~~~~~~~~~~~~~~~~~~~~~~~~~~~~~~~~~~~~~~~~~~~~~~~~~~~~~~~~~~~~~~~[m[K
[2.610s]   181 | [01;31m[K      &&  (int(TYPE0::ColsAtCompileTime)==Eigen::Dynamic \[m[K
[2.610s]       |       [01;31m[K~~~~~~~~~~~~~~~~~~~~~~~~~~~~~~~~~~~~~~~~~~~~~~~~~~~~[m[K
[2.610s]   182 | [01;31m[K        || int(TYPE1::ColsAtCompileTime)==Eigen::Dynamic \[m[K
[2.610s]       |         [01;31m[K~~~~~~~~~~~~~~~~~~~~~~~~~~~~~~~~~~~~~~~~~~~~~~~~~~[m[K
[2.610s]   183 | [01;31m[K        || int(TYPE0::ColsAtCompileTime)==int(TYPE1::ColsAtCompileTime))\[m[K
[2.611s]       |         [01;31m[K~~~~~~~~~~~~~~~~~~~~~~~~~~~~~~~~~~~~~~~~~~~~~~~~~~~~~~~~~~~~~~~~~[m[K
[2.611s]   184 | [01;31m[K       ) \[m[K
[2.611s]       |        [01;31m[K~~~[m[K
[2.611s]   185 | [01;31m[K     )[m[K
[2.611s]       |      [01;31m[K~[m[K
[2.611s] [01m[K/gpfs/fs1/sfw3/rhel9-x86_64/miniforge3/25.11.0-1/envs/ros2_env/include/eigen3/Eigen/src/Core/util/StaticAssert.h:33:54:[m[K [01;36m[Knote: [m[Kin definition of macro '[01m[KEIGEN_STATIC_ASSERT[m[K'
[2.611s]    33 |     #define EIGEN_STATIC_ASSERT(X,MSG) static_assert([01;36m[KX[m[K,#MSG);
[2.611s]       |                                                      [01;36m[K^[m[K
[2.611s] [01m[K/gpfs/fs1/sfw3/rhel9-x86_64/miniforge3/25.11.0-1/envs/ros2_env/include/eigen3/Eigen/src/Core/util/StaticAssert.h:194:6:[m[K [01;36m[Knote: [m[Kin expansion of macro '[01m[KEIGEN_PREDICATE_SAME_MATRIX_SIZE[m[K'
[2.614s]   194 |      [01;36m[KEIGEN_PREDICATE_SAME_MATRIX_SIZE[m[K(TYPE0,TYPE1),\
[2.614s]       |      [01;36m[K^~~~~~~~~~~~~~~~~~~~~~~~~~~~~~~~[m[K
[2.614s] [01m[K/gpfs/fs1/sfw3/rhel9-x86_64/miniforge3/25.11.0-1/envs/ros2_env/include/eigen3/Eigen/src/Core/CwiseBinaryOp.h:115:7:[m[K [01;36m[Knote: [m[Kin expansion of macro '[01m[KEIGEN_STATIC_ASSERT_SAME_MATRIX_SIZE[m[K'
[2.614s]   115 |       [01;36m[KEIGEN_STATIC_ASSERT_SAME_MATRIX_SIZE[m[K(Lhs, Rhs)
[2.615s]       |       [01;36m[K^~~~~~~~~~~~~~~~~~~~~~~~~~~~~~~~~~~~[m[K
[2.615s] [01m[K/gpfs/fs1/sfw3/rhel9-x86_64/miniforge3/25.11.0-1/envs/ros2_env/include/eigen3/Eigen/src/Core/util/StaticAssert.h:177:5:[m[K [01;36m[Knote: [m[K'[01m[K(((((int)Eigen::internal::size_of_xpr_at_compile_time<Eigen::Transpose<const Eigen::Block<const Eigen::Block<Eigen::Matrix<double, 4, 1>, 3, 1, false>, 1, 1, false> > >::ret) == 0) && (((int)Eigen::internal::size_of_xpr_at_compile_time<Eigen::Block<const Eigen::Block<Eigen::Matrix<double, 4, 1>, 3, 1, false>, 3, 1, true> >::ret) == 0)) || ((((((int)Eigen::Transpose<const Eigen::Block<const Eigen::Block<Eigen::Matrix<double, 4, 1>, 3, 1, false>, 1, 1, false> >::RowsAtCompileTime) == ((int)Eigen::Dynamic)) || (((int)Eigen::Block<const Eigen::Block<Eigen::Matrix<double, 4, 1>, 3, 1, false>, 3, 1, true>::RowsAtCompileTime) == ((int)Eigen::Dynamic))) || (((int)Eigen::Transpose<const Eigen::Block<const Eigen::Block<Eigen::Matrix<double, 4, 1>, 3, 1, false>, 1, 1, false> >::RowsAtCompileTime) == ((int)Eigen::Block<const Eigen::Block<Eigen::Matrix<double, 4, 1>, 3, 1, false>, 3, 1, true>::RowsAtCompileTime))) && (((((int)Eigen::Transpose<const Eigen::Block<const Eigen::Block<Eigen::Matrix<double, 4, 1>, 3, 1, false>, 1, 1, false> >::ColsAtCompileTime) == ((int)Eigen::Dynamic)) || (((int)Eigen::Block<const Eigen::Block<Eigen::Matrix<double, 4, 1>, 3, 1, false>, 3, 1, true>::ColsAtCompileTime) == ((int)Eigen::Dynamic))) || (((int)Eigen::Transpose<const Eigen::Block<const Eigen::Block<Eigen::Matrix<double, 4, 1>, 3, 1, false>, 1, 1, false> >::ColsAtCompileTime) == ((int)Eigen::Block<const Eigen::Block<Eigen::Matrix<double, 4, 1>, 3, 1, false>, 3, 1, true>::ColsAtCompileTime)))))[m[K' evaluates to false
[2.615s]   175 |      [01;36m[K( \[m[K
[2.615s]       |      [01;36m[K~~~[m[K
[2.615s]   176 | [01;36m[K        (int(Eigen::internal::size_of_xpr_at_compile_time<TYPE0>::ret)==0 && int(Eigen::internal::size_of_xpr_at_compile_time<TYPE1>::ret)==0) \[m[K
[2.615s]       |         [01;36m[K~~~~~~~~~~~~~~~~~~~~~~~~~~~~~~~~~~~~~~~~~~~~~~~~~~~~~~~~~~~~~~~~~~~~~~~~~~~~~~~~~~~~~~~~~~~~~~~~~~~~~~~~~~~~~~~~~~~~~~~~~~~~~~~~~~~~~~~~[m[K
[2.615s]   177 | [01;36m[K    || (\[m[K
[2.615s]       |     [01;36m[K^~~~~[m[K
[2.615s]   178 | [01;36m[K          (int(TYPE0::RowsAtCompileTime)==Eigen::Dynamic \[m[K
[2.615s]       |           [01;36m[K~~~~~~~~~~~~~~~~~~~~~~~~~~~~~~~~~~~~~~~~~~~~~~~~[m[K
[2.615s]   179 | [01;36m[K        || int(TYPE1::RowsAtCompileTime)==Eigen::Dynamic \[m[K
[2.615s]       |         [01;36m[K~~~~~~~~~~~~~~~~~~~~~~~~~~~~~~~~~~~~~~~~~~~~~~~~~~[m[K
[2.615s]   180 | [01;36m[K        || int(TYPE0::RowsAtCompileTime)==int(TYPE1::RowsAtCompileTime)) \[m[K
[2.615s]       |         [01;36m[K~~~~~~~~~~~~~~~~~~~~~~~~~~~~~~~~~~~~~~~~~~~~~~~~~~~~~~~~~~~~~~~~~~[m[K
[2.615s]   181 | [01;36m[K      &&  (int(TYPE0::ColsAtCompileTime)==Eigen::Dynamic \[m[K
[2.616s]       |       [01;36m[K~~~~~~~~~~~~~~~~~~~~~~~~~~~~~~~~~~~~~~~~~~~~~~~~~~~~[m[K
[2.616s]   182 | [01;36m[K        || int(TYPE1::ColsAtCompileTime)==Eigen::Dynamic \[m[K
[2.616s]       |         [01;36m[K~~~~~~~~~~~~~~~~~~~~~~~~~~~~~~~~~~~~~~~~~~~~~~~~~~[m[K
[2.616s]   183 | [01;36m[K        || int(TYPE0::ColsAtCompileTime)==int(TYPE1::ColsAtCompileTime))\[m[K
[2.616s]       |         [01;36m[K~~~~~~~~~~~~~~~~~~~~~~~~~~~~~~~~~~~~~~~~~~~~~~~~~~~~~~~~~~~~~~~~~[m[K
[2.616s]   184 | [01;36m[K       ) \[m[K
[2.616s]       |        [01;36m[K~~~[m[K
[2.616s]   185 | [01;36m[K     )[m[K
[2.616s]       |      [01;36m[K~[m[K
[2.616s] [01m[K/gpfs/fs1/sfw3/rhel9-x86_64/miniforge3/25.11.0-1/envs/ros2_env/include/eigen3/Eigen/src/Core/util/StaticAssert.h:33:54:[m[K [01;36m[Knote: [m[Kin definition of macro '[01m[KEIGEN_STATIC_ASSERT[m[K'
[2.616s]    33 |     #define EIGEN_STATIC_ASSERT(X,MSG) static_assert([01;36m[KX[m[K,#MSG);
[2.616s]       |                                                      [01;36m[K^[m[K
[2.616s] [01m[K/gpfs/fs1/sfw3/rhel9-x86_64/miniforge3/25.11.0-1/envs/ros2_env/include/eigen3/Eigen/src/Core/util/StaticAssert.h:194:6:[m[K [01;36m[Knote: [m[Kin expansion of macro '[01m[KEIGEN_PREDICATE_SAME_MATRIX_SIZE[m[K'
[2.616s]   194 |      [01;36m[KEIGEN_PREDICATE_SAME_MATRIX_SIZE[m[K(TYPE0,TYPE1),\
[2.616s]       |      [01;36m[K^~~~~~~~~~~~~~~~~~~~~~~~~~~~~~~~[m[K
[2.617s] [01m[K/gpfs/fs1/sfw3/rhel9-x86_64/miniforge3/25.11.0-1/envs/ros2_env/include/eigen3/Eigen/src/Core/CwiseBinaryOp.h:115:7:[m[K [01;36m[Knote: [m[Kin expansion of macro '[01m[KEIGEN_STATIC_ASSERT_SAME_MATRIX_SIZE[m[K'
[2.617s]   115 |       [01;36m[KEIGEN_STATIC_ASSERT_SAME_MATRIX_SIZE[m[K(Lhs, Rhs)
[2.617s]       |       [01;36m[K^~~~~~~~~~~~~~~~~~~~~~~~~~~~~~~~~~~~[m[K
[3.421s] gmake[2]: *** [CMakeFiles/project2-server.dir/build.make:93: CMakeFiles/project2-server.dir/src/kinematic_control.cpp.o] Error 1
[3.421s] gmake[2]: *** Waiting for unfinished jobs....
[4.430s] [01m[K/gpfs/fs1/home/wtan10/Desktop/ECE217/project2_ws/src/ece217_project2_tan/src/project2-server.cpp:[m[K In member function '[01m[Kvoid ManipulationService::[01;32m[Kgenerate_manipulation[m[K(std::shared_ptr<ece217_project2_tan::srv::ManipulationQuery_Request_<std::allocator<void> > >, std::shared_ptr<ece217_project2_tan::srv::ManipulationQuery_Response_<std::allocator<void> > >)[m[K':
[4.430s] [01m[K/gpfs/fs1/home/wtan10/Desktop/ECE217/project2_ws/src/ece217_project2_tan/src/project2-server.cpp:16:100:[m[K [01;35m[Kwarning: [m[Kunused parameter '[01m[Kresponse[m[K' [[01;35m[K]8;;https://gcc.gnu.org/onlinedocs/gcc-14.3.0/gcc/Warning-Options.html#index-Wno-unused-parameter-Wunused-parameter]8;;[m[K]
[4.431s]    16 |                     [01;35m[Kconst std::shared_ptr< ece217_project2_tan::srv::ManipulationQuery::Response > response[m[K ){
[4.431s]       |                     [01;35m[K~~~~~~~~~~~~~~~~~~~~~~~~~~~~~~~~~~~~~~~~~~~~~~~~~~~~~~~~~~~~~~~~~~~~~~~~~~~~~~~^~~~~~~~[m[K
[6.868s] gmake[1]: *** [CMakeFiles/Makefile2:805: CMakeFiles/project2-server.dir/all] Error 2
[6.868s] gmake: *** [Makefile:146: all] Error 2
[6.870s] Invoked command in '/gpfs/fs1/home/wtan10/Desktop/ECE217/project2_ws/build/ece217_project2_tan' returned '2': CONDA_PROMPT_MODIFIER=(ros2_env) _=/usr/bin/env /gpfs/fs1/sfw3/rhel9-x86_64/miniforge3/25.11.0-1/envs/ros2_env/bin/cmake --build /gpfs/fs1/home/wtan10/Desktop/ECE217/project2_ws/build/ece217_project2_tan -- -j2 -l2
