[0.069s] Invoking command in '/gpfs/fs1/home/wtan10/Desktop/ECE217/project2_ws/build/ece217_project2_tan': CONDA_PROMPT_MODIFIER=(ros2_env) _=/usr/bin/env /gpfs/fs1/sfw3/rhel9-x86_64/miniforge3/25.11.0-1/envs/ros2_env/bin/cmake --build /gpfs/fs1/home/wtan10/Desktop/ECE217/project2_ws/build/ece217_project2_tan -- -j2 -l2
[2.322s] [  2%] Built target ece217_project2_tan__rosidl_generator_type_description
[2.322s] [  2%] Built target ament_cmake_python_copy_ece217_project2_tan
[2.356s] [  5%] Built target ece217_project2_tan__cpp
[2.396s] [ 17%] Built target ece217_project2_tan__rosidl_generator_c
[2.425s] [ 25%] Built target ece217_project2_tan__rosidl_typesupport_cpp
[2.470s] [ 33%] Built target ece217_project2_tan__rosidl_typesupport_fastrtps_c
[2.500s] [ 41%] Built target ece217_project2_tan__rosidl_typesupport_fastrtps_cpp
[2.526s] [ 48%] Built target ece217_project2_tan__rosidl_typesupport_introspection_c
[2.587s] [ 56%] Built target ece217_project2_tan__rosidl_typesupport_c
[2.616s] [ 64%] Built target ece217_project2_tan__rosidl_typesupport_introspection_cpp
[2.667s] [ 69%] Built target project2-client
[2.672s] running egg_info
[2.705s] writing ece217_project2_tan.egg-info/PKG-INFO
[2.706s] writing dependency_links to ece217_project2_tan.egg-info/dependency_links.txt
[2.707s] writing top-level names to ece217_project2_tan.egg-info/top_level.txt
[2.723s] [ 71%] [32mBuilding CXX object CMakeFiles/project2-server.dir/src/kinematic_control.cpp.o[0m
[2.813s] reading manifest file 'ece217_project2_tan.egg-info/SOURCES.txt'
[2.814s] writing manifest file 'ece217_project2_tan.egg-info/SOURCES.txt'
[2.845s] [ 71%] Built target ament_cmake_python_build_ece217_project2_tan_egg
[2.870s] [ 71%] Built target ece217_project2_tan
[2.896s] [ 74%] Built target ece217_project2_tan__py
[2.925s] [ 79%] Built target ece217_project2_tan__rosidl_generator_py
[2.954s] [ 84%] Built target ece217_project2_tan_s__rosidl_typesupport_fastrtps_c
[2.982s] [ 89%] Built target ece217_project2_tan_s__rosidl_typesupport_introspection_c
[3.010s] [ 94%] Built target ece217_project2_tan_s__rosidl_typesupport_c
[4.102s] [01m[K/gpfs/fs1/home/wtan10/Desktop/ECE217/project2_ws/src/ece217_project2_tan/src/kinematic_control.cpp:[m[K In function '[01m[Kint[01;32m[K kinematic[m[K(double, double, double, double, double, double, double, double, double, double, double, double, double)[m[K':
[4.103s] [01m[K/gpfs/fs1/home/wtan10/Desktop/ECE217/project2_ws/src/ece217_project2_tan/src/kinematic_control.cpp:21:20:[m[K [01;31m[Kerror: [m[K'[01m[Kcompute_dh_table[m[K' was not declared in this scope; did you mean '[01m[Kcompute_dh_tabel[m[K'?
[4.103s]    21 |         dh_table = [01;31m[Kcompute_dh_table[m[K(joint1theta, joint2theta, joint3theta, joint4theta, joint5theta, joint6theta);
[4.103s]       |                    [01;31m[K^~~~~~~~~~~~~~~~[m[K
[4.103s]       |                    [32m[Kcompute_dh_tabel[m[K
[4.372s] gmake[2]: *** [CMakeFiles/project2-server.dir/build.make:93: CMakeFiles/project2-server.dir/src/kinematic_control.cpp.o] Error 1
[4.372s] gmake[1]: *** [CMakeFiles/Makefile2:805: CMakeFiles/project2-server.dir/all] Error 2
[4.372s] gmake: *** [Makefile:146: all] Error 2
[4.374s] Invoked command in '/gpfs/fs1/home/wtan10/Desktop/ECE217/project2_ws/build/ece217_project2_tan' returned '2': CONDA_PROMPT_MODIFIER=(ros2_env) _=/usr/bin/env /gpfs/fs1/sfw3/rhel9-x86_64/miniforge3/25.11.0-1/envs/ros2_env/bin/cmake --build /gpfs/fs1/home/wtan10/Desktop/ECE217/project2_ws/build/ece217_project2_tan -- -j2 -l2
