[  2%] Built target ece217_project2_tan__rosidl_generator_type_description
[  2%] Built target ament_cmake_python_copy_ece217_project2_tan
[  5%] Built target ece217_project2_tan__cpp
[ 17%] Built target ece217_project2_tan__rosidl_generator_c
[ 25%] Built target ece217_project2_tan__rosidl_typesupport_cpp
running egg_info
[ 33%] Built target ece217_project2_tan__rosidl_typesupport_fastrtps_c
writing ece217_project2_tan.egg-info/PKG-INFO
writing dependency_links to ece217_project2_tan.egg-info/dependency_links.txt
writing top-level names to ece217_project2_tan.egg-info/top_level.txt
reading manifest file 'ece217_project2_tan.egg-info/SOURCES.txt'
writing manifest file 'ece217_project2_tan.egg-info/SOURCES.txt'
[ 41%] Built target ece217_project2_tan__rosidl_typesupport_fastrtps_cpp
[ 41%] Built target ament_cmake_python_build_ece217_project2_tan_egg
[ 48%] Built target ece217_project2_tan__rosidl_typesupport_c
[ 56%] Built target ece217_project2_tan__rosidl_typesupport_introspection_c
[ 64%] Built target ece217_project2_tan__rosidl_typesupport_introspection_cpp
[ 66%] [32mBuilding CXX object CMakeFiles/project2-server.dir/src/kinematic_control.cpp.o[0m
[ 71%] Built target project2-client
[ 71%] Built target ece217_project2_tan
[ 74%] Built target ece217_project2_tan__py
[ 79%] Built target ece217_project2_tan__rosidl_generator_py
[ 84%] Built target ece217_project2_tan_s__rosidl_typesupport_fastrtps_c
[ 89%] Built target ece217_project2_tan_s__rosidl_typesupport_introspection_c
[ 94%] Built target ece217_project2_tan_s__rosidl_typesupport_c
[ 97%] [32mBuilding CXX object CMakeFiles/project2-server.dir/src/project2-server.cpp.o[0m
