[0.018s] Invoking command in '/gpfs/fs1/home/wtan10/Desktop/ECE217/project2_ws/build/ece217_project2_tan': CONDA_PROMPT_MODIFIER=(ros2_env) _=/usr/bin/env /gpfs/fs1/sfw3/rhel9-x86_64/miniforge3/25.11.0-1/envs/ros2_env/bin/cmake --build /gpfs/fs1/home/wtan10/Desktop/ECE217/project2_ws/build/ece217_project2_tan -- -j2 -l2
[0.086s] [  2%] Built target ece217_project2_tan__rosidl_generator_type_description
[0.111s] [  5%] Built target ece217_project2_tan__cpp
[0.111s] [  5%] Built target ament_cmake_python_copy_ece217_project2_tan
[0.138s] [ 18%] Built target ece217_project2_tan__rosidl_generator_c
[0.166s] [ 26%] Built target ece217_project2_tan__rosidl_typesupport_cpp
[0.196s] [ 34%] Built target ece217_project2_tan__rosidl_typesupport_fastrtps_c
[0.225s] [ 42%] Built target ece217_project2_tan__rosidl_typesupport_fastrtps_cpp
[0.251s] [ 50%] Built target ece217_project2_tan__rosidl_typesupport_introspection_c
[0.279s] [ 57%] Built target ece217_project2_tan__rosidl_typesupport_c
[0.307s] [ 65%] Built target ece217_project2_tan__rosidl_typesupport_introspection_cpp
[0.345s] [ 71%] Built target project2-client
[0.381s] [ 73%] [32mBuilding CXX object CMakeFiles/project2-server.dir/src/project2-server.cpp.o[0m
[0.459s] running egg_info
[0.493s] writing ece217_project2_tan.egg-info/PKG-INFO
[1.538s] writing dependency_links to ece217_project2_tan.egg-info/dependency_links.txt
[1.539s] writing top-level names to ece217_project2_tan.egg-info/top_level.txt
[1.646s] reading manifest file 'ece217_project2_tan.egg-info/SOURCES.txt'
[1.647s] writing manifest file 'ece217_project2_tan.egg-info/SOURCES.txt'
[1.679s] [ 73%] Built target ament_cmake_python_build_ece217_project2_tan_egg
[1.703s] [ 73%] Built target ece217_project2_tan
[1.728s] [ 76%] Built target ece217_project2_tan__py
[1.755s] [ 81%] Built target ece217_project2_tan__rosidl_generator_py
[1.787s] [ 86%] Built target ece217_project2_tan_s__rosidl_typesupport_fastrtps_c
[1.818s] [ 92%] Built target ece217_project2_tan_s__rosidl_typesupport_introspection_c
[1.849s] [ 97%] Built target ece217_project2_tan_s__rosidl_typesupport_c
[3.192s] [01m[K/gpfs/fs1/home/wtan10/Desktop/ECE217/project2_ws/src/ece217_project2_tan/src/project2-server.cpp:[m[K In member function '[01m[Kvoid ManipulationService::[01;32m[Kgenerate_manipulation[m[K(std::shared_ptr<ece217_project2_tan::srv::ManipulationQuery_Request_<std::allocator<void> > >, std::shared_ptr<ece217_project2_tan::srv::ManipulationQuery_Response_<std::allocator<void> > >)[m[K':
[3.192s] [01m[K/gpfs/fs1/home/wtan10/Desktop/ECE217/project2_ws/src/ece217_project2_tan/src/project2-server.cpp:33:14:[m[K [01;31m[Kerror: [m[Ktoo few arguments to function '[01m[Kint[01;32m[K kinematic[m[K(double, double, double, double, double, double, double, double, double, double, double, double, double)[m[K'
[3.192s]    33 |     [01;31m[Kkinematic()[m[K;
[3.192s]       |     [01;31m[K~~~~~~~~~^~[m[K
[3.192s] In file included from [01m[K/gpfs/fs1/home/wtan10/Desktop/ECE217/project2_ws/src/ece217_project2_tan/src/project2-server.cpp:5[m[K:
[3.192s] [01m[K/gpfs/fs1/home/wtan10/Desktop/ECE217/project2_ws/src/ece217_project2_tan/include/ece217_project2_tan/project2-server.h:4:5:[m[K [01;36m[Knote: [m[Kdeclared here
[3.192s]     4 | int [01;36m[Kkinematic[m[K(double joint1theta, double joint2theta, double joint3theta, double joint4theta, double joint5theta, double joint6theta,
[3.192s]       |     [01;36m[K^~~~~~~~~[m[K
[3.192s] [01m[K/gpfs/fs1/home/wtan10/Desktop/ECE217/project2_ws/src/ece217_project2_tan/src/project2-server.cpp:16:100:[m[K [01;35m[Kwarning: [m[Kunused parameter '[01m[Kresponse[m[K' [[01;35m[K]8;;https://gcc.gnu.org/onlinedocs/gcc-14.3.0/gcc/Warning-Options.html#index-Wno-unused-parameter-Wunused-parameter]8;;[m[K]
[3.192s]    16 | [01;35m[Kconst std::shared_ptr< ece217_project2_tan::srv::ManipulationQuery::Response > response[m[K ){
[3.193s]       | [01;35m[K~~~~~~~~~~~~~~~~~~~~~~~~~~~~~~~~~~~~~~~~~~~~~~~~~~~~~~~~~~~~~~~~~~~~~~~~~~~~~~~^~~~~~~~[m[K
[3.193s] 
[4.149s] gmake[2]: *** [CMakeFiles/project2-server.dir/build.make:79: CMakeFiles/project2-server.dir/src/project2-server.cpp.o] Error 1
[4.150s] gmake[1]: *** [CMakeFiles/Makefile2:805: CMakeFiles/project2-server.dir/all] Error 2
[4.150s] gmake: *** [Makefile:146: all] Error 2
[4.152s] Invoked command in '/gpfs/fs1/home/wtan10/Desktop/ECE217/project2_ws/build/ece217_project2_tan' returned '2': CONDA_PROMPT_MODIFIER=(ros2_env) _=/usr/bin/env /gpfs/fs1/sfw3/rhel9-x86_64/miniforge3/25.11.0-1/envs/ros2_env/bin/cmake --build /gpfs/fs1/home/wtan10/Desktop/ECE217/project2_ws/build/ece217_project2_tan -- -j2 -l2
