[0.013s] Invoking command in '/gpfs/fs1/home/wtan10/Desktop/ECE217/project2_ws/build/ece217_project2_tan': CONDA_PROMPT_MODIFIER=(ros2_env) _=/usr/bin/env /gpfs/fs1/sfw3/rhel9-x86_64/miniforge3/25.11.0-1/envs/ros2_env/bin/cmake --build /gpfs/fs1/home/wtan10/Desktop/ECE217/project2_ws/build/ece217_project2_tan -- -j1 -l1
[0.094s] [  2%] Built target ece217_project2_tan__rosidl_generator_type_description
[0.117s] [  4%] Built target ece217_project2_tan__cpp
[0.142s] [ 17%] Built target ece217_project2_tan__rosidl_generator_c
[0.169s] [ 24%] Built target ece217_project2_tan__rosidl_typesupport_cpp
[0.197s] [ 31%] Built target ece217_project2_tan__rosidl_typesupport_fastrtps_c
[0.224s] [ 39%] Built target ece217_project2_tan__rosidl_typesupport_fastrtps_cpp
[0.251s] [ 46%] Built target ece217_project2_tan__rosidl_typesupport_introspection_c
[0.275s] [ 53%] Built target ece217_project2_tan__rosidl_typesupport_c
[0.302s] [ 60%] Built target ece217_project2_tan__rosidl_typesupport_introspection_cpp
[0.324s] [ 60%] Built target ece217_project2_tan
[0.601s] [ 60%] Built target ament_cmake_python_copy_ece217_project2_tan
[0.877s] running egg_info
[0.904s] writing ece217_project2_tan.egg-info/PKG-INFO
[0.905s] writing dependency_links to ece217_project2_tan.egg-info/dependency_links.txt
[0.905s] writing top-level names to ece217_project2_tan.egg-info/top_level.txt
[0.983s] reading manifest file 'ece217_project2_tan.egg-info/SOURCES.txt'
[0.985s] writing manifest file 'ece217_project2_tan.egg-info/SOURCES.txt'
[1.013s] [ 60%] Built target ament_cmake_python_build_ece217_project2_tan_egg
[1.036s] [ 63%] Built target ece217_project2_tan__py
[1.062s] [ 68%] Built target ece217_project2_tan__rosidl_generator_py
[1.087s] [ 73%] Built target ece217_project2_tan_s__rosidl_typesupport_fastrtps_c
[1.112s] [ 78%] Built target ece217_project2_tan_s__rosidl_typesupport_introspection_c
[1.137s] [ 82%] Built target ece217_project2_tan_s__rosidl_typesupport_c
[1.172s] [ 87%] Built target project2-client
[1.225s] [ 90%] [32mBuilding CXX object CMakeFiles/project2-server.dir/src/project2-server.cpp.o[0m
[4.130s] [01m[K/gpfs/fs1/home/wtan10/Desktop/ECE217/project2_ws/src/ece217_project2_tan/src/project2-server.cpp:[m[K In member function '[01m[Kvoid ManipulationService::[01;32m[Kgenerate_manipulation[m[K(std::shared_ptr<ece217_project2_tan::srv::ManipulationQuery_Request_<std::allocator<void> > >, std::shared_ptr<ece217_project2_tan::srv::ManipulationQuery_Response_<std::allocator<void> > >)[m[K':
[4.130s] [01m[K/gpfs/fs1/home/wtan10/Desktop/ECE217/project2_ws/src/ece217_project2_tan/src/project2-server.cpp:72:156:[m[K [01;31m[Kerror: [m[Kno match for '[01m[Koperator=[m[K' (operand types are '[01m[Ksensor_msgs::msg::JointState[m[K' {aka '[01m[Ksensor_msgs::msg::JointState_<std::allocator<void> >[m[K'} and '[01m[K<brace-enclosed initializer list>[m[K')
[4.130s]    72 | 0],new_joint_angles[1],new_joint_angles[2],new_joint_angles[3],new_joint_angles[4],new_joint_angles[5][01;31m[K}[m[K;
[4.130s]       |                                                                                                       [01;31m[K^[m[K
[4.130s] 
[4.130s] In file included from [01m[K/gpfs/fs1/sfw3/rhel9-x86_64/miniforge3/25.11.0-1/envs/ros2_env/include/sensor_msgs/sensor_msgs/msg/joint_state.hpp:7[m[K,
[4.131s]                  from [01m[K/gpfs/fs1/home/wtan10/Desktop/ECE217/project2_ws/src/ece217_project2_tan/src/project2-server.cpp:6[m[K:
[4.131s] [01m[K/gpfs/fs1/sfw3/rhel9-x86_64/miniforge3/25.11.0-1/envs/ros2_env/include/sensor_msgs/sensor_msgs/msg/detail/joint_state__struct.hpp:40:8:[m[K [01;36m[Knote: [m[Kcandidate: '[01m[Ksensor_msgs::msg::JointState_<std::allocator<void> >& sensor_msgs::msg::JointState_<std::allocator<void> >::[01;32m[Koperator=[m[K(const sensor_msgs::msg::JointState_<std::allocator<void> >&)[m[K'
[4.131s]    40 | struct [01;36m[KJointState_[m[K
[4.131s]       |        [01;36m[K^~~~~~~~~~~[m[K
[4.131s] [01m[K/gpfs/fs1/sfw3/rhel9-x86_64/miniforge3/25.11.0-1/envs/ros2_env/include/sensor_msgs/sensor_msgs/msg/detail/joint_state__struct.hpp:40:8:[m[K [01;36m[Knote: [m[K  no known conversion for argument 1 from '[01m[K<brace-enclosed initializer list>[m[K' to '[01m[Kconst sensor_msgs::msg::JointState_<std::allocator<void> >&[m[K'
[4.132s] [01m[K/gpfs/fs1/sfw3/rhel9-x86_64/miniforge3/25.11.0-1/envs/ros2_env/include/sensor_msgs/sensor_msgs/msg/detail/joint_state__struct.hpp:40:8:[m[K [01;36m[Knote: [m[Kcandidate: '[01m[Ksensor_msgs::msg::JointState_<std::allocator<void> >& sensor_msgs::msg::JointState_<std::allocator<void> >::[01;32m[Koperator=[m[K(sensor_msgs::msg::JointState_<std::allocator<void> >&&)[m[K'
[4.132s] [01m[K/gpfs/fs1/sfw3/rhel9-x86_64/miniforge3/25.11.0-1/envs/ros2_env/include/sensor_msgs/sensor_msgs/msg/detail/joint_state__struct.hpp:40:8:[m[K [01;36m[Knote: [m[K  no known conversion for argument 1 from '[01m[K<brace-enclosed initializer list>[m[K' to '[01m[Ksensor_msgs::msg::JointState_<std::allocator<void> >&&[m[K'
[4.135s] [01m[K/gpfs/fs1/home/wtan10/Desktop/ECE217/project2_ws/src/ece217_project2_tan/src/project2-server.cpp:19:100:[m[K [01;35m[Kwarning: [m[Kunused parameter '[01m[Kresponse[m[K' [[01;35m[K]8;;https://gcc.gnu.org/onlinedocs/gcc-14.3.0/gcc/Warning-Options.html#index-Wno-unused-parameter-Wunused-parameter]8;;[m[K]
[4.135s]    19 |               [01;35m[Kconst std::shared_ptr< ece217_project2_tan::srv::ManipulationQuery::Response > response[m[K ){
[4.135s]       |               [01;35m[K~~~~~~~~~~~~~~~~~~~~~~~~~~~~~~~~~~~~~~~~~~~~~~~~~~~~~~~~~~~~~~~~~~~~~~~~~~~~~~~^~~~~~~~[m[K
[4.135s] 
[5.534s] gmake[2]: *** [CMakeFiles/project2-server.dir/build.make:79: CMakeFiles/project2-server.dir/src/project2-server.cpp.o] Error 1
[5.536s] gmake[1]: *** [CMakeFiles/Makefile2:808: CMakeFiles/project2-server.dir/all] Error 2
[5.536s] gmake: *** [Makefile:146: all] Error 2
[5.536s] Invoked command in '/gpfs/fs1/home/wtan10/Desktop/ECE217/project2_ws/build/ece217_project2_tan' returned '2': CONDA_PROMPT_MODIFIER=(ros2_env) _=/usr/bin/env /gpfs/fs1/sfw3/rhel9-x86_64/miniforge3/25.11.0-1/envs/ros2_env/bin/cmake --build /gpfs/fs1/home/wtan10/Desktop/ECE217/project2_ws/build/ece217_project2_tan -- -j1 -l1
