[0.027s] Invoking command in '/gpfs/fs1/home/wtan10/Desktop/ECE217/project2_ws/build/ece217_project2_tan': CONDA_PROMPT_MODIFIER=(ros2_env) _=/usr/bin/env /gpfs/fs1/sfw3/rhel9-x86_64/miniforge3/25.11.0-1/envs/ros2_env/bin/cmake --build /gpfs/fs1/home/wtan10/Desktop/ECE217/project2_ws/build/ece217_project2_tan -- -j2 -l2
[0.086s] [0mCMake Deprecation Warning at CMakeLists.txt:1 (cmake_minimum_required):
[0.086s]   Compatibility with CMake < 3.10 will be removed from a future version of
[0.086s]   CMake.
[0.086s] 
[0.086s]   Update the VERSION argument <min> value.  Or, use the <min>...<max> syntax
[0.086s]   to tell CMake that the project requires at least <min> but has been updated
[0.086s]   to work with policies introduced by <max> or earlier.
[0.086s] 
[0.087s] [0m
[0.096s] -- Found ament_cmake: 2.5.4 (/gpfs/fs1/sfw3/rhel9-x86_64/miniforge3/25.11.0-1/envs/ros2_env/share/ament_cmake/cmake)
[0.263s] -- Found Python3: /gpfs/fs1/sfw3/rhel9-x86_64/miniforge3/25.11.0-1/envs/ros2_env/bin/python3 (found version "3.12.12") found components: Interpreter
[0.368s] -- Found rclcpp: 28.1.15 (/gpfs/fs1/sfw3/rhel9-x86_64/miniforge3/25.11.0-1/envs/ros2_env/share/rclcpp/cmake)
[0.407s] -- Found rosidl_generator_c: 4.6.7 (/gpfs/fs1/sfw3/rhel9-x86_64/miniforge3/25.11.0-1/envs/ros2_env/share/rosidl_generator_c/cmake)
[0.422s] -- Found rosidl_generator_cpp: 4.6.7 (/gpfs/fs1/sfw3/rhel9-x86_64/miniforge3/25.11.0-1/envs/ros2_env/share/rosidl_generator_cpp/cmake)
[0.442s] -- Using all available rosidl_typesupport_c: rosidl_typesupport_fastrtps_c;rosidl_typesupport_introspection_c
[0.464s] -- Using all available rosidl_typesupport_cpp: rosidl_typesupport_fastrtps_cpp;rosidl_typesupport_introspection_cpp
[0.570s] -- Found rmw_implementation_cmake: 7.3.2 (/gpfs/fs1/sfw3/rhel9-x86_64/miniforge3/25.11.0-1/envs/ros2_env/share/rmw_implementation_cmake/cmake)
[0.572s] -- Found rmw_fastrtps_cpp: 8.4.3 (/gpfs/fs1/sfw3/rhel9-x86_64/miniforge3/25.11.0-1/envs/ros2_env/share/rmw_fastrtps_cpp/cmake)
[1.196s] -- Using RMW implementation 'rmw_fastrtps_cpp' as default
[1.301s] -- Found geometry_msgs: 5.3.6 (/gpfs/fs1/sfw3/rhel9-x86_64/miniforge3/25.11.0-1/envs/ros2_env/share/geometry_msgs/cmake)
[1.355s] [33mCMake Warning (dev) at CMakeLists.txt:12 (find_package):
[1.355s]   Policy CMP0167 is not set: The FindBoost module is removed.  Run "cmake
[1.355s]   --help-policy CMP0167" for policy details.  Use the cmake_policy command to
[1.355s]   set the policy and suppress this warning.
[1.355s] 
[1.355s] This warning is for project developers.  Use -Wno-dev to suppress it.
[1.355s] [0m
[1.362s] -- Found rosidl_default_generators: 1.6.0 (/gpfs/fs1/sfw3/rhel9-x86_64/miniforge3/25.11.0-1/envs/ros2_env/share/rosidl_default_generators/cmake)
[1.375s] -- Found rosidl_adapter: 4.6.7 (/gpfs/fs1/sfw3/rhel9-x86_64/miniforge3/25.11.0-1/envs/ros2_env/share/rosidl_adapter/cmake)
[1.378s] -- Found nav_msgs: 5.3.6 (/gpfs/fs1/sfw3/rhel9-x86_64/miniforge3/25.11.0-1/envs/ros2_env/share/nav_msgs/cmake)
[1.421s] -- Found pluginlib: 5.4.4 (/gpfs/fs1/sfw3/rhel9-x86_64/miniforge3/25.11.0-1/envs/ros2_env/share/pluginlib/cmake)
[1.429s] -- Found visualization_msgs: 5.3.6 (/gpfs/fs1/sfw3/rhel9-x86_64/miniforge3/25.11.0-1/envs/ros2_env/share/visualization_msgs/cmake)
[1.518s] -- Found tf2_ros: 0.36.18 (/gpfs/fs1/sfw3/rhel9-x86_64/miniforge3/25.11.0-1/envs/ros2_env/share/tf2_ros/cmake)
[1.696s] -- Found tf2_geometry_msgs: 0.36.18 (/gpfs/fs1/sfw3/rhel9-x86_64/miniforge3/25.11.0-1/envs/ros2_env/share/tf2_geometry_msgs/cmake)
[1.703s] -- Found eigen3_cmake_module: 0.3.0 (/gpfs/fs1/sfw3/rhel9-x86_64/miniforge3/25.11.0-1/envs/ros2_env/share/eigen3_cmake_module/cmake)
[1.705s] -- Ensuring Eigen3 include directory is part of orocos-kdl CMake target
[2.460s] -- Found ament_cmake_ros: 0.12.0 (/gpfs/fs1/sfw3/rhel9-x86_64/miniforge3/25.11.0-1/envs/ros2_env/share/ament_cmake_ros/cmake)
[3.550s] -- Using all available rosidl_typesupport_c: rosidl_typesupport_fastrtps_c;rosidl_typesupport_introspection_c
[3.976s] -- Using all available rosidl_typesupport_cpp: rosidl_typesupport_fastrtps_cpp;rosidl_typesupport_introspection_cpp
[3.977s] -- Found python_cmake_module: 0.11.1 (/gpfs/fs1/sfw3/rhel9-x86_64/miniforge3/25.11.0-1/envs/ros2_env/share/python_cmake_module/cmake)
[4.546s] -- Found Python3: /gpfs/fs1/sfw3/rhel9-x86_64/miniforge3/25.11.0-1/envs/ros2_env/bin/python3 (found version "3.12.12") found components: Interpreter Development NumPy Development.Module Development.Embed
[4.614s] -- Found ament_lint_auto: 0.17.3 (/gpfs/fs1/sfw3/rhel9-x86_64/miniforge3/25.11.0-1/envs/ros2_env/share/ament_lint_auto/cmake)
[4.637s] -- Added test 'cppcheck' to perform static code analysis on C / C++ code
[4.639s] -- Configured cppcheck include dirs: /gpfs/fs1/home/wtan10/Desktop/ECE217/project2_ws/src/ece217_project2_tan/include;$<BUILD_INTERFACE:/gpfs/fs1/home/wtan10/Desktop/ECE217/project2_ws/src/ece217_project2_tan/include>
[4.639s] -- Configured cppcheck exclude dirs and/or files: 
[4.640s] -- Added test 'lint_cmake' to check CMake code style
[4.643s] -- Added test 'uncrustify' to check C / C++ code style
[4.643s] -- Configured uncrustify additional arguments: 
[4.644s] -- Added test 'xmllint' to check XML markup files
[4.647s] -- Configuring done (4.6s)
[5.023s] -- Generating done (0.3s)
[5.356s] -- Build files have been written to: /gpfs/fs1/home/wtan10/Desktop/ECE217/project2_ws/build/ece217_project2_tan
[5.407s] [  2%] Built target ece217_project2_tan__rosidl_generator_type_description
[5.460s] [  2%] Built target ament_cmake_python_copy_ece217_project2_tan
[5.496s] [  4%] Built target ece217_project2_tan__cpp
[5.586s] [ 17%] Built target ece217_project2_tan__rosidl_generator_c
[5.682s] [ 24%] Built target ece217_project2_tan__rosidl_typesupport_cpp
[5.828s] [ 31%] Built target ece217_project2_tan__rosidl_typesupport_fastrtps_c
[5.878s] [ 39%] Built target ece217_project2_tan__rosidl_typesupport_fastrtps_cpp
[5.935s] [ 46%] Built target ece217_project2_tan__rosidl_typesupport_introspection_c
[5.965s] [ 53%] Built target ece217_project2_tan__rosidl_typesupport_c
[6.008s] [ 60%] Built target ece217_project2_tan__rosidl_typesupport_introspection_cpp
[6.021s] running egg_info
[6.053s] writing ece217_project2_tan.egg-info/PKG-INFO
[6.054s] writing dependency_links to ece217_project2_tan.egg-info/dependency_links.txt
[6.054s] writing top-level names to ece217_project2_tan.egg-info/top_level.txt
[6.196s] reading manifest file 'ece217_project2_tan.egg-info/SOURCES.txt'
[6.197s] writing manifest file 'ece217_project2_tan.egg-info/SOURCES.txt'
[6.228s] [ 60%] Built target ament_cmake_python_build_ece217_project2_tan_egg
[6.452s] [ 65%] Built target project2-client
[6.453s] [ 73%] Built target project2-server
[6.477s] [ 75%] [32mBuilding CXX object CMakeFiles/joint-state-publisher.dir/src/joint-state-publisher.cpp.o[0m
[6.487s] [ 75%] Built target ece217_project2_tan
[6.512s] [ 78%] Built target ece217_project2_tan__py
[6.743s] [ 82%] Built target ece217_project2_tan__rosidl_generator_py
[6.776s] [ 87%] Built target ece217_project2_tan_s__rosidl_typesupport_fastrtps_c
[6.808s] [ 92%] Built target ece217_project2_tan_s__rosidl_typesupport_introspection_c
[6.839s] [ 97%] Built target ece217_project2_tan_s__rosidl_typesupport_c
[9.378s] [01m[K/gpfs/fs1/home/wtan10/Desktop/ECE217/project2_ws/src/ece217_project2_tan/src/joint-state-publisher.cpp:5:10:[m[K [01;31m[Kfatal error: [m[Ktf2_geometry_msgs/tf_geometry_msgs.hpp: No such file or directory
[9.378s]     5 | #include [01;31m[K<tf2_geometry_msgs/tf_geometry_msgs.hpp>[m[K
[9.379s]       |          [01;31m[K^~~~~~~~~~~~~~~~~~~~~~~~~~~~~~~~~~~~~~~~[m[K
[9.379s] compilation terminated.
[9.381s] gmake[2]: *** [CMakeFiles/joint-state-publisher.dir/build.make:79: CMakeFiles/joint-state-publisher.dir/src/joint-state-publisher.cpp.o] Error 1
[9.381s] gmake[1]: *** [CMakeFiles/Makefile2:842: CMakeFiles/joint-state-publisher.dir/all] Error 2
[9.382s] gmake: *** [Makefile:146: all] Error 2
[9.384s] Invoked command in '/gpfs/fs1/home/wtan10/Desktop/ECE217/project2_ws/build/ece217_project2_tan' returned '2': CONDA_PROMPT_MODIFIER=(ros2_env) _=/usr/bin/env /gpfs/fs1/sfw3/rhel9-x86_64/miniforge3/25.11.0-1/envs/ros2_env/bin/cmake --build /gpfs/fs1/home/wtan10/Desktop/ECE217/project2_ws/build/ece217_project2_tan -- -j2 -l2
