[01m[K/gpfs/fs1/home/wtan10/Desktop/ECE217/project2_ws/src/ece217_project2_tan/src/kinematic_control.cpp:[m[K In function '[01m[Kint[01;32m[K kinematic[m[K(double, double, double, double, double, double, double, double, double, double, double, double, double)[m[K':
[01m[K/gpfs/fs1/home/wtan10/Desktop/ECE217/project2_ws/src/ece217_project2_tan/src/kinematic_control.cpp:18:20:[m[K [01;31m[Kerror: [m[K'[01m[Kcompute_dh_table[m[K' was not declared in this scope
   18 |         dh_table = [01;31m[Kcompute_dh_table[m[K(joint1theta, joint2theta, joint3theta, joint4theta, joint5theta, joint6theta);
      |                    [01;31m[K^~~~~~~~~~~~~~~~[m[K
[01m[K/gpfs/fs1/home/wtan10/Desktop/ECE217/project2_ws/src/ece217_project2_tan/src/kinematic_control.cpp:21:31:[m[K [01;31m[Kerror: [m[K'[01m[KdhTransform[m[K' was not declared in this scope
   21 |         Eigen::Matrix4d t01 = [01;31m[KdhTransform[m[K(dh_table(0,0),dh_table(0,1),dh_table(0,2),dh_table(0,3));
      |                               [01;31m[K^~~~~~~~~~~[m[K
[01m[K/gpfs/fs1/home/wtan10/Desktop/ECE217/project2_ws/src/ece217_project2_tan/src/kinematic_control.cpp:40:9:[m[K [01;31m[Kerror: [m[Kexpected '[01m[K,[m[K' or '[01m[K;[m[K' before '[01m[KEigen[m[K'
   40 |         [01;31m[KEigen[m[K::Quaterniond q(rotation_matrix);
      |         [01;31m[K^~~~~[m[K
[01m[K/gpfs/fs1/home/wtan10/Desktop/ECE217/project2_ws/src/ece217_project2_tan/src/kinematic_control.cpp:42:57:[m[K [01;31m[Kerror: [m[K'[01m[Kq[m[K' was not declared in this scope
   42 |         std::cout << "the current Quaternion is: [(" << [01;31m[Kq[m[K.x() << " , " << q.y() << " , " << q.z() << "), " << q.w() << "]" << std::endl << std::endl;
      |                                                         [01;31m[K^[m[K
gmake[2]: *** [CMakeFiles/project2-server.dir/build.make:93: CMakeFiles/project2-server.dir/src/kinematic_control.cpp.o] Error 1
gmake[2]: *** Waiting for unfinished jobs....
[01m[K/gpfs/fs1/home/wtan10/Desktop/ECE217/project2_ws/src/ece217_project2_tan/src/project2-server.cpp:[m[K In member function '[01m[Kvoid ManipulationService::[01;32m[Kgenerate_manipulation[m[K(std::shared_ptr<ece217_project2_tan::srv::ManipulationQuery_Request_<std::allocator<void> > >, std::shared_ptr<ece217_project2_tan::srv::ManipulationQuery_Response_<std::allocator<void> > >)[m[K':
[01m[K/gpfs/fs1/home/wtan10/Desktop/ECE217/project2_ws/src/ece217_project2_tan/src/project2-server.cpp:16:100:[m[K [01;35m[Kwarning: [m[Kunused parameter '[01m[Kresponse[m[K' [[01;35m[K]8;;https://gcc.gnu.org/onlinedocs/gcc-14.3.0/gcc/Warning-Options.html#index-Wno-unused-parameter-Wunused-parameter]8;;[m[K]
   16 |                     [01;35m[Kconst std::shared_ptr< ece217_project2_tan::srv::ManipulationQuery::Response > response[m[K ){
      |                     [01;35m[K~~~~~~~~~~~~~~~~~~~~~~~~~~~~~~~~~~~~~~~~~~~~~~~~~~~~~~~~~~~~~~~~~~~~~~~~~~~~~~~^~~~~~~~[m[K
gmake[1]: *** [CMakeFiles/Makefile2:805: CMakeFiles/project2-server.dir/all] Error 2
gmake: *** [Makefile:146: all] Error 2
