[  2%] Built target ece217_project2_tan__rosidl_generator_type_description
[  4%] Built target ece217_project2_tan__cpp
[ 17%] Built target ece217_project2_tan__rosidl_generator_c
[ 24%] Built target ece217_project2_tan__rosidl_typesupport_cpp
[ 31%] Built target ece217_project2_tan__rosidl_typesupport_fastrtps_c
[ 39%] Built target ece217_project2_tan__rosidl_typesupport_fastrtps_cpp
[ 46%] Built target ece217_project2_tan__rosidl_typesupport_introspection_c
[ 53%] Built target ece217_project2_tan__rosidl_typesupport_c
[ 60%] Built target ece217_project2_tan__rosidl_typesupport_introspection_cpp
[ 60%] Built target ece217_project2_tan
[ 60%] Built target ament_cmake_python_copy_ece217_project2_tan
running egg_info
writing ece217_project2_tan.egg-info/PKG-INFO
writing dependency_links to ece217_project2_tan.egg-info/dependency_links.txt
writing top-level names to ece217_project2_tan.egg-info/top_level.txt
reading manifest file 'ece217_project2_tan.egg-info/SOURCES.txt'
writing manifest file 'ece217_project2_tan.egg-info/SOURCES.txt'
[ 60%] Built target ament_cmake_python_build_ece217_project2_tan_egg
[ 63%] Built target ece217_project2_tan__py
[ 68%] Built target ece217_project2_tan__rosidl_generator_py
[ 73%] Built target ece217_project2_tan_s__rosidl_typesupport_fastrtps_c
[ 78%] Built target ece217_project2_tan_s__rosidl_typesupport_introspection_c
[ 82%] Built target ece217_project2_tan_s__rosidl_typesupport_c
[ 87%] Built target project2-client
[ 95%] Built target project2-server
[ 97%] [32mBuilding CXX object CMakeFiles/joint-state-publisher.dir/src/joint-state-publisher.cpp.o[0m
[01m[K/gpfs/fs1/home/wtan10/Desktop/ECE217/project2_ws/src/ece217_project2_tan/src/joint-state-publisher.cpp:87:13:[m[K [01;31m[Kerror: [m[K'[01m[KSubscriber[m[K' in namespace '[01m[Krclcpp[m[K' does not name a template type
   87 |     rclcpp::[01;31m[KSubscriber[m[K< sensor_msgs::msg::JointState >::SharedPtr new_joint_angles_subscriber;
      |             [01;31m[K^~~~~~~~~~[m[K
[01m[K/gpfs/fs1/home/wtan10/Desktop/ECE217/project2_ws/src/ece217_project2_tan/src/joint-state-publisher.cpp:[m[K In constructor '[01m[KRobotJointStatePublisher::[01;32m[KRobotJointStatePublisher[m[K()[m[K':
[01m[K/gpfs/fs1/home/wtan10/Desktop/ECE217/project2_ws/src/ece217_project2_tan/src/joint-state-publisher.cpp:27:7:[m[K [01;31m[Kerror: [m[K'[01m[Knew_joint_angles_subscriber[m[K' was not declared in this scope
   27 |       [01;31m[Knew_joint_angles_subscriber[m[K = this->create_subscription<sensor_msgs::msg::JointState>("new_joint_anlges",1,std::bind(&RobotJointStatePublisher::subscriber_callback, this, std::placeholders::_1));
      |       [01;31m[K^~~~~~~~~~~~~~~~~~~~~~~~~~~[m[K
gmake[2]: *** [CMakeFiles/joint-state-publisher.dir/build.make:79: CMakeFiles/joint-state-publisher.dir/src/joint-state-publisher.cpp.o] Error 1
gmake[1]: *** [CMakeFiles/Makefile2:842: CMakeFiles/joint-state-publisher.dir/all] Error 2
gmake: *** [Makefile:146: all] Error 2
