[0.015s] Invoking command in '/gpfs/fs1/home/wtan10/Desktop/ECE217/project2_ws/build/ece217_project2_tan': CONDA_PROMPT_MODIFIER=(ros2_env) _=/usr/bin/env /gpfs/fs1/sfw3/rhel9-x86_64/miniforge3/25.11.0-1/envs/ros2_env/bin/cmake --build /gpfs/fs1/home/wtan10/Desktop/ECE217/project2_ws/build/ece217_project2_tan -- -j1 -l1
[0.092s] [  2%] Built target ece217_project2_tan__rosidl_generator_type_description
[0.116s] [  4%] Built target ece217_project2_tan__cpp
[0.142s] [ 17%] Built target ece217_project2_tan__rosidl_generator_c
[0.168s] [ 24%] Built target ece217_project2_tan__rosidl_typesupport_cpp
[0.195s] [ 31%] Built target ece217_project2_tan__rosidl_typesupport_fastrtps_c
[0.223s] [ 39%] Built target ece217_project2_tan__rosidl_typesupport_fastrtps_cpp
[0.249s] [ 46%] Built target ece217_project2_tan__rosidl_typesupport_introspection_c
[0.275s] [ 53%] Built target ece217_project2_tan__rosidl_typesupport_c
[0.301s] [ 60%] Built target ece217_project2_tan__rosidl_typesupport_introspection_cpp
[0.323s] [ 60%] Built target ece217_project2_tan
[0.357s] [ 60%] Built target ament_cmake_python_copy_ece217_project2_tan
[0.632s] running egg_info
[0.658s] writing ece217_project2_tan.egg-info/PKG-INFO
[0.659s] writing dependency_links to ece217_project2_tan.egg-info/dependency_links.txt
[0.659s] writing top-level names to ece217_project2_tan.egg-info/top_level.txt
[0.738s] reading manifest file 'ece217_project2_tan.egg-info/SOURCES.txt'
[0.739s] writing manifest file 'ece217_project2_tan.egg-info/SOURCES.txt'
[0.767s] [ 60%] Built target ament_cmake_python_build_ece217_project2_tan_egg
[0.790s] [ 63%] Built target ece217_project2_tan__py
[0.816s] [ 68%] Built target ece217_project2_tan__rosidl_generator_py
[0.843s] [ 73%] Built target ece217_project2_tan_s__rosidl_typesupport_fastrtps_c
[0.868s] [ 78%] Built target ece217_project2_tan_s__rosidl_typesupport_introspection_c
[0.893s] [ 82%] Built target ece217_project2_tan_s__rosidl_typesupport_c
[0.930s] [ 87%] Built target project2-client
[0.968s] [ 95%] Built target project2-server
[1.016s] [ 97%] [32mBuilding CXX object CMakeFiles/joint-state-publisher.dir/src/joint-state-publisher.cpp.o[0m
[3.624s] [01m[K/gpfs/fs1/home/wtan10/Desktop/ECE217/project2_ws/src/ece217_project2_tan/src/joint-state-publisher.cpp:87:13:[m[K [01;31m[Kerror: [m[K'[01m[KSubscriber[m[K' in namespace '[01m[Krclcpp[m[K' does not name a template type
[3.624s]    87 |     rclcpp::[01;31m[KSubscriber[m[K< sensor_msgs::msg::JointState >::SharedPtr new_joint_angles_subscriber;
[3.624s]       |             [01;31m[K^~~~~~~~~~[m[K
[3.647s] [01m[K/gpfs/fs1/home/wtan10/Desktop/ECE217/project2_ws/src/ece217_project2_tan/src/joint-state-publisher.cpp:[m[K In constructor '[01m[KRobotJointStatePublisher::[01;32m[KRobotJointStatePublisher[m[K()[m[K':
[3.647s] [01m[K/gpfs/fs1/home/wtan10/Desktop/ECE217/project2_ws/src/ece217_project2_tan/src/joint-state-publisher.cpp:27:7:[m[K [01;31m[Kerror: [m[K'[01m[Knew_joint_angles_subscriber[m[K' was not declared in this scope
[3.647s]    27 |       [01;31m[Knew_joint_angles_subscriber[m[K = this->create_subscription<sensor_msgs::msg::JointState>("new_joint_anlges",1,std::bind(&RobotJointStatePublisher::subscriber_callback, this, std::placeholders::_1));
[3.647s]       |       [01;31m[K^~~~~~~~~~~~~~~~~~~~~~~~~~~[m[K
[5.853s] gmake[2]: *** [CMakeFiles/joint-state-publisher.dir/build.make:79: CMakeFiles/joint-state-publisher.dir/src/joint-state-publisher.cpp.o] Error 1
[5.855s] gmake[1]: *** [CMakeFiles/Makefile2:842: CMakeFiles/joint-state-publisher.dir/all] Error 2
[5.855s] gmake: *** [Makefile:146: all] Error 2
[5.855s] Invoked command in '/gpfs/fs1/home/wtan10/Desktop/ECE217/project2_ws/build/ece217_project2_tan' returned '2': CONDA_PROMPT_MODIFIER=(ros2_env) _=/usr/bin/env /gpfs/fs1/sfw3/rhel9-x86_64/miniforge3/25.11.0-1/envs/ros2_env/bin/cmake --build /gpfs/fs1/home/wtan10/Desktop/ECE217/project2_ws/build/ece217_project2_tan -- -j1 -l1
