[  2%] Built target ece217_project2_tan__rosidl_generator_type_description
[  4%] Built target ece217_project2_tan__cpp
[ 17%] Built target ece217_project2_tan__rosidl_generator_c
[ 24%] Built target ece217_project2_tan__rosidl_typesupport_cpp
[ 31%] Built target ece217_project2_tan__rosidl_typesupport_fastrtps_c
[ 39%] Built target ece217_project2_tan__rosidl_typesupport_fastrtps_cpp
[ 46%] Built target ece217_project2_tan__rosidl_typesupport_introspection_c
[ 53%] Built target ece217_project2_tan__rosidl_typesupport_c
[ 60%] Built target ece217_project2_tan__rosidl_typesupport_introspection_cpp
[ 60%] Built target ece217_project2_tan
[ 60%] Built target ament_cmake_python_copy_ece217_project2_tan
running egg_info
writing ece217_project2_tan.egg-info/PKG-INFO
writing dependency_links to ece217_project2_tan.egg-info/dependency_links.txt
writing top-level names to ece217_project2_tan.egg-info/top_level.txt
reading manifest file 'ece217_project2_tan.egg-info/SOURCES.txt'
writing manifest file 'ece217_project2_tan.egg-info/SOURCES.txt'
[ 60%] Built target ament_cmake_python_build_ece217_project2_tan_egg
[ 63%] Built target ece217_project2_tan__py
[ 68%] Built target ece217_project2_tan__rosidl_generator_py
[ 73%] Built target ece217_project2_tan_s__rosidl_typesupport_fastrtps_c
[ 78%] Built target ece217_project2_tan_s__rosidl_typesupport_introspection_c
[ 82%] Built target ece217_project2_tan_s__rosidl_typesupport_c
[ 87%] Built target project2-client
[ 95%] Built target project2-server
[ 97%] [32mBuilding CXX object CMakeFiles/joint-state-publisher.dir/src/joint-state-publisher.cpp.o[0m
