[0.018s] Invoking command in '/gpfs/fs1/home/wtan10/Desktop/ECE217/project2_ws/build/ece217_project2_tan': CONDA_PROMPT_MODIFIER=(ros2_env) _=/usr/bin/env /gpfs/fs1/sfw3/rhel9-x86_64/miniforge3/25.11.0-1/envs/ros2_env/bin/cmake --build /gpfs/fs1/home/wtan10/Desktop/ECE217/project2_ws/build/ece217_project2_tan -- -j2 -l2
[0.090s] [  2%] Built target ece217_project2_tan__rosidl_generator_type_description
[0.106s] [  2%] Built target ament_cmake_python_copy_ece217_project2_tan
[0.114s] [  5%] Built target ece217_project2_tan__cpp
[0.134s] [ 18%] Built target ece217_project2_tan__rosidl_generator_c
[0.161s] [ 26%] Built target ece217_project2_tan__rosidl_typesupport_cpp
[0.192s] [ 34%] Built target ece217_project2_tan__rosidl_typesupport_fastrtps_c
[0.223s] [ 42%] Built target ece217_project2_tan__rosidl_typesupport_fastrtps_cpp
[0.250s] [ 50%] Built target ece217_project2_tan__rosidl_typesupport_introspection_c
[0.275s] [ 57%] Built target ece217_project2_tan__rosidl_typesupport_c
[0.304s] [ 65%] Built target ece217_project2_tan__rosidl_typesupport_introspection_cpp
[0.342s] [ 71%] Built target project2-client
[0.406s] [ 73%] [1m[32mLinking CXX executable project2-server[0m
[0.491s] running egg_info
[0.525s] writing ece217_project2_tan.egg-info/PKG-INFO
[0.580s] writing dependency_links to ece217_project2_tan.egg-info/dependency_links.txt
[0.581s] writing top-level names to ece217_project2_tan.egg-info/top_level.txt
[0.598s] /gpfs/fs1/sfw3/rhel9-x86_64/miniforge3/25.11.0-1/envs/ros2_env/bin/../libexec/gcc/x86_64-conda-linux-gnu/14.3.0/ld: CMakeFiles/project2-server.dir/src/project2-server.cpp.o: in function `ManipulationService::generate_manipulation(std::shared_ptr<ece217_project2_tan::srv::ManipulationQuery_Request_<std::allocator<void> > >, std::shared_ptr<ece217_project2_tan::srv::ManipulationQuery_Response_<std::allocator<void> > >)':
[0.599s] project2-server.cpp:(.text._ZN19ManipulationService21generate_manipulationESt10shared_ptrIN19ece217_project2_tan3srv26ManipulationQuery_Request_ISaIvEEEES0_INS2_27ManipulationQuery_Response_IS4_EEE[_ZN19ManipulationService21generate_manipulationESt10shared_ptrIN19ece217_project2_tan3srv26ManipulationQuery_Request_ISaIvEEEES0_INS2_27ManipulationQuery_Response_IS4_EEE]+0x66e): undefined reference to `kinematic(double, double, double, double, double, double, double, double, double, double, double, double, double)'
[0.608s] collect2: error: ld returned 1 exit status
[0.608s] gmake[2]: *** [CMakeFiles/project2-server.dir/build.make:208: project2-server] Error 1
[0.609s] gmake[1]: *** [CMakeFiles/Makefile2:805: CMakeFiles/project2-server.dir/all] Error 2
[0.609s] gmake[1]: *** Waiting for unfinished jobs....
[0.688s] reading manifest file 'ece217_project2_tan.egg-info/SOURCES.txt'
[0.689s] writing manifest file 'ece217_project2_tan.egg-info/SOURCES.txt'
[0.722s] [ 73%] Built target ament_cmake_python_build_ece217_project2_tan_egg
[0.723s] gmake: *** [Makefile:146: all] Error 2
[0.724s] Invoked command in '/gpfs/fs1/home/wtan10/Desktop/ECE217/project2_ws/build/ece217_project2_tan' returned '2': CONDA_PROMPT_MODIFIER=(ros2_env) _=/usr/bin/env /gpfs/fs1/sfw3/rhel9-x86_64/miniforge3/25.11.0-1/envs/ros2_env/bin/cmake --build /gpfs/fs1/home/wtan10/Desktop/ECE217/project2_ws/build/ece217_project2_tan -- -j2 -l2
