[0.182s] Invoking command in '/gpfs/fs1/home/wtan10/Desktop/ECE217/project2_ws/build/ece217_project2_tan': CONDA_PROMPT_MODIFIER=(ros2_env) _=/usr/bin/env /gpfs/fs1/sfw3/rhel9-x86_64/miniforge3/25.11.0-1/envs/ros2_env/bin/cmake --build /gpfs/fs1/home/wtan10/Desktop/ECE217/project2_ws/build/ece217_project2_tan -- -j1 -l1
[0.183s] [  2%] Built target ece217_project2_tan__rosidl_generator_type_description
[0.183s] [  4%] Built target ece217_project2_tan__cpp
[0.183s] [ 17%] Built target ece217_project2_tan__rosidl_generator_c
[0.183s] [ 24%] Built target ece217_project2_tan__rosidl_typesupport_cpp
[0.207s] [ 31%] Built target ece217_project2_tan__rosidl_typesupport_fastrtps_c
[0.236s] [ 39%] Built target ece217_project2_tan__rosidl_typesupport_fastrtps_cpp
[0.262s] [ 46%] Built target ece217_project2_tan__rosidl_typesupport_introspection_c
[0.287s] [ 53%] Built target ece217_project2_tan__rosidl_typesupport_c
[0.313s] [ 60%] Built target ece217_project2_tan__rosidl_typesupport_introspection_cpp
[0.334s] [ 60%] Built target ece217_project2_tan
[0.710s] [ 60%] Built target ament_cmake_python_copy_ece217_project2_tan
[0.994s] running egg_info
[1.021s] writing ece217_project2_tan.egg-info/PKG-INFO
[1.021s] writing dependency_links to ece217_project2_tan.egg-info/dependency_links.txt
[1.022s] writing top-level names to ece217_project2_tan.egg-info/top_level.txt
[1.101s] reading manifest file 'ece217_project2_tan.egg-info/SOURCES.txt'
[1.102s] writing manifest file 'ece217_project2_tan.egg-info/SOURCES.txt'
[1.131s] [ 60%] Built target ament_cmake_python_build_ece217_project2_tan_egg
[1.154s] [ 63%] Built target ece217_project2_tan__py
[1.180s] [ 68%] Built target ece217_project2_tan__rosidl_generator_py
[1.205s] [ 73%] Built target ece217_project2_tan_s__rosidl_typesupport_fastrtps_c
[1.230s] [ 78%] Built target ece217_project2_tan_s__rosidl_typesupport_introspection_c
[1.255s] [ 82%] Built target ece217_project2_tan_s__rosidl_typesupport_c
[1.290s] [ 87%] Built target project2-client
[1.328s] [ 95%] Built target project2-server
[2.033s] [ 97%] [32mBuilding CXX object CMakeFiles/joint-state-publisher.dir/src/joint-state-publisher.cpp.o[0m
[4.709s] [01m[K/gpfs/fs1/home/wtan10/Desktop/ECE217/project2_ws/src/ece217_project2_tan/src/joint-state-publisher.cpp:[m[K In constructor '[01m[KRobotJointStatePublisher::[01;32m[KRobotJointStatePublisher[m[K()[m[K':
[4.709s] [01m[K/gpfs/fs1/home/wtan10/Desktop/ECE217/project2_ws/src/ece217_project2_tan/src/joint-state-publisher.cpp:27:7:[m[K [01;31m[Kerror: [m[K'[01m[Knew_joint_angles_subscriber[m[K' was not declared in this scope
[4.709s]    27 |       [01;31m[Knew_joint_angles_subscriber[m[K = this->create_subscription<sensor_msgs::msg::JointState>("new_joint_anlges",1,std::bind(&RobotJointStatePublisher::subscriber_callback, this, std::placeholdes::_1);
[4.709s]       |       [01;31m[K^~~~~~~~~~~~~~~~~~~~~~~~~~~[m[K
[4.709s] [01m[K/gpfs/fs1/home/wtan10/Desktop/ECE217/project2_ws/src/ece217_project2_tan/src/joint-state-publisher.cpp:27:183:[m[K [01;31m[Kerror: [m[K'[01m[Kstd::placeholdes[m[K' has not been declared
[4.709s]    27 | nlges",1,std::bind(&RobotJointStatePublisher::subscriber_callback, this, std::[01;31m[Kplaceholdes[m[K::_1);
[4.709s]       |                                                                               [01;31m[K^~~~~~~~~~~[m[K
[4.709s] 
[4.713s] [01m[K/gpfs/fs1/home/wtan10/Desktop/ECE217/project2_ws/src/ece217_project2_tan/src/joint-state-publisher.cpp:[m[K In member function '[01m[Kvoid RobotJointStatePublisher::[01;32m[Kpublish[m[K()[m[K':
[4.713s] [01m[K/gpfs/fs1/home/wtan10/Desktop/ECE217/project2_ws/src/ece217_project2_tan/src/joint-state-publisher.cpp:52:119:[m[K [01;31m[Kerror: [m[Kinvalid use of non-static member function '[01m[Kvoid RobotJointStatePublisher::[01;32m[Ksubscriber_callback[m[K(sensor_msgs::msg::JointState_<std::allocator<void> >::SharedPtr)[m[K'
[4.713s]    52 |  this->create_subscription<sensor_msgs::msg::JointState>("new_joint_anlges",1,[01;31m[Ksubscriber_callback[m[K);
[4.713s]       |                                                                               [01;31m[K^~~~~~~~~~~~~~~~~~~[m[K
[4.713s] 
[4.713s] [01m[K/gpfs/fs1/home/wtan10/Desktop/ECE217/project2_ws/src/ece217_project2_tan/src/joint-state-publisher.cpp:42:10:[m[K [01;36m[Knote: [m[Kdeclared here
[4.713s]    42 |     void [01;36m[Ksubscriber_callback[m[K(const sensor_msgs::msg::JointState::SharedPtr msg){
[4.713s]       |          [01;36m[K^~~~~~~~~~~~~~~~~~~[m[K
[5.848s] gmake[2]: *** [CMakeFiles/joint-state-publisher.dir/build.make:79: CMakeFiles/joint-state-publisher.dir/src/joint-state-publisher.cpp.o] Error 1
[5.848s] gmake[1]: *** [CMakeFiles/Makefile2:842: CMakeFiles/joint-state-publisher.dir/all] Error 2
[5.848s] gmake: *** [Makefile:146: all] Error 2
[5.848s] Invoked command in '/gpfs/fs1/home/wtan10/Desktop/ECE217/project2_ws/build/ece217_project2_tan' returned '2': CONDA_PROMPT_MODIFIER=(ros2_env) _=/usr/bin/env /gpfs/fs1/sfw3/rhel9-x86_64/miniforge3/25.11.0-1/envs/ros2_env/bin/cmake --build /gpfs/fs1/home/wtan10/Desktop/ECE217/project2_ws/build/ece217_project2_tan -- -j1 -l1
