[5.209s] [34mcolcon[0m [1;30mDEBUG[0m [32mCommand line arguments: ['/gpfs/fs1/sfw3/rhel9-x86_64/miniforge3/25.11.0-1/envs/ros2_env/bin/colcon', 'build'][0m
[5.209s] [34mcolcon[0m [1;30mDEBUG[0m [32mParsed command line arguments: Namespace(log_base=None, log_level=None, verb_name='build', build_base='build', install_base='install', merge_install=False, symlink_install=False, test_result_base=None, continue_on_error=False, executor='parallel', parallel_workers=2, event_handlers=None, ignore_user_meta=False, metas=['./colcon.meta'], base_paths=['.'], packages_ignore=None, packages_ignore_regex=None, paths=None, packages_up_to=None, packages_up_to_regex=None, packages_above=None, packages_above_and_dependencies=None, packages_above_depth=None, packages_select_by_dep=None, packages_skip_by_dep=None, packages_skip_up_to=None, packages_select_build_failed=False, packages_skip_build_finished=False, packages_select_test_failures=False, packages_skip_test_passed=False, packages_select=None, packages_skip=None, packages_select_regex=None, packages_skip_regex=None, packages_start=None, packages_end=None, cmake_args=None, cmake_target=None, cmake_target_skip_unavailable=False, cmake_clean_cache=False, cmake_clean_first=False, cmake_force_configure=False, ament_cmake_args=None, catkin_cmake_args=None, catkin_skip_building_tests=False, mixin_files=None, mixin=None, verb_parser=<colcon_mixin.mixin.mixin_argument.MixinArgumentDecorator object at 0x14b55f0db050>, verb_extension=<colcon_core.verb.build.BuildVerb object at 0x14b55f078e30>, main=<bound method BuildVerb.main of <colcon_core.verb.build.BuildVerb object at 0x14b55f078e30>>, mixin_verb=('build',))[0m
[7.120s] [34mcolcon.colcon_core.package_discovery[0m [1;30mLevel 1[0m discover_packages(colcon_meta) check parameters
[7.120s] [34mcolcon.colcon_core.package_discovery[0m [1;30mLevel 1[0m discover_packages(recursive) check parameters
[7.120s] [34mcolcon.colcon_core.package_discovery[0m [1;30mLevel 1[0m discover_packages(ignore) check parameters
[7.120s] [34mcolcon.colcon_core.package_discovery[0m [1;30mLevel 1[0m discover_packages(path) check parameters
[7.120s] [34mcolcon.colcon_core.package_discovery[0m [1;30mLevel 1[0m discover_packages(colcon_meta) discover
[7.120s] [34mcolcon.colcon_core.package_discovery[0m [1;30mLevel 1[0m discover_packages(recursive) discover
[7.120s] [34mcolcon.colcon_core.package_discovery[0m [1;30mINFO[0m Crawling recursively for packages in '/gpfs/fs1/home/wtan10/Desktop/ECE217/project2_ws'
[7.120s] [34mcolcon.colcon_core.package_identification[0m [1;30mLevel 1[0m _identify(.) by extensions ['ignore', 'ignore_ament_install']
[7.121s] [34mcolcon.colcon_core.package_identification[0m [1;30mLevel 1[0m _identify(.) by extension 'ignore'
[7.121s] [34mcolcon.colcon_core.package_identification[0m [1;30mLevel 1[0m _identify(.) by extension 'ignore_ament_install'
[7.121s] [34mcolcon.colcon_core.package_identification[0m [1;30mLevel 1[0m _identify(.) by extensions ['colcon_pkg']
[7.121s] [34mcolcon.colcon_core.package_identification[0m [1;30mLevel 1[0m _identify(.) by extension 'colcon_pkg'
[7.121s] [34mcolcon.colcon_core.package_identification[0m [1;30mLevel 1[0m _identify(.) by extensions ['colcon_meta']
[7.121s] [34mcolcon.colcon_core.package_identification[0m [1;30mLevel 1[0m _identify(.) by extension 'colcon_meta'
[7.121s] [34mcolcon.colcon_core.package_identification[0m [1;30mLevel 1[0m _identify(.) by extensions ['ros']
[7.121s] [34mcolcon.colcon_core.package_identification[0m [1;30mLevel 1[0m _identify(.) by extension 'ros'
[7.862s] [34mcolcon.colcon_core.package_identification[0m [1;30mLevel 1[0m _identify(.) by extensions ['cmake', 'python']
[7.862s] [34mcolcon.colcon_core.package_identification[0m [1;30mLevel 1[0m _identify(.) by extension 'cmake'
[7.862s] [34mcolcon.colcon_core.package_identification[0m [1;30mLevel 1[0m _identify(.) by extension 'python'
[7.863s] [34mcolcon.colcon_core.package_identification[0m [1;30mLevel 1[0m _identify(.) by extensions ['python_setup_py']
[7.863s] [34mcolcon.colcon_core.package_identification[0m [1;30mLevel 1[0m _identify(.) by extension 'python_setup_py'
[7.863s] [34mcolcon.colcon_core.package_identification[0m [1;30mLevel 1[0m _identify(build) by extensions ['ignore', 'ignore_ament_install']
[7.863s] [34mcolcon.colcon_core.package_identification[0m [1;30mLevel 1[0m _identify(build) by extension 'ignore'
[7.864s] [34mcolcon.colcon_core.package_identification[0m [1;30mLevel 1[0m _identify(build) ignored
[7.864s] [34mcolcon.colcon_core.package_identification[0m [1;30mLevel 1[0m _identify(install) by extensions ['ignore', 'ignore_ament_install']
[7.864s] [34mcolcon.colcon_core.package_identification[0m [1;30mLevel 1[0m _identify(install) by extension 'ignore'
[7.864s] [34mcolcon.colcon_core.package_identification[0m [1;30mLevel 1[0m _identify(install) ignored
[7.864s] [34mcolcon.colcon_core.package_identification[0m [1;30mLevel 1[0m _identify(log) by extensions ['ignore', 'ignore_ament_install']
[7.864s] [34mcolcon.colcon_core.package_identification[0m [1;30mLevel 1[0m _identify(log) by extension 'ignore'
[7.864s] [34mcolcon.colcon_core.package_identification[0m [1;30mLevel 1[0m _identify(log) ignored
[7.864s] [34mcolcon.colcon_core.package_identification[0m [1;30mLevel 1[0m _identify(src) by extensions ['ignore', 'ignore_ament_install']
[7.864s] [34mcolcon.colcon_core.package_identification[0m [1;30mLevel 1[0m _identify(src) by extension 'ignore'
[7.864s] [34mcolcon.colcon_core.package_identification[0m [1;30mLevel 1[0m _identify(src) by extension 'ignore_ament_install'
[7.864s] [34mcolcon.colcon_core.package_identification[0m [1;30mLevel 1[0m _identify(src) by extensions ['colcon_pkg']
[7.864s] [34mcolcon.colcon_core.package_identification[0m [1;30mLevel 1[0m _identify(src) by extension 'colcon_pkg'
[7.865s] [34mcolcon.colcon_core.package_identification[0m [1;30mLevel 1[0m _identify(src) by extensions ['colcon_meta']
[7.865s] [34mcolcon.colcon_core.package_identification[0m [1;30mLevel 1[0m _identify(src) by extension 'colcon_meta'
[7.865s] [34mcolcon.colcon_core.package_identification[0m [1;30mLevel 1[0m _identify(src) by extensions ['ros']
[7.865s] [34mcolcon.colcon_core.package_identification[0m [1;30mLevel 1[0m _identify(src) by extension 'ros'
[7.865s] [34mcolcon.colcon_core.package_identification[0m [1;30mLevel 1[0m _identify(src) by extensions ['cmake', 'python']
[7.865s] [34mcolcon.colcon_core.package_identification[0m [1;30mLevel 1[0m _identify(src) by extension 'cmake'
[7.865s] [34mcolcon.colcon_core.package_identification[0m [1;30mLevel 1[0m _identify(src) by extension 'python'
[7.865s] [34mcolcon.colcon_core.package_identification[0m [1;30mLevel 1[0m _identify(src) by extensions ['python_setup_py']
[7.865s] [34mcolcon.colcon_core.package_identification[0m [1;30mLevel 1[0m _identify(src) by extension 'python_setup_py'
[7.865s] [34mcolcon.colcon_core.package_identification[0m [1;30mLevel 1[0m _identify(src/ece217_project2_tan) by extensions ['ignore', 'ignore_ament_install']
[7.865s] [34mcolcon.colcon_core.package_identification[0m [1;30mLevel 1[0m _identify(src/ece217_project2_tan) by extension 'ignore'
[7.865s] [34mcolcon.colcon_core.package_identification[0m [1;30mLevel 1[0m _identify(src/ece217_project2_tan) by extension 'ignore_ament_install'
[7.866s] [34mcolcon.colcon_core.package_identification[0m [1;30mLevel 1[0m _identify(src/ece217_project2_tan) by extensions ['colcon_pkg']
[7.866s] [34mcolcon.colcon_core.package_identification[0m [1;30mLevel 1[0m _identify(src/ece217_project2_tan) by extension 'colcon_pkg'
[7.866s] [34mcolcon.colcon_core.package_identification[0m [1;30mLevel 1[0m _identify(src/ece217_project2_tan) by extensions ['colcon_meta']
[7.866s] [34mcolcon.colcon_core.package_identification[0m [1;30mLevel 1[0m _identify(src/ece217_project2_tan) by extension 'colcon_meta'
[7.866s] [34mcolcon.colcon_core.package_identification[0m [1;30mLevel 1[0m _identify(src/ece217_project2_tan) by extensions ['ros']
[7.866s] [34mcolcon.colcon_core.package_identification[0m [1;30mLevel 1[0m _identify(src/ece217_project2_tan) by extension 'ros'
[7.945s] [34mcolcon.colcon_core.package_identification[0m [1;30mDEBUG[0m [32mPackage 'src/ece217_project2_tan' with type 'ros.ament_cmake' and name 'ece217_project2_tan'[0m
[7.945s] [34mcolcon.colcon_core.package_discovery[0m [1;30mLevel 1[0m discover_packages(recursive) using defaults
[7.945s] [34mcolcon.colcon_core.package_discovery[0m [1;30mLevel 1[0m discover_packages(ignore) discover
[7.945s] [34mcolcon.colcon_core.package_discovery[0m [1;30mLevel 1[0m discover_packages(ignore) using defaults
[7.945s] [34mcolcon.colcon_core.package_discovery[0m [1;30mLevel 1[0m discover_packages(path) discover
[7.945s] [34mcolcon.colcon_core.package_discovery[0m [1;30mLevel 1[0m discover_packages(path) using defaults
[8.229s] [34mcolcon.colcon_core.verb[0m [1;30mLevel 5[0m set package 'ece217_project2_tan' build argument 'cmake_args' from command line to 'None'
[8.229s] [34mcolcon.colcon_core.verb[0m [1;30mLevel 5[0m set package 'ece217_project2_tan' build argument 'cmake_target' from command line to 'None'
[8.229s] [34mcolcon.colcon_core.verb[0m [1;30mLevel 5[0m set package 'ece217_project2_tan' build argument 'cmake_target_skip_unavailable' from command line to 'False'
[8.229s] [34mcolcon.colcon_core.verb[0m [1;30mLevel 5[0m set package 'ece217_project2_tan' build argument 'cmake_clean_cache' from command line to 'False'
[8.229s] [34mcolcon.colcon_core.verb[0m [1;30mLevel 5[0m set package 'ece217_project2_tan' build argument 'cmake_clean_first' from command line to 'False'
[8.229s] [34mcolcon.colcon_core.verb[0m [1;30mLevel 5[0m set package 'ece217_project2_tan' build argument 'cmake_force_configure' from command line to 'False'
[8.229s] [34mcolcon.colcon_core.verb[0m [1;30mLevel 5[0m set package 'ece217_project2_tan' build argument 'ament_cmake_args' from command line to 'None'
[8.229s] [34mcolcon.colcon_core.verb[0m [1;30mLevel 5[0m set package 'ece217_project2_tan' build argument 'catkin_cmake_args' from command line to 'None'
[8.229s] [34mcolcon.colcon_core.verb[0m [1;30mLevel 5[0m set package 'ece217_project2_tan' build argument 'catkin_skip_building_tests' from command line to 'False'
[8.229s] [34mcolcon.colcon_core.verb[0m [1;30mDEBUG[0m [32mBuilding package 'ece217_project2_tan' with the following arguments: {'ament_cmake_args': None, 'build_base': '/gpfs/fs1/home/wtan10/Desktop/ECE217/project2_ws/build/ece217_project2_tan', 'catkin_cmake_args': None, 'catkin_skip_building_tests': False, 'cmake_args': None, 'cmake_clean_cache': False, 'cmake_clean_first': False, 'cmake_force_configure': False, 'cmake_target': None, 'cmake_target_skip_unavailable': False, 'install_base': '/gpfs/fs1/home/wtan10/Desktop/ECE217/project2_ws/install/ece217_project2_tan', 'merge_install': False, 'path': '/gpfs/fs1/home/wtan10/Desktop/ECE217/project2_ws/src/ece217_project2_tan', 'symlink_install': False, 'test_result_base': None}[0m
[8.229s] [34mcolcon.colcon_core.executor[0m [1;30mINFO[0m Executing jobs using 'parallel' executor
[8.230s] [34mcolcon.colcon_parallel_executor.executor.parallel[0m [1;30mDEBUG[0m [32mrun_until_complete[0m
[8.230s] [34mcolcon.colcon_ros.task.ament_cmake.build[0m [1;30mINFO[0m Building ROS package in '/gpfs/fs1/home/wtan10/Desktop/ECE217/project2_ws/src/ece217_project2_tan' with build type 'ament_cmake'
[8.230s] [34mcolcon.colcon_cmake.task.cmake.build[0m [1;30mINFO[0m Building CMake package in '/gpfs/fs1/home/wtan10/Desktop/ECE217/project2_ws/src/ece217_project2_tan'
[8.288s] [34mcolcon.colcon_core.plugin_system[0m [1;30mINFO[0m Skipping extension 'colcon_core.shell.bat': Not used on non-Windows systems
[8.288s] [34mcolcon.colcon_core.shell[0m [1;30mINFO[0m Skip shell extension 'powershell' for command environment: Not usable outside of PowerShell
[8.288s] [34mcolcon.colcon_core.shell[0m [1;30mDEBUG[0m [32mSkip shell extension 'dsv' for command environment[0m
[8.735s] [34mcolcon.colcon_core.event_handler.log_command[0m [1;30mDEBUG[0m [32mInvoking command in '/gpfs/fs1/home/wtan10/Desktop/ECE217/project2_ws/build/ece217_project2_tan': CONDA_PROMPT_MODIFIER=(ros2_env) _=/usr/bin/env /gpfs/fs1/sfw3/rhel9-x86_64/miniforge3/25.11.0-1/envs/ros2_env/bin/cmake --build /gpfs/fs1/home/wtan10/Desktop/ECE217/project2_ws/build/ece217_project2_tan -- -j2 -l2[0m
[26.813s] [34mcolcon.colcon_core.event_handler.log_command[0m [1;30mDEBUG[0m [32mInvoked command in '/gpfs/fs1/home/wtan10/Desktop/ECE217/project2_ws/build/ece217_project2_tan' returned '2': CONDA_PROMPT_MODIFIER=(ros2_env) _=/usr/bin/env /gpfs/fs1/sfw3/rhel9-x86_64/miniforge3/25.11.0-1/envs/ros2_env/bin/cmake --build /gpfs/fs1/home/wtan10/Desktop/ECE217/project2_ws/build/ece217_project2_tan -- -j2 -l2[0m
[26.877s] [34mcolcon.colcon_core.environment[0m [1;30mLevel 1[0m create_environment_scripts_only(ece217_project2_tan)
[26.961s] [34mcolcon.colcon_core.environment[0m [1;30mLevel 1[0m checking '/gpfs/fs1/home/wtan10/Desktop/ECE217/project2_ws/install/ece217_project2_tan' for CMake module files
[27.145s] [34mcolcon.colcon_core.environment[0m [1;30mLevel 1[0m checking '/gpfs/fs1/home/wtan10/Desktop/ECE217/project2_ws/install/ece217_project2_tan' for CMake config files
[27.202s] [34mcolcon.colcon_core.shell[0m [1;30mLevel 1[0m create_environment_hook('ece217_project2_tan', 'cmake_prefix_path')
[27.202s] [34mcolcon.colcon_core.shell[0m [1;30mINFO[0m Creating environment hook '/gpfs/fs1/home/wtan10/Desktop/ECE217/project2_ws/install/ece217_project2_tan/share/ece217_project2_tan/hook/cmake_prefix_path.ps1'
[27.207s] [34mcolcon.colcon_core.shell[0m [1;30mINFO[0m Creating environment descriptor '/gpfs/fs1/home/wtan10/Desktop/ECE217/project2_ws/install/ece217_project2_tan/share/ece217_project2_tan/hook/cmake_prefix_path.dsv'
[27.208s] [34mcolcon.colcon_core.shell[0m [1;30mINFO[0m Creating environment hook '/gpfs/fs1/home/wtan10/Desktop/ECE217/project2_ws/install/ece217_project2_tan/share/ece217_project2_tan/hook/cmake_prefix_path.sh'
[27.210s] [34mcolcon.colcon_core.environment[0m [1;30mLevel 1[0m checking '/gpfs/fs1/home/wtan10/Desktop/ECE217/project2_ws/install/ece217_project2_tan/lib'
[27.210s] [34mcolcon.colcon_core.shell[0m [1;30mLevel 1[0m create_environment_hook('ece217_project2_tan', 'ld_library_path_lib')
[27.210s] [34mcolcon.colcon_core.shell[0m [1;30mINFO[0m Creating environment hook '/gpfs/fs1/home/wtan10/Desktop/ECE217/project2_ws/install/ece217_project2_tan/share/ece217_project2_tan/hook/ld_library_path_lib.ps1'
[27.225s] [34mcolcon.colcon_core.shell[0m [1;30mINFO[0m Creating environment descriptor '/gpfs/fs1/home/wtan10/Desktop/ECE217/project2_ws/install/ece217_project2_tan/share/ece217_project2_tan/hook/ld_library_path_lib.dsv'
[27.226s] [34mcolcon.colcon_core.shell[0m [1;30mINFO[0m Creating environment hook '/gpfs/fs1/home/wtan10/Desktop/ECE217/project2_ws/install/ece217_project2_tan/share/ece217_project2_tan/hook/ld_library_path_lib.sh'
[27.227s] [34mcolcon.colcon_core.environment[0m [1;30mLevel 1[0m checking '/gpfs/fs1/home/wtan10/Desktop/ECE217/project2_ws/install/ece217_project2_tan/bin'
[27.227s] [34mcolcon.colcon_core.environment[0m [1;30mLevel 1[0m checking '/gpfs/fs1/home/wtan10/Desktop/ECE217/project2_ws/install/ece217_project2_tan/lib/pkgconfig/ece217_project2_tan.pc'
[27.232s] [34mcolcon.colcon_core.environment[0m [1;30mLevel 1[0m checking '/gpfs/fs1/home/wtan10/Desktop/ECE217/project2_ws/install/ece217_project2_tan/lib/python3.12/site-packages'
[27.232s] [34mcolcon.colcon_core.shell[0m [1;30mLevel 1[0m create_environment_hook('ece217_project2_tan', 'pythonpath')
[27.232s] [34mcolcon.colcon_core.shell[0m [1;30mINFO[0m Creating environment hook '/gpfs/fs1/home/wtan10/Desktop/ECE217/project2_ws/install/ece217_project2_tan/share/ece217_project2_tan/hook/pythonpath.ps1'
[27.233s] [34mcolcon.colcon_core.shell[0m [1;30mINFO[0m Creating environment descriptor '/gpfs/fs1/home/wtan10/Desktop/ECE217/project2_ws/install/ece217_project2_tan/share/ece217_project2_tan/hook/pythonpath.dsv'
[27.242s] [34mcolcon.colcon_core.shell[0m [1;30mINFO[0m Creating environment hook '/gpfs/fs1/home/wtan10/Desktop/ECE217/project2_ws/install/ece217_project2_tan/share/ece217_project2_tan/hook/pythonpath.sh'
[27.243s] [34mcolcon.colcon_core.environment[0m [1;30mLevel 1[0m checking '/gpfs/fs1/home/wtan10/Desktop/ECE217/project2_ws/install/ece217_project2_tan/bin'
[27.243s] [34mcolcon.colcon_core.shell[0m [1;30mINFO[0m Creating package script '/gpfs/fs1/home/wtan10/Desktop/ECE217/project2_ws/install/ece217_project2_tan/share/ece217_project2_tan/package.ps1'
[27.245s] [34mcolcon.colcon_core.shell[0m [1;30mINFO[0m Creating package descriptor '/gpfs/fs1/home/wtan10/Desktop/ECE217/project2_ws/install/ece217_project2_tan/share/ece217_project2_tan/package.dsv'
[27.258s] [34mcolcon.colcon_core.shell[0m [1;30mINFO[0m Creating package script '/gpfs/fs1/home/wtan10/Desktop/ECE217/project2_ws/install/ece217_project2_tan/share/ece217_project2_tan/package.sh'
[27.266s] [34mcolcon.colcon_core.shell[0m [1;30mINFO[0m Creating package script '/gpfs/fs1/home/wtan10/Desktop/ECE217/project2_ws/install/ece217_project2_tan/share/ece217_project2_tan/package.bash'
[27.278s] [34mcolcon.colcon_core.shell[0m [1;30mINFO[0m Creating package script '/gpfs/fs1/home/wtan10/Desktop/ECE217/project2_ws/install/ece217_project2_tan/share/ece217_project2_tan/package.zsh'
[27.295s] [34mcolcon.colcon_core.environment[0m [1;30mLevel 1[0m create_file_with_runtime_dependencies(/gpfs/fs1/home/wtan10/Desktop/ECE217/project2_ws/install/ece217_project2_tan/share/colcon-core/packages/ece217_project2_tan)
[27.348s] [34mcolcon.colcon_parallel_executor.executor.parallel[0m [1;30mDEBUG[0m [32mclosing loop[0m
[27.348s] [34mcolcon.colcon_parallel_executor.executor.parallel[0m [1;30mDEBUG[0m [32mloop closed[0m
[27.348s] [34mcolcon.colcon_parallel_executor.executor.parallel[0m [1;30mDEBUG[0m [32mrun_until_complete finished with '2'[0m
[27.348s] [34mcolcon.colcon_core.event_reactor[0m [1;30mDEBUG[0m [32mjoining thread[0m
[27.409s] [34mcolcon.colcon_core.event_reactor[0m [1;30mDEBUG[0m [32mjoined thread[0m
[27.409s] [34mcolcon.colcon_core.shell[0m [1;30mINFO[0m Creating prefix script '/gpfs/fs1/home/wtan10/Desktop/ECE217/project2_ws/install/local_setup.ps1'
[27.560s] [34mcolcon.colcon_core.shell[0m [1;30mINFO[0m Creating prefix util module '/gpfs/fs1/home/wtan10/Desktop/ECE217/project2_ws/install/_local_setup_util_ps1.py'
[27.576s] [34mcolcon.colcon_core.shell[0m [1;30mINFO[0m Creating prefix chain script '/gpfs/fs1/home/wtan10/Desktop/ECE217/project2_ws/install/setup.ps1'
[27.616s] [34mcolcon.colcon_core.shell[0m [1;30mINFO[0m Creating prefix script '/gpfs/fs1/home/wtan10/Desktop/ECE217/project2_ws/install/local_setup.sh'
[27.634s] [34mcolcon.colcon_core.shell[0m [1;30mINFO[0m Creating prefix util module '/gpfs/fs1/home/wtan10/Desktop/ECE217/project2_ws/install/_local_setup_util_sh.py'
[27.676s] [34mcolcon.colcon_core.shell[0m [1;30mINFO[0m Creating prefix chain script '/gpfs/fs1/home/wtan10/Desktop/ECE217/project2_ws/install/setup.sh'
[27.721s] [34mcolcon.colcon_core.shell[0m [1;30mINFO[0m Creating prefix script '/gpfs/fs1/home/wtan10/Desktop/ECE217/project2_ws/install/local_setup.bash'
[27.897s] [34mcolcon.colcon_core.shell[0m [1;30mINFO[0m Creating prefix chain script '/gpfs/fs1/home/wtan10/Desktop/ECE217/project2_ws/install/setup.bash'
[27.927s] [34mcolcon.colcon_core.shell[0m [1;30mINFO[0m Creating prefix script '/gpfs/fs1/home/wtan10/Desktop/ECE217/project2_ws/install/local_setup.zsh'
[27.956s] [34mcolcon.colcon_core.shell[0m [1;30mINFO[0m Creating prefix chain script '/gpfs/fs1/home/wtan10/Desktop/ECE217/project2_ws/install/setup.zsh'
