[  2%] Built target ece217_project2_tan__rosidl_generator_type_description
[  2%] Built target ament_cmake_python_copy_ece217_project2_tan
[  5%] Built target ece217_project2_tan__cpp
[ 18%] Built target ece217_project2_tan__rosidl_generator_c
[ 26%] Built target ece217_project2_tan__rosidl_typesupport_cpp
[ 34%] Built target ece217_project2_tan__rosidl_typesupport_fastrtps_c
[ 42%] Built target ece217_project2_tan__rosidl_typesupport_fastrtps_cpp
[ 50%] Built target ece217_project2_tan__rosidl_typesupport_introspection_c
[ 57%] Built target ece217_project2_tan__rosidl_typesupport_c
[ 65%] Built target ece217_project2_tan__rosidl_typesupport_introspection_cpp
[ 68%] [32mBuilding CXX object CMakeFiles/project2-client.dir/src/project2-client.cpp.o[0m
running egg_info
writing ece217_project2_tan.egg-info/PKG-INFO
writing dependency_links to ece217_project2_tan.egg-info/dependency_links.txt
writing top-level names to ece217_project2_tan.egg-info/top_level.txt
reading manifest file 'ece217_project2_tan.egg-info/SOURCES.txt'
writing manifest file 'ece217_project2_tan.egg-info/SOURCES.txt'
[ 68%] Built target ament_cmake_python_build_ece217_project2_tan_egg
[ 73%] Built target project2-server
[ 73%] Built target ece217_project2_tan
[ 76%] Built target ece217_project2_tan__py
[ 81%] Built target ece217_project2_tan__rosidl_generator_py
[ 86%] Built target ece217_project2_tan_s__rosidl_typesupport_fastrtps_c
[ 92%] Built target ece217_project2_tan_s__rosidl_typesupport_introspection_c
[ 97%] Built target ece217_project2_tan_s__rosidl_typesupport_c
[01m[K/gpfs/fs1/home/wtan10/Desktop/ECE217/project2_ws/src/ece217_project2_tan/src/project2-client.cpp:[m[K In function '[01m[Kint[01;32m[K main[m[K(int, char**)[m[K':
[01m[K/gpfs/fs1/home/wtan10/Desktop/ECE217/project2_ws/src/ece217_project2_tan/src/project2-client.cpp:52:145:[m[K [01;31m[Kerror: [m[Kconversion from '[01m[Kshared_ptr<[01;32m[Kece217_project2_tan::srv::ManipulationQuery_Request_<std::allocator<void> >[m[K>[m[K' to non-scalar type '[01m[Kshared_ptr<[01;32m[Kece217_project2_tan::srv::ManipulationQuery[m[K>[m[K' requested
   52 |   std::shared_ptr<ece217_project2_tan::srv::ManipulationQuery> request = [01;31m[Kstd::make_shared<ece217_project2_tan::srv::ManipulationQuery::Request >()[m[K;
      |                                                                          [01;31m[K~~~~~~~~~~~~~~~~~~~~~~~~~~~~~~~~~~~~~~~~~~~~~~~~~~~~~~~~~~~~~~~~~~~~~~~^~[m[K
[01m[K/gpfs/fs1/home/wtan10/Desktop/ECE217/project2_ws/src/ece217_project2_tan/src/project2-client.cpp:55:12:[m[K [01;31m[Kerror: [m[K'[01m[Kusing std::__shared_ptr_access<ece217_project2_tan::srv::ManipulationQuery, __gnu_cxx::_S_atomic, false, false>::element_type = struct ece217_project2_tan::srv::ManipulationQuery[m[K' {aka '[01m[Kstruct ece217_project2_tan::srv::ManipulationQuery[m[K'} has no member named '[01m[Kjoint_angles[m[K'
   55 |   request->[01;31m[Kjoint_angles[m[K[0] = vm["joint1theta"].as<double>();
      |            [01;31m[K^~~~~~~~~~~~[m[K
[01m[K/gpfs/fs1/home/wtan10/Desktop/ECE217/project2_ws/src/ece217_project2_tan/src/project2-client.cpp:56:12:[m[K [01;31m[Kerror: [m[K'[01m[Kusing std::__shared_ptr_access<ece217_project2_tan::srv::ManipulationQuery, __gnu_cxx::_S_atomic, false, false>::element_type = struct ece217_project2_tan::srv::ManipulationQuery[m[K' {aka '[01m[Kstruct ece217_project2_tan::srv::ManipulationQuery[m[K'} has no member named '[01m[Kjoint_angles[m[K'
   56 |   request->[01;31m[Kjoint_angles[m[K[1] = vm["joint2theta"].as<double>();
      |            [01;31m[K^~~~~~~~~~~~[m[K
[01m[K/gpfs/fs1/home/wtan10/Desktop/ECE217/project2_ws/src/ece217_project2_tan/src/project2-client.cpp:57:12:[m[K [01;31m[Kerror: [m[K'[01m[Kusing std::__shared_ptr_access<ece217_project2_tan::srv::ManipulationQuery, __gnu_cxx::_S_atomic, false, false>::element_type = struct ece217_project2_tan::srv::ManipulationQuery[m[K' {aka '[01m[Kstruct ece217_project2_tan::srv::ManipulationQuery[m[K'} has no member named '[01m[Kjoint_angles[m[K'
   57 |   request->[01;31m[Kjoint_angles[m[K[2] = vm["joint3theta"].as<double>();
      |            [01;31m[K^~~~~~~~~~~~[m[K
[01m[K/gpfs/fs1/home/wtan10/Desktop/ECE217/project2_ws/src/ece217_project2_tan/src/project2-client.cpp:58:12:[m[K [01;31m[Kerror: [m[K'[01m[Kusing std::__shared_ptr_access<ece217_project2_tan::srv::ManipulationQuery, __gnu_cxx::_S_atomic, false, false>::element_type = struct ece217_project2_tan::srv::ManipulationQuery[m[K' {aka '[01m[Kstruct ece217_project2_tan::srv::ManipulationQuery[m[K'} has no member named '[01m[Kjoint_angles[m[K'
   58 |   request->[01;31m[Kjoint_angles[m[K[3] = vm["joint4theta"].as<double>();
      |            [01;31m[K^~~~~~~~~~~~[m[K
[01m[K/gpfs/fs1/home/wtan10/Desktop/ECE217/project2_ws/src/ece217_project2_tan/src/project2-client.cpp:59:12:[m[K [01;31m[Kerror: [m[K'[01m[Kusing std::__shared_ptr_access<ece217_project2_tan::srv::ManipulationQuery, __gnu_cxx::_S_atomic, false, false>::element_type = struct ece217_project2_tan::srv::ManipulationQuery[m[K' {aka '[01m[Kstruct ece217_project2_tan::srv::ManipulationQuery[m[K'} has no member named '[01m[Kjoint_angles[m[K'
   59 |   request->[01;31m[Kjoint_angles[m[K[4] = vm["joint5theta"].as<double>();
      |            [01;31m[K^~~~~~~~~~~~[m[K
[01m[K/gpfs/fs1/home/wtan10/Desktop/ECE217/project2_ws/src/ece217_project2_tan/src/project2-client.cpp:60:12:[m[K [01;31m[Kerror: [m[K'[01m[Kusing std::__shared_ptr_access<ece217_project2_tan::srv::ManipulationQuery, __gnu_cxx::_S_atomic, false, false>::element_type = struct ece217_project2_tan::srv::ManipulationQuery[m[K' {aka '[01m[Kstruct ece217_project2_tan::srv::ManipulationQuery[m[K'} has no member named '[01m[Kjoint_angles[m[K'
   60 |   request->[01;31m[Kjoint_angles[m[K[5] = vm["joint6theta"].as<double>();
      |            [01;31m[K^~~~~~~~~~~~[m[K
[01m[K/gpfs/fs1/home/wtan10/Desktop/ECE217/project2_ws/src/ece217_project2_tan/src/project2-client.cpp:62:12:[m[K [01;31m[Kerror: [m[K'[01m[Kusing std::__shared_ptr_access<ece217_project2_tan::srv::ManipulationQuery, __gnu_cxx::_S_atomic, false, false>::element_type = struct ece217_project2_tan::srv::ManipulationQuery[m[K' {aka '[01m[Kstruct ece217_project2_tan::srv::ManipulationQuery[m[K'} has no member named '[01m[Kgoal[m[K'
   62 |   request->[01;31m[Kgoal[m[K.position.x = vm["goal-x"].as<double>();
      |            [01;31m[K^~~~[m[K
[01m[K/gpfs/fs1/home/wtan10/Desktop/ECE217/project2_ws/src/ece217_project2_tan/src/project2-client.cpp:63:12:[m[K [01;31m[Kerror: [m[K'[01m[Kusing std::__shared_ptr_access<ece217_project2_tan::srv::ManipulationQuery, __gnu_cxx::_S_atomic, false, false>::element_type = struct ece217_project2_tan::srv::ManipulationQuery[m[K' {aka '[01m[Kstruct ece217_project2_tan::srv::ManipulationQuery[m[K'} has no member named '[01m[Kgoal[m[K'
   63 |   request->[01;31m[Kgoal[m[K.position.y = vm["goal-y"].as<double>();
      |            [01;31m[K^~~~[m[K
[01m[K/gpfs/fs1/home/wtan10/Desktop/ECE217/project2_ws/src/ece217_project2_tan/src/project2-client.cpp:64:12:[m[K [01;31m[Kerror: [m[K'[01m[Kusing std::__shared_ptr_access<ece217_project2_tan::srv::ManipulationQuery, __gnu_cxx::_S_atomic, false, false>::element_type = struct ece217_project2_tan::srv::ManipulationQuery[m[K' {aka '[01m[Kstruct ece217_project2_tan::srv::ManipulationQuery[m[K'} has no member named '[01m[Kgoal[m[K'
   64 |   request->[01;31m[Kgoal[m[K.position.z = vm["goal-z"].as<double>();
      |            [01;31m[K^~~~[m[K
[01m[K/gpfs/fs1/home/wtan10/Desktop/ECE217/project2_ws/src/ece217_project2_tan/src/project2-client.cpp:66:12:[m[K [01;31m[Kerror: [m[K'[01m[Kusing std::__shared_ptr_access<ece217_project2_tan::srv::ManipulationQuery, __gnu_cxx::_S_atomic, false, false>::element_type = struct ece217_project2_tan::srv::ManipulationQuery[m[K' {aka '[01m[Kstruct ece217_project2_tan::srv::ManipulationQuery[m[K'} has no member named '[01m[Kgoal[m[K'
   66 |   request->[01;31m[Kgoal[m[K.orientation.x = vm["quaternion-x"].as<double>();
      |            [01;31m[K^~~~[m[K
[01m[K/gpfs/fs1/home/wtan10/Desktop/ECE217/project2_ws/src/ece217_project2_tan/src/project2-client.cpp:67:12:[m[K [01;31m[Kerror: [m[K'[01m[Kusing std::__shared_ptr_access<ece217_project2_tan::srv::ManipulationQuery, __gnu_cxx::_S_atomic, false, false>::element_type = struct ece217_project2_tan::srv::ManipulationQuery[m[K' {aka '[01m[Kstruct ece217_project2_tan::srv::ManipulationQuery[m[K'} has no member named '[01m[Kgoal[m[K'
   67 |   request->[01;31m[Kgoal[m[K.orientation.y = vm["quaternion-y"].as<double>();
      |            [01;31m[K^~~~[m[K
[01m[K/gpfs/fs1/home/wtan10/Desktop/ECE217/project2_ws/src/ece217_project2_tan/src/project2-client.cpp:68:12:[m[K [01;31m[Kerror: [m[K'[01m[Kusing std::__shared_ptr_access<ece217_project2_tan::srv::ManipulationQuery, __gnu_cxx::_S_atomic, false, false>::element_type = struct ece217_project2_tan::srv::ManipulationQuery[m[K' {aka '[01m[Kstruct ece217_project2_tan::srv::ManipulationQuery[m[K'} has no member named '[01m[Kgoal[m[K'
   68 |   request->[01;31m[Kgoal[m[K.orientation.z = vm["quaternion-z"].as<double>();
      |            [01;31m[K^~~~[m[K
[01m[K/gpfs/fs1/home/wtan10/Desktop/ECE217/project2_ws/src/ece217_project2_tan/src/project2-client.cpp:69:12:[m[K [01;31m[Kerror: [m[K'[01m[Kusing std::__shared_ptr_access<ece217_project2_tan::srv::ManipulationQuery, __gnu_cxx::_S_atomic, false, false>::element_type = struct ece217_project2_tan::srv::ManipulationQuery[m[K' {aka '[01m[Kstruct ece217_project2_tan::srv::ManipulationQuery[m[K'} has no member named '[01m[Kgoal[m[K'
   69 |   request->[01;31m[Kgoal[m[K.orientation.w = vm["quaternion-w"].as<double>();
      |            [01;31m[K^~~~[m[K
[01m[K/gpfs/fs1/home/wtan10/Desktop/ECE217/project2_ws/src/ece217_project2_tan/src/project2-client.cpp:73:19:[m[K [01;31m[Kerror: [m[K'[01m[Kusing std::__shared_ptr_access<rclcpp::Client<ece217_project2_tan::srv::ManipulationQuery>, __gnu_cxx::_S_atomic, false, false>::element_type = class rclcpp::Client<ece217_project2_tan::srv::ManipulationQuery>[m[K' {aka '[01m[Kclass rclcpp::Client<ece217_project2_tan::srv::ManipulationQuery>[m[K'} has no member named '[01m[Kwait_for_servie[m[K'; did you mean '[01m[Kwait_for_service[m[K'?
   73 |   while( !client->[01;31m[Kwait_for_servie[m[K(std::chrono_literals::operator""s(1) ){
      |                   [01;31m[K^~~~~~~~~~~~~~~[m[K
      |                   [32m[Kwait_for_service[m[K
[01m[K/gpfs/fs1/home/wtan10/Desktop/ECE217/project2_ws/src/ece217_project2_tan/src/project2-client.cpp:73:73:[m[K [01;31m[Kerror: [m[Kexpected '[01m[K)[m[K' before '[01m[K{[m[K' token
   73 |   while[34m[K([m[K !client->wait_for_servie(std::chrono_literals::operator""s(1) )[01;31m[K{[m[K
      |        [34m[K~[m[K                                                                [01;31m[K^[m[K
      |                                                                         [32m[K)[m[K
[01m[K/gpfs/fs1/home/wtan10/Desktop/ECE217/project2_ws/src/ece217_project2_tan/src/project2-client.cpp:75:7:[m[K [01;31m[Kerror: [m[K'[01m[KRCLCPPERROR[m[K' was not declared in this scope; did you mean '[01m[KRCLCPP_ERROR[m[K'?
   75 |       [01;31m[KRCLCPPERROR[m[K( rclcpp::get_logger("rclcpp"), "Interrupted while waiting for server, exiting");
      |       [01;31m[K^~~~~~~~~~~[m[K
      |       [32m[KRCLCPP_ERROR[m[K
[01m[K/gpfs/fs1/home/wtan10/Desktop/ECE217/project2_ws/src/ece217_project2_tan/src/project2-client.cpp:81:63:[m[K [01;31m[Kerror: [m[K'[01m[Krequest[m[K' is not a member of '[01m[Kece217_project2_tan::srv::ManipulationQuery[m[K'
   81 |   rclcpp::Client<ece217_project2_tan::srv::ManipulationQuery::[01;31m[Krequest[m[K>::FutureAndRequestId result = client->async_send_request( request );
      |                                                               [01;31m[K^~~~~~~[m[K
[01m[K/gpfs/fs1/home/wtan10/Desktop/ECE217/project2_ws/src/ece217_project2_tan/src/project2-client.cpp:81:70:[m[K [01;31m[Kerror: [m[Ktemplate argument 1 is invalid
   81 |   rclcpp::Client<ece217_project2_tan::srv::ManipulationQuery::request[01;31m[K>[m[K::FutureAndRequestId result = client->async_send_request( request );
      |                                                                      [01;31m[K^[m[K
[01m[K/gpfs/fs1/home/wtan10/Desktop/ECE217/project2_ws/src/ece217_project2_tan/src/project2-client.cpp:81:92:[m[K [01;31m[Kerror: [m[Kexpected initializer before '[01m[Kresult[m[K'
   81 |   rclcpp::Client<ece217_project2_tan::srv::ManipulationQuery::request>::FutureAndRequestId [01;31m[Kresult[m[K = client->async_send_request( request );
      |                                                                                            [01;31m[K^~~~~~[m[K
[01m[K/gpfs/fs1/home/wtan10/Desktop/ECE217/project2_ws/src/ece217_project2_tan/src/project2-client.cpp:82:48:[m[K [01;31m[Kerror: [m[K'[01m[Kresult[m[K' was not declared in this scope
   82 |   if(rclcpp::spin_until_future_complete( node, [01;31m[Kresult[m[K) == rclcpp:FutureReturnCode::SUCCESS ){
      |                                                [01;31m[K^~~~~~[m[K
[01m[K/gpfs/fs1/home/wtan10/Desktop/ECE217/project2_ws/src/ece217_project2_tan/src/project2-client.cpp:82:65:[m[K [01;31m[Kerror: [m[Kfound '[01m[K:[m[K' in nested-name-specifier, expected '[01m[K::[m[K'
   82 |   if(rclcpp::spin_until_future_complete( node, result) == rclcpp[01;31m[K:[m[KFutureReturnCode::SUCCESS ){
      |                                                                 [01;31m[K^[m[K
      |                                                                 [32m[K::[m[K
gmake[2]: *** [CMakeFiles/project2-client.dir/build.make:79: CMakeFiles/project2-client.dir/src/project2-client.cpp.o] Error 1
gmake[1]: *** [CMakeFiles/Makefile2:771: CMakeFiles/project2-client.dir/all] Error 2
gmake: *** [Makefile:146: all] Error 2
