[1.263s] [34mcolcon[0m [1;30mDEBUG[0m [32mCommand line arguments: ['/gpfs/fs1/sfw3/rhel9-x86_64/miniforge3/25.11.0-1/envs/ros2_env/bin/colcon', 'build'][0m
[1.263s] [34mcolcon[0m [1;30mDEBUG[0m [32mParsed command line arguments: Namespace(log_base=None, log_level=None, verb_name='build', build_base='build', install_base='install', merge_install=False, symlink_install=False, test_result_base=None, continue_on_error=False, executor='parallel', parallel_workers=2, event_handlers=None, ignore_user_meta=False, metas=['./colcon.meta'], base_paths=['.'], packages_ignore=None, packages_ignore_regex=None, paths=None, packages_up_to=None, packages_up_to_regex=None, packages_above=None, packages_above_and_dependencies=None, packages_above_depth=None, packages_select_by_dep=None, packages_skip_by_dep=None, packages_skip_up_to=None, packages_select_build_failed=False, packages_skip_build_finished=False, packages_select_test_failures=False, packages_skip_test_passed=False, packages_select=None, packages_skip=None, packages_select_regex=None, packages_skip_regex=None, packages_start=None, packages_end=None, cmake_args=None, cmake_target=None, cmake_target_skip_unavailable=False, cmake_clean_cache=False, cmake_clean_first=False, cmake_force_configure=False, ament_cmake_args=None, catkin_cmake_args=None, catkin_skip_building_tests=False, mixin_files=None, mixin=None, verb_parser=<colcon_mixin.mixin.mixin_argument.MixinArgumentDecorator object at 0x146e9ed66cf0>, verb_extension=<colcon_core.verb.build.BuildVerb object at 0x146e9ed04b90>, main=<bound method BuildVerb.main of <colcon_core.verb.build.BuildVerb object at 0x146e9ed04b90>>, mixin_verb=('build',))[0m
[1.680s] [34mcolcon.colcon_core.package_discovery[0m [1;30mLevel 1[0m discover_packages(colcon_meta) check parameters
[1.680s] [34mcolcon.colcon_core.package_discovery[0m [1;30mLevel 1[0m discover_packages(recursive) check parameters
[1.680s] [34mcolcon.colcon_core.package_discovery[0m [1;30mLevel 1[0m discover_packages(ignore) check parameters
[1.680s] [34mcolcon.colcon_core.package_discovery[0m [1;30mLevel 1[0m discover_packages(path) check parameters
[1.680s] [34mcolcon.colcon_core.package_discovery[0m [1;30mLevel 1[0m discover_packages(colcon_meta) discover
[1.680s] [34mcolcon.colcon_core.package_discovery[0m [1;30mLevel 1[0m discover_packages(recursive) discover
[1.680s] [34mcolcon.colcon_core.package_discovery[0m [1;30mINFO[0m Crawling recursively for packages in '/gpfs/fs1/home/wtan10/Desktop/ECE217/project2_ws'
[1.680s] [34mcolcon.colcon_core.package_identification[0m [1;30mLevel 1[0m _identify(.) by extensions ['ignore', 'ignore_ament_install']
[1.681s] [34mcolcon.colcon_core.package_identification[0m [1;30mLevel 1[0m _identify(.) by extension 'ignore'
[1.681s] [34mcolcon.colcon_core.package_identification[0m [1;30mLevel 1[0m _identify(.) by extension 'ignore_ament_install'
[1.681s] [34mcolcon.colcon_core.package_identification[0m [1;30mLevel 1[0m _identify(.) by extensions ['colcon_pkg']
[1.681s] [34mcolcon.colcon_core.package_identification[0m [1;30mLevel 1[0m _identify(.) by extension 'colcon_pkg'
[1.681s] [34mcolcon.colcon_core.package_identification[0m [1;30mLevel 1[0m _identify(.) by extensions ['colcon_meta']
[1.681s] [34mcolcon.colcon_core.package_identification[0m [1;30mLevel 1[0m _identify(.) by extension 'colcon_meta'
[1.681s] [34mcolcon.colcon_core.package_identification[0m [1;30mLevel 1[0m _identify(.) by extensions ['ros']
[1.681s] [34mcolcon.colcon_core.package_identification[0m [1;30mLevel 1[0m _identify(.) by extension 'ros'
[1.765s] [34mcolcon.colcon_core.package_identification[0m [1;30mLevel 1[0m _identify(.) by extensions ['cmake', 'python']
[1.765s] [34mcolcon.colcon_core.package_identification[0m [1;30mLevel 1[0m _identify(.) by extension 'cmake'
[1.765s] [34mcolcon.colcon_core.package_identification[0m [1;30mLevel 1[0m _identify(.) by extension 'python'
[1.766s] [34mcolcon.colcon_core.package_identification[0m [1;30mLevel 1[0m _identify(.) by extensions ['python_setup_py']
[1.766s] [34mcolcon.colcon_core.package_identification[0m [1;30mLevel 1[0m _identify(.) by extension 'python_setup_py'
[1.766s] [34mcolcon.colcon_core.package_identification[0m [1;30mLevel 1[0m _identify(build) by extensions ['ignore', 'ignore_ament_install']
[1.766s] [34mcolcon.colcon_core.package_identification[0m [1;30mLevel 1[0m _identify(build) by extension 'ignore'
[1.766s] [34mcolcon.colcon_core.package_identification[0m [1;30mLevel 1[0m _identify(build) ignored
[1.766s] [34mcolcon.colcon_core.package_identification[0m [1;30mLevel 1[0m _identify(install) by extensions ['ignore', 'ignore_ament_install']
[1.766s] [34mcolcon.colcon_core.package_identification[0m [1;30mLevel 1[0m _identify(install) by extension 'ignore'
[1.766s] [34mcolcon.colcon_core.package_identification[0m [1;30mLevel 1[0m _identify(install) ignored
[1.766s] [34mcolcon.colcon_core.package_identification[0m [1;30mLevel 1[0m _identify(log) by extensions ['ignore', 'ignore_ament_install']
[1.767s] [34mcolcon.colcon_core.package_identification[0m [1;30mLevel 1[0m _identify(log) by extension 'ignore'
[1.767s] [34mcolcon.colcon_core.package_identification[0m [1;30mLevel 1[0m _identify(log) ignored
[1.767s] [34mcolcon.colcon_core.package_identification[0m [1;30mLevel 1[0m _identify(src) by extensions ['ignore', 'ignore_ament_install']
[1.767s] [34mcolcon.colcon_core.package_identification[0m [1;30mLevel 1[0m _identify(src) by extension 'ignore'
[1.767s] [34mcolcon.colcon_core.package_identification[0m [1;30mLevel 1[0m _identify(src) by extension 'ignore_ament_install'
[1.767s] [34mcolcon.colcon_core.package_identification[0m [1;30mLevel 1[0m _identify(src) by extensions ['colcon_pkg']
[1.767s] [34mcolcon.colcon_core.package_identification[0m [1;30mLevel 1[0m _identify(src) by extension 'colcon_pkg'
[1.767s] [34mcolcon.colcon_core.package_identification[0m [1;30mLevel 1[0m _identify(src) by extensions ['colcon_meta']
[1.767s] [34mcolcon.colcon_core.package_identification[0m [1;30mLevel 1[0m _identify(src) by extension 'colcon_meta'
[1.767s] [34mcolcon.colcon_core.package_identification[0m [1;30mLevel 1[0m _identify(src) by extensions ['ros']
[1.767s] [34mcolcon.colcon_core.package_identification[0m [1;30mLevel 1[0m _identify(src) by extension 'ros'
[1.767s] [34mcolcon.colcon_core.package_identification[0m [1;30mLevel 1[0m _identify(src) by extensions ['cmake', 'python']
[1.767s] [34mcolcon.colcon_core.package_identification[0m [1;30mLevel 1[0m _identify(src) by extension 'cmake'
[1.767s] [34mcolcon.colcon_core.package_identification[0m [1;30mLevel 1[0m _identify(src) by extension 'python'
[1.767s] [34mcolcon.colcon_core.package_identification[0m [1;30mLevel 1[0m _identify(src) by extensions ['python_setup_py']
[1.767s] [34mcolcon.colcon_core.package_identification[0m [1;30mLevel 1[0m _identify(src) by extension 'python_setup_py'
[1.768s] [34mcolcon.colcon_core.package_identification[0m [1;30mLevel 1[0m _identify(src/ece217_project2_tan) by extensions ['ignore', 'ignore_ament_install']
[1.768s] [34mcolcon.colcon_core.package_identification[0m [1;30mLevel 1[0m _identify(src/ece217_project2_tan) by extension 'ignore'
[1.768s] [34mcolcon.colcon_core.package_identification[0m [1;30mLevel 1[0m _identify(src/ece217_project2_tan) by extension 'ignore_ament_install'
[1.768s] [34mcolcon.colcon_core.package_identification[0m [1;30mLevel 1[0m _identify(src/ece217_project2_tan) by extensions ['colcon_pkg']
[1.768s] [34mcolcon.colcon_core.package_identification[0m [1;30mLevel 1[0m _identify(src/ece217_project2_tan) by extension 'colcon_pkg'
[1.768s] [34mcolcon.colcon_core.package_identification[0m [1;30mLevel 1[0m _identify(src/ece217_project2_tan) by extensions ['colcon_meta']
[1.768s] [34mcolcon.colcon_core.package_identification[0m [1;30mLevel 1[0m _identify(src/ece217_project2_tan) by extension 'colcon_meta'
[1.768s] [34mcolcon.colcon_core.package_identification[0m [1;30mLevel 1[0m _identify(src/ece217_project2_tan) by extensions ['ros']
[1.768s] [34mcolcon.colcon_core.package_identification[0m [1;30mLevel 1[0m _identify(src/ece217_project2_tan) by extension 'ros'
[1.794s] [34mcolcon.colcon_core.package_identification[0m [1;30mDEBUG[0m [32mPackage 'src/ece217_project2_tan' with type 'ros.ament_cmake' and name 'ece217_project2_tan'[0m
[1.794s] [34mcolcon.colcon_core.package_discovery[0m [1;30mLevel 1[0m discover_packages(recursive) using defaults
[1.794s] [34mcolcon.colcon_core.package_discovery[0m [1;30mLevel 1[0m discover_packages(ignore) discover
[1.794s] [34mcolcon.colcon_core.package_discovery[0m [1;30mLevel 1[0m discover_packages(ignore) using defaults
[1.794s] [34mcolcon.colcon_core.package_discovery[0m [1;30mLevel 1[0m discover_packages(path) discover
[1.794s] [34mcolcon.colcon_core.package_discovery[0m [1;30mLevel 1[0m discover_packages(path) using defaults
[1.887s] [34mcolcon.colcon_core.verb[0m [1;30mLevel 5[0m set package 'ece217_project2_tan' build argument 'cmake_args' from command line to 'None'
[1.887s] [34mcolcon.colcon_core.verb[0m [1;30mLevel 5[0m set package 'ece217_project2_tan' build argument 'cmake_target' from command line to 'None'
[1.887s] [34mcolcon.colcon_core.verb[0m [1;30mLevel 5[0m set package 'ece217_project2_tan' build argument 'cmake_target_skip_unavailable' from command line to 'False'
[1.887s] [34mcolcon.colcon_core.verb[0m [1;30mLevel 5[0m set package 'ece217_project2_tan' build argument 'cmake_clean_cache' from command line to 'False'
[1.887s] [34mcolcon.colcon_core.verb[0m [1;30mLevel 5[0m set package 'ece217_project2_tan' build argument 'cmake_clean_first' from command line to 'False'
[1.888s] [34mcolcon.colcon_core.verb[0m [1;30mLevel 5[0m set package 'ece217_project2_tan' build argument 'cmake_force_configure' from command line to 'False'
[1.888s] [34mcolcon.colcon_core.verb[0m [1;30mLevel 5[0m set package 'ece217_project2_tan' build argument 'ament_cmake_args' from command line to 'None'
[1.888s] [34mcolcon.colcon_core.verb[0m [1;30mLevel 5[0m set package 'ece217_project2_tan' build argument 'catkin_cmake_args' from command line to 'None'
[1.888s] [34mcolcon.colcon_core.verb[0m [1;30mLevel 5[0m set package 'ece217_project2_tan' build argument 'catkin_skip_building_tests' from command line to 'False'
[1.888s] [34mcolcon.colcon_core.verb[0m [1;30mDEBUG[0m [32mBuilding package 'ece217_project2_tan' with the following arguments: {'ament_cmake_args': None, 'build_base': '/gpfs/fs1/home/wtan10/Desktop/ECE217/project2_ws/build/ece217_project2_tan', 'catkin_cmake_args': None, 'catkin_skip_building_tests': False, 'cmake_args': None, 'cmake_clean_cache': False, 'cmake_clean_first': False, 'cmake_force_configure': False, 'cmake_target': None, 'cmake_target_skip_unavailable': False, 'install_base': '/gpfs/fs1/home/wtan10/Desktop/ECE217/project2_ws/install/ece217_project2_tan', 'merge_install': False, 'path': '/gpfs/fs1/home/wtan10/Desktop/ECE217/project2_ws/src/ece217_project2_tan', 'symlink_install': False, 'test_result_base': None}[0m
[1.888s] [34mcolcon.colcon_core.executor[0m [1;30mINFO[0m Executing jobs using 'parallel' executor
[1.888s] [34mcolcon.colcon_parallel_executor.executor.parallel[0m [1;30mDEBUG[0m [32mrun_until_complete[0m
[1.889s] [34mcolcon.colcon_ros.task.ament_cmake.build[0m [1;30mINFO[0m Building ROS package in '/gpfs/fs1/home/wtan10/Desktop/ECE217/project2_ws/src/ece217_project2_tan' with build type 'ament_cmake'
[1.889s] [34mcolcon.colcon_cmake.task.cmake.build[0m [1;30mINFO[0m Building CMake package in '/gpfs/fs1/home/wtan10/Desktop/ECE217/project2_ws/src/ece217_project2_tan'
[1.926s] [34mcolcon.colcon_core.plugin_system[0m [1;30mINFO[0m Skipping extension 'colcon_core.shell.bat': Not used on non-Windows systems
[1.926s] [34mcolcon.colcon_core.shell[0m [1;30mINFO[0m Skip shell extension 'powershell' for command environment: Not usable outside of PowerShell
[1.926s] [34mcolcon.colcon_core.shell[0m [1;30mDEBUG[0m [32mSkip shell extension 'dsv' for command environment[0m
[2.047s] [34mcolcon.colcon_core.event_handler.log_command[0m [1;30mDEBUG[0m [32mInvoking command in '/gpfs/fs1/home/wtan10/Desktop/ECE217/project2_ws/build/ece217_project2_tan': CONDA_PROMPT_MODIFIER=(ros2_env) _=/usr/bin/env /gpfs/fs1/sfw3/rhel9-x86_64/miniforge3/25.11.0-1/envs/ros2_env/bin/cmake --build /gpfs/fs1/home/wtan10/Desktop/ECE217/project2_ws/build/ece217_project2_tan -- -j2 -l2[0m
[12.792s] [34mcolcon.colcon_core.event_handler.log_command[0m [1;30mDEBUG[0m [32mInvoked command in '/gpfs/fs1/home/wtan10/Desktop/ECE217/project2_ws/build/ece217_project2_tan' returned '0': CONDA_PROMPT_MODIFIER=(ros2_env) _=/usr/bin/env /gpfs/fs1/sfw3/rhel9-x86_64/miniforge3/25.11.0-1/envs/ros2_env/bin/cmake --build /gpfs/fs1/home/wtan10/Desktop/ECE217/project2_ws/build/ece217_project2_tan -- -j2 -l2[0m
[12.842s] [34mcolcon.colcon_core.event_handler.log_command[0m [1;30mDEBUG[0m [32mInvoking command in '/gpfs/fs1/home/wtan10/Desktop/ECE217/project2_ws/build/ece217_project2_tan': CONDA_PROMPT_MODIFIER=(ros2_env) _=/usr/bin/env /gpfs/fs1/sfw3/rhel9-x86_64/miniforge3/25.11.0-1/envs/ros2_env/bin/cmake --install /gpfs/fs1/home/wtan10/Desktop/ECE217/project2_ws/build/ece217_project2_tan[0m
[14.168s] [34mcolcon.colcon_core.environment[0m [1;30mLevel 1[0m create_environment_scripts_only(ece217_project2_tan)
[14.168s] [34mcolcon.colcon_core.event_handler.log_command[0m [1;30mDEBUG[0m [32mInvoked command in '/gpfs/fs1/home/wtan10/Desktop/ECE217/project2_ws/build/ece217_project2_tan' returned '0': CONDA_PROMPT_MODIFIER=(ros2_env) _=/usr/bin/env /gpfs/fs1/sfw3/rhel9-x86_64/miniforge3/25.11.0-1/envs/ros2_env/bin/cmake --install /gpfs/fs1/home/wtan10/Desktop/ECE217/project2_ws/build/ece217_project2_tan[0m
[14.212s] [34mcolcon.colcon_core.environment[0m [1;30mLevel 1[0m checking '/gpfs/fs1/home/wtan10/Desktop/ECE217/project2_ws/install/ece217_project2_tan' for CMake module files
[14.233s] [34mcolcon.colcon_core.environment[0m [1;30mLevel 1[0m checking '/gpfs/fs1/home/wtan10/Desktop/ECE217/project2_ws/install/ece217_project2_tan' for CMake config files
[14.234s] [34mcolcon.colcon_core.shell[0m [1;30mLevel 1[0m create_environment_hook('ece217_project2_tan', 'cmake_prefix_path')
[14.235s] [34mcolcon.colcon_core.shell[0m [1;30mINFO[0m Creating environment hook '/gpfs/fs1/home/wtan10/Desktop/ECE217/project2_ws/install/ece217_project2_tan/share/ece217_project2_tan/hook/cmake_prefix_path.ps1'
[14.236s] [34mcolcon.colcon_core.shell[0m [1;30mINFO[0m Creating environment descriptor '/gpfs/fs1/home/wtan10/Desktop/ECE217/project2_ws/install/ece217_project2_tan/share/ece217_project2_tan/hook/cmake_prefix_path.dsv'
[14.236s] [34mcolcon.colcon_core.shell[0m [1;30mINFO[0m Creating environment hook '/gpfs/fs1/home/wtan10/Desktop/ECE217/project2_ws/install/ece217_project2_tan/share/ece217_project2_tan/hook/cmake_prefix_path.sh'
[14.238s] [34mcolcon.colcon_core.environment[0m [1;30mLevel 1[0m checking '/gpfs/fs1/home/wtan10/Desktop/ECE217/project2_ws/install/ece217_project2_tan/lib'
[14.238s] [34mcolcon.colcon_core.shell[0m [1;30mLevel 1[0m create_environment_hook('ece217_project2_tan', 'ld_library_path_lib')
[14.238s] [34mcolcon.colcon_core.shell[0m [1;30mINFO[0m Creating environment hook '/gpfs/fs1/home/wtan10/Desktop/ECE217/project2_ws/install/ece217_project2_tan/share/ece217_project2_tan/hook/ld_library_path_lib.ps1'
[14.239s] [34mcolcon.colcon_core.shell[0m [1;30mINFO[0m Creating environment descriptor '/gpfs/fs1/home/wtan10/Desktop/ECE217/project2_ws/install/ece217_project2_tan/share/ece217_project2_tan/hook/ld_library_path_lib.dsv'
[14.239s] [34mcolcon.colcon_core.shell[0m [1;30mINFO[0m Creating environment hook '/gpfs/fs1/home/wtan10/Desktop/ECE217/project2_ws/install/ece217_project2_tan/share/ece217_project2_tan/hook/ld_library_path_lib.sh'
[14.240s] [34mcolcon.colcon_core.environment[0m [1;30mLevel 1[0m checking '/gpfs/fs1/home/wtan10/Desktop/ECE217/project2_ws/install/ece217_project2_tan/bin'
[14.240s] [34mcolcon.colcon_core.environment[0m [1;30mLevel 1[0m checking '/gpfs/fs1/home/wtan10/Desktop/ECE217/project2_ws/install/ece217_project2_tan/lib/pkgconfig/ece217_project2_tan.pc'
[14.246s] [34mcolcon.colcon_core.environment[0m [1;30mLevel 1[0m checking '/gpfs/fs1/home/wtan10/Desktop/ECE217/project2_ws/install/ece217_project2_tan/lib/python3.12/site-packages'
[14.246s] [34mcolcon.colcon_core.shell[0m [1;30mLevel 1[0m create_environment_hook('ece217_project2_tan', 'pythonpath')
[14.246s] [34mcolcon.colcon_core.shell[0m [1;30mINFO[0m Creating environment hook '/gpfs/fs1/home/wtan10/Desktop/ECE217/project2_ws/install/ece217_project2_tan/share/ece217_project2_tan/hook/pythonpath.ps1'
[14.247s] [34mcolcon.colcon_core.shell[0m [1;30mINFO[0m Creating environment descriptor '/gpfs/fs1/home/wtan10/Desktop/ECE217/project2_ws/install/ece217_project2_tan/share/ece217_project2_tan/hook/pythonpath.dsv'
[14.261s] [34mcolcon.colcon_core.shell[0m [1;30mINFO[0m Creating environment hook '/gpfs/fs1/home/wtan10/Desktop/ECE217/project2_ws/install/ece217_project2_tan/share/ece217_project2_tan/hook/pythonpath.sh'
[14.261s] [34mcolcon.colcon_core.environment[0m [1;30mLevel 1[0m checking '/gpfs/fs1/home/wtan10/Desktop/ECE217/project2_ws/install/ece217_project2_tan/bin'
[14.262s] [34mcolcon.colcon_core.shell[0m [1;30mINFO[0m Creating package script '/gpfs/fs1/home/wtan10/Desktop/ECE217/project2_ws/install/ece217_project2_tan/share/ece217_project2_tan/package.ps1'
[14.267s] [34mcolcon.colcon_core.shell[0m [1;30mINFO[0m Creating package descriptor '/gpfs/fs1/home/wtan10/Desktop/ECE217/project2_ws/install/ece217_project2_tan/share/ece217_project2_tan/package.dsv'
[14.270s] [34mcolcon.colcon_core.shell[0m [1;30mINFO[0m Creating package script '/gpfs/fs1/home/wtan10/Desktop/ECE217/project2_ws/install/ece217_project2_tan/share/ece217_project2_tan/package.sh'
[14.271s] [34mcolcon.colcon_core.shell[0m [1;30mINFO[0m Creating package script '/gpfs/fs1/home/wtan10/Desktop/ECE217/project2_ws/install/ece217_project2_tan/share/ece217_project2_tan/package.bash'
[14.283s] [34mcolcon.colcon_core.shell[0m [1;30mINFO[0m Creating package script '/gpfs/fs1/home/wtan10/Desktop/ECE217/project2_ws/install/ece217_project2_tan/share/ece217_project2_tan/package.zsh'
[14.284s] [34mcolcon.colcon_core.environment[0m [1;30mLevel 1[0m create_file_with_runtime_dependencies(/gpfs/fs1/home/wtan10/Desktop/ECE217/project2_ws/install/ece217_project2_tan/share/colcon-core/packages/ece217_project2_tan)
[14.285s] [34mcolcon.colcon_core.environment[0m [1;30mLevel 1[0m create_environment_scripts_only(ece217_project2_tan)
[14.285s] [34mcolcon.colcon_core.environment[0m [1;30mLevel 1[0m checking '/gpfs/fs1/home/wtan10/Desktop/ECE217/project2_ws/install/ece217_project2_tan' for CMake module files
[14.286s] [34mcolcon.colcon_core.environment[0m [1;30mLevel 1[0m checking '/gpfs/fs1/home/wtan10/Desktop/ECE217/project2_ws/install/ece217_project2_tan' for CMake config files
[14.287s] [34mcolcon.colcon_core.shell[0m [1;30mLevel 1[0m create_environment_hook('ece217_project2_tan', 'cmake_prefix_path')
[14.287s] [34mcolcon.colcon_core.shell[0m [1;30mINFO[0m Creating environment hook '/gpfs/fs1/home/wtan10/Desktop/ECE217/project2_ws/install/ece217_project2_tan/share/ece217_project2_tan/hook/cmake_prefix_path.ps1'
[14.288s] [34mcolcon.colcon_core.shell[0m [1;30mINFO[0m Creating environment descriptor '/gpfs/fs1/home/wtan10/Desktop/ECE217/project2_ws/install/ece217_project2_tan/share/ece217_project2_tan/hook/cmake_prefix_path.dsv'
[14.288s] [34mcolcon.colcon_core.shell[0m [1;30mINFO[0m Creating environment hook '/gpfs/fs1/home/wtan10/Desktop/ECE217/project2_ws/install/ece217_project2_tan/share/ece217_project2_tan/hook/cmake_prefix_path.sh'
[14.289s] [34mcolcon.colcon_core.environment[0m [1;30mLevel 1[0m checking '/gpfs/fs1/home/wtan10/Desktop/ECE217/project2_ws/install/ece217_project2_tan/lib'
[14.289s] [34mcolcon.colcon_core.shell[0m [1;30mLevel 1[0m create_environment_hook('ece217_project2_tan', 'ld_library_path_lib')
[14.289s] [34mcolcon.colcon_core.shell[0m [1;30mINFO[0m Creating environment hook '/gpfs/fs1/home/wtan10/Desktop/ECE217/project2_ws/install/ece217_project2_tan/share/ece217_project2_tan/hook/ld_library_path_lib.ps1'
[14.290s] [34mcolcon.colcon_core.shell[0m [1;30mINFO[0m Creating environment descriptor '/gpfs/fs1/home/wtan10/Desktop/ECE217/project2_ws/install/ece217_project2_tan/share/ece217_project2_tan/hook/ld_library_path_lib.dsv'
[14.290s] [34mcolcon.colcon_core.shell[0m [1;30mINFO[0m Creating environment hook '/gpfs/fs1/home/wtan10/Desktop/ECE217/project2_ws/install/ece217_project2_tan/share/ece217_project2_tan/hook/ld_library_path_lib.sh'
[14.290s] [34mcolcon.colcon_core.environment[0m [1;30mLevel 1[0m checking '/gpfs/fs1/home/wtan10/Desktop/ECE217/project2_ws/install/ece217_project2_tan/bin'
[14.290s] [34mcolcon.colcon_core.environment[0m [1;30mLevel 1[0m checking '/gpfs/fs1/home/wtan10/Desktop/ECE217/project2_ws/install/ece217_project2_tan/lib/pkgconfig/ece217_project2_tan.pc'
[14.291s] [34mcolcon.colcon_core.environment[0m [1;30mLevel 1[0m checking '/gpfs/fs1/home/wtan10/Desktop/ECE217/project2_ws/install/ece217_project2_tan/lib/python3.12/site-packages'
[14.291s] [34mcolcon.colcon_core.shell[0m [1;30mLevel 1[0m create_environment_hook('ece217_project2_tan', 'pythonpath')
[14.291s] [34mcolcon.colcon_core.shell[0m [1;30mINFO[0m Creating environment hook '/gpfs/fs1/home/wtan10/Desktop/ECE217/project2_ws/install/ece217_project2_tan/share/ece217_project2_tan/hook/pythonpath.ps1'
[14.291s] [34mcolcon.colcon_core.shell[0m [1;30mINFO[0m Creating environment descriptor '/gpfs/fs1/home/wtan10/Desktop/ECE217/project2_ws/install/ece217_project2_tan/share/ece217_project2_tan/hook/pythonpath.dsv'
[14.292s] [34mcolcon.colcon_core.shell[0m [1;30mINFO[0m Creating environment hook '/gpfs/fs1/home/wtan10/Desktop/ECE217/project2_ws/install/ece217_project2_tan/share/ece217_project2_tan/hook/pythonpath.sh'
[14.292s] [34mcolcon.colcon_core.environment[0m [1;30mLevel 1[0m checking '/gpfs/fs1/home/wtan10/Desktop/ECE217/project2_ws/install/ece217_project2_tan/bin'
[14.293s] [34mcolcon.colcon_core.shell[0m [1;30mINFO[0m Creating package script '/gpfs/fs1/home/wtan10/Desktop/ECE217/project2_ws/install/ece217_project2_tan/share/ece217_project2_tan/package.ps1'
[14.293s] [34mcolcon.colcon_core.shell[0m [1;30mINFO[0m Creating package descriptor '/gpfs/fs1/home/wtan10/Desktop/ECE217/project2_ws/install/ece217_project2_tan/share/ece217_project2_tan/package.dsv'
[14.301s] [34mcolcon.colcon_core.shell[0m [1;30mINFO[0m Creating package script '/gpfs/fs1/home/wtan10/Desktop/ECE217/project2_ws/install/ece217_project2_tan/share/ece217_project2_tan/package.sh'
[14.302s] [34mcolcon.colcon_core.shell[0m [1;30mINFO[0m Creating package script '/gpfs/fs1/home/wtan10/Desktop/ECE217/project2_ws/install/ece217_project2_tan/share/ece217_project2_tan/package.bash'
[14.302s] [34mcolcon.colcon_core.shell[0m [1;30mINFO[0m Creating package script '/gpfs/fs1/home/wtan10/Desktop/ECE217/project2_ws/install/ece217_project2_tan/share/ece217_project2_tan/package.zsh'
[14.303s] [34mcolcon.colcon_core.environment[0m [1;30mLevel 1[0m create_file_with_runtime_dependencies(/gpfs/fs1/home/wtan10/Desktop/ECE217/project2_ws/install/ece217_project2_tan/share/colcon-core/packages/ece217_project2_tan)
[14.303s] [34mcolcon.colcon_parallel_executor.executor.parallel[0m [1;30mDEBUG[0m [32mclosing loop[0m
[14.303s] [34mcolcon.colcon_parallel_executor.executor.parallel[0m [1;30mDEBUG[0m [32mloop closed[0m
[14.304s] [34mcolcon.colcon_parallel_executor.executor.parallel[0m [1;30mDEBUG[0m [32mrun_until_complete finished with '0'[0m
[14.304s] [34mcolcon.colcon_core.event_reactor[0m [1;30mDEBUG[0m [32mjoining thread[0m
[14.317s] [34mcolcon.colcon_core.event_reactor[0m [1;30mDEBUG[0m [32mjoined thread[0m
[14.317s] [34mcolcon.colcon_core.shell[0m [1;30mINFO[0m Creating prefix script '/gpfs/fs1/home/wtan10/Desktop/ECE217/project2_ws/install/local_setup.ps1'
[14.318s] [34mcolcon.colcon_core.shell[0m [1;30mINFO[0m Creating prefix util module '/gpfs/fs1/home/wtan10/Desktop/ECE217/project2_ws/install/_local_setup_util_ps1.py'
[14.320s] [34mcolcon.colcon_core.shell[0m [1;30mINFO[0m Creating prefix chain script '/gpfs/fs1/home/wtan10/Desktop/ECE217/project2_ws/install/setup.ps1'
[14.324s] [34mcolcon.colcon_core.shell[0m [1;30mINFO[0m Creating prefix script '/gpfs/fs1/home/wtan10/Desktop/ECE217/project2_ws/install/local_setup.sh'
[14.326s] [34mcolcon.colcon_core.shell[0m [1;30mINFO[0m Creating prefix util module '/gpfs/fs1/home/wtan10/Desktop/ECE217/project2_ws/install/_local_setup_util_sh.py'
[14.327s] [34mcolcon.colcon_core.shell[0m [1;30mINFO[0m Creating prefix chain script '/gpfs/fs1/home/wtan10/Desktop/ECE217/project2_ws/install/setup.sh'
[14.338s] [34mcolcon.colcon_core.shell[0m [1;30mINFO[0m Creating prefix script '/gpfs/fs1/home/wtan10/Desktop/ECE217/project2_ws/install/local_setup.bash'
[14.338s] [34mcolcon.colcon_core.shell[0m [1;30mINFO[0m Creating prefix chain script '/gpfs/fs1/home/wtan10/Desktop/ECE217/project2_ws/install/setup.bash'
[14.339s] [34mcolcon.colcon_core.shell[0m [1;30mINFO[0m Creating prefix script '/gpfs/fs1/home/wtan10/Desktop/ECE217/project2_ws/install/local_setup.zsh'
[14.342s] [34mcolcon.colcon_core.shell[0m [1;30mINFO[0m Creating prefix chain script '/gpfs/fs1/home/wtan10/Desktop/ECE217/project2_ws/install/setup.zsh'
