[0.114s] Invoking command in '/gpfs/fs1/home/wtan10/Desktop/ECE217/project2_ws/build/ece217_project2_tan': CONDA_PROMPT_MODIFIER=(ros2_env) _=/usr/bin/env /gpfs/fs1/sfw3/rhel9-x86_64/miniforge3/25.11.0-1/envs/ros2_env/bin/cmake --build /gpfs/fs1/home/wtan10/Desktop/ECE217/project2_ws/build/ece217_project2_tan -- -j1 -l1
[0.115s] [0mCMake Deprecation Warning at CMakeLists.txt:1 (cmake_minimum_required):
[0.115s]   Compatibility with CMake < 3.10 will be removed from a future version of
[0.115s]   CMake.
[0.115s] 
[0.115s]   Update the VERSION argument <min> value.  Or, use the <min>...<max> syntax
[0.115s]   to tell CMake that the project requires at least <min> but has been updated
[0.115s]   to work with policies introduced by <max> or earlier.
[0.115s] 
[0.115s] [0m
[0.115s] -- Found ament_cmake: 2.5.4 (/gpfs/fs1/sfw3/rhel9-x86_64/miniforge3/25.11.0-1/envs/ros2_env/share/ament_cmake/cmake)
[0.333s] -- Found rclcpp: 28.1.15 (/gpfs/fs1/sfw3/rhel9-x86_64/miniforge3/25.11.0-1/envs/ros2_env/share/rclcpp/cmake)
[0.370s] -- Found rosidl_generator_c: 4.6.7 (/gpfs/fs1/sfw3/rhel9-x86_64/miniforge3/25.11.0-1/envs/ros2_env/share/rosidl_generator_c/cmake)
[0.383s] -- Found rosidl_generator_cpp: 4.6.7 (/gpfs/fs1/sfw3/rhel9-x86_64/miniforge3/25.11.0-1/envs/ros2_env/share/rosidl_generator_cpp/cmake)
[0.401s] -- Using all available rosidl_typesupport_c: rosidl_typesupport_fastrtps_c;rosidl_typesupport_introspection_c
[0.422s] -- Using all available rosidl_typesupport_cpp: rosidl_typesupport_fastrtps_cpp;rosidl_typesupport_introspection_cpp
[0.517s] -- Found rmw_implementation_cmake: 7.3.2 (/gpfs/fs1/sfw3/rhel9-x86_64/miniforge3/25.11.0-1/envs/ros2_env/share/rmw_implementation_cmake/cmake)
[0.519s] -- Found rmw_fastrtps_cpp: 8.4.3 (/gpfs/fs1/sfw3/rhel9-x86_64/miniforge3/25.11.0-1/envs/ros2_env/share/rmw_fastrtps_cpp/cmake)
[0.992s] -- Using RMW implementation 'rmw_fastrtps_cpp' as default
[1.086s] -- Found geometry_msgs: 5.3.6 (/gpfs/fs1/sfw3/rhel9-x86_64/miniforge3/25.11.0-1/envs/ros2_env/share/geometry_msgs/cmake)
[1.135s] [33mCMake Warning (dev) at CMakeLists.txt:12 (find_package):
[1.135s]   Policy CMP0167 is not set: The FindBoost module is removed.  Run "cmake
[1.135s]   --help-policy CMP0167" for policy details.  Use the cmake_policy command to
[1.135s]   set the policy and suppress this warning.
[1.135s] 
[1.135s] This warning is for project developers.  Use -Wno-dev to suppress it.
[1.135s] [0m
[1.142s] -- Found rosidl_default_generators: 1.6.0 (/gpfs/fs1/sfw3/rhel9-x86_64/miniforge3/25.11.0-1/envs/ros2_env/share/rosidl_default_generators/cmake)
[1.153s] -- Found rosidl_adapter: 4.6.7 (/gpfs/fs1/sfw3/rhel9-x86_64/miniforge3/25.11.0-1/envs/ros2_env/share/rosidl_adapter/cmake)
[1.156s] -- Found nav_msgs: 5.3.6 (/gpfs/fs1/sfw3/rhel9-x86_64/miniforge3/25.11.0-1/envs/ros2_env/share/nav_msgs/cmake)
[1.195s] -- Found pluginlib: 5.4.4 (/gpfs/fs1/sfw3/rhel9-x86_64/miniforge3/25.11.0-1/envs/ros2_env/share/pluginlib/cmake)
[1.203s] -- Found visualization_msgs: 5.3.6 (/gpfs/fs1/sfw3/rhel9-x86_64/miniforge3/25.11.0-1/envs/ros2_env/share/visualization_msgs/cmake)
[2.192s] -- Found ament_cmake_ros: 0.12.0 (/gpfs/fs1/sfw3/rhel9-x86_64/miniforge3/25.11.0-1/envs/ros2_env/share/ament_cmake_ros/cmake)
[3.585s] -- Using all available rosidl_typesupport_c: rosidl_typesupport_fastrtps_c;rosidl_typesupport_introspection_c
[4.179s] -- Using all available rosidl_typesupport_cpp: rosidl_typesupport_fastrtps_cpp;rosidl_typesupport_introspection_cpp
[4.195s] -- Found python_cmake_module: 0.11.1 (/gpfs/fs1/sfw3/rhel9-x86_64/miniforge3/25.11.0-1/envs/ros2_env/share/python_cmake_module/cmake)
[4.342s] -- Found PythonExtra: /gpfs/fs1/sfw3/rhel9-x86_64/miniforge3/25.11.0-1/envs/ros2_env/bin/python3
[6.720s] -- Found Python3: /gpfs/fs1/sfw3/rhel9-x86_64/miniforge3/25.11.0-1/envs/ros2_env/bin/python3 (found version "3.12.12") found components: Interpreter Development NumPy Development.Module Development.Embed
[6.869s] -- Found ament_lint_auto: 0.17.3 (/gpfs/fs1/sfw3/rhel9-x86_64/miniforge3/25.11.0-1/envs/ros2_env/share/ament_lint_auto/cmake)
[7.116s] -- Added test 'lint_cmake' to check CMake code style
[7.118s] -- Added test 'xmllint' to check XML markup files
[7.134s] -- Configuring done (7.1s)
[8.228s] -- Generating done (1.1s)
[8.604s] -- Build files have been written to: /gpfs/fs1/home/wtan10/Desktop/ECE217/project2_ws/build/ece217_project2_tan
[8.644s] [  2%] [1m[34mGenerating type hashes for ROS interfaces[0m
[9.283s] [  2%] Built target ece217_project2_tan__rosidl_generator_type_description
[9.306s] [  5%] [1m[34mGenerating C++ code for ROS interfaces[0m
[9.607s] [  5%] Built target ece217_project2_tan__cpp
[9.619s] [  8%] [1m[34mGenerating C code for ROS interfaces[0m
[10.037s] [ 11%] [32mBuilding C object CMakeFiles/ece217_project2_tan__rosidl_generator_c.dir/rosidl_generator_c/ece217_project2_tan/srv/detail/manipulation_query__description.c.o[0m
[10.588s] [ 14%] [32mBuilding C object CMakeFiles/ece217_project2_tan__rosidl_generator_c.dir/rosidl_generator_c/ece217_project2_tan/srv/detail/manipulation_query__functions.c.o[0m
[10.868s] [ 17%] [32mBuilding C object CMakeFiles/ece217_project2_tan__rosidl_generator_c.dir/rosidl_generator_c/ece217_project2_tan/srv/detail/manipulation_query__type_support.c.o[0m
[10.936s] [ 20%] [1m[32mLinking C shared library libece217_project2_tan__rosidl_generator_c.so[0m
[11.066s] [ 20%] Built target ece217_project2_tan__rosidl_generator_c
[11.078s] [ 23%] [1m[34mGenerating C++ type support dispatch for ROS interfaces[0m
[11.319s] [ 26%] [32mBuilding CXX object CMakeFiles/ece217_project2_tan__rosidl_typesupport_cpp.dir/rosidl_typesupport_cpp/ece217_project2_tan/srv/manipulation_query__type_support.cpp.o[0m
[13.422s] [ 29%] [1m[32mLinking CXX shared library libece217_project2_tan__rosidl_typesupport_cpp.so[0m
[13.563s] [ 29%] Built target ece217_project2_tan__rosidl_typesupport_cpp
[13.575s] [ 32%] [1m[34mGenerating C type support for eProsima Fast-RTPS[0m
[13.858s] [ 35%] [32mBuilding CXX object CMakeFiles/ece217_project2_tan__rosidl_typesupport_fastrtps_c.dir/rosidl_typesupport_fastrtps_c/ece217_project2_tan/srv/detail/manipulation_query__type_support_c.cpp.o[0m
[15.122s] [ 38%] [1m[32mLinking CXX shared library libece217_project2_tan__rosidl_typesupport_fastrtps_c.so[0m
[15.336s] [ 38%] Built target ece217_project2_tan__rosidl_typesupport_fastrtps_c
[15.348s] [ 41%] [1m[34mGenerating C++ type support for eProsima Fast-RTPS[0m
[15.616s] [ 44%] [32mBuilding CXX object CMakeFiles/ece217_project2_tan__rosidl_typesupport_fastrtps_cpp.dir/rosidl_typesupport_fastrtps_cpp/ece217_project2_tan/srv/detail/dds_fastrtps/manipulation_query__type_support.cpp.o[0m
[16.626s] [ 47%] [1m[32mLinking CXX shared library libece217_project2_tan__rosidl_typesupport_fastrtps_cpp.so[0m
[16.767s] [ 47%] Built target ece217_project2_tan__rosidl_typesupport_fastrtps_cpp
[16.778s] [ 50%] [1m[34mGenerating C introspection for ROS interfaces[0m
[17.022s] [ 52%] [32mBuilding C object CMakeFiles/ece217_project2_tan__rosidl_typesupport_introspection_c.dir/rosidl_typesupport_introspection_c/ece217_project2_tan/srv/detail/manipulation_query__type_support.c.o[0m
[17.165s] [ 55%] [1m[32mLinking C shared library libece217_project2_tan__rosidl_typesupport_introspection_c.so[0m
[17.299s] [ 55%] Built target ece217_project2_tan__rosidl_typesupport_introspection_c
[17.310s] [ 58%] [1m[34mGenerating C type support dispatch for ROS interfaces[0m
[17.523s] [ 61%] [32mBuilding CXX object CMakeFiles/ece217_project2_tan__rosidl_typesupport_c.dir/rosidl_typesupport_c/ece217_project2_tan/srv/manipulation_query__type_support.cpp.o[0m
[17.602s] [ 64%] [1m[32mLinking CXX shared library libece217_project2_tan__rosidl_typesupport_c.so[0m
[17.736s] [ 64%] Built target ece217_project2_tan__rosidl_typesupport_c
[17.748s] [ 67%] [1m[34mGenerating C++ introspection for ROS interfaces[0m
[18.013s] [ 70%] [32mBuilding CXX object CMakeFiles/ece217_project2_tan__rosidl_typesupport_introspection_cpp.dir/rosidl_typesupport_introspection_cpp/ece217_project2_tan/srv/detail/manipulation_query__type_support.cpp.o[0m
[18.733s] [ 73%] [1m[32mLinking CXX shared library libece217_project2_tan__rosidl_typesupport_introspection_cpp.so[0m
[18.875s] [ 73%] Built target ece217_project2_tan__rosidl_typesupport_introspection_cpp
[18.896s] [ 73%] Built target ece217_project2_tan
[18.924s] [ 73%] Built target ament_cmake_python_copy_ece217_project2_tan
[19.619s] running egg_info
[19.644s] creating ece217_project2_tan.egg-info
[19.645s] writing ece217_project2_tan.egg-info/PKG-INFO
[19.646s] writing dependency_links to ece217_project2_tan.egg-info/dependency_links.txt
[19.646s] writing top-level names to ece217_project2_tan.egg-info/top_level.txt
[19.646s] writing manifest file 'ece217_project2_tan.egg-info/SOURCES.txt'
[19.844s] reading manifest file 'ece217_project2_tan.egg-info/SOURCES.txt'
[19.845s] writing manifest file 'ece217_project2_tan.egg-info/SOURCES.txt'
[19.873s] [ 73%] Built target ament_cmake_python_build_ece217_project2_tan_egg
[19.896s] [ 76%] [1m[34mGenerating Python code for ROS interfaces[0m
[20.400s] [ 76%] Built target ece217_project2_tan__py
[20.421s] [ 79%] [32mBuilding C object CMakeFiles/ece217_project2_tan__rosidl_generator_py.dir/rosidl_generator_py/ece217_project2_tan/srv/_manipulation_query_s.c.o[0m
[21.829s] [ 82%] [1m[32mLinking C shared library libece217_project2_tan__rosidl_generator_py.so[0m
[22.060s] [ 82%] Built target ece217_project2_tan__rosidl_generator_py
[22.082s] [ 85%] [32mBuilding C object CMakeFiles/ece217_project2_tan_s__rosidl_typesupport_fastrtps_c.dir/rosidl_generator_py/ece217_project2_tan/_ece217_project2_tan_s.ep.rosidl_typesupport_fastrtps_c.c.o[0m
[22.255s] [ 88%] [1m[32mLinking C shared module rosidl_generator_py/ece217_project2_tan/ece217_project2_tan_s__rosidl_typesupport_fastrtps_c.so[0m
[22.292s] [ 88%] Built target ece217_project2_tan_s__rosidl_typesupport_fastrtps_c
[22.313s] [ 91%] [32mBuilding C object CMakeFiles/ece217_project2_tan_s__rosidl_typesupport_introspection_c.dir/rosidl_generator_py/ece217_project2_tan/_ece217_project2_tan_s.ep.rosidl_typesupport_introspection_c.c.o[0m
[22.485s] [ 94%] [1m[32mLinking C shared module rosidl_generator_py/ece217_project2_tan/ece217_project2_tan_s__rosidl_typesupport_introspection_c.so[0m
[22.522s] [ 94%] Built target ece217_project2_tan_s__rosidl_typesupport_introspection_c
[22.543s] [ 97%] [32mBuilding C object CMakeFiles/ece217_project2_tan_s__rosidl_typesupport_c.dir/rosidl_generator_py/ece217_project2_tan/_ece217_project2_tan_s.ep.rosidl_typesupport_c.c.o[0m
[22.818s] [100%] [1m[32mLinking C shared module rosidl_generator_py/ece217_project2_tan/ece217_project2_tan_s__rosidl_typesupport_c.so[0m
[22.854s] [100%] Built target ece217_project2_tan_s__rosidl_typesupport_c
[22.868s] Invoked command in '/gpfs/fs1/home/wtan10/Desktop/ECE217/project2_ws/build/ece217_project2_tan' returned '0': CONDA_PROMPT_MODIFIER=(ros2_env) _=/usr/bin/env /gpfs/fs1/sfw3/rhel9-x86_64/miniforge3/25.11.0-1/envs/ros2_env/bin/cmake --build /gpfs/fs1/home/wtan10/Desktop/ECE217/project2_ws/build/ece217_project2_tan -- -j1 -l1
[22.878s] Invoking command in '/gpfs/fs1/home/wtan10/Desktop/ECE217/project2_ws/build/ece217_project2_tan': CONDA_PROMPT_MODIFIER=(ros2_env) _=/usr/bin/env /gpfs/fs1/sfw3/rhel9-x86_64/miniforge3/25.11.0-1/envs/ros2_env/bin/cmake --install /gpfs/fs1/home/wtan10/Desktop/ECE217/project2_ws/build/ece217_project2_tan
[22.888s] -- Install configuration: ""
[22.889s] -- Installing: /gpfs/fs1/home/wtan10/Desktop/ECE217/project2_ws/install/ece217_project2_tan/share/ament_index/resource_index/rosidl_interfaces/ece217_project2_tan
[22.890s] -- Installing: /gpfs/fs1/home/wtan10/Desktop/ECE217/project2_ws/install/ece217_project2_tan/share/ece217_project2_tan/srv/ManipulationQuery.json
[22.890s] -- Installing: /gpfs/fs1/home/wtan10/Desktop/ECE217/project2_ws/install/ece217_project2_tan/include/ece217_project2_tan/ece217_project2_tan
[22.891s] -- Installing: /gpfs/fs1/home/wtan10/Desktop/ECE217/project2_ws/install/ece217_project2_tan/include/ece217_project2_tan/ece217_project2_tan/msg
[22.891s] -- Installing: /gpfs/fs1/home/wtan10/Desktop/ECE217/project2_ws/install/ece217_project2_tan/include/ece217_project2_tan/ece217_project2_tan/msg/rosidl_generator_c__visibility_control.h
[22.891s] -- Installing: /gpfs/fs1/home/wtan10/Desktop/ECE217/project2_ws/install/ece217_project2_tan/include/ece217_project2_tan/ece217_project2_tan/srv
[22.892s] -- Installing: /gpfs/fs1/home/wtan10/Desktop/ECE217/project2_ws/install/ece217_project2_tan/include/ece217_project2_tan/ece217_project2_tan/srv/detail
[22.892s] -- Installing: /gpfs/fs1/home/wtan10/Desktop/ECE217/project2_ws/install/ece217_project2_tan/include/ece217_project2_tan/ece217_project2_tan/srv/detail/manipulation_query__type_support.h
[22.892s] -- Installing: /gpfs/fs1/home/wtan10/Desktop/ECE217/project2_ws/install/ece217_project2_tan/include/ece217_project2_tan/ece217_project2_tan/srv/detail/manipulation_query__type_support.c
[23.003s] -- Installing: /gpfs/fs1/home/wtan10/Desktop/ECE217/project2_ws/install/ece217_project2_tan/include/ece217_project2_tan/ece217_project2_tan/srv/detail/manipulation_query__functions.h
[23.060s] -- Installing: /gpfs/fs1/home/wtan10/Desktop/ECE217/project2_ws/install/ece217_project2_tan/include/ece217_project2_tan/ece217_project2_tan/srv/detail/manipulation_query__struct.h
[23.185s] -- Installing: /gpfs/fs1/home/wtan10/Desktop/ECE217/project2_ws/install/ece217_project2_tan/include/ece217_project2_tan/ece217_project2_tan/srv/detail/manipulation_query__functions.c
[23.459s] -- Installing: /gpfs/fs1/home/wtan10/Desktop/ECE217/project2_ws/install/ece217_project2_tan/include/ece217_project2_tan/ece217_project2_tan/srv/detail/manipulation_query__description.c
[23.460s] -- Installing: /gpfs/fs1/home/wtan10/Desktop/ECE217/project2_ws/install/ece217_project2_tan/include/ece217_project2_tan/ece217_project2_tan/srv/manipulation_query.h
[23.461s] -- Installing: /gpfs/fs1/home/wtan10/Desktop/ECE217/project2_ws/install/ece217_project2_tan/share/ece217_project2_tan/environment/library_path.sh
[23.461s] -- Installing: /gpfs/fs1/home/wtan10/Desktop/ECE217/project2_ws/install/ece217_project2_tan/share/ece217_project2_tan/environment/library_path.dsv
[23.462s] -- Installing: /gpfs/fs1/home/wtan10/Desktop/ECE217/project2_ws/install/ece217_project2_tan/lib/libece217_project2_tan__rosidl_generator_c.so
[23.463s] -- Up-to-date: /gpfs/fs1/home/wtan10/Desktop/ECE217/project2_ws/install/ece217_project2_tan/include/ece217_project2_tan/ece217_project2_tan
[23.463s] -- Up-to-date: /gpfs/fs1/home/wtan10/Desktop/ECE217/project2_ws/install/ece217_project2_tan/include/ece217_project2_tan/ece217_project2_tan/msg
[23.463s] -- Installing: /gpfs/fs1/home/wtan10/Desktop/ECE217/project2_ws/install/ece217_project2_tan/include/ece217_project2_tan/ece217_project2_tan/msg/rosidl_typesupport_fastrtps_c__visibility_control.h
[23.464s] -- Up-to-date: /gpfs/fs1/home/wtan10/Desktop/ECE217/project2_ws/install/ece217_project2_tan/include/ece217_project2_tan/ece217_project2_tan/srv
[23.464s] -- Up-to-date: /gpfs/fs1/home/wtan10/Desktop/ECE217/project2_ws/install/ece217_project2_tan/include/ece217_project2_tan/ece217_project2_tan/srv/detail
[23.464s] -- Installing: /gpfs/fs1/home/wtan10/Desktop/ECE217/project2_ws/install/ece217_project2_tan/include/ece217_project2_tan/ece217_project2_tan/srv/detail/manipulation_query__rosidl_typesupport_fastrtps_c.h
[23.464s] -- Installing: /gpfs/fs1/home/wtan10/Desktop/ECE217/project2_ws/install/ece217_project2_tan/lib/libece217_project2_tan__rosidl_typesupport_fastrtps_c.so
[23.465s] -- Set non-toolchain portion of runtime path of "/gpfs/fs1/home/wtan10/Desktop/ECE217/project2_ws/install/ece217_project2_tan/lib/libece217_project2_tan__rosidl_typesupport_fastrtps_c.so" to ""
[23.466s] -- Up-to-date: /gpfs/fs1/home/wtan10/Desktop/ECE217/project2_ws/install/ece217_project2_tan/include/ece217_project2_tan/ece217_project2_tan
[23.466s] -- Up-to-date: /gpfs/fs1/home/wtan10/Desktop/ECE217/project2_ws/install/ece217_project2_tan/include/ece217_project2_tan/ece217_project2_tan/msg
[23.466s] -- Installing: /gpfs/fs1/home/wtan10/Desktop/ECE217/project2_ws/install/ece217_project2_tan/include/ece217_project2_tan/ece217_project2_tan/msg/rosidl_generator_cpp__visibility_control.hpp
[23.466s] -- Up-to-date: /gpfs/fs1/home/wtan10/Desktop/ECE217/project2_ws/install/ece217_project2_tan/include/ece217_project2_tan/ece217_project2_tan/srv
[23.466s] -- Installing: /gpfs/fs1/home/wtan10/Desktop/ECE217/project2_ws/install/ece217_project2_tan/include/ece217_project2_tan/ece217_project2_tan/srv/manipulation_query.hpp
[23.467s] -- Up-to-date: /gpfs/fs1/home/wtan10/Desktop/ECE217/project2_ws/install/ece217_project2_tan/include/ece217_project2_tan/ece217_project2_tan/srv/detail
[23.467s] -- Installing: /gpfs/fs1/home/wtan10/Desktop/ECE217/project2_ws/install/ece217_project2_tan/include/ece217_project2_tan/ece217_project2_tan/srv/detail/manipulation_query__builder.hpp
[23.468s] -- Installing: /gpfs/fs1/home/wtan10/Desktop/ECE217/project2_ws/install/ece217_project2_tan/include/ece217_project2_tan/ece217_project2_tan/srv/detail/manipulation_query__type_support.hpp
[23.468s] -- Installing: /gpfs/fs1/home/wtan10/Desktop/ECE217/project2_ws/install/ece217_project2_tan/include/ece217_project2_tan/ece217_project2_tan/srv/detail/manipulation_query__struct.hpp
[23.469s] -- Installing: /gpfs/fs1/home/wtan10/Desktop/ECE217/project2_ws/install/ece217_project2_tan/include/ece217_project2_tan/ece217_project2_tan/srv/detail/manipulation_query__traits.hpp
[23.470s] -- Up-to-date: /gpfs/fs1/home/wtan10/Desktop/ECE217/project2_ws/install/ece217_project2_tan/include/ece217_project2_tan/ece217_project2_tan
[23.470s] -- Up-to-date: /gpfs/fs1/home/wtan10/Desktop/ECE217/project2_ws/install/ece217_project2_tan/include/ece217_project2_tan/ece217_project2_tan/msg
[23.470s] -- Installing: /gpfs/fs1/home/wtan10/Desktop/ECE217/project2_ws/install/ece217_project2_tan/include/ece217_project2_tan/ece217_project2_tan/msg/rosidl_typesupport_fastrtps_cpp__visibility_control.h
[23.470s] -- Up-to-date: /gpfs/fs1/home/wtan10/Desktop/ECE217/project2_ws/install/ece217_project2_tan/include/ece217_project2_tan/ece217_project2_tan/srv
[23.470s] -- Up-to-date: /gpfs/fs1/home/wtan10/Desktop/ECE217/project2_ws/install/ece217_project2_tan/include/ece217_project2_tan/ece217_project2_tan/srv/detail
[23.470s] -- Installing: /gpfs/fs1/home/wtan10/Desktop/ECE217/project2_ws/install/ece217_project2_tan/include/ece217_project2_tan/ece217_project2_tan/srv/detail/dds_fastrtps
[23.471s] -- Installing: /gpfs/fs1/home/wtan10/Desktop/ECE217/project2_ws/install/ece217_project2_tan/include/ece217_project2_tan/ece217_project2_tan/srv/detail/manipulation_query__rosidl_typesupport_fastrtps_cpp.hpp
[23.532s] -- Installing: /gpfs/fs1/home/wtan10/Desktop/ECE217/project2_ws/install/ece217_project2_tan/lib/libece217_project2_tan__rosidl_typesupport_fastrtps_cpp.so
[23.533s] -- Set non-toolchain portion of runtime path of "/gpfs/fs1/home/wtan10/Desktop/ECE217/project2_ws/install/ece217_project2_tan/lib/libece217_project2_tan__rosidl_typesupport_fastrtps_cpp.so" to ""
[23.534s] -- Up-to-date: /gpfs/fs1/home/wtan10/Desktop/ECE217/project2_ws/install/ece217_project2_tan/include/ece217_project2_tan/ece217_project2_tan
[23.534s] -- Up-to-date: /gpfs/fs1/home/wtan10/Desktop/ECE217/project2_ws/install/ece217_project2_tan/include/ece217_project2_tan/ece217_project2_tan/msg
[23.534s] -- Installing: /gpfs/fs1/home/wtan10/Desktop/ECE217/project2_ws/install/ece217_project2_tan/include/ece217_project2_tan/ece217_project2_tan/msg/rosidl_typesupport_introspection_c__visibility_control.h
[23.534s] -- Up-to-date: /gpfs/fs1/home/wtan10/Desktop/ECE217/project2_ws/install/ece217_project2_tan/include/ece217_project2_tan/ece217_project2_tan/srv
[23.534s] -- Up-to-date: /gpfs/fs1/home/wtan10/Desktop/ECE217/project2_ws/install/ece217_project2_tan/include/ece217_project2_tan/ece217_project2_tan/srv/detail
[23.535s] -- Installing: /gpfs/fs1/home/wtan10/Desktop/ECE217/project2_ws/install/ece217_project2_tan/include/ece217_project2_tan/ece217_project2_tan/srv/detail/manipulation_query__type_support.c
[23.646s] -- Installing: /gpfs/fs1/home/wtan10/Desktop/ECE217/project2_ws/install/ece217_project2_tan/include/ece217_project2_tan/ece217_project2_tan/srv/detail/manipulation_query__rosidl_typesupport_introspection_c.h
[23.647s] -- Installing: /gpfs/fs1/home/wtan10/Desktop/ECE217/project2_ws/install/ece217_project2_tan/lib/libece217_project2_tan__rosidl_typesupport_introspection_c.so
[23.647s] -- Set non-toolchain portion of runtime path of "/gpfs/fs1/home/wtan10/Desktop/ECE217/project2_ws/install/ece217_project2_tan/lib/libece217_project2_tan__rosidl_typesupport_introspection_c.so" to ""
[23.648s] -- Installing: /gpfs/fs1/home/wtan10/Desktop/ECE217/project2_ws/install/ece217_project2_tan/lib/libece217_project2_tan__rosidl_typesupport_c.so
[23.649s] -- Set non-toolchain portion of runtime path of "/gpfs/fs1/home/wtan10/Desktop/ECE217/project2_ws/install/ece217_project2_tan/lib/libece217_project2_tan__rosidl_typesupport_c.so" to ""
[23.649s] -- Up-to-date: /gpfs/fs1/home/wtan10/Desktop/ECE217/project2_ws/install/ece217_project2_tan/include/ece217_project2_tan/ece217_project2_tan
[23.649s] -- Up-to-date: /gpfs/fs1/home/wtan10/Desktop/ECE217/project2_ws/install/ece217_project2_tan/include/ece217_project2_tan/ece217_project2_tan/srv
[23.649s] -- Up-to-date: /gpfs/fs1/home/wtan10/Desktop/ECE217/project2_ws/install/ece217_project2_tan/include/ece217_project2_tan/ece217_project2_tan/srv/detail
[23.649s] -- Installing: /gpfs/fs1/home/wtan10/Desktop/ECE217/project2_ws/install/ece217_project2_tan/include/ece217_project2_tan/ece217_project2_tan/srv/detail/manipulation_query__rosidl_typesupport_introspection_cpp.hpp
[23.686s] -- Installing: /gpfs/fs1/home/wtan10/Desktop/ECE217/project2_ws/install/ece217_project2_tan/include/ece217_project2_tan/ece217_project2_tan/srv/detail/manipulation_query__type_support.cpp
[23.686s] -- Installing: /gpfs/fs1/home/wtan10/Desktop/ECE217/project2_ws/install/ece217_project2_tan/lib/libece217_project2_tan__rosidl_typesupport_introspection_cpp.so
[23.687s] -- Set non-toolchain portion of runtime path of "/gpfs/fs1/home/wtan10/Desktop/ECE217/project2_ws/install/ece217_project2_tan/lib/libece217_project2_tan__rosidl_typesupport_introspection_cpp.so" to ""
[23.688s] -- Installing: /gpfs/fs1/home/wtan10/Desktop/ECE217/project2_ws/install/ece217_project2_tan/lib/libece217_project2_tan__rosidl_typesupport_cpp.so
[23.688s] -- Set non-toolchain portion of runtime path of "/gpfs/fs1/home/wtan10/Desktop/ECE217/project2_ws/install/ece217_project2_tan/lib/libece217_project2_tan__rosidl_typesupport_cpp.so" to ""
[23.689s] -- Installing: /gpfs/fs1/home/wtan10/Desktop/ECE217/project2_ws/install/ece217_project2_tan/share/ece217_project2_tan/environment/pythonpath.sh
[23.689s] -- Installing: /gpfs/fs1/home/wtan10/Desktop/ECE217/project2_ws/install/ece217_project2_tan/share/ece217_project2_tan/environment/pythonpath.dsv
[23.690s] -- Installing: /gpfs/fs1/home/wtan10/Desktop/ECE217/project2_ws/install/ece217_project2_tan/lib/python3.12/site-packages/ece217_project2_tan-0.0.0-py3.12.egg-info
[23.690s] -- Installing: /gpfs/fs1/home/wtan10/Desktop/ECE217/project2_ws/install/ece217_project2_tan/lib/python3.12/site-packages/ece217_project2_tan-0.0.0-py3.12.egg-info/SOURCES.txt
[23.690s] -- Installing: /gpfs/fs1/home/wtan10/Desktop/ECE217/project2_ws/install/ece217_project2_tan/lib/python3.12/site-packages/ece217_project2_tan-0.0.0-py3.12.egg-info/PKG-INFO
[23.691s] -- Installing: /gpfs/fs1/home/wtan10/Desktop/ECE217/project2_ws/install/ece217_project2_tan/lib/python3.12/site-packages/ece217_project2_tan-0.0.0-py3.12.egg-info/dependency_links.txt
[23.691s] -- Installing: /gpfs/fs1/home/wtan10/Desktop/ECE217/project2_ws/install/ece217_project2_tan/lib/python3.12/site-packages/ece217_project2_tan-0.0.0-py3.12.egg-info/top_level.txt
[23.692s] -- Installing: /gpfs/fs1/home/wtan10/Desktop/ECE217/project2_ws/install/ece217_project2_tan/lib/python3.12/site-packages/ece217_project2_tan
[23.692s] -- Installing: /gpfs/fs1/home/wtan10/Desktop/ECE217/project2_ws/install/ece217_project2_tan/lib/python3.12/site-packages/ece217_project2_tan/_ece217_project2_tan_s.ep.rosidl_typesupport_introspection_c.c
[23.763s] -- Installing: /gpfs/fs1/home/wtan10/Desktop/ECE217/project2_ws/install/ece217_project2_tan/lib/python3.12/site-packages/ece217_project2_tan/ece217_project2_tan_s__rosidl_typesupport_c.so
[23.764s] -- Installing: /gpfs/fs1/home/wtan10/Desktop/ECE217/project2_ws/install/ece217_project2_tan/lib/python3.12/site-packages/ece217_project2_tan/__init__.py
[23.764s] -- Installing: /gpfs/fs1/home/wtan10/Desktop/ECE217/project2_ws/install/ece217_project2_tan/lib/python3.12/site-packages/ece217_project2_tan/ece217_project2_tan_s__rosidl_typesupport_introspection_c.so
[23.765s] -- Installing: /gpfs/fs1/home/wtan10/Desktop/ECE217/project2_ws/install/ece217_project2_tan/lib/python3.12/site-packages/ece217_project2_tan/_ece217_project2_tan_s.ep.rosidl_typesupport_fastrtps_c.c
[23.765s] -- Installing: /gpfs/fs1/home/wtan10/Desktop/ECE217/project2_ws/install/ece217_project2_tan/lib/python3.12/site-packages/ece217_project2_tan/srv
[23.765s] -- Installing: /gpfs/fs1/home/wtan10/Desktop/ECE217/project2_ws/install/ece217_project2_tan/lib/python3.12/site-packages/ece217_project2_tan/srv/_manipulation_query_s.c
[23.766s] -- Installing: /gpfs/fs1/home/wtan10/Desktop/ECE217/project2_ws/install/ece217_project2_tan/lib/python3.12/site-packages/ece217_project2_tan/srv/__init__.py
[23.767s] -- Installing: /gpfs/fs1/home/wtan10/Desktop/ECE217/project2_ws/install/ece217_project2_tan/lib/python3.12/site-packages/ece217_project2_tan/srv/_manipulation_query.py
[23.767s] -- Installing: /gpfs/fs1/home/wtan10/Desktop/ECE217/project2_ws/install/ece217_project2_tan/lib/python3.12/site-packages/ece217_project2_tan/ece217_project2_tan_s__rosidl_typesupport_fastrtps_c.so
[23.768s] -- Installing: /gpfs/fs1/home/wtan10/Desktop/ECE217/project2_ws/install/ece217_project2_tan/lib/python3.12/site-packages/ece217_project2_tan/_ece217_project2_tan_s.ep.rosidl_typesupport_c.c
[23.848s] Listing '/gpfs/fs1/home/wtan10/Desktop/ECE217/project2_ws/install/ece217_project2_tan/lib/python3.12/site-packages/ece217_project2_tan'...
[23.848s] Compiling '/gpfs/fs1/home/wtan10/Desktop/ECE217/project2_ws/install/ece217_project2_tan/lib/python3.12/site-packages/ece217_project2_tan/__init__.py'...
[23.848s] Listing '/gpfs/fs1/home/wtan10/Desktop/ECE217/project2_ws/install/ece217_project2_tan/lib/python3.12/site-packages/ece217_project2_tan/srv'...
[23.848s] Compiling '/gpfs/fs1/home/wtan10/Desktop/ECE217/project2_ws/install/ece217_project2_tan/lib/python3.12/site-packages/ece217_project2_tan/srv/__init__.py'...
[23.848s] Compiling '/gpfs/fs1/home/wtan10/Desktop/ECE217/project2_ws/install/ece217_project2_tan/lib/python3.12/site-packages/ece217_project2_tan/srv/_manipulation_query.py'...
[23.848s] -- Installing: /gpfs/fs1/home/wtan10/Desktop/ECE217/project2_ws/install/ece217_project2_tan/lib/python3.12/site-packages/ece217_project2_tan/ece217_project2_tan_s__rosidl_typesupport_fastrtps_c.so
[23.849s] -- Set non-toolchain portion of runtime path of "/gpfs/fs1/home/wtan10/Desktop/ECE217/project2_ws/install/ece217_project2_tan/lib/python3.12/site-packages/ece217_project2_tan/ece217_project2_tan_s__rosidl_typesupport_fastrtps_c.so" to ""
[23.849s] -- Installing: /gpfs/fs1/home/wtan10/Desktop/ECE217/project2_ws/install/ece217_project2_tan/lib/python3.12/site-packages/ece217_project2_tan/ece217_project2_tan_s__rosidl_typesupport_introspection_c.so
[23.850s] -- Set non-toolchain portion of runtime path of "/gpfs/fs1/home/wtan10/Desktop/ECE217/project2_ws/install/ece217_project2_tan/lib/python3.12/site-packages/ece217_project2_tan/ece217_project2_tan_s__rosidl_typesupport_introspection_c.so" to ""
[23.851s] -- Installing: /gpfs/fs1/home/wtan10/Desktop/ECE217/project2_ws/install/ece217_project2_tan/lib/python3.12/site-packages/ece217_project2_tan/ece217_project2_tan_s__rosidl_typesupport_c.so
[23.851s] -- Set non-toolchain portion of runtime path of "/gpfs/fs1/home/wtan10/Desktop/ECE217/project2_ws/install/ece217_project2_tan/lib/python3.12/site-packages/ece217_project2_tan/ece217_project2_tan_s__rosidl_typesupport_c.so" to ""
[23.852s] -- Installing: /gpfs/fs1/home/wtan10/Desktop/ECE217/project2_ws/install/ece217_project2_tan/lib/libece217_project2_tan__rosidl_generator_py.so
[23.852s] -- Set non-toolchain portion of runtime path of "/gpfs/fs1/home/wtan10/Desktop/ECE217/project2_ws/install/ece217_project2_tan/lib/libece217_project2_tan__rosidl_generator_py.so" to ""
[23.853s] -- Installing: /gpfs/fs1/home/wtan10/Desktop/ECE217/project2_ws/install/ece217_project2_tan/share/ece217_project2_tan/srv/ManipulationQuery.idl
[23.853s] -- Installing: /gpfs/fs1/home/wtan10/Desktop/ECE217/project2_ws/install/ece217_project2_tan/share/ece217_project2_tan/srv/ManipulationQuery.srv
[23.854s] -- Installing: /gpfs/fs1/home/wtan10/Desktop/ECE217/project2_ws/install/ece217_project2_tan/share/ament_index/resource_index/package_run_dependencies/ece217_project2_tan
[23.854s] -- Installing: /gpfs/fs1/home/wtan10/Desktop/ECE217/project2_ws/install/ece217_project2_tan/share/ament_index/resource_index/parent_prefix_path/ece217_project2_tan
[23.888s] -- Up-to-date: /gpfs/fs1/home/wtan10/Desktop/ECE217/project2_ws/install/ece217_project2_tan/share/ece217_project2_tan/environment/ament_prefix_path.sh
[23.888s] -- Up-to-date: /gpfs/fs1/home/wtan10/Desktop/ECE217/project2_ws/install/ece217_project2_tan/share/ece217_project2_tan/environment/ament_prefix_path.dsv
[23.889s] -- Up-to-date: /gpfs/fs1/home/wtan10/Desktop/ECE217/project2_ws/install/ece217_project2_tan/share/ece217_project2_tan/environment/path.sh
[23.889s] -- Up-to-date: /gpfs/fs1/home/wtan10/Desktop/ECE217/project2_ws/install/ece217_project2_tan/share/ece217_project2_tan/environment/path.dsv
[23.889s] -- Up-to-date: /gpfs/fs1/home/wtan10/Desktop/ECE217/project2_ws/install/ece217_project2_tan/share/ece217_project2_tan/local_setup.bash
[23.889s] -- Installing: /gpfs/fs1/home/wtan10/Desktop/ECE217/project2_ws/install/ece217_project2_tan/share/ece217_project2_tan/local_setup.sh
[23.890s] -- Up-to-date: /gpfs/fs1/home/wtan10/Desktop/ECE217/project2_ws/install/ece217_project2_tan/share/ece217_project2_tan/local_setup.zsh
[23.890s] -- Installing: /gpfs/fs1/home/wtan10/Desktop/ECE217/project2_ws/install/ece217_project2_tan/share/ece217_project2_tan/local_setup.dsv
[23.890s] -- Installing: /gpfs/fs1/home/wtan10/Desktop/ECE217/project2_ws/install/ece217_project2_tan/share/ece217_project2_tan/package.dsv
[23.891s] -- Up-to-date: /gpfs/fs1/home/wtan10/Desktop/ECE217/project2_ws/install/ece217_project2_tan/share/ament_index/resource_index/packages/ece217_project2_tan
[23.891s] -- Installing: /gpfs/fs1/home/wtan10/Desktop/ECE217/project2_ws/install/ece217_project2_tan/share/ece217_project2_tan/cmake/export_ece217_project2_tan__rosidl_generator_cExport.cmake
[23.892s] -- Installing: /gpfs/fs1/home/wtan10/Desktop/ECE217/project2_ws/install/ece217_project2_tan/share/ece217_project2_tan/cmake/export_ece217_project2_tan__rosidl_generator_cExport-noconfig.cmake
[23.892s] -- Installing: /gpfs/fs1/home/wtan10/Desktop/ECE217/project2_ws/install/ece217_project2_tan/share/ece217_project2_tan/cmake/export_ece217_project2_tan__rosidl_typesupport_fastrtps_cExport.cmake
[23.893s] -- Installing: /gpfs/fs1/home/wtan10/Desktop/ECE217/project2_ws/install/ece217_project2_tan/share/ece217_project2_tan/cmake/export_ece217_project2_tan__rosidl_typesupport_fastrtps_cExport-noconfig.cmake
[23.894s] -- Installing: /gpfs/fs1/home/wtan10/Desktop/ECE217/project2_ws/install/ece217_project2_tan/share/ece217_project2_tan/cmake/export_ece217_project2_tan__rosidl_generator_cppExport.cmake
[23.894s] -- Installing: /gpfs/fs1/home/wtan10/Desktop/ECE217/project2_ws/install/ece217_project2_tan/share/ece217_project2_tan/cmake/export_ece217_project2_tan__rosidl_typesupport_fastrtps_cppExport.cmake
[23.895s] -- Installing: /gpfs/fs1/home/wtan10/Desktop/ECE217/project2_ws/install/ece217_project2_tan/share/ece217_project2_tan/cmake/export_ece217_project2_tan__rosidl_typesupport_fastrtps_cppExport-noconfig.cmake
[23.989s] -- Installing: /gpfs/fs1/home/wtan10/Desktop/ECE217/project2_ws/install/ece217_project2_tan/share/ece217_project2_tan/cmake/ece217_project2_tan__rosidl_typesupport_introspection_cExport.cmake
[23.990s] -- Installing: /gpfs/fs1/home/wtan10/Desktop/ECE217/project2_ws/install/ece217_project2_tan/share/ece217_project2_tan/cmake/ece217_project2_tan__rosidl_typesupport_introspection_cExport-noconfig.cmake
[23.990s] -- Installing: /gpfs/fs1/home/wtan10/Desktop/ECE217/project2_ws/install/ece217_project2_tan/share/ece217_project2_tan/cmake/ece217_project2_tan__rosidl_typesupport_cExport.cmake
[23.991s] -- Installing: /gpfs/fs1/home/wtan10/Desktop/ECE217/project2_ws/install/ece217_project2_tan/share/ece217_project2_tan/cmake/ece217_project2_tan__rosidl_typesupport_cExport-noconfig.cmake
[23.992s] -- Installing: /gpfs/fs1/home/wtan10/Desktop/ECE217/project2_ws/install/ece217_project2_tan/share/ece217_project2_tan/cmake/ece217_project2_tan__rosidl_typesupport_introspection_cppExport.cmake
[23.992s] -- Installing: /gpfs/fs1/home/wtan10/Desktop/ECE217/project2_ws/install/ece217_project2_tan/share/ece217_project2_tan/cmake/ece217_project2_tan__rosidl_typesupport_introspection_cppExport-noconfig.cmake
[23.993s] -- Installing: /gpfs/fs1/home/wtan10/Desktop/ECE217/project2_ws/install/ece217_project2_tan/share/ece217_project2_tan/cmake/ece217_project2_tan__rosidl_typesupport_cppExport.cmake
[23.993s] -- Installing: /gpfs/fs1/home/wtan10/Desktop/ECE217/project2_ws/install/ece217_project2_tan/share/ece217_project2_tan/cmake/ece217_project2_tan__rosidl_typesupport_cppExport-noconfig.cmake
[23.995s] -- Installing: /gpfs/fs1/home/wtan10/Desktop/ECE217/project2_ws/install/ece217_project2_tan/share/ece217_project2_tan/cmake/export_ece217_project2_tan__rosidl_generator_pyExport.cmake
[23.996s] -- Installing: /gpfs/fs1/home/wtan10/Desktop/ECE217/project2_ws/install/ece217_project2_tan/share/ece217_project2_tan/cmake/export_ece217_project2_tan__rosidl_generator_pyExport-noconfig.cmake
[23.996s] -- Installing: /gpfs/fs1/home/wtan10/Desktop/ECE217/project2_ws/install/ece217_project2_tan/share/ece217_project2_tan/cmake/rosidl_cmake-extras.cmake
[23.997s] -- Installing: /gpfs/fs1/home/wtan10/Desktop/ECE217/project2_ws/install/ece217_project2_tan/share/ece217_project2_tan/cmake/ament_cmake_export_dependencies-extras.cmake
[23.998s] -- Installing: /gpfs/fs1/home/wtan10/Desktop/ECE217/project2_ws/install/ece217_project2_tan/share/ece217_project2_tan/cmake/ament_cmake_export_include_directories-extras.cmake
[23.998s] -- Installing: /gpfs/fs1/home/wtan10/Desktop/ECE217/project2_ws/install/ece217_project2_tan/share/ece217_project2_tan/cmake/ament_cmake_export_libraries-extras.cmake
[23.999s] -- Installing: /gpfs/fs1/home/wtan10/Desktop/ECE217/project2_ws/install/ece217_project2_tan/share/ece217_project2_tan/cmake/ament_cmake_export_targets-extras.cmake
[23.999s] -- Installing: /gpfs/fs1/home/wtan10/Desktop/ECE217/project2_ws/install/ece217_project2_tan/share/ece217_project2_tan/cmake/rosidl_cmake_export_typesupport_targets-extras.cmake
[24.000s] -- Installing: /gpfs/fs1/home/wtan10/Desktop/ECE217/project2_ws/install/ece217_project2_tan/share/ece217_project2_tan/cmake/rosidl_cmake_export_typesupport_libraries-extras.cmake
[24.001s] -- Installing: /gpfs/fs1/home/wtan10/Desktop/ECE217/project2_ws/install/ece217_project2_tan/share/ece217_project2_tan/cmake/ece217_project2_tanConfig.cmake
[24.001s] -- Up-to-date: /gpfs/fs1/home/wtan10/Desktop/ECE217/project2_ws/install/ece217_project2_tan/share/ece217_project2_tan/cmake/ece217_project2_tanConfig-version.cmake
[24.001s] -- Installing: /gpfs/fs1/home/wtan10/Desktop/ECE217/project2_ws/install/ece217_project2_tan/share/ece217_project2_tan/package.xml
[24.003s] Invoked command in '/gpfs/fs1/home/wtan10/Desktop/ECE217/project2_ws/build/ece217_project2_tan' returned '0': CONDA_PROMPT_MODIFIER=(ros2_env) _=/usr/bin/env /gpfs/fs1/sfw3/rhel9-x86_64/miniforge3/25.11.0-1/envs/ros2_env/bin/cmake --install /gpfs/fs1/home/wtan10/Desktop/ECE217/project2_ws/build/ece217_project2_tan
