[  2%] Built target ece217_project2_tan__rosidl_generator_type_description
[  5%] Built target ece217_project2_tan__cpp
[ 18%] Built target ece217_project2_tan__rosidl_generator_c
[ 18%] Built target ament_cmake_python_copy_ece217_project2_tan
[ 26%] Built target ece217_project2_tan__rosidl_typesupport_cpp
[ 39%] Built target ece217_project2_tan__rosidl_typesupport_fastrtps_c
[ 42%] Built target ece217_project2_tan__rosidl_typesupport_fastrtps_cpp
[ 50%] Built target ece217_project2_tan__rosidl_typesupport_introspection_c
[ 57%] Built target ece217_project2_tan__rosidl_typesupport_c
[ 65%] Built target ece217_project2_tan__rosidl_typesupport_introspection_cpp
[ 68%] [32mBuilding CXX object CMakeFiles/project2-client.dir/src/project2-client.cpp.o[0m
running egg_info
writing ece217_project2_tan.egg-info/PKG-INFO
writing dependency_links to ece217_project2_tan.egg-info/dependency_links.txt
writing top-level names to ece217_project2_tan.egg-info/top_level.txt
reading manifest file 'ece217_project2_tan.egg-info/SOURCES.txt'
writing manifest file 'ece217_project2_tan.egg-info/SOURCES.txt'
[ 68%] Built target ament_cmake_python_build_ece217_project2_tan_egg
[ 73%] Built target project2-server
[ 73%] Built target ece217_project2_tan
[ 76%] [1m[34mGenerating Python code for ROS interfaces[0m
[ 76%] Built target ece217_project2_tan__py
[ 78%] [32mBuilding C object CMakeFiles/ece217_project2_tan__rosidl_generator_py.dir/rosidl_generator_py/ece217_project2_tan/srv/_manipulation_query_s.c.o[0m
[ 81%] [1m[32mLinking C shared library libece217_project2_tan__rosidl_generator_py.so[0m
[ 81%] Built target ece217_project2_tan__rosidl_generator_py
[ 84%] [32mBuilding C object CMakeFiles/ece217_project2_tan_s__rosidl_typesupport_fastrtps_c.dir/rosidl_generator_py/ece217_project2_tan/_ece217_project2_tan_s.ep.rosidl_typesupport_fastrtps_c.c.o[0m
[ 86%] [1m[32mLinking C shared module rosidl_generator_py/ece217_project2_tan/ece217_project2_tan_s__rosidl_typesupport_fastrtps_c.so[0m
[ 86%] Built target ece217_project2_tan_s__rosidl_typesupport_fastrtps_c
[ 89%] [32mBuilding C object CMakeFiles/ece217_project2_tan_s__rosidl_typesupport_introspection_c.dir/rosidl_generator_py/ece217_project2_tan/_ece217_project2_tan_s.ep.rosidl_typesupport_introspection_c.c.o[0m
[ 92%] [1m[32mLinking C shared module rosidl_generator_py/ece217_project2_tan/ece217_project2_tan_s__rosidl_typesupport_introspection_c.so[0m
[ 92%] Built target ece217_project2_tan_s__rosidl_typesupport_introspection_c
[ 94%] [32mBuilding C object CMakeFiles/ece217_project2_tan_s__rosidl_typesupport_c.dir/rosidl_generator_py/ece217_project2_tan/_ece217_project2_tan_s.ep.rosidl_typesupport_c.c.o[0m
[ 97%] [1m[32mLinking C shared module rosidl_generator_py/ece217_project2_tan/ece217_project2_tan_s__rosidl_typesupport_c.so[0m
[ 97%] Built target ece217_project2_tan_s__rosidl_typesupport_c
