[0.048s] Invoking command in '/gpfs/fs1/home/wtan10/Desktop/ECE217/project2_ws/build/ece217_project2_tan': CONDA_PROMPT_MODIFIER=(ros2_env) _=/usr/bin/env /gpfs/fs1/sfw3/rhel9-x86_64/miniforge3/25.11.0-1/envs/ros2_env/bin/cmake --build /gpfs/fs1/home/wtan10/Desktop/ECE217/project2_ws/build/ece217_project2_tan -- -j1 -l1
[1.373s] [  2%] Built target ece217_project2_tan__rosidl_generator_type_description
[1.484s] [  4%] Built target ece217_project2_tan__cpp
[1.708s] [ 17%] Built target ece217_project2_tan__rosidl_generator_c
[1.787s] [ 24%] Built target ece217_project2_tan__rosidl_typesupport_cpp
[1.867s] [ 31%] Built target ece217_project2_tan__rosidl_typesupport_fastrtps_c
[1.897s] [ 39%] Built target ece217_project2_tan__rosidl_typesupport_fastrtps_cpp
[1.927s] [ 46%] Built target ece217_project2_tan__rosidl_typesupport_introspection_c
[1.956s] [ 53%] Built target ece217_project2_tan__rosidl_typesupport_c
[2.013s] [ 60%] Built target ece217_project2_tan__rosidl_typesupport_introspection_cpp
[2.035s] [ 60%] Built target ece217_project2_tan
[2.071s] [ 60%] Built target ament_cmake_python_copy_ece217_project2_tan
[2.369s] running egg_info
[2.398s] writing ece217_project2_tan.egg-info/PKG-INFO
[2.399s] writing dependency_links to ece217_project2_tan.egg-info/dependency_links.txt
[2.399s] writing top-level names to ece217_project2_tan.egg-info/top_level.txt
[2.478s] reading manifest file 'ece217_project2_tan.egg-info/SOURCES.txt'
[2.479s] writing manifest file 'ece217_project2_tan.egg-info/SOURCES.txt'
[2.508s] [ 60%] Built target ament_cmake_python_build_ece217_project2_tan_egg
[2.536s] [ 63%] Built target ece217_project2_tan__py
[2.613s] [ 68%] Built target ece217_project2_tan__rosidl_generator_py
[2.638s] [ 73%] Built target ece217_project2_tan_s__rosidl_typesupport_fastrtps_c
[2.663s] [ 78%] Built target ece217_project2_tan_s__rosidl_typesupport_introspection_c
[2.690s] [ 82%] Built target ece217_project2_tan_s__rosidl_typesupport_c
[2.834s] [ 87%] Built target project2-client
[2.917s] [ 95%] Built target project2-server
[2.988s] [ 97%] [32mBuilding CXX object CMakeFiles/joint-state-publisher.dir/src/joint-state-publisher.cpp.o[0m
[5.626s] [01m[K/gpfs/fs1/home/wtan10/Desktop/ECE217/project2_ws/src/ece217_project2_tan/src/joint-state-publisher.cpp:87:13:[m[K [01;31m[Kerror: [m[K'[01m[KSubscriber[m[K' in namespace '[01m[Krclcpp[m[K' does not name a template type
[5.626s]    87 |     rclcpp::[01;31m[KSubscriber[m[K< sensor_msgs::msg::JointState >::SharedPtr new_joint_angles_subscriber;
[5.626s]       |             [01;31m[K^~~~~~~~~~[m[K
[5.648s] [01m[K/gpfs/fs1/home/wtan10/Desktop/ECE217/project2_ws/src/ece217_project2_tan/src/joint-state-publisher.cpp:[m[K In constructor '[01m[KRobotJointStatePublisher::[01;32m[KRobotJointStatePublisher[m[K()[m[K':
[5.649s] [01m[K/gpfs/fs1/home/wtan10/Desktop/ECE217/project2_ws/src/ece217_project2_tan/src/joint-state-publisher.cpp:27:7:[m[K [01;31m[Kerror: [m[K'[01m[Knew_joint_angles_subscriber[m[K' was not declared in this scope
[5.649s]    27 |       [01;31m[Knew_joint_angles_subscriber[m[K = this->create_subscription<sensor_msgs::msg::JointState>("new_joint_anlges",1,std::bind(&RobotJointStatePublisher::subscriber_callback, this, std::placeholders::_1);
[5.649s]       |       [01;31m[K^~~~~~~~~~~~~~~~~~~~~~~~~~~[m[K
[5.652s] [01m[K/gpfs/fs1/home/wtan10/Desktop/ECE217/project2_ws/src/ece217_project2_tan/src/joint-state-publisher.cpp:27:200:[m[K [01;31m[Kerror: [m[Kexpected '[01m[K)[m[K' before '[01m[K;[m[K' token
[5.652s]    27 | 1,std::bind(&RobotJointStatePublisher::subscriber_callback, this, std::placeholders::_1)[01;31m[K;[m[K
[5.652s]       |                                                                                         [01;31m[K^[m[K
[5.652s] 
[5.652s] [01m[K/gpfs/fs1/home/wtan10/Desktop/ECE217/project2_ws/src/ece217_project2_tan/src/joint-state-publisher.cpp:27:92:[m[K [01;36m[Knote: [m[Kto match this '[01m[K([m[K'
[5.653s]    27 | nt_angles_subscriber = this->create_subscription<sensor_msgs::msg::JointState>[01;36m[K([m[K"new_joint_anlges",1,std::bind(&RobotJointStatePublisher::subscriber_callback, this, std::placeholders::_1);
[5.653s]       |                                                                               [01;36m[K^[m[K
[5.653s] 
[7.114s] gmake[2]: *** [CMakeFiles/joint-state-publisher.dir/build.make:79: CMakeFiles/joint-state-publisher.dir/src/joint-state-publisher.cpp.o] Error 1
[7.116s] gmake[1]: *** [CMakeFiles/Makefile2:842: CMakeFiles/joint-state-publisher.dir/all] Error 2
[7.116s] gmake: *** [Makefile:146: all] Error 2
[7.116s] Invoked command in '/gpfs/fs1/home/wtan10/Desktop/ECE217/project2_ws/build/ece217_project2_tan' returned '2': CONDA_PROMPT_MODIFIER=(ros2_env) _=/usr/bin/env /gpfs/fs1/sfw3/rhel9-x86_64/miniforge3/25.11.0-1/envs/ros2_env/bin/cmake --build /gpfs/fs1/home/wtan10/Desktop/ECE217/project2_ws/build/ece217_project2_tan -- -j1 -l1
