[0.018s] Invoking command in '/gpfs/fs1/home/wtan10/Desktop/ECE217/project2_ws/build/ece217_project2_tan': CONDA_PROMPT_MODIFIER=(ros2_env) _=/usr/bin/env /gpfs/fs1/sfw3/rhel9-x86_64/miniforge3/25.11.0-1/envs/ros2_env/bin/cmake --build /gpfs/fs1/home/wtan10/Desktop/ECE217/project2_ws/build/ece217_project2_tan -- -j2 -l2
[0.217s] [  2%] Built target ament_cmake_python_copy_ece217_project2_tan
[0.217s] [  2%] Built target ece217_project2_tan__rosidl_generator_type_description
[0.386s] [  7%] Built target ece217_project2_tan__cpp
[0.736s] [ 18%] Built target ece217_project2_tan__rosidl_generator_c
[0.752s] running egg_info
[0.785s] writing ece217_project2_tan.egg-info/PKG-INFO
[0.814s] [ 26%] Built target ece217_project2_tan__rosidl_typesupport_cpp
[0.834s] writing dependency_links to ece217_project2_tan.egg-info/dependency_links.txt
[0.834s] writing top-level names to ece217_project2_tan.egg-info/top_level.txt
[0.843s] [ 34%] Built target ece217_project2_tan__rosidl_typesupport_fastrtps_c
[0.873s] [ 42%] Built target ece217_project2_tan__rosidl_typesupport_fastrtps_cpp
[0.899s] [ 50%] Built target ece217_project2_tan__rosidl_typesupport_introspection_c
[0.926s] [ 57%] Built target ece217_project2_tan__rosidl_typesupport_c
[0.939s] reading manifest file 'ece217_project2_tan.egg-info/SOURCES.txt'
[0.940s] writing manifest file 'ece217_project2_tan.egg-info/SOURCES.txt'
[0.955s] [ 65%] Built target ece217_project2_tan__rosidl_typesupport_introspection_cpp
[0.974s] [ 65%] Built target ament_cmake_python_build_ece217_project2_tan_egg
[0.995s] [ 71%] Built target project2-client
[1.012s] [ 73%] [32mBuilding CXX object CMakeFiles/project2-server.dir/src/project2-server.cpp.o[0m
[1.020s] [ 73%] Built target ece217_project2_tan
[1.049s] [ 76%] Built target ece217_project2_tan__py
[1.083s] [ 81%] Built target ece217_project2_tan__rosidl_generator_py
[1.116s] [ 84%] [32mBuilding C object CMakeFiles/ece217_project2_tan_s__rosidl_typesupport_fastrtps_c.dir/rosidl_generator_py/ece217_project2_tan/_ece217_project2_tan_s.ep.rosidl_typesupport_fastrtps_c.c.o[0m
[1.331s] [ 86%] [1m[32mLinking C shared module rosidl_generator_py/ece217_project2_tan/ece217_project2_tan_s__rosidl_typesupport_fastrtps_c.so[0m
[1.377s] [ 86%] Built target ece217_project2_tan_s__rosidl_typesupport_fastrtps_c
[1.424s] [ 89%] [32mBuilding C object CMakeFiles/ece217_project2_tan_s__rosidl_typesupport_introspection_c.dir/rosidl_generator_py/ece217_project2_tan/_ece217_project2_tan_s.ep.rosidl_typesupport_introspection_c.c.o[0m
[1.632s] [ 92%] [1m[32mLinking C shared module rosidl_generator_py/ece217_project2_tan/ece217_project2_tan_s__rosidl_typesupport_introspection_c.so[0m
[1.675s] [ 92%] Built target ece217_project2_tan_s__rosidl_typesupport_introspection_c
[1.707s] [ 94%] [32mBuilding C object CMakeFiles/ece217_project2_tan_s__rosidl_typesupport_c.dir/rosidl_generator_py/ece217_project2_tan/_ece217_project2_tan_s.ep.rosidl_typesupport_c.c.o[0m
[1.733s] [01m[K/gpfs/fs1/home/wtan10/Desktop/ECE217/project2_ws/src/ece217_project2_tan/src/project2-server.cpp:5:10:[m[K [01;31m[Kfatal error: [m[Kproject2-server.h: No such file or directory
[1.733s]     5 | #include [01;31m[K"project2-server.h"[m[K
[1.733s]       |          [01;31m[K^~~~~~~~~~~~~~~~~~~[m[K
[1.733s] compilation terminated.
[1.737s] gmake[2]: *** [CMakeFiles/project2-server.dir/build.make:79: CMakeFiles/project2-server.dir/src/project2-server.cpp.o] Error 1
[1.737s] gmake[1]: *** [CMakeFiles/Makefile2:805: CMakeFiles/project2-server.dir/all] Error 2
[1.737s] gmake[1]: *** Waiting for unfinished jobs....
[1.943s] [ 97%] [1m[32mLinking C shared module rosidl_generator_py/ece217_project2_tan/ece217_project2_tan_s__rosidl_typesupport_c.so[0m
[1.984s] [ 97%] Built target ece217_project2_tan_s__rosidl_typesupport_c
[1.986s] gmake: *** [Makefile:146: all] Error 2
[1.987s] Invoked command in '/gpfs/fs1/home/wtan10/Desktop/ECE217/project2_ws/build/ece217_project2_tan' returned '2': CONDA_PROMPT_MODIFIER=(ros2_env) _=/usr/bin/env /gpfs/fs1/sfw3/rhel9-x86_64/miniforge3/25.11.0-1/envs/ros2_env/bin/cmake --build /gpfs/fs1/home/wtan10/Desktop/ECE217/project2_ws/build/ece217_project2_tan -- -j2 -l2
