[0mCMake Deprecation Warning at CMakeLists.txt:1 (cmake_minimum_required):
  Compatibility with CMake < 3.10 will be removed from a future version of
  CMake.

  Update the VERSION argument <min> value.  Or, use the <min>...<max> syntax
  to tell CMake that the project requires at least <min> but has been updated
  to work with policies introduced by <max> or earlier.

[0m
-- Found ament_cmake: 2.5.4 (/gpfs/fs1/sfw3/rhel9-x86_64/miniforge3/25.11.0-1/envs/ros2_env/share/ament_cmake/cmake)
-- Found Python3: /gpfs/fs1/sfw3/rhel9-x86_64/miniforge3/25.11.0-1/envs/ros2_env/bin/python3 (found version "3.12.12") found components: Interpreter
-- Found rclcpp: 28.1.15 (/gpfs/fs1/sfw3/rhel9-x86_64/miniforge3/25.11.0-1/envs/ros2_env/share/rclcpp/cmake)
-- Found rosidl_generator_c: 4.6.7 (/gpfs/fs1/sfw3/rhel9-x86_64/miniforge3/25.11.0-1/envs/ros2_env/share/rosidl_generator_c/cmake)
-- Found rosidl_generator_cpp: 4.6.7 (/gpfs/fs1/sfw3/rhel9-x86_64/miniforge3/25.11.0-1/envs/ros2_env/share/rosidl_generator_cpp/cmake)
-- Using all available rosidl_typesupport_c: rosidl_typesupport_fastrtps_c;rosidl_typesupport_introspection_c
-- Using all available rosidl_typesupport_cpp: rosidl_typesupport_fastrtps_cpp;rosidl_typesupport_introspection_cpp
-- Found rmw_implementation_cmake: 7.3.2 (/gpfs/fs1/sfw3/rhel9-x86_64/miniforge3/25.11.0-1/envs/ros2_env/share/rmw_implementation_cmake/cmake)
-- Found rmw_fastrtps_cpp: 8.4.3 (/gpfs/fs1/sfw3/rhel9-x86_64/miniforge3/25.11.0-1/envs/ros2_env/share/rmw_fastrtps_cpp/cmake)
-- Using RMW implementation 'rmw_fastrtps_cpp' as default
-- Found geometry_msgs: 5.3.6 (/gpfs/fs1/sfw3/rhel9-x86_64/miniforge3/25.11.0-1/envs/ros2_env/share/geometry_msgs/cmake)
[33mCMake Warning (dev) at CMakeLists.txt:12 (find_package):
  Policy CMP0167 is not set: The FindBoost module is removed.  Run "cmake
  --help-policy CMP0167" for policy details.  Use the cmake_policy command to
  set the policy and suppress this warning.

This warning is for project developers.  Use -Wno-dev to suppress it.
[0m
-- Found rosidl_default_generators: 1.6.0 (/gpfs/fs1/sfw3/rhel9-x86_64/miniforge3/25.11.0-1/envs/ros2_env/share/rosidl_default_generators/cmake)
-- Found rosidl_adapter: 4.6.7 (/gpfs/fs1/sfw3/rhel9-x86_64/miniforge3/25.11.0-1/envs/ros2_env/share/rosidl_adapter/cmake)
-- Found nav_msgs: 5.3.6 (/gpfs/fs1/sfw3/rhel9-x86_64/miniforge3/25.11.0-1/envs/ros2_env/share/nav_msgs/cmake)
-- Found pluginlib: 5.4.4 (/gpfs/fs1/sfw3/rhel9-x86_64/miniforge3/25.11.0-1/envs/ros2_env/share/pluginlib/cmake)
-- Found visualization_msgs: 5.3.6 (/gpfs/fs1/sfw3/rhel9-x86_64/miniforge3/25.11.0-1/envs/ros2_env/share/visualization_msgs/cmake)
-- Found tf2_ros: 0.36.18 (/gpfs/fs1/sfw3/rhel9-x86_64/miniforge3/25.11.0-1/envs/ros2_env/share/tf2_ros/cmake)
-- Found tf2_geometry_msgs: 0.36.18 (/gpfs/fs1/sfw3/rhel9-x86_64/miniforge3/25.11.0-1/envs/ros2_env/share/tf2_geometry_msgs/cmake)
-- Found eigen3_cmake_module: 0.3.0 (/gpfs/fs1/sfw3/rhel9-x86_64/miniforge3/25.11.0-1/envs/ros2_env/share/eigen3_cmake_module/cmake)
-- Ensuring Eigen3 include directory is part of orocos-kdl CMake target
-- Found ament_cmake_ros: 0.12.0 (/gpfs/fs1/sfw3/rhel9-x86_64/miniforge3/25.11.0-1/envs/ros2_env/share/ament_cmake_ros/cmake)
-- Using all available rosidl_typesupport_c: rosidl_typesupport_fastrtps_c;rosidl_typesupport_introspection_c
-- Using all available rosidl_typesupport_cpp: rosidl_typesupport_fastrtps_cpp;rosidl_typesupport_introspection_cpp
-- Found python_cmake_module: 0.11.1 (/gpfs/fs1/sfw3/rhel9-x86_64/miniforge3/25.11.0-1/envs/ros2_env/share/python_cmake_module/cmake)
-- Found Python3: /gpfs/fs1/sfw3/rhel9-x86_64/miniforge3/25.11.0-1/envs/ros2_env/bin/python3 (found version "3.12.12") found components: Interpreter Development NumPy Development.Module Development.Embed
-- Found ament_lint_auto: 0.17.3 (/gpfs/fs1/sfw3/rhel9-x86_64/miniforge3/25.11.0-1/envs/ros2_env/share/ament_lint_auto/cmake)
-- Added test 'cppcheck' to perform static code analysis on C / C++ code
-- Configured cppcheck include dirs: /gpfs/fs1/home/wtan10/Desktop/ECE217/project2_ws/src/ece217_project2_tan/include;$<BUILD_INTERFACE:/gpfs/fs1/home/wtan10/Desktop/ECE217/project2_ws/src/ece217_project2_tan/include>
-- Configured cppcheck exclude dirs and/or files: 
-- Added test 'lint_cmake' to check CMake code style
-- Added test 'uncrustify' to check C / C++ code style
-- Configured uncrustify additional arguments: 
-- Added test 'xmllint' to check XML markup files
-- Configuring done (4.9s)
-- Generating done (0.9s)
-- Build files have been written to: /gpfs/fs1/home/wtan10/Desktop/ECE217/project2_ws/build/ece217_project2_tan
[  2%] Built target ece217_project2_tan__rosidl_generator_type_description
[  4%] Built target ece217_project2_tan__cpp
[  4%] Built target ament_cmake_python_copy_ece217_project2_tan
[ 17%] Built target ece217_project2_tan__rosidl_generator_c
[ 24%] Built target ece217_project2_tan__rosidl_typesupport_cpp
[ 31%] Built target ece217_project2_tan__rosidl_typesupport_fastrtps_c
[ 39%] Built target ece217_project2_tan__rosidl_typesupport_fastrtps_cpp
running egg_info
[ 46%] Built target ece217_project2_tan__rosidl_typesupport_introspection_c
writing ece217_project2_tan.egg-info/PKG-INFO
writing dependency_links to ece217_project2_tan.egg-info/dependency_links.txt
writing top-level names to ece217_project2_tan.egg-info/top_level.txt
[ 53%] Built target ece217_project2_tan__rosidl_typesupport_c
reading manifest file 'ece217_project2_tan.egg-info/SOURCES.txt'
writing manifest file 'ece217_project2_tan.egg-info/SOURCES.txt'
[ 53%] Built target ament_cmake_python_build_ece217_project2_tan_egg
[ 60%] Built target ece217_project2_tan__rosidl_typesupport_introspection_cpp
[ 65%] Built target project2-client
[ 68%] [32mBuilding CXX object CMakeFiles/project2-server.dir/src/kinematic_control.cpp.o[0m
[ 73%] Built target joint-state-publisher
[ 73%] Built target ece217_project2_tan
[ 75%] Built target ece217_project2_tan__py
[ 80%] Built target ece217_project2_tan__rosidl_generator_py
[ 85%] Built target ece217_project2_tan_s__rosidl_typesupport_fastrtps_c
[ 90%] Built target ece217_project2_tan_s__rosidl_typesupport_introspection_c
[ 95%] Built target ece217_project2_tan_s__rosidl_typesupport_c
[ 97%] [32mBuilding CXX object CMakeFiles/project2-server.dir/src/project2-server.cpp.o[0m
[01m[K/gpfs/fs1/home/wtan10/Desktop/ECE217/project2_ws/src/ece217_project2_tan/src/kinematic_control.cpp:[m[K In function '[01m[Kstd::pair<bool, Eigen::Matrix<double, -1, 1> >[01;32m[K kinematic[m[K(double, double, double, double, double, double, double, double, double, double, double, double, double)[m[K':
[01m[K/gpfs/fs1/home/wtan10/Desktop/ECE217/project2_ws/src/ece217_project2_tan/src/kinematic_control.cpp:70:193:[m[K [01;31m[Kerror: [m[K'[01m[Kw_x[m[K' was not declared in this scope; did you mean '[01m[Kq_x[m[K'?
   70 |         if( (fabs(p(0) - goal_x) < e) && (fabs(p(1) - goal_y) < e) && (fabs(p(2) - goal_z) < e) && (fabs(q.x() - q_x) < e) && (fabs(q.y() - q_y) < e) &&(fabs(q.z() - q_z) < e) &&(fabs(q.w() - [01;31m[Kw_x[m[K) < e) ){
      |                                                                                                                                                                                                 [01;31m[K^~~[m[K
      |                                                                                                                                                                                                 [32m[Kq_x[m[K
gmake[2]: *** [CMakeFiles/project2-server.dir/build.make:93: CMakeFiles/project2-server.dir/src/kinematic_control.cpp.o] Error 1
gmake[2]: *** Waiting for unfinished jobs....
[01m[K/gpfs/fs1/home/wtan10/Desktop/ECE217/project2_ws/src/ece217_project2_tan/src/project2-server.cpp:[m[K In member function '[01m[Kvoid ManipulationService::[01;32m[Kgenerate_manipulation[m[K(std::shared_ptr<ece217_project2_tan::srv::ManipulationQuery_Request_<std::allocator<void> > >, std::shared_ptr<ece217_project2_tan::srv::ManipulationQuery_Response_<std::allocator<void> > >)[m[K':
[01m[K/gpfs/fs1/home/wtan10/Desktop/ECE217/project2_ws/src/ece217_project2_tan/src/project2-server.cpp:35:5:[m[K [01;31m[Kerror: [m[K'[01m[KEigenVectorXd[m[K' was not declared in this scope
   35 |     [01;31m[KEigenVectorXd[m[K new_joint_anlges(6);
      |     [01;31m[K^~~~~~~~~~~~~[m[K
[01m[K/gpfs/fs1/home/wtan10/Desktop/ECE217/project2_ws/src/ece217_project2_tan/src/project2-server.cpp:51:16:[m[K [01;31m[Kerror: [m[Kmissing template arguments before '[01m[K{[m[K' token
   51 |       std::pair[01;31m[K{[m[Kbool,Eigen::VectorXd} [check,new_joint_angles] = kinematic((double)new_joint_angles[0],
      |                [01;31m[K^[m[K
[01m[K/gpfs/fs1/home/wtan10/Desktop/ECE217/project2_ws/src/ece217_project2_tan/src/project2-server.cpp:[m[K In lambda function:
[01m[K/gpfs/fs1/home/wtan10/Desktop/ECE217/project2_ws/src/ece217_project2_tan/src/project2-server.cpp:51:64:[m[K [01;31m[Kerror: [m[Kexpected '[01m[K{[m[K' before '[01m[K=[m[K' token
   51 |       std::pair{bool,Eigen::VectorXd} [check,new_joint_angles] [01;31m[K=[m[K kinematic((double)new_joint_angles[0],
      |                                                                [01;31m[K^[m[K
[01m[K/gpfs/fs1/home/wtan10/Desktop/ECE217/project2_ws/src/ece217_project2_tan/src/project2-server.cpp:[m[K In member function '[01m[Kvoid ManipulationService::[01;32m[Kgenerate_manipulation[m[K(std::shared_ptr<ece217_project2_tan::srv::ManipulationQuery_Request_<std::allocator<void> > >, std::shared_ptr<ece217_project2_tan::srv::ManipulationQuery_Response_<std::allocator<void> > >)[m[K':
[01m[K/gpfs/fs1/home/wtan10/Desktop/ECE217/project2_ws/src/ece217_project2_tan/src/project2-server.cpp:63:61:[m[K [01;31m[Kerror: [m[Kno match for '[01m[Koperator=[m[K' (operand types are '[01m[KManipulationService::generate_manipulation(std::shared_ptr<ece217_project2_tan::srv::ManipulationQuery_Request_<std::allocator<void> > >, std::shared_ptr<ece217_project2_tan::srv::ManipulationQuery_Response_<std::allocator<void> > >)::<lambda()>[m[K' and '[01m[Kstd::pair<bool, Eigen::Matrix<double, -1, 1> >[m[K')
   63 |                                  request->goal.orientation.w[01;31m[K)[m[K;
      |                                                             [01;31m[K^[m[K
[01m[K/gpfs/fs1/home/wtan10/Desktop/ECE217/project2_ws/src/ece217_project2_tan/src/project2-server.cpp:51:62:[m[K [01;36m[Knote: [m[Kcandidate: '[01m[KManipulationService::generate_manipulation(std::shared_ptr<ece217_project2_tan::srv::ManipulationQuery_Request_<std::allocator<void> > >, std::shared_ptr<ece217_project2_tan::srv::ManipulationQuery_Response_<std::allocator<void> > >)::<lambda()>& ManipulationService::generate_manipulation(std::shared_ptr<ece217_project2_tan::srv::ManipulationQuery_Request_<std::allocator<void> > >, std::shared_ptr<ece217_project2_tan::srv::ManipulationQuery_Response_<std::allocator<void> > >)::<lambda()>::[01;32m[Koperator=[m[K(const ManipulationService::generate_manipulation(std::shared_ptr<ece217_project2_tan::srv::ManipulationQuery_Request_<std::allocator<void> > >, std::shared_ptr<ece217_project2_tan::srv::ManipulationQuery_Response_<std::allocator<void> > >)::<lambda()>&)[m[K' (deleted)
   51 |       std::pair{bool,Eigen::VectorXd} [check,new_joint_angles[01;36m[K][m[K = kinematic((double)new_joint_angles[0],
      |                                                              [01;36m[K^[m[K
[01m[K/gpfs/fs1/home/wtan10/Desktop/ECE217/project2_ws/src/ece217_project2_tan/src/project2-server.cpp:51:62:[m[K [01;36m[Knote: [m[K  no known conversion for argument 1 from '[01m[Kstd::pair<bool, Eigen::Matrix<double, -1, 1> >[m[K' to '[01m[Kconst ManipulationService::generate_manipulation(std::shared_ptr<ece217_project2_tan::srv::ManipulationQuery_Request_<std::allocator<void> > >, std::shared_ptr<ece217_project2_tan::srv::ManipulationQuery_Response_<std::allocator<void> > >)::<lambda()>&[m[K'
[01m[K/gpfs/fs1/home/wtan10/Desktop/ECE217/project2_ws/src/ece217_project2_tan/src/project2-server.cpp:18:100:[m[K [01;35m[Kwarning: [m[Kunused parameter '[01m[Kresponse[m[K' [[01;35m[K]8;;https://gcc.gnu.org/onlinedocs/gcc-14.3.0/gcc/Warning-Options.html#index-Wno-unused-parameter-Wunused-parameter]8;;[m[K]
   18 |                     [01;35m[Kconst std::shared_ptr< ece217_project2_tan::srv::ManipulationQuery::Response > response[m[K ){
      |                     [01;35m[K~~~~~~~~~~~~~~~~~~~~~~~~~~~~~~~~~~~~~~~~~~~~~~~~~~~~~~~~~~~~~~~~~~~~~~~~~~~~~~~^~~~~~~~[m[K
gmake[2]: *** [CMakeFiles/project2-server.dir/build.make:79: CMakeFiles/project2-server.dir/src/project2-server.cpp.o] Error 1
gmake[1]: *** [CMakeFiles/Makefile2:808: CMakeFiles/project2-server.dir/all] Error 2
gmake: *** [Makefile:146: all] Error 2
