[0.055s] Invoking command in '/gpfs/fs1/home/wtan10/Desktop/ECE217/project2_ws/build/ece217_project2_tan': CONDA_PROMPT_MODIFIER=(ros2_env) _=/usr/bin/env /gpfs/fs1/sfw3/rhel9-x86_64/miniforge3/25.11.0-1/envs/ros2_env/bin/cmake --build /gpfs/fs1/home/wtan10/Desktop/ECE217/project2_ws/build/ece217_project2_tan -- -j2 -l2
[0.091s] [  2%] Built target ece217_project2_tan__rosidl_generator_type_description
[0.115s] [  5%] Built target ece217_project2_tan__cpp
[0.140s] [  5%] Built target ament_cmake_python_copy_ece217_project2_tan
[0.143s] [ 18%] Built target ece217_project2_tan__rosidl_generator_c
[0.172s] [ 26%] Built target ece217_project2_tan__rosidl_typesupport_cpp
[0.201s] [ 34%] Built target ece217_project2_tan__rosidl_typesupport_fastrtps_c
[0.231s] [ 42%] Built target ece217_project2_tan__rosidl_typesupport_fastrtps_cpp
[0.258s] [ 50%] Built target ece217_project2_tan__rosidl_typesupport_introspection_c
[0.288s] [ 57%] Built target ece217_project2_tan__rosidl_typesupport_c
[0.320s] [ 65%] Built target ece217_project2_tan__rosidl_typesupport_introspection_cpp
[0.364s] [ 71%] Built target project2-client
[0.421s] [ 73%] [32mBuilding CXX object CMakeFiles/project2-server.dir/src/project2-server.cpp.o[0m
[0.554s] running egg_info
[0.588s] writing ece217_project2_tan.egg-info/PKG-INFO
[0.632s] writing dependency_links to ece217_project2_tan.egg-info/dependency_links.txt
[0.632s] writing top-level names to ece217_project2_tan.egg-info/top_level.txt
[0.738s] reading manifest file 'ece217_project2_tan.egg-info/SOURCES.txt'
[0.740s] writing manifest file 'ece217_project2_tan.egg-info/SOURCES.txt'
[0.772s] [ 73%] Built target ament_cmake_python_build_ece217_project2_tan_egg
[0.798s] [ 73%] Built target ece217_project2_tan
[0.824s] [ 76%] Built target ece217_project2_tan__py
[0.852s] [ 81%] Built target ece217_project2_tan__rosidl_generator_py
[0.879s] [ 86%] Built target ece217_project2_tan_s__rosidl_typesupport_fastrtps_c
[0.907s] [ 92%] Built target ece217_project2_tan_s__rosidl_typesupport_introspection_c
[0.935s] [ 97%] Built target ece217_project2_tan_s__rosidl_typesupport_c
[3.271s] [01m[K/gpfs/fs1/home/wtan10/Desktop/ECE217/project2_ws/src/ece217_project2_tan/src/project2-server.cpp:[m[K In member function '[01m[Kvoid ManipulationService::[01;32m[Kgenerate_manipulation[m[K(std::shared_ptr<ece217_project2_tan::srv::ManipulationQuery_Request_<std::allocator<void> > >, std::shared_ptr<ece217_project2_tan::srv::ManipulationQuery_Response_<std::allocator<void> > >)[m[K':
[3.271s] [01m[K/gpfs/fs1/home/wtan10/Desktop/ECE217/project2_ws/src/ece217_project2_tan/src/project2-server.cpp:16:100:[m[K [01;35m[Kwarning: [m[Kunused parameter '[01m[Kresponse[m[K' [[01;35m[K]8;;https://gcc.gnu.org/onlinedocs/gcc-14.3.0/gcc/Warning-Options.html#index-Wno-unused-parameter-Wunused-parameter]8;;[m[K]
[3.271s]    16 | [01;35m[Kconst std::shared_ptr< ece217_project2_tan::srv::ManipulationQuery::Response > response[m[K ){
[3.272s]       | [01;35m[K~~~~~~~~~~~~~~~~~~~~~~~~~~~~~~~~~~~~~~~~~~~~~~~~~~~~~~~~~~~~~~~~~~~~~~~~~~~~~~~^~~~~~~~[m[K
[3.272s] 
[5.386s] [100%] [1m[32mLinking CXX executable project2-server[0m
[5.571s] /gpfs/fs1/sfw3/rhel9-x86_64/miniforge3/25.11.0-1/envs/ros2_env/bin/../libexec/gcc/x86_64-conda-linux-gnu/14.3.0/ld: CMakeFiles/project2-server.dir/src/project2-server.cpp.o: in function `ManipulationService::generate_manipulation(std::shared_ptr<ece217_project2_tan::srv::ManipulationQuery_Request_<std::allocator<void> > >, std::shared_ptr<ece217_project2_tan::srv::ManipulationQuery_Response_<std::allocator<void> > >)':
[5.572s] project2-server.cpp:(.text._ZN19ManipulationService21generate_manipulationESt10shared_ptrIN19ece217_project2_tan3srv26ManipulationQuery_Request_ISaIvEEEES0_INS2_27ManipulationQuery_Response_IS4_EEE[_ZN19ManipulationService21generate_manipulationESt10shared_ptrIN19ece217_project2_tan3srv26ManipulationQuery_Request_ISaIvEEEES0_INS2_27ManipulationQuery_Response_IS4_EEE]+0x66e): undefined reference to `kinematic(double, double, double, double, double, double, double, double, double, double, double, double, double)'
[5.581s] collect2: error: ld returned 1 exit status
[5.582s] gmake[2]: *** [CMakeFiles/project2-server.dir/build.make:208: project2-server] Error 1
[5.582s] gmake[1]: *** [CMakeFiles/Makefile2:805: CMakeFiles/project2-server.dir/all] Error 2
[5.582s] gmake: *** [Makefile:146: all] Error 2
[5.584s] Invoked command in '/gpfs/fs1/home/wtan10/Desktop/ECE217/project2_ws/build/ece217_project2_tan' returned '2': CONDA_PROMPT_MODIFIER=(ros2_env) _=/usr/bin/env /gpfs/fs1/sfw3/rhel9-x86_64/miniforge3/25.11.0-1/envs/ros2_env/bin/cmake --build /gpfs/fs1/home/wtan10/Desktop/ECE217/project2_ws/build/ece217_project2_tan -- -j2 -l2
