[0.014s] Invoking command in '/gpfs/fs1/home/wtan10/Desktop/ECE217/project2_ws/build/ece217_project2_tan': CONDA_PROMPT_MODIFIER=(ros2_env) _=/usr/bin/env /gpfs/fs1/sfw3/rhel9-x86_64/miniforge3/25.11.0-1/envs/ros2_env/bin/cmake --build /gpfs/fs1/home/wtan10/Desktop/ECE217/project2_ws/build/ece217_project2_tan -- -j1 -l1
[0.090s] [  2%] Built target ece217_project2_tan__rosidl_generator_type_description
[0.113s] [  4%] Built target ece217_project2_tan__cpp
[0.138s] [ 17%] Built target ece217_project2_tan__rosidl_generator_c
[0.165s] [ 24%] Built target ece217_project2_tan__rosidl_typesupport_cpp
[0.192s] [ 31%] Built target ece217_project2_tan__rosidl_typesupport_fastrtps_c
[0.330s] [ 39%] Built target ece217_project2_tan__rosidl_typesupport_fastrtps_cpp
[0.354s] [ 46%] Built target ece217_project2_tan__rosidl_typesupport_introspection_c
[0.379s] [ 53%] Built target ece217_project2_tan__rosidl_typesupport_c
[0.405s] [ 60%] Built target ece217_project2_tan__rosidl_typesupport_introspection_cpp
[0.427s] [ 60%] Built target ece217_project2_tan
[0.460s] [ 60%] Built target ament_cmake_python_copy_ece217_project2_tan
[0.740s] running egg_info
[0.766s] writing ece217_project2_tan.egg-info/PKG-INFO
[0.767s] writing dependency_links to ece217_project2_tan.egg-info/dependency_links.txt
[0.767s] writing top-level names to ece217_project2_tan.egg-info/top_level.txt
[0.849s] reading manifest file 'ece217_project2_tan.egg-info/SOURCES.txt'
[0.850s] writing manifest file 'ece217_project2_tan.egg-info/SOURCES.txt'
[0.881s] [ 60%] Built target ament_cmake_python_build_ece217_project2_tan_egg
[0.904s] [ 63%] Built target ece217_project2_tan__py
[0.930s] [ 68%] Built target ece217_project2_tan__rosidl_generator_py
[0.956s] [ 73%] Built target ece217_project2_tan_s__rosidl_typesupport_fastrtps_c
[0.981s] [ 78%] Built target ece217_project2_tan_s__rosidl_typesupport_introspection_c
[1.007s] [ 82%] Built target ece217_project2_tan_s__rosidl_typesupport_c
[1.043s] [ 87%] Built target project2-client
[1.080s] [ 95%] Built target project2-server
[1.128s] [ 97%] [32mBuilding CXX object CMakeFiles/joint-state-publisher.dir/src/joint-state-publisher.cpp.o[0m
[13.413s] [100%] [1m[32mLinking CXX executable joint-state-publisher[0m
[13.977s] [100%] Built target joint-state-publisher
[13.993s] Invoked command in '/gpfs/fs1/home/wtan10/Desktop/ECE217/project2_ws/build/ece217_project2_tan' returned '0': CONDA_PROMPT_MODIFIER=(ros2_env) _=/usr/bin/env /gpfs/fs1/sfw3/rhel9-x86_64/miniforge3/25.11.0-1/envs/ros2_env/bin/cmake --build /gpfs/fs1/home/wtan10/Desktop/ECE217/project2_ws/build/ece217_project2_tan -- -j1 -l1
[14.003s] Invoking command in '/gpfs/fs1/home/wtan10/Desktop/ECE217/project2_ws/build/ece217_project2_tan': CONDA_PROMPT_MODIFIER=(ros2_env) _=/usr/bin/env /gpfs/fs1/sfw3/rhel9-x86_64/miniforge3/25.11.0-1/envs/ros2_env/bin/cmake --install /gpfs/fs1/home/wtan10/Desktop/ECE217/project2_ws/build/ece217_project2_tan
[14.027s] -- Install configuration: ""
[14.028s] -- Up-to-date: /gpfs/fs1/home/wtan10/Desktop/ECE217/project2_ws/install/ece217_project2_tan/share/ament_index/resource_index/rosidl_interfaces/ece217_project2_tan
[14.028s] -- Up-to-date: /gpfs/fs1/home/wtan10/Desktop/ECE217/project2_ws/install/ece217_project2_tan/share/ece217_project2_tan/srv/ManipulationQuery.json
[14.028s] -- Up-to-date: /gpfs/fs1/home/wtan10/Desktop/ECE217/project2_ws/install/ece217_project2_tan/include/ece217_project2_tan/ece217_project2_tan
[14.028s] -- Up-to-date: /gpfs/fs1/home/wtan10/Desktop/ECE217/project2_ws/install/ece217_project2_tan/include/ece217_project2_tan/ece217_project2_tan/msg
[14.028s] -- Up-to-date: /gpfs/fs1/home/wtan10/Desktop/ECE217/project2_ws/install/ece217_project2_tan/include/ece217_project2_tan/ece217_project2_tan/msg/rosidl_generator_c__visibility_control.h
[14.028s] -- Up-to-date: /gpfs/fs1/home/wtan10/Desktop/ECE217/project2_ws/install/ece217_project2_tan/include/ece217_project2_tan/ece217_project2_tan/srv
[14.029s] -- Up-to-date: /gpfs/fs1/home/wtan10/Desktop/ECE217/project2_ws/install/ece217_project2_tan/include/ece217_project2_tan/ece217_project2_tan/srv/detail
[14.029s] -- Up-to-date: /gpfs/fs1/home/wtan10/Desktop/ECE217/project2_ws/install/ece217_project2_tan/include/ece217_project2_tan/ece217_project2_tan/srv/detail/manipulation_query__type_support.h
[14.029s] -- Up-to-date: /gpfs/fs1/home/wtan10/Desktop/ECE217/project2_ws/install/ece217_project2_tan/include/ece217_project2_tan/ece217_project2_tan/srv/detail/manipulation_query__type_support.c
[14.029s] -- Up-to-date: /gpfs/fs1/home/wtan10/Desktop/ECE217/project2_ws/install/ece217_project2_tan/include/ece217_project2_tan/ece217_project2_tan/srv/detail/manipulation_query__functions.h
[14.029s] -- Up-to-date: /gpfs/fs1/home/wtan10/Desktop/ECE217/project2_ws/install/ece217_project2_tan/include/ece217_project2_tan/ece217_project2_tan/srv/detail/manipulation_query__struct.h
[14.029s] -- Up-to-date: /gpfs/fs1/home/wtan10/Desktop/ECE217/project2_ws/install/ece217_project2_tan/include/ece217_project2_tan/ece217_project2_tan/srv/detail/manipulation_query__functions.c
[14.029s] -- Up-to-date: /gpfs/fs1/home/wtan10/Desktop/ECE217/project2_ws/install/ece217_project2_tan/include/ece217_project2_tan/ece217_project2_tan/srv/detail/manipulation_query__description.c
[14.030s] -- Up-to-date: /gpfs/fs1/home/wtan10/Desktop/ECE217/project2_ws/install/ece217_project2_tan/include/ece217_project2_tan/ece217_project2_tan/srv/manipulation_query.h
[14.030s] -- Up-to-date: /gpfs/fs1/home/wtan10/Desktop/ECE217/project2_ws/install/ece217_project2_tan/share/ece217_project2_tan/environment/library_path.sh
[14.031s] -- Up-to-date: /gpfs/fs1/home/wtan10/Desktop/ECE217/project2_ws/install/ece217_project2_tan/share/ece217_project2_tan/environment/library_path.dsv
[14.035s] -- Installing: /gpfs/fs1/home/wtan10/Desktop/ECE217/project2_ws/install/ece217_project2_tan/lib/libece217_project2_tan__rosidl_generator_c.so
[14.036s] -- Up-to-date: /gpfs/fs1/home/wtan10/Desktop/ECE217/project2_ws/install/ece217_project2_tan/include/ece217_project2_tan/ece217_project2_tan
[14.036s] -- Up-to-date: /gpfs/fs1/home/wtan10/Desktop/ECE217/project2_ws/install/ece217_project2_tan/include/ece217_project2_tan/ece217_project2_tan/msg
[14.036s] -- Up-to-date: /gpfs/fs1/home/wtan10/Desktop/ECE217/project2_ws/install/ece217_project2_tan/include/ece217_project2_tan/ece217_project2_tan/msg/rosidl_typesupport_fastrtps_c__visibility_control.h
[14.037s] -- Up-to-date: /gpfs/fs1/home/wtan10/Desktop/ECE217/project2_ws/install/ece217_project2_tan/include/ece217_project2_tan/ece217_project2_tan/srv
[14.037s] -- Up-to-date: /gpfs/fs1/home/wtan10/Desktop/ECE217/project2_ws/install/ece217_project2_tan/include/ece217_project2_tan/ece217_project2_tan/srv/detail
[14.037s] -- Up-to-date: /gpfs/fs1/home/wtan10/Desktop/ECE217/project2_ws/install/ece217_project2_tan/include/ece217_project2_tan/ece217_project2_tan/srv/detail/manipulation_query__rosidl_typesupport_fastrtps_c.h
[14.037s] -- Installing: /gpfs/fs1/home/wtan10/Desktop/ECE217/project2_ws/install/ece217_project2_tan/lib/libece217_project2_tan__rosidl_typesupport_fastrtps_c.so
[14.038s] -- Set non-toolchain portion of runtime path of "/gpfs/fs1/home/wtan10/Desktop/ECE217/project2_ws/install/ece217_project2_tan/lib/libece217_project2_tan__rosidl_typesupport_fastrtps_c.so" to ""
[14.038s] -- Up-to-date: /gpfs/fs1/home/wtan10/Desktop/ECE217/project2_ws/install/ece217_project2_tan/include/ece217_project2_tan/ece217_project2_tan
[14.038s] -- Up-to-date: /gpfs/fs1/home/wtan10/Desktop/ECE217/project2_ws/install/ece217_project2_tan/include/ece217_project2_tan/ece217_project2_tan/msg
[14.039s] -- Up-to-date: /gpfs/fs1/home/wtan10/Desktop/ECE217/project2_ws/install/ece217_project2_tan/include/ece217_project2_tan/ece217_project2_tan/msg/rosidl_generator_cpp__visibility_control.hpp
[14.039s] -- Up-to-date: /gpfs/fs1/home/wtan10/Desktop/ECE217/project2_ws/install/ece217_project2_tan/include/ece217_project2_tan/ece217_project2_tan/srv
[14.039s] -- Up-to-date: /gpfs/fs1/home/wtan10/Desktop/ECE217/project2_ws/install/ece217_project2_tan/include/ece217_project2_tan/ece217_project2_tan/srv/manipulation_query.hpp
[14.039s] -- Up-to-date: /gpfs/fs1/home/wtan10/Desktop/ECE217/project2_ws/install/ece217_project2_tan/include/ece217_project2_tan/ece217_project2_tan/srv/detail
[14.039s] -- Up-to-date: /gpfs/fs1/home/wtan10/Desktop/ECE217/project2_ws/install/ece217_project2_tan/include/ece217_project2_tan/ece217_project2_tan/srv/detail/manipulation_query__builder.hpp
[14.039s] -- Up-to-date: /gpfs/fs1/home/wtan10/Desktop/ECE217/project2_ws/install/ece217_project2_tan/include/ece217_project2_tan/ece217_project2_tan/srv/detail/manipulation_query__type_support.hpp
[14.040s] -- Up-to-date: /gpfs/fs1/home/wtan10/Desktop/ECE217/project2_ws/install/ece217_project2_tan/include/ece217_project2_tan/ece217_project2_tan/srv/detail/manipulation_query__struct.hpp
[14.040s] -- Up-to-date: /gpfs/fs1/home/wtan10/Desktop/ECE217/project2_ws/install/ece217_project2_tan/include/ece217_project2_tan/ece217_project2_tan/srv/detail/manipulation_query__traits.hpp
[14.040s] -- Up-to-date: /gpfs/fs1/home/wtan10/Desktop/ECE217/project2_ws/install/ece217_project2_tan/include/ece217_project2_tan/ece217_project2_tan
[14.040s] -- Up-to-date: /gpfs/fs1/home/wtan10/Desktop/ECE217/project2_ws/install/ece217_project2_tan/include/ece217_project2_tan/ece217_project2_tan/msg
[14.040s] -- Up-to-date: /gpfs/fs1/home/wtan10/Desktop/ECE217/project2_ws/install/ece217_project2_tan/include/ece217_project2_tan/ece217_project2_tan/msg/rosidl_typesupport_fastrtps_cpp__visibility_control.h
[14.040s] -- Up-to-date: /gpfs/fs1/home/wtan10/Desktop/ECE217/project2_ws/install/ece217_project2_tan/include/ece217_project2_tan/ece217_project2_tan/srv
[14.040s] -- Up-to-date: /gpfs/fs1/home/wtan10/Desktop/ECE217/project2_ws/install/ece217_project2_tan/include/ece217_project2_tan/ece217_project2_tan/srv/detail
[14.041s] -- Up-to-date: /gpfs/fs1/home/wtan10/Desktop/ECE217/project2_ws/install/ece217_project2_tan/include/ece217_project2_tan/ece217_project2_tan/srv/detail/dds_fastrtps
[14.041s] -- Up-to-date: /gpfs/fs1/home/wtan10/Desktop/ECE217/project2_ws/install/ece217_project2_tan/include/ece217_project2_tan/ece217_project2_tan/srv/detail/manipulation_query__rosidl_typesupport_fastrtps_cpp.hpp
[14.041s] -- Installing: /gpfs/fs1/home/wtan10/Desktop/ECE217/project2_ws/install/ece217_project2_tan/lib/libece217_project2_tan__rosidl_typesupport_fastrtps_cpp.so
[14.042s] -- Set non-toolchain portion of runtime path of "/gpfs/fs1/home/wtan10/Desktop/ECE217/project2_ws/install/ece217_project2_tan/lib/libece217_project2_tan__rosidl_typesupport_fastrtps_cpp.so" to ""
[14.042s] -- Up-to-date: /gpfs/fs1/home/wtan10/Desktop/ECE217/project2_ws/install/ece217_project2_tan/include/ece217_project2_tan/ece217_project2_tan
[14.042s] -- Up-to-date: /gpfs/fs1/home/wtan10/Desktop/ECE217/project2_ws/install/ece217_project2_tan/include/ece217_project2_tan/ece217_project2_tan/msg
[14.042s] -- Up-to-date: /gpfs/fs1/home/wtan10/Desktop/ECE217/project2_ws/install/ece217_project2_tan/include/ece217_project2_tan/ece217_project2_tan/msg/rosidl_typesupport_introspection_c__visibility_control.h
[14.043s] -- Up-to-date: /gpfs/fs1/home/wtan10/Desktop/ECE217/project2_ws/install/ece217_project2_tan/include/ece217_project2_tan/ece217_project2_tan/srv
[14.043s] -- Up-to-date: /gpfs/fs1/home/wtan10/Desktop/ECE217/project2_ws/install/ece217_project2_tan/include/ece217_project2_tan/ece217_project2_tan/srv/detail
[14.043s] -- Up-to-date: /gpfs/fs1/home/wtan10/Desktop/ECE217/project2_ws/install/ece217_project2_tan/include/ece217_project2_tan/ece217_project2_tan/srv/detail/manipulation_query__type_support.c
[14.043s] -- Up-to-date: /gpfs/fs1/home/wtan10/Desktop/ECE217/project2_ws/install/ece217_project2_tan/include/ece217_project2_tan/ece217_project2_tan/srv/detail/manipulation_query__rosidl_typesupport_introspection_c.h
[14.043s] -- Installing: /gpfs/fs1/home/wtan10/Desktop/ECE217/project2_ws/install/ece217_project2_tan/lib/libece217_project2_tan__rosidl_typesupport_introspection_c.so
[14.044s] -- Set non-toolchain portion of runtime path of "/gpfs/fs1/home/wtan10/Desktop/ECE217/project2_ws/install/ece217_project2_tan/lib/libece217_project2_tan__rosidl_typesupport_introspection_c.so" to ""
[14.044s] -- Installing: /gpfs/fs1/home/wtan10/Desktop/ECE217/project2_ws/install/ece217_project2_tan/lib/libece217_project2_tan__rosidl_typesupport_c.so
[14.063s] -- Set non-toolchain portion of runtime path of "/gpfs/fs1/home/wtan10/Desktop/ECE217/project2_ws/install/ece217_project2_tan/lib/libece217_project2_tan__rosidl_typesupport_c.so" to ""
[14.063s] -- Up-to-date: /gpfs/fs1/home/wtan10/Desktop/ECE217/project2_ws/install/ece217_project2_tan/include/ece217_project2_tan/ece217_project2_tan
[14.063s] -- Up-to-date: /gpfs/fs1/home/wtan10/Desktop/ECE217/project2_ws/install/ece217_project2_tan/include/ece217_project2_tan/ece217_project2_tan/srv
[14.064s] -- Up-to-date: /gpfs/fs1/home/wtan10/Desktop/ECE217/project2_ws/install/ece217_project2_tan/include/ece217_project2_tan/ece217_project2_tan/srv/detail
[14.064s] -- Up-to-date: /gpfs/fs1/home/wtan10/Desktop/ECE217/project2_ws/install/ece217_project2_tan/include/ece217_project2_tan/ece217_project2_tan/srv/detail/manipulation_query__rosidl_typesupport_introspection_cpp.hpp
[14.064s] -- Up-to-date: /gpfs/fs1/home/wtan10/Desktop/ECE217/project2_ws/install/ece217_project2_tan/include/ece217_project2_tan/ece217_project2_tan/srv/detail/manipulation_query__type_support.cpp
[14.064s] -- Installing: /gpfs/fs1/home/wtan10/Desktop/ECE217/project2_ws/install/ece217_project2_tan/lib/libece217_project2_tan__rosidl_typesupport_introspection_cpp.so
[14.065s] -- Set non-toolchain portion of runtime path of "/gpfs/fs1/home/wtan10/Desktop/ECE217/project2_ws/install/ece217_project2_tan/lib/libece217_project2_tan__rosidl_typesupport_introspection_cpp.so" to ""
[14.066s] -- Installing: /gpfs/fs1/home/wtan10/Desktop/ECE217/project2_ws/install/ece217_project2_tan/lib/libece217_project2_tan__rosidl_typesupport_cpp.so
[14.066s] -- Set non-toolchain portion of runtime path of "/gpfs/fs1/home/wtan10/Desktop/ECE217/project2_ws/install/ece217_project2_tan/lib/libece217_project2_tan__rosidl_typesupport_cpp.so" to ""
[14.066s] -- Up-to-date: /gpfs/fs1/home/wtan10/Desktop/ECE217/project2_ws/install/ece217_project2_tan/share/ece217_project2_tan/environment/pythonpath.sh
[14.067s] -- Up-to-date: /gpfs/fs1/home/wtan10/Desktop/ECE217/project2_ws/install/ece217_project2_tan/share/ece217_project2_tan/environment/pythonpath.dsv
[14.067s] -- Up-to-date: /gpfs/fs1/home/wtan10/Desktop/ECE217/project2_ws/install/ece217_project2_tan/lib/python3.12/site-packages/ece217_project2_tan-0.0.0-py3.12.egg-info
[14.067s] -- Installing: /gpfs/fs1/home/wtan10/Desktop/ECE217/project2_ws/install/ece217_project2_tan/lib/python3.12/site-packages/ece217_project2_tan-0.0.0-py3.12.egg-info/SOURCES.txt
[14.068s] -- Installing: /gpfs/fs1/home/wtan10/Desktop/ECE217/project2_ws/install/ece217_project2_tan/lib/python3.12/site-packages/ece217_project2_tan-0.0.0-py3.12.egg-info/PKG-INFO
[14.068s] -- Installing: /gpfs/fs1/home/wtan10/Desktop/ECE217/project2_ws/install/ece217_project2_tan/lib/python3.12/site-packages/ece217_project2_tan-0.0.0-py3.12.egg-info/dependency_links.txt
[14.069s] -- Installing: /gpfs/fs1/home/wtan10/Desktop/ECE217/project2_ws/install/ece217_project2_tan/lib/python3.12/site-packages/ece217_project2_tan-0.0.0-py3.12.egg-info/top_level.txt
[14.069s] -- Up-to-date: /gpfs/fs1/home/wtan10/Desktop/ECE217/project2_ws/install/ece217_project2_tan/lib/python3.12/site-packages/ece217_project2_tan
[14.069s] -- Up-to-date: /gpfs/fs1/home/wtan10/Desktop/ECE217/project2_ws/install/ece217_project2_tan/lib/python3.12/site-packages/ece217_project2_tan/_ece217_project2_tan_s.ep.rosidl_typesupport_introspection_c.c
[14.069s] -- Up-to-date: /gpfs/fs1/home/wtan10/Desktop/ECE217/project2_ws/install/ece217_project2_tan/lib/python3.12/site-packages/ece217_project2_tan/ece217_project2_tan_s__rosidl_typesupport_c.so
[14.070s] -- Up-to-date: /gpfs/fs1/home/wtan10/Desktop/ECE217/project2_ws/install/ece217_project2_tan/lib/python3.12/site-packages/ece217_project2_tan/__init__.py
[14.070s] -- Up-to-date: /gpfs/fs1/home/wtan10/Desktop/ECE217/project2_ws/install/ece217_project2_tan/lib/python3.12/site-packages/ece217_project2_tan/ece217_project2_tan_s__rosidl_typesupport_introspection_c.so
[14.070s] -- Up-to-date: /gpfs/fs1/home/wtan10/Desktop/ECE217/project2_ws/install/ece217_project2_tan/lib/python3.12/site-packages/ece217_project2_tan/_ece217_project2_tan_s.ep.rosidl_typesupport_fastrtps_c.c
[14.070s] -- Up-to-date: /gpfs/fs1/home/wtan10/Desktop/ECE217/project2_ws/install/ece217_project2_tan/lib/python3.12/site-packages/ece217_project2_tan/srv
[14.070s] -- Up-to-date: /gpfs/fs1/home/wtan10/Desktop/ECE217/project2_ws/install/ece217_project2_tan/lib/python3.12/site-packages/ece217_project2_tan/srv/_manipulation_query_s.c
[14.070s] -- Up-to-date: /gpfs/fs1/home/wtan10/Desktop/ECE217/project2_ws/install/ece217_project2_tan/lib/python3.12/site-packages/ece217_project2_tan/srv/__init__.py
[14.083s] -- Up-to-date: /gpfs/fs1/home/wtan10/Desktop/ECE217/project2_ws/install/ece217_project2_tan/lib/python3.12/site-packages/ece217_project2_tan/srv/_manipulation_query.py
[14.083s] -- Up-to-date: /gpfs/fs1/home/wtan10/Desktop/ECE217/project2_ws/install/ece217_project2_tan/lib/python3.12/site-packages/ece217_project2_tan/ece217_project2_tan_s__rosidl_typesupport_fastrtps_c.so
[14.084s] -- Up-to-date: /gpfs/fs1/home/wtan10/Desktop/ECE217/project2_ws/install/ece217_project2_tan/lib/python3.12/site-packages/ece217_project2_tan/_ece217_project2_tan_s.ep.rosidl_typesupport_c.c
[14.176s] Listing '/gpfs/fs1/home/wtan10/Desktop/ECE217/project2_ws/install/ece217_project2_tan/lib/python3.12/site-packages/ece217_project2_tan'...
[14.176s] Listing '/gpfs/fs1/home/wtan10/Desktop/ECE217/project2_ws/install/ece217_project2_tan/lib/python3.12/site-packages/ece217_project2_tan/srv'...
[14.181s] -- Installing: /gpfs/fs1/home/wtan10/Desktop/ECE217/project2_ws/install/ece217_project2_tan/lib/python3.12/site-packages/ece217_project2_tan/ece217_project2_tan_s__rosidl_typesupport_fastrtps_c.so
[14.182s] -- Set non-toolchain portion of runtime path of "/gpfs/fs1/home/wtan10/Desktop/ECE217/project2_ws/install/ece217_project2_tan/lib/python3.12/site-packages/ece217_project2_tan/ece217_project2_tan_s__rosidl_typesupport_fastrtps_c.so" to ""
[14.182s] -- Installing: /gpfs/fs1/home/wtan10/Desktop/ECE217/project2_ws/install/ece217_project2_tan/lib/python3.12/site-packages/ece217_project2_tan/ece217_project2_tan_s__rosidl_typesupport_introspection_c.so
[14.183s] -- Set non-toolchain portion of runtime path of "/gpfs/fs1/home/wtan10/Desktop/ECE217/project2_ws/install/ece217_project2_tan/lib/python3.12/site-packages/ece217_project2_tan/ece217_project2_tan_s__rosidl_typesupport_introspection_c.so" to ""
[14.184s] -- Installing: /gpfs/fs1/home/wtan10/Desktop/ECE217/project2_ws/install/ece217_project2_tan/lib/python3.12/site-packages/ece217_project2_tan/ece217_project2_tan_s__rosidl_typesupport_c.so
[14.185s] -- Set non-toolchain portion of runtime path of "/gpfs/fs1/home/wtan10/Desktop/ECE217/project2_ws/install/ece217_project2_tan/lib/python3.12/site-packages/ece217_project2_tan/ece217_project2_tan_s__rosidl_typesupport_c.so" to ""
[14.185s] -- Installing: /gpfs/fs1/home/wtan10/Desktop/ECE217/project2_ws/install/ece217_project2_tan/lib/libece217_project2_tan__rosidl_generator_py.so
[14.186s] -- Set non-toolchain portion of runtime path of "/gpfs/fs1/home/wtan10/Desktop/ECE217/project2_ws/install/ece217_project2_tan/lib/libece217_project2_tan__rosidl_generator_py.so" to ""
[14.186s] -- Up-to-date: /gpfs/fs1/home/wtan10/Desktop/ECE217/project2_ws/install/ece217_project2_tan/share/ece217_project2_tan/srv/ManipulationQuery.idl
[14.186s] -- Up-to-date: /gpfs/fs1/home/wtan10/Desktop/ECE217/project2_ws/install/ece217_project2_tan/share/ece217_project2_tan/srv/ManipulationQuery.srv
[14.187s] -- Installing: /gpfs/fs1/home/wtan10/Desktop/ECE217/project2_ws/install/ece217_project2_tan/lib/ece217_project2_tan/project2-client
[14.188s] -- Set non-toolchain portion of runtime path of "/gpfs/fs1/home/wtan10/Desktop/ECE217/project2_ws/install/ece217_project2_tan/lib/ece217_project2_tan/project2-client" to ""
[14.188s] -- Installing: /gpfs/fs1/home/wtan10/Desktop/ECE217/project2_ws/install/ece217_project2_tan/lib/ece217_project2_tan/project2-server
[14.189s] -- Set non-toolchain portion of runtime path of "/gpfs/fs1/home/wtan10/Desktop/ECE217/project2_ws/install/ece217_project2_tan/lib/ece217_project2_tan/project2-server" to ""
[14.190s] -- Installing: /gpfs/fs1/home/wtan10/Desktop/ECE217/project2_ws/install/ece217_project2_tan/lib/ece217_project2_tan/joint-state-publisher
[14.191s] -- Set non-toolchain portion of runtime path of "/gpfs/fs1/home/wtan10/Desktop/ECE217/project2_ws/install/ece217_project2_tan/lib/ece217_project2_tan/joint-state-publisher" to ""
[14.191s] -- Up-to-date: /gpfs/fs1/home/wtan10/Desktop/ECE217/project2_ws/install/ece217_project2_tan/share/ament_index/resource_index/package_run_dependencies/ece217_project2_tan
[14.192s] -- Up-to-date: /gpfs/fs1/home/wtan10/Desktop/ECE217/project2_ws/install/ece217_project2_tan/share/ament_index/resource_index/parent_prefix_path/ece217_project2_tan
[14.192s] -- Up-to-date: /gpfs/fs1/home/wtan10/Desktop/ECE217/project2_ws/install/ece217_project2_tan/share/ece217_project2_tan/environment/ament_prefix_path.sh
[14.192s] -- Up-to-date: /gpfs/fs1/home/wtan10/Desktop/ECE217/project2_ws/install/ece217_project2_tan/share/ece217_project2_tan/environment/ament_prefix_path.dsv
[14.192s] -- Up-to-date: /gpfs/fs1/home/wtan10/Desktop/ECE217/project2_ws/install/ece217_project2_tan/share/ece217_project2_tan/environment/path.sh
[14.192s] -- Up-to-date: /gpfs/fs1/home/wtan10/Desktop/ECE217/project2_ws/install/ece217_project2_tan/share/ece217_project2_tan/environment/path.dsv
[14.192s] -- Up-to-date: /gpfs/fs1/home/wtan10/Desktop/ECE217/project2_ws/install/ece217_project2_tan/share/ece217_project2_tan/local_setup.bash
[14.193s] -- Up-to-date: /gpfs/fs1/home/wtan10/Desktop/ECE217/project2_ws/install/ece217_project2_tan/share/ece217_project2_tan/local_setup.sh
[14.193s] -- Up-to-date: /gpfs/fs1/home/wtan10/Desktop/ECE217/project2_ws/install/ece217_project2_tan/share/ece217_project2_tan/local_setup.zsh
[14.193s] -- Up-to-date: /gpfs/fs1/home/wtan10/Desktop/ECE217/project2_ws/install/ece217_project2_tan/share/ece217_project2_tan/local_setup.dsv
[14.193s] -- Installing: /gpfs/fs1/home/wtan10/Desktop/ECE217/project2_ws/install/ece217_project2_tan/share/ece217_project2_tan/package.dsv
[14.194s] -- Up-to-date: /gpfs/fs1/home/wtan10/Desktop/ECE217/project2_ws/install/ece217_project2_tan/share/ament_index/resource_index/packages/ece217_project2_tan
[14.194s] -- Up-to-date: /gpfs/fs1/home/wtan10/Desktop/ECE217/project2_ws/install/ece217_project2_tan/share/ece217_project2_tan/cmake/export_ece217_project2_tan__rosidl_generator_cExport.cmake
[14.194s] -- Up-to-date: /gpfs/fs1/home/wtan10/Desktop/ECE217/project2_ws/install/ece217_project2_tan/share/ece217_project2_tan/cmake/export_ece217_project2_tan__rosidl_generator_cExport-noconfig.cmake
[14.194s] -- Up-to-date: /gpfs/fs1/home/wtan10/Desktop/ECE217/project2_ws/install/ece217_project2_tan/share/ece217_project2_tan/cmake/export_ece217_project2_tan__rosidl_typesupport_fastrtps_cExport.cmake
[14.194s] -- Up-to-date: /gpfs/fs1/home/wtan10/Desktop/ECE217/project2_ws/install/ece217_project2_tan/share/ece217_project2_tan/cmake/export_ece217_project2_tan__rosidl_typesupport_fastrtps_cExport-noconfig.cmake
[14.195s] -- Up-to-date: /gpfs/fs1/home/wtan10/Desktop/ECE217/project2_ws/install/ece217_project2_tan/share/ece217_project2_tan/cmake/export_ece217_project2_tan__rosidl_generator_cppExport.cmake
[14.195s] -- Up-to-date: /gpfs/fs1/home/wtan10/Desktop/ECE217/project2_ws/install/ece217_project2_tan/share/ece217_project2_tan/cmake/export_ece217_project2_tan__rosidl_typesupport_fastrtps_cppExport.cmake
[14.195s] -- Up-to-date: /gpfs/fs1/home/wtan10/Desktop/ECE217/project2_ws/install/ece217_project2_tan/share/ece217_project2_tan/cmake/export_ece217_project2_tan__rosidl_typesupport_fastrtps_cppExport-noconfig.cmake
[14.195s] -- Up-to-date: /gpfs/fs1/home/wtan10/Desktop/ECE217/project2_ws/install/ece217_project2_tan/share/ece217_project2_tan/cmake/ece217_project2_tan__rosidl_typesupport_introspection_cExport.cmake
[14.196s] -- Up-to-date: /gpfs/fs1/home/wtan10/Desktop/ECE217/project2_ws/install/ece217_project2_tan/share/ece217_project2_tan/cmake/ece217_project2_tan__rosidl_typesupport_introspection_cExport-noconfig.cmake
[14.196s] -- Up-to-date: /gpfs/fs1/home/wtan10/Desktop/ECE217/project2_ws/install/ece217_project2_tan/share/ece217_project2_tan/cmake/ece217_project2_tan__rosidl_typesupport_cExport.cmake
[14.196s] -- Up-to-date: /gpfs/fs1/home/wtan10/Desktop/ECE217/project2_ws/install/ece217_project2_tan/share/ece217_project2_tan/cmake/ece217_project2_tan__rosidl_typesupport_cExport-noconfig.cmake
[14.199s] -- Up-to-date: /gpfs/fs1/home/wtan10/Desktop/ECE217/project2_ws/install/ece217_project2_tan/share/ece217_project2_tan/cmake/ece217_project2_tan__rosidl_typesupport_introspection_cppExport.cmake
[14.199s] -- Up-to-date: /gpfs/fs1/home/wtan10/Desktop/ECE217/project2_ws/install/ece217_project2_tan/share/ece217_project2_tan/cmake/ece217_project2_tan__rosidl_typesupport_introspection_cppExport-noconfig.cmake
[14.199s] -- Up-to-date: /gpfs/fs1/home/wtan10/Desktop/ECE217/project2_ws/install/ece217_project2_tan/share/ece217_project2_tan/cmake/ece217_project2_tan__rosidl_typesupport_cppExport.cmake
[14.199s] -- Up-to-date: /gpfs/fs1/home/wtan10/Desktop/ECE217/project2_ws/install/ece217_project2_tan/share/ece217_project2_tan/cmake/ece217_project2_tan__rosidl_typesupport_cppExport-noconfig.cmake
[14.210s] -- Up-to-date: /gpfs/fs1/home/wtan10/Desktop/ECE217/project2_ws/install/ece217_project2_tan/share/ece217_project2_tan/cmake/export_ece217_project2_tan__rosidl_generator_pyExport.cmake
[14.211s] -- Up-to-date: /gpfs/fs1/home/wtan10/Desktop/ECE217/project2_ws/install/ece217_project2_tan/share/ece217_project2_tan/cmake/export_ece217_project2_tan__rosidl_generator_pyExport-noconfig.cmake
[14.211s] -- Up-to-date: /gpfs/fs1/home/wtan10/Desktop/ECE217/project2_ws/install/ece217_project2_tan/share/ece217_project2_tan/cmake/rosidl_cmake-extras.cmake
[14.211s] -- Up-to-date: /gpfs/fs1/home/wtan10/Desktop/ECE217/project2_ws/install/ece217_project2_tan/share/ece217_project2_tan/cmake/ament_cmake_export_dependencies-extras.cmake
[14.211s] -- Up-to-date: /gpfs/fs1/home/wtan10/Desktop/ECE217/project2_ws/install/ece217_project2_tan/share/ece217_project2_tan/cmake/ament_cmake_export_include_directories-extras.cmake
[14.211s] -- Up-to-date: /gpfs/fs1/home/wtan10/Desktop/ECE217/project2_ws/install/ece217_project2_tan/share/ece217_project2_tan/cmake/ament_cmake_export_libraries-extras.cmake
[14.211s] -- Up-to-date: /gpfs/fs1/home/wtan10/Desktop/ECE217/project2_ws/install/ece217_project2_tan/share/ece217_project2_tan/cmake/ament_cmake_export_targets-extras.cmake
[14.212s] -- Up-to-date: /gpfs/fs1/home/wtan10/Desktop/ECE217/project2_ws/install/ece217_project2_tan/share/ece217_project2_tan/cmake/rosidl_cmake_export_typesupport_targets-extras.cmake
[14.212s] -- Up-to-date: /gpfs/fs1/home/wtan10/Desktop/ECE217/project2_ws/install/ece217_project2_tan/share/ece217_project2_tan/cmake/rosidl_cmake_export_typesupport_libraries-extras.cmake
[14.212s] -- Up-to-date: /gpfs/fs1/home/wtan10/Desktop/ECE217/project2_ws/install/ece217_project2_tan/share/ece217_project2_tan/cmake/ece217_project2_tanConfig.cmake
[14.212s] -- Up-to-date: /gpfs/fs1/home/wtan10/Desktop/ECE217/project2_ws/install/ece217_project2_tan/share/ece217_project2_tan/cmake/ece217_project2_tanConfig-version.cmake
[14.212s] -- Up-to-date: /gpfs/fs1/home/wtan10/Desktop/ECE217/project2_ws/install/ece217_project2_tan/share/ece217_project2_tan/package.xml
[14.221s] Invoked command in '/gpfs/fs1/home/wtan10/Desktop/ECE217/project2_ws/build/ece217_project2_tan' returned '0': CONDA_PROMPT_MODIFIER=(ros2_env) _=/usr/bin/env /gpfs/fs1/sfw3/rhel9-x86_64/miniforge3/25.11.0-1/envs/ros2_env/bin/cmake --install /gpfs/fs1/home/wtan10/Desktop/ECE217/project2_ws/build/ece217_project2_tan
