[0.504s] Invoking command in '/gpfs/fs1/home/wtan10/Desktop/ECE217/project2_ws/build/ece217_project2_tan': CONDA_PROMPT_MODIFIER=(ros2_env) _=/usr/bin/env /gpfs/fs1/sfw3/rhel9-x86_64/miniforge3/25.11.0-1/envs/ros2_env/bin/cmake --build /gpfs/fs1/home/wtan10/Desktop/ECE217/project2_ws/build/ece217_project2_tan -- -j2 -l2
[6.228s] [  2%] Built target ece217_project2_tan__rosidl_generator_type_description
[6.468s] [  2%] Built target ament_cmake_python_copy_ece217_project2_tan
[6.507s] [  5%] Built target ece217_project2_tan__cpp
[7.288s] running egg_info
[7.321s] writing ece217_project2_tan.egg-info/PKG-INFO
[7.332s] writing dependency_links to ece217_project2_tan.egg-info/dependency_links.txt
[7.410s] writing top-level names to ece217_project2_tan.egg-info/top_level.txt
[7.594s] [ 17%] Built target ece217_project2_tan__rosidl_generator_c
[7.654s] reading manifest file 'ece217_project2_tan.egg-info/SOURCES.txt'
[7.655s] writing manifest file 'ece217_project2_tan.egg-info/SOURCES.txt'
[7.723s] [ 17%] Built target ament_cmake_python_build_ece217_project2_tan_egg
[8.880s] [ 33%] Built target ece217_project2_tan__rosidl_typesupport_cpp
[8.880s] [ 33%] Built target ece217_project2_tan__rosidl_typesupport_fastrtps_c
[9.131s] [ 41%] Built target ece217_project2_tan__rosidl_typesupport_fastrtps_cpp
[9.182s] [ 48%] Built target ece217_project2_tan__rosidl_typesupport_introspection_c
[9.382s] [ 56%] Built target ece217_project2_tan__rosidl_typesupport_c
[9.383s] [ 64%] Built target ece217_project2_tan__rosidl_typesupport_introspection_cpp
[10.536s] [ 66%] [32mBuilding CXX object CMakeFiles/project2-server.dir/src/kinematic_control.cpp.o[0m
[11.896s] [ 71%] Built target project2-client
[11.949s] [ 71%] Built target ece217_project2_tan
[12.100s] [ 74%] Built target ece217_project2_tan__py
[12.887s] [ 79%] Built target ece217_project2_tan__rosidl_generator_py
[12.986s] [ 84%] Built target ece217_project2_tan_s__rosidl_typesupport_fastrtps_c
[13.097s] [ 89%] Built target ece217_project2_tan_s__rosidl_typesupport_introspection_c
[13.268s] [ 94%] Built target ece217_project2_tan_s__rosidl_typesupport_c
[17.930s] [01m[K/gpfs/fs1/home/wtan10/Desktop/ECE217/project2_ws/src/ece217_project2_tan/src/kinematic_control.cpp:14:17:[m[K [01;31m[Kerror: [m[Kambiguating new declaration of '[01m[KEigen::VectorXd[01;32m[K kinematic[m[K(double, double, double, double, double, double, double, double, double, double, double, double, double)[m[K'
[17.930s]    14 | Eigen::VectorXd [01;31m[Kkinematic[m[K(double joint1theta=0.0, double joint2theta=0.0, double joint3theta=0.0, double joint4theta=0.0, double joint5theta=0.0, double joint6theta=0.0,
[17.930s]       |                 [01;31m[K^~~~~~~~~[m[K
[17.930s] In file included from [01m[K/gpfs/fs1/home/wtan10/Desktop/ECE217/project2_ws/src/ece217_project2_tan/src/kinematic_control.cpp:9[m[K:
[17.930s] [01m[K/gpfs/fs1/home/wtan10/Desktop/ECE217/project2_ws/src/ece217_project2_tan/include/ece217_project2_tan/project2-server.h:4:5:[m[K [01;36m[Knote: [m[Kold declaration '[01m[Kint[01;32m[K kinematic[m[K(double, double, double, double, double, double, double, double, double, double, double, double, double)[m[K'
[17.930s]     4 | int [01;36m[Kkinematic[m[K(double joint1theta, double joint2theta, double joint3theta, double joint4theta, double joint5theta, double joint6theta,
[17.931s]       |     [01;36m[K^~~~~~~~~[m[K
[18.032s] [01m[K/gpfs/fs1/home/wtan10/Desktop/ECE217/project2_ws/src/ece217_project2_tan/src/kinematic_control.cpp:[m[K In function '[01m[KEigen::VectorXd[01;32m[K kinematic[m[K(double, double, double, double, double, double, double, double, double, double, double, double, double)[m[K':
[18.032s] [01m[K/gpfs/fs1/home/wtan10/Desktop/ECE217/project2_ws/src/ece217_project2_tan/src/kinematic_control.cpp:71:36:[m[K [01;31m[Kerror: [m[Kno match for '[01m[Koperator*[m[K' (operand types are '[01m[KEigen::Vector3d[m[K' {aka '[01m[KEigen::Matrix<double, 3, 1>[m[K'} and '[01m[K<unresolved overloaded function type>[m[K')
[18.033s]    71 |         erroro = [32m[Kquaternion_vector[m[K [01;31m[K*[m[K [34m[Kgoal_q.w[m[K - goal_quaternion_vector * q.w - cross;
[18.033s]       |                  [32m[K~~~~~~~~~~~~~~~~~[m[K [01;31m[K^[m[K [34m[K~~~~~~~~[m[K
[18.033s]       |                  [32m[K|[m[K                          [34m[K|[m[K
[18.033s]       |                  [32m[K|[m[K                          [34m[K<unresolved overloaded function type>[m[K
[18.034s]       |                  [32m[KEigen::Vector3d {aka Eigen::Matrix<double, 3, 1>}[m[K
[18.034s] In file included from [01m[K/gpfs/fs1/sfw3/rhel9-x86_64/miniforge3/25.11.0-1/envs/ros2_env/include/eigen3/Eigen/Core:19[m[K,
[18.034s]                  from [01m[K/gpfs/fs1/sfw3/rhel9-x86_64/miniforge3/25.11.0-1/envs/ros2_env/include/eigen3/Eigen/Dense:1[m[K,
[18.034s]                  from [01m[K/gpfs/fs1/home/wtan10/Desktop/ECE217/project2_ws/src/ece217_project2_tan/src/kinematic_control.cpp:7[m[K:
[18.034s] [01m[K/gpfs/fs1/sfw3/rhel9-x86_64/miniforge3/25.11.0-1/envs/ros2_env/include/eigen3/Eigen/src/Core/../plugins/CommonCwiseBinaryOps.h:50:29:[m[K [01;36m[Knote: [m[Kcandidate: '[01m[Ktemplate<class T> const Eigen::CwiseBinaryOp<Eigen::internal::scalar_product_op<typename Eigen::internal::traits<T>::Scalar, typename Eigen::internal::promote_scalar_arg<typename Eigen::internal::traits<T>::Scalar, T, Eigen::internal::has_ReturnType<Eigen::ScalarBinaryOpTraits<typename Eigen::internal::traits<T>::Scalar, T, Eigen::internal::scalar_product_op<typename Eigen::internal::traits<T>::Scalar, T> > >::value>::type>, const Derived, const typename Eigen::internal::plain_constant_type<Derived, typename Eigen::internal::promote_scalar_arg<typename Eigen::internal::traits<T>::Scalar, T, Eigen::internal::has_ReturnType<Eigen::ScalarBinaryOpTraits<typename Eigen::internal::traits<T>::Scalar, T, Eigen::internal::scalar_product_op<typename Eigen::internal::traits<T>::Scalar, T> > >::value>::type>::type> Eigen::MatrixBase<Derived>::[01;32m[Koperator*[m[K(const T&) const [35m[K[with Derived = Eigen::Matrix<double, 3, 1>][m[K[m[K'
[18.035s]    50 | EIGEN_MAKE_SCALAR_BINARY_OP([01;36m[Koperator[m[K*,product)
[18.035s]       |                             [01;36m[K^~~~~~~~[m[K
[18.035s] [01m[K/gpfs/fs1/sfw3/rhel9-x86_64/miniforge3/25.11.0-1/envs/ros2_env/include/eigen3/Eigen/src/Core/util/Macros.h:1365:4:[m[K [01;36m[Knote: [m[Kin definition of macro '[01m[KEIGEN_MAKE_SCALAR_BINARY_OP_ONTHERIGHT[m[K'
[18.035s]  1365 |   ([01;36m[KMETHOD[m[K)(const T& scalar) const { \
[18.035s]       |    [01;36m[K^~~~~~[m[K
[18.035s] [01m[K/gpfs/fs1/sfw3/rhel9-x86_64/miniforge3/25.11.0-1/envs/ros2_env/include/eigen3/Eigen/src/Core/../plugins/CommonCwiseBinaryOps.h:50:1:[m[K [01;36m[Knote: [m[Kin expansion of macro '[01m[KEIGEN_MAKE_SCALAR_BINARY_OP[m[K'
[18.035s]    50 | [01;36m[KEIGEN_MAKE_SCALAR_BINARY_OP[m[K(operator*,product)
[18.035s]       | [01;36m[K^~~~~~~~~~~~~~~~~~~~~~~~~~~[m[K
[18.035s] [01m[K/gpfs/fs1/sfw3/rhel9-x86_64/miniforge3/25.11.0-1/envs/ros2_env/include/eigen3/Eigen/src/Core/../plugins/CommonCwiseBinaryOps.h:50:29:[m[K [01;36m[Knote: [m[K  template argument deduction/substitution failed:
[18.035s]    50 | EIGEN_MAKE_SCALAR_BINARY_OP([01;36m[Koperator[m[K*,product)
[18.035s]       |                             [01;36m[K^~~~~~~~[m[K
[18.035s] [01m[K/gpfs/fs1/sfw3/rhel9-x86_64/miniforge3/25.11.0-1/envs/ros2_env/include/eigen3/Eigen/src/Core/util/Macros.h:1365:4:[m[K [01;36m[Knote: [m[Kin definition of macro '[01m[KEIGEN_MAKE_SCALAR_BINARY_OP_ONTHERIGHT[m[K'
[18.035s]  1365 |   ([01;36m[KMETHOD[m[K)(const T& scalar) const { \
[18.035s]       |    [01;36m[K^~~~~~[m[K
[18.036s] [01m[K/gpfs/fs1/sfw3/rhel9-x86_64/miniforge3/25.11.0-1/envs/ros2_env/include/eigen3/Eigen/src/Core/../plugins/CommonCwiseBinaryOps.h:50:1:[m[K [01;36m[Knote: [m[Kin expansion of macro '[01m[KEIGEN_MAKE_SCALAR_BINARY_OP[m[K'
[18.036s]    50 | [01;36m[KEIGEN_MAKE_SCALAR_BINARY_OP[m[K(operator*,product)
[18.036s]       | [01;36m[K^~~~~~~~~~~~~~~~~~~~~~~~~~~[m[K
[18.036s] [01m[K/gpfs/fs1/home/wtan10/Desktop/ECE217/project2_ws/src/ece217_project2_tan/src/kinematic_control.cpp:71:45:[m[K [01;36m[Knote: [m[K  couldn't deduce template parameter '[01m[KT[m[K'
[18.036s]    71 |         erroro = quaternion_vector * goal_q.[01;36m[Kw[m[K - goal_quaternion_vector * q.w - cross;
[18.036s]       |                                             [01;36m[K^[m[K
[18.036s] In file included from [01m[K/gpfs/fs1/sfw3/rhel9-x86_64/miniforge3/25.11.0-1/envs/ros2_env/include/eigen3/Eigen/Core:322[m[K:
[18.036s] [01m[K/gpfs/fs1/sfw3/rhel9-x86_64/miniforge3/25.11.0-1/envs/ros2_env/include/eigen3/Eigen/src/Core/GeneralProduct.h:399:1:[m[K [01;36m[Knote: [m[Kcandidate: '[01m[Ktemplate<class OtherDerived> const Eigen::Product<Derived, OtherDerived> Eigen::MatrixBase<Derived>::[01;32m[Koperator*[m[K(const Eigen::MatrixBase<OtherDerived>&) const [35m[K[with Derived = Eigen::Matrix<double, 3, 1>][m[K[m[K'
[18.036s]   399 | [01;36m[KMatrixBase<Derived>[m[K::operator*(const MatrixBase<OtherDerived> &other) const
[18.036s]       | [01;36m[K^~~~~~~~~~~~~~~~~~~[m[K
[18.036s] [01m[K/gpfs/fs1/sfw3/rhel9-x86_64/miniforge3/25.11.0-1/envs/ros2_env/include/eigen3/Eigen/src/Core/GeneralProduct.h:399:1:[m[K [01;36m[Knote: [m[K  template argument deduction/substitution failed:
[18.036s] [01m[K/gpfs/fs1/home/wtan10/Desktop/ECE217/project2_ws/src/ece217_project2_tan/src/kinematic_control.cpp:71:45:[m[K [01;36m[Knote: [m[K  mismatched types '[01m[Kconst Eigen::MatrixBase<Derived>[m[K' and '[01m[Kdouble& (Eigen::QuaternionBase<Eigen::Quaternion<double> >::*)()[m[K'
[18.036s]    71 |         erroro = quaternion_vector * goal_q.[01;36m[Kw[m[K - goal_quaternion_vector * q.w - cross;
[18.036s]       |                                             [01;36m[K^[m[K
[18.036s] [01m[K/gpfs/fs1/home/wtan10/Desktop/ECE217/project2_ws/src/ece217_project2_tan/src/kinematic_control.cpp:71:45:[m[K [01;36m[Knote: [m[K  mismatched types '[01m[Kconst Eigen::MatrixBase<Derived>[m[K' and '[01m[Kconst double& (Eigen::QuaternionBase<Eigen::Quaternion<double> >::*)() const[m[K'
[18.037s] [01m[K/gpfs/fs1/home/wtan10/Desktop/ECE217/project2_ws/src/ece217_project2_tan/src/kinematic_control.cpp:71:45:[m[K [01;36m[Knote: [m[K  couldn't deduce template parameter '[01m[KOtherDerived[m[K'
[18.037s] In file included from [01m[K/gpfs/fs1/sfw3/rhel9-x86_64/miniforge3/25.11.0-1/envs/ros2_env/include/eigen3/Eigen/Core:273[m[K:
[18.037s] [01m[K/gpfs/fs1/sfw3/rhel9-x86_64/miniforge3/25.11.0-1/envs/ros2_env/include/eigen3/Eigen/src/Core/MatrixBase.h:185:5:[m[K [01;36m[Knote: [m[Kcandidate: '[01m[Ktemplate<class DiagonalDerived> const Eigen::Product<Derived, OtherDerived, 1> Eigen::MatrixBase<Derived>::[01;32m[Koperator*[m[K(const Eigen::DiagonalBase<DiagonalDerived>&) const [35m[K[with Derived = Eigen::Matrix<double, 3, 1>][m[K[m[K'
[18.037s]   185 |     [01;36m[Koperator[m[K*(const DiagonalBase<DiagonalDerived> &diagonal) const;
[18.037s]       |     [01;36m[K^~~~~~~~[m[K
[18.037s] [01m[K/gpfs/fs1/sfw3/rhel9-x86_64/miniforge3/25.11.0-1/envs/ros2_env/include/eigen3/Eigen/src/Core/MatrixBase.h:185:5:[m[K [01;36m[Knote: [m[K  template argument deduction/substitution failed:
[18.037s] [01m[K/gpfs/fs1/home/wtan10/Desktop/ECE217/project2_ws/src/ece217_project2_tan/src/kinematic_control.cpp:71:45:[m[K [01;36m[Knote: [m[K  mismatched types '[01m[Kconst Eigen::DiagonalBase<T>[m[K' and '[01m[Kdouble& (Eigen::QuaternionBase<Eigen::Quaternion<double> >::*)()[m[K'
[18.037s]    71 |         erroro = quaternion_vector * goal_q.[01;36m[Kw[m[K - goal_quaternion_vector * q.w - cross;
[18.037s]       |                                             [01;36m[K^[m[K
[18.037s] [01m[K/gpfs/fs1/home/wtan10/Desktop/ECE217/project2_ws/src/ece217_project2_tan/src/kinematic_control.cpp:71:45:[m[K [01;36m[Knote: [m[K  mismatched types '[01m[Kconst Eigen::DiagonalBase<T>[m[K' and '[01m[Kconst double& (Eigen::QuaternionBase<Eigen::Quaternion<double> >::*)() const[m[K'
[18.037s] [01m[K/gpfs/fs1/home/wtan10/Desktop/ECE217/project2_ws/src/ece217_project2_tan/src/kinematic_control.cpp:71:45:[m[K [01;36m[Knote: [m[K  couldn't deduce template parameter '[01m[KDiagonalDerived[m[K'
[18.037s] [01m[K/gpfs/fs1/sfw3/rhel9-x86_64/miniforge3/25.11.0-1/envs/ros2_env/include/eigen3/Eigen/src/Core/../plugins/CommonCwiseBinaryOps.h:50:29:[m[K [01;36m[Knote: [m[Kcandidate: '[01m[Ktemplate<class T> const Eigen::CwiseBinaryOp<Eigen::internal::scalar_product_op<typename Eigen::internal::promote_scalar_arg<double, T, Eigen::internal::has_ReturnType<Eigen::ScalarBinaryOpTraits<T, double, Eigen::internal::scalar_product_op<T, double> > >::value>::type, double>, const typename Eigen::internal::plain_constant_type<Eigen::Matrix<double, 3, 1>, typename Eigen::internal::promote_scalar_arg<double, T, Eigen::internal::has_ReturnType<Eigen::ScalarBinaryOpTraits<T, double, Eigen::internal::scalar_product_op<T, double> > >::value>::type>::type, const Eigen::Matrix<double, 3, 1> > Eigen::[01;32m[Koperator*[m[K(const T&, const MatrixBase<Matrix<double, 3, 1> >::StorageBaseType&)[m[K'
[18.037s]    50 | EIGEN_MAKE_SCALAR_BINARY_OP([01;36m[Koperator[m[K*,product)
[18.037s]       |                             [01;36m[K^~~~~~~~[m[K
[18.038s] [01m[K/gpfs/fs1/sfw3/rhel9-x86_64/miniforge3/25.11.0-1/envs/ros2_env/include/eigen3/Eigen/src/Core/util/Macros.h:1374:4:[m[K [01;36m[Knote: [m[Kin definition of macro '[01m[KEIGEN_MAKE_SCALAR_BINARY_OP_ONTHELEFT[m[K'
[18.038s]  1374 |   ([01;36m[KMETHOD[m[K)(const T& scalar, const StorageBaseType& matrix) { \
[18.038s]       |    [01;36m[K^~~~~~[m[K
[18.038s] [01m[K/gpfs/fs1/sfw3/rhel9-x86_64/miniforge3/25.11.0-1/envs/ros2_env/include/eigen3/Eigen/src/Core/../plugins/CommonCwiseBinaryOps.h:50:1:[m[K [01;36m[Knote: [m[Kin expansion of macro '[01m[KEIGEN_MAKE_SCALAR_BINARY_OP[m[K'
[18.038s]    50 | [01;36m[KEIGEN_MAKE_SCALAR_BINARY_OP[m[K(operator*,product)
[18.038s]       | [01;36m[K^~~~~~~~~~~~~~~~~~~~~~~~~~~[m[K
[18.038s] [01m[K/gpfs/fs1/sfw3/rhel9-x86_64/miniforge3/25.11.0-1/envs/ros2_env/include/eigen3/Eigen/src/Core/../plugins/CommonCwiseBinaryOps.h:50:29:[m[K [01;36m[Knote: [m[K  template argument deduction/substitution failed:
[18.038s]    50 | EIGEN_MAKE_SCALAR_BINARY_OP([01;36m[Koperator[m[K*,product)
[18.038s]       |                             [01;36m[K^~~~~~~~[m[K
[18.038s] [01m[K/gpfs/fs1/sfw3/rhel9-x86_64/miniforge3/25.11.0-1/envs/ros2_env/include/eigen3/Eigen/src/Core/util/Macros.h:1374:4:[m[K [01;36m[Knote: [m[Kin definition of macro '[01m[KEIGEN_MAKE_SCALAR_BINARY_OP_ONTHELEFT[m[K'
[18.038s]  1374 |   ([01;36m[KMETHOD[m[K)(const T& scalar, const StorageBaseType& matrix) { \
[18.038s]       |    [01;36m[K^~~~~~[m[K
[18.038s] [01m[K/gpfs/fs1/sfw3/rhel9-x86_64/miniforge3/25.11.0-1/envs/ros2_env/include/eigen3/Eigen/src/Core/../plugins/CommonCwiseBinaryOps.h:50:1:[m[K [01;36m[Knote: [m[Kin expansion of macro '[01m[KEIGEN_MAKE_SCALAR_BINARY_OP[m[K'
[18.038s]    50 | [01;36m[KEIGEN_MAKE_SCALAR_BINARY_OP[m[K(operator*,product)
[18.038s]       | [01;36m[K^~~~~~~~~~~~~~~~~~~~~~~~~~~[m[K
[18.039s] [01m[K/gpfs/fs1/home/wtan10/Desktop/ECE217/project2_ws/src/ece217_project2_tan/src/kinematic_control.cpp:71:45:[m[K [01;36m[Knote: [m[K  cannot convert '[01m[Kgoal_q.Eigen::QuaternionBase<Eigen::Quaternion<double> >::w[m[K' (type '[01m[K<unresolved overloaded function type>[m[K') to type '[01m[Kconst Eigen::MatrixBase<Eigen::Matrix<double, 3, 1> >::StorageBaseType&[m[K' {aka '[01m[Kconst Eigen::MatrixBase<Eigen::Matrix<double, 3, 1> >&[m[K'}
[18.039s]    71 |         erroro = quaternion_vector * [01;36m[Kgoal_q.w[m[K - goal_quaternion_vector * q.w - cross;
[18.039s]       |                                      [01;36m[K~~~~~~~^[m[K
[18.039s] In file included from [01m[K/gpfs/fs1/sfw3/rhel9-x86_64/miniforge3/25.11.0-1/envs/ros2_env/include/eigen3/Eigen/Geometry:40[m[K,
[18.039s]                  from [01m[K/gpfs/fs1/sfw3/rhel9-x86_64/miniforge3/25.11.0-1/envs/ros2_env/include/eigen3/Eigen/Dense:6[m[K:
[18.039s] [01m[K/gpfs/fs1/sfw3/rhel9-x86_64/miniforge3/25.11.0-1/envs/ros2_env/include/eigen3/Eigen/src/Geometry/RotationBase.h:76:49:[m[K [01;36m[Knote: [m[Kcandidate: '[01m[Ktemplate<class OtherDerived> Eigen::RotationBase<Eigen::Quaternion<double>, 3>::RotationMatrixType Eigen::[01;32m[Koperator*[m[K(const EigenBase<Derived>&, const Quaternion<double>&)[m[K'
[18.039s]    76 |     EIGEN_DEVICE_FUNC inline RotationMatrixType [01;36m[Koperator[m[K*(const EigenBase<OtherDerived>& l, const Derived& r)
[18.039s]       |                                                 [01;36m[K^~~~~~~~[m[K
[18.039s] [01m[K/gpfs/fs1/sfw3/rhel9-x86_64/miniforge3/25.11.0-1/envs/ros2_env/include/eigen3/Eigen/src/Geometry/RotationBase.h:76:49:[m[K [01;36m[Knote: [m[K  template argument deduction/substitution failed:
[18.039s] [01m[K/gpfs/fs1/home/wtan10/Desktop/ECE217/project2_ws/src/ece217_project2_tan/src/kinematic_control.cpp:71:45:[m[K [01;36m[Knote: [m[K  cannot convert '[01m[Kgoal_q.Eigen::QuaternionBase<Eigen::Quaternion<double> >::w[m[K' (type '[01m[K<unresolved overloaded function type>[m[K') to type '[01m[Kconst Eigen::Quaternion<double>&[m[K'
[18.039s]    71 |         erroro = quaternion_vector * [01;36m[Kgoal_q.w[m[K - goal_quaternion_vector * q.w - cross;
[18.039s]       |                                      [01;36m[K~~~~~~~^[m[K
[18.039s] In file included from [01m[K/gpfs/fs1/sfw3/rhel9-x86_64/miniforge3/25.11.0-1/envs/ros2_env/include/eigen3/Eigen/Core:326[m[K:
[18.039s] [01m[K/gpfs/fs1/sfw3/rhel9-x86_64/miniforge3/25.11.0-1/envs/ros2_env/include/eigen3/Eigen/src/Core/PermutationMatrix.h:515:1:[m[K [01;36m[Knote: [m[Kcandidate: '[01m[Ktemplate<class MatrixDerived, class PermutationDerived> const Eigen::Product<MatrixDerived, PermutationDerived, 2> Eigen::[01;32m[Koperator*[m[K(const MatrixBase<Derived>&, const PermutationBase<PermutationDerived>&)[m[K'
[18.040s]   515 | [01;36m[Koperator[m[K*(const MatrixBase<MatrixDerived> &matrix,
[18.040s]       | [01;36m[K^~~~~~~~[m[K
[18.040s] [01m[K/gpfs/fs1/sfw3/rhel9-x86_64/miniforge3/25.11.0-1/envs/ros2_env/include/eigen3/Eigen/src/Core/PermutationMatrix.h:515:1:[m[K [01;36m[Knote: [m[K  template argument deduction/substitution failed:
[18.040s] [01m[K/gpfs/fs1/home/wtan10/Desktop/ECE217/project2_ws/src/ece217_project2_tan/src/kinematic_control.cpp:71:45:[m[K [01;36m[Knote: [m[K  mismatched types '[01m[Kconst Eigen::PermutationBase<PermutationDerived>[m[K' and '[01m[Kdouble& (Eigen::QuaternionBase<Eigen::Quaternion<double> >::*)()[m[K'
[18.040s]    71 |         erroro = quaternion_vector * goal_q.[01;36m[Kw[m[K - goal_quaternion_vector * q.w - cross;
[18.040s]       |                                             [01;36m[K^[m[K
[18.040s] [01m[K/gpfs/fs1/home/wtan10/Desktop/ECE217/project2_ws/src/ece217_project2_tan/src/kinematic_control.cpp:71:45:[m[K [01;36m[Knote: [m[K  mismatched types '[01m[Kconst Eigen::PermutationBase<PermutationDerived>[m[K' and '[01m[Kconst double& (Eigen::QuaternionBase<Eigen::Quaternion<double> >::*)() const[m[K'
[18.040s] [01m[K/gpfs/fs1/home/wtan10/Desktop/ECE217/project2_ws/src/ece217_project2_tan/src/kinematic_control.cpp:71:45:[m[K [01;36m[Knote: [m[K  couldn't deduce template parameter '[01m[KPermutationDerived[m[K'
[18.040s] [01m[K/gpfs/fs1/sfw3/rhel9-x86_64/miniforge3/25.11.0-1/envs/ros2_env/include/eigen3/Eigen/src/Core/PermutationMatrix.h:527:1:[m[K [01;36m[Knote: [m[Kcandidate: '[01m[Ktemplate<class PermutationDerived, class MatrixDerived> const Eigen::Product<MatrixDerived, PermutationDerived, 2> Eigen::[01;32m[Koperator*[m[K(const PermutationBase<PermutationDerived>&, const MatrixBase<U>&)[m[K'
[18.040s]   527 | [01;36m[Koperator[m[K*(const PermutationBase<PermutationDerived> &permutation,
[18.040s]       | [01;36m[K^~~~~~~~[m[K
[18.040s] [01m[K/gpfs/fs1/sfw3/rhel9-x86_64/miniforge3/25.11.0-1/envs/ros2_env/include/eigen3/Eigen/src/Core/PermutationMatrix.h:527:1:[m[K [01;36m[Knote: [m[K  template argument deduction/substitution failed:
[18.040s] [01m[K/gpfs/fs1/home/wtan10/Desktop/ECE217/project2_ws/src/ece217_project2_tan/src/kinematic_control.cpp:71:45:[m[K [01;36m[Knote: [m[K  '[01m[KEigen::Vector3d[m[K' {aka '[01m[KEigen::Matrix<double, 3, 1>[m[K'} is not derived from '[01m[Kconst Eigen::PermutationBase<PermutationDerived>[m[K'
[18.040s]    71 |         erroro = quaternion_vector * goal_q.[01;36m[Kw[m[K - goal_quaternion_vector * q.w - cross;
[18.041s]       |                                             [01;36m[K^[m[K
[18.041s] In file included from [01m[K/gpfs/fs1/sfw3/rhel9-x86_64/miniforge3/25.11.0-1/envs/ros2_env/include/eigen3/Eigen/Core:327[m[K:
[18.041s] [01m[K/gpfs/fs1/sfw3/rhel9-x86_64/miniforge3/25.11.0-1/envs/ros2_env/include/eigen3/Eigen/src/Core/Transpositions.h:313:1:[m[K [01;36m[Knote: [m[Kcandidate: '[01m[Ktemplate<class MatrixDerived, class TranspositionsDerived> const Eigen::Product<MatrixDerived, PermutationDerived, 2> Eigen::[01;32m[Koperator*[m[K(const MatrixBase<Derived>&, const TranspositionsBase<TranspositionsDerived>&)[m[K'
[18.041s]   313 | [01;36m[Koperator[m[K*(const MatrixBase<MatrixDerived> &matrix,
[18.041s]       | [01;36m[K^~~~~~~~[m[K
[18.041s] [01m[K/gpfs/fs1/sfw3/rhel9-x86_64/miniforge3/25.11.0-1/envs/ros2_env/include/eigen3/Eigen/src/Core/Transpositions.h:313:1:[m[K [01;36m[Knote: [m[K  template argument deduction/substitution failed:
[18.041s] [01m[K/gpfs/fs1/home/wtan10/Desktop/ECE217/project2_ws/src/ece217_project2_tan/src/kinematic_control.cpp:71:45:[m[K [01;36m[Knote: [m[K  mismatched types '[01m[Kconst Eigen::TranspositionsBase<TranspositionsDerived>[m[K' and '[01m[Kdouble& (Eigen::QuaternionBase<Eigen::Quaternion<double> >::*)()[m[K'
[18.041s]    71 |         erroro = quaternion_vector * goal_q.[01;36m[Kw[m[K - goal_quaternion_vector * q.w - cross;
[18.041s]       |                                             [01;36m[K^[m[K
[18.041s] [01m[K/gpfs/fs1/home/wtan10/Desktop/ECE217/project2_ws/src/ece217_project2_tan/src/kinematic_control.cpp:71:45:[m[K [01;36m[Knote: [m[K  mismatched types '[01m[Kconst Eigen::TranspositionsBase<TranspositionsDerived>[m[K' and '[01m[Kconst double& (Eigen::QuaternionBase<Eigen::Quaternion<double> >::*)() const[m[K'
[18.041s] [01m[K/gpfs/fs1/home/wtan10/Desktop/ECE217/project2_ws/src/ece217_project2_tan/src/kinematic_control.cpp:71:45:[m[K [01;36m[Knote: [m[K  couldn't deduce template parameter '[01m[KTranspositionsDerived[m[K'
[18.041s] [01m[K/gpfs/fs1/sfw3/rhel9-x86_64/miniforge3/25.11.0-1/envs/ros2_env/include/eigen3/Eigen/src/Core/Transpositions.h:325:1:[m[K [01;36m[Knote: [m[Kcandidate: '[01m[Ktemplate<class TranspositionsDerived, class MatrixDerived> const Eigen::Product<MatrixDerived, PermutationDerived, 2> Eigen::[01;32m[Koperator*[m[K(const TranspositionsBase<TranspositionsDerived>&, const MatrixBase<U>&)[m[K'
[18.042s]   325 | [01;36m[Koperator[m[K*(const TranspositionsBase<TranspositionsDerived> &transpositions,
[18.042s]       | [01;36m[K^~~~~~~~[m[K
[18.042s] [01m[K/gpfs/fs1/sfw3/rhel9-x86_64/miniforge3/25.11.0-1/envs/ros2_env/include/eigen3/Eigen/src/Core/Transpositions.h:325:1:[m[K [01;36m[Knote: [m[K  template argument deduction/substitution failed:
[18.042s] [01m[K/gpfs/fs1/home/wtan10/Desktop/ECE217/project2_ws/src/ece217_project2_tan/src/kinematic_control.cpp:71:45:[m[K [01;36m[Knote: [m[K  '[01m[KEigen::Vector3d[m[K' {aka '[01m[KEigen::Matrix<double, 3, 1>[m[K'} is not derived from '[01m[Kconst Eigen::TranspositionsBase<TranspositionsDerived>[m[K'
[18.042s]    71 |         erroro = quaternion_vector * goal_q.[01;36m[Kw[m[K - goal_quaternion_vector * q.w - cross;
[18.042s]       |                                             [01;36m[K^[m[K
[18.042s] In file included from [01m[K/gpfs/fs1/sfw3/rhel9-x86_64/miniforge3/25.11.0-1/envs/ros2_env/include/eigen3/Eigen/Householder:24[m[K,
[18.042s]                  from [01m[K/gpfs/fs1/sfw3/rhel9-x86_64/miniforge3/25.11.0-1/envs/ros2_env/include/eigen3/Eigen/QR:15[m[K,
[18.042s]                  from [01m[K/gpfs/fs1/sfw3/rhel9-x86_64/miniforge3/25.11.0-1/envs/ros2_env/include/eigen3/Eigen/Dense:4[m[K:
[18.042s] [01m[K/gpfs/fs1/sfw3/rhel9-x86_64/miniforge3/25.11.0-1/envs/ros2_env/include/eigen3/Eigen/src/Householder/HouseholderSequence.h:513:99:[m[K [01;36m[Knote: [m[Kcandidate: '[01m[Ktemplate<class OtherDerived, class VectorsType, class CoeffsType, int Side> typename Eigen::internal::matrix_type_times_scalar_type<typename VectorsType::Scalar, OtherDerived>::Type Eigen::[01;32m[Koperator*[m[K(const MatrixBase<Derived>&, const HouseholderSequence<VectorsType, CoeffsType, Side>&)[m[K'
[18.042s]   513 | typename internal::matrix_type_times_scalar_type<typename VectorsType::Scalar,OtherDerived>::Type [01;36m[Koperator[m[K*(const MatrixBase<OtherDerived>& other, const HouseholderSequence<VectorsType,CoeffsType,Side>& h)
[18.042s]       |                                                                                                   [01;36m[K^~~~~~~~[m[K
[18.042s] [01m[K/gpfs/fs1/sfw3/rhel9-x86_64/miniforge3/25.11.0-1/envs/ros2_env/include/eigen3/Eigen/src/Householder/HouseholderSequence.h:513:99:[m[K [01;36m[Knote: [m[K  template argument deduction/substitution failed:
[18.042s] [01m[K/gpfs/fs1/home/wtan10/Desktop/ECE217/project2_ws/src/ece217_project2_tan/src/kinematic_control.cpp:71:45:[m[K [01;36m[Knote: [m[K  mismatched types '[01m[Kconst Eigen::HouseholderSequence<VectorsType, CoeffsType, Side>[m[K' and '[01m[Kdouble& (Eigen::QuaternionBase<Eigen::Quaternion<double> >::*)()[m[K'
[18.043s]    71 |         erroro = quaternion_vector * goal_q.[01;36m[Kw[m[K - goal_quaternion_vector * q.w - cross;
[18.043s]       |                                             [01;36m[K^[m[K
[18.043s] [01m[K/gpfs/fs1/home/wtan10/Desktop/ECE217/project2_ws/src/ece217_project2_tan/src/kinematic_control.cpp:71:45:[m[K [01;36m[Knote: [m[K  mismatched types '[01m[Kconst Eigen::HouseholderSequence<VectorsType, CoeffsType, Side>[m[K' and '[01m[Kconst double& (Eigen::QuaternionBase<Eigen::Quaternion<double> >::*)() const[m[K'
[18.043s] [01m[K/gpfs/fs1/home/wtan10/Desktop/ECE217/project2_ws/src/ece217_project2_tan/src/kinematic_control.cpp:71:45:[m[K [01;36m[Knote: [m[K  couldn't deduce template parameter '[01m[KVectorsType[m[K'
[18.043s] In file included from [01m[K/gpfs/fs1/sfw3/rhel9-x86_64/miniforge3/25.11.0-1/envs/ros2_env/include/eigen3/Eigen/Geometry:46[m[K:
[18.043s] [01m[K/gpfs/fs1/sfw3/rhel9-x86_64/miniforge3/25.11.0-1/envs/ros2_env/include/eigen3/Eigen/src/Geometry/Scaling.h:135:1:[m[K [01;36m[Knote: [m[Kcandidate: '[01m[Ktemplate<class Derived, class Scalar> Eigen::CwiseBinaryOp<Eigen::internal::scalar_product_op<typename Eigen::internal::traits<T>::Scalar, Scalar>, const Derived, const typename Eigen::internal::plain_constant_type<Expr, Scalar>::type> Eigen::[01;32m[Koperator*[m[K(const MatrixBase<Derived>&, const UniformScaling<Scalar>&)[m[K'
[18.043s]   135 | [01;36m[Koperator[m[K*(const MatrixBase<Derived>& matrix, const UniformScaling<Scalar>& s)
[18.043s]       | [01;36m[K^~~~~~~~[m[K
[18.043s] [01m[K/gpfs/fs1/sfw3/rhel9-x86_64/miniforge3/25.11.0-1/envs/ros2_env/include/eigen3/Eigen/src/Geometry/Scaling.h:135:1:[m[K [01;36m[Knote: [m[K  template argument deduction/substitution failed:
[18.043s] [01m[K/gpfs/fs1/home/wtan10/Desktop/ECE217/project2_ws/src/ece217_project2_tan/src/kinematic_control.cpp:71:45:[m[K [01;36m[Knote: [m[K  mismatched types '[01m[Kconst Eigen::UniformScaling<Scalar>[m[K' and '[01m[Kdouble& (Eigen::QuaternionBase<Eigen::Quaternion<double> >::*)()[m[K'
[18.043s]    71 |         erroro = quaternion_vector * goal_q.[01;36m[Kw[m[K - goal_quaternion_vector * q.w - cross;
[18.043s]       |                                             [01;36m[K^[m[K
[18.043s] [01m[K/gpfs/fs1/home/wtan10/Desktop/ECE217/project2_ws/src/ece217_project2_tan/src/kinematic_control.cpp:71:45:[m[K [01;36m[Knote: [m[K  mismatched types '[01m[Kconst Eigen::UniformScaling<Scalar>[m[K' and '[01m[Kconst double& (Eigen::QuaternionBase<Eigen::Quaternion<double> >::*)() const[m[K'
[18.043s] [01m[K/gpfs/fs1/home/wtan10/Desktop/ECE217/project2_ws/src/ece217_project2_tan/src/kinematic_control.cpp:71:45:[m[K [01;36m[Knote: [m[K  couldn't deduce template parameter '[01m[KScalar[m[K'
[18.044s] [01m[K/gpfs/fs1/sfw3/rhel9-x86_64/miniforge3/25.11.0-1/envs/ros2_env/include/eigen3/Eigen/src/Geometry/RotationBase.h:80:66:[m[K [01;36m[Knote: [m[Kcandidate: '[01m[KEigen::Transform<double, 3, 2> Eigen::[01;32m[Koperator*[m[K(const DiagonalMatrix<double, 3>&, const Quaternion<double>&)[m[K'
[18.044s]    80 |     EIGEN_DEVICE_FUNC friend inline Transform<Scalar,Dim,Affine> [01;36m[Koperator[m[K*(const DiagonalMatrix<Scalar,Dim>& l, const Derived& r)
[18.044s]       |                                                                  [01;36m[K^~~~~~~~[m[K
[18.044s] [01m[K/gpfs/fs1/sfw3/rhel9-x86_64/miniforge3/25.11.0-1/envs/ros2_env/include/eigen3/Eigen/src/Geometry/RotationBase.h:80:110:[m[K [01;36m[Knote: [m[K  no known conversion for argument 1 from '[01m[KEigen::Vector3d[m[K' {aka '[01m[KEigen::Matrix<double, 3, 1>[m[K'} to '[01m[Kconst Eigen::DiagonalMatrix<double, 3>&[m[K'
[18.044s]    80 |     EIGEN_DEVICE_FUNC friend inline Transform<Scalar,Dim,Affine> operator*([01;36m[Kconst DiagonalMatrix<Scalar,Dim>& l[m[K, const Derived& r)
[18.044s]       |                                                                            [01;36m[K~~~~~~~~~~~~~~~~~~~~~~~~~~~~~~~~~~^[m[K
[18.044s] [01m[K/gpfs/fs1/home/wtan10/Desktop/ECE217/project2_ws/src/ece217_project2_tan/src/kinematic_control.cpp:71:72:[m[K [01;31m[Kerror: [m[Kno match for '[01m[Koperator*[m[K' (operand types are '[01m[KEigen::Vector3d[m[K' {aka '[01m[KEigen::Matrix<double, 3, 1>[m[K'} and '[01m[K<unresolved overloaded function type>[m[K')
[18.044s]    71 |         erroro = quaternion_vector * goal_q.w - [32m[Kgoal_quaternion_vector[m[K [01;31m[K*[m[K [34m[Kq.w[m[K - cross;
[18.044s]       |                                                 [32m[K~~~~~~~~~~~~~~~~~~~~~~[m[K [01;31m[K^[m[K [34m[K~~~[m[K
[18.044s]       |                                                 [32m[K|[m[K                          [34m[K|[m[K
[18.044s]       |                                                 [32m[K|[m[K                          [34m[K<unresolved overloaded function type>[m[K
[18.044s]       |                                                 [32m[KEigen::Vector3d {aka Eigen::Matrix<double, 3, 1>}[m[K
[18.044s] [01m[K/gpfs/fs1/sfw3/rhel9-x86_64/miniforge3/25.11.0-1/envs/ros2_env/include/eigen3/Eigen/src/Core/../plugins/CommonCwiseBinaryOps.h:50:29:[m[K [01;36m[Knote: [m[Kcandidate: '[01m[Ktemplate<class T> const Eigen::CwiseBinaryOp<Eigen::internal::scalar_product_op<typename Eigen::internal::traits<T>::Scalar, typename Eigen::internal::promote_scalar_arg<typename Eigen::internal::traits<T>::Scalar, T, Eigen::internal::has_ReturnType<Eigen::ScalarBinaryOpTraits<typename Eigen::internal::traits<T>::Scalar, T, Eigen::internal::scalar_product_op<typename Eigen::internal::traits<T>::Scalar, T> > >::value>::type>, const Derived, const typename Eigen::internal::plain_constant_type<Derived, typename Eigen::internal::promote_scalar_arg<typename Eigen::internal::traits<T>::Scalar, T, Eigen::internal::has_ReturnType<Eigen::ScalarBinaryOpTraits<typename Eigen::internal::traits<T>::Scalar, T, Eigen::internal::scalar_product_op<typename Eigen::internal::traits<T>::Scalar, T> > >::value>::type>::type> Eigen::MatrixBase<Derived>::[01;32m[Koperator*[m[K(const T&) const [35m[K[with Derived = Eigen::Matrix<double, 3, 1>][m[K[m[K'
[18.044s]    50 | EIGEN_MAKE_SCALAR_BINARY_OP([01;36m[Koperator[m[K*,product)
[18.045s]       |                             [01;36m[K^~~~~~~~[m[K
[18.045s] [01m[K/gpfs/fs1/sfw3/rhel9-x86_64/miniforge3/25.11.0-1/envs/ros2_env/include/eigen3/Eigen/src/Core/util/Macros.h:1365:4:[m[K [01;36m[Knote: [m[Kin definition of macro '[01m[KEIGEN_MAKE_SCALAR_BINARY_OP_ONTHERIGHT[m[K'
[18.045s]  1365 |   ([01;36m[KMETHOD[m[K)(const T& scalar) const { \
[18.045s]       |    [01;36m[K^~~~~~[m[K
[18.045s] [01m[K/gpfs/fs1/sfw3/rhel9-x86_64/miniforge3/25.11.0-1/envs/ros2_env/include/eigen3/Eigen/src/Core/../plugins/CommonCwiseBinaryOps.h:50:1:[m[K [01;36m[Knote: [m[Kin expansion of macro '[01m[KEIGEN_MAKE_SCALAR_BINARY_OP[m[K'
[18.045s]    50 | [01;36m[KEIGEN_MAKE_SCALAR_BINARY_OP[m[K(operator*,product)
[18.045s]       | [01;36m[K^~~~~~~~~~~~~~~~~~~~~~~~~~~[m[K
[18.045s] [01m[K/gpfs/fs1/sfw3/rhel9-x86_64/miniforge3/25.11.0-1/envs/ros2_env/include/eigen3/Eigen/src/Core/../plugins/CommonCwiseBinaryOps.h:50:29:[m[K [01;36m[Knote: [m[K  template argument deduction/substitution failed:
[18.045s]    50 | EIGEN_MAKE_SCALAR_BINARY_OP([01;36m[Koperator[m[K*,product)
[18.045s]       |                             [01;36m[K^~~~~~~~[m[K
[18.045s] [01m[K/gpfs/fs1/sfw3/rhel9-x86_64/miniforge3/25.11.0-1/envs/ros2_env/include/eigen3/Eigen/src/Core/util/Macros.h:1365:4:[m[K [01;36m[Knote: [m[Kin definition of macro '[01m[KEIGEN_MAKE_SCALAR_BINARY_OP_ONTHERIGHT[m[K'
[18.045s]  1365 |   ([01;36m[KMETHOD[m[K)(const T& scalar) const { \
[18.045s]       |    [01;36m[K^~~~~~[m[K
[18.045s] [01m[K/gpfs/fs1/sfw3/rhel9-x86_64/miniforge3/25.11.0-1/envs/ros2_env/include/eigen3/Eigen/src/Core/../plugins/CommonCwiseBinaryOps.h:50:1:[m[K [01;36m[Knote: [m[Kin expansion of macro '[01m[KEIGEN_MAKE_SCALAR_BINARY_OP[m[K'
[18.045s]    50 | [01;36m[KEIGEN_MAKE_SCALAR_BINARY_OP[m[K(operator*,product)
[18.046s]       | [01;36m[K^~~~~~~~~~~~~~~~~~~~~~~~~~~[m[K
[18.046s] [01m[K/gpfs/fs1/home/wtan10/Desktop/ECE217/project2_ws/src/ece217_project2_tan/src/kinematic_control.cpp:71:76:[m[K [01;36m[Knote: [m[K  couldn't deduce template parameter '[01m[KT[m[K'
[18.046s]    71 |         erroro = quaternion_vector * goal_q.w - goal_quaternion_vector * q.[01;36m[Kw[m[K - cross;
[18.046s]       |                                                                            [01;36m[K^[m[K
[18.046s] [01m[K/gpfs/fs1/sfw3/rhel9-x86_64/miniforge3/25.11.0-1/envs/ros2_env/include/eigen3/Eigen/src/Core/GeneralProduct.h:399:1:[m[K [01;36m[Knote: [m[Kcandidate: '[01m[Ktemplate<class OtherDerived> const Eigen::Product<Derived, OtherDerived> Eigen::MatrixBase<Derived>::[01;32m[Koperator*[m[K(const Eigen::MatrixBase<OtherDerived>&) const [35m[K[with Derived = Eigen::Matrix<double, 3, 1>][m[K[m[K'
[18.046s]   399 | [01;36m[KMatrixBase<Derived>[m[K::operator*(const MatrixBase<OtherDerived> &other) const
[18.046s]       | [01;36m[K^~~~~~~~~~~~~~~~~~~[m[K
[18.046s] [01m[K/gpfs/fs1/sfw3/rhel9-x86_64/miniforge3/25.11.0-1/envs/ros2_env/include/eigen3/Eigen/src/Core/GeneralProduct.h:399:1:[m[K [01;36m[Knote: [m[K  template argument deduction/substitution failed:
[18.046s] [01m[K/gpfs/fs1/home/wtan10/Desktop/ECE217/project2_ws/src/ece217_project2_tan/src/kinematic_control.cpp:71:76:[m[K [01;36m[Knote: [m[K  mismatched types '[01m[Kconst Eigen::MatrixBase<Derived>[m[K' and '[01m[Kdouble& (Eigen::QuaternionBase<Eigen::Quaternion<double> >::*)()[m[K'
[18.046s]    71 |         erroro = quaternion_vector * goal_q.w - goal_quaternion_vector * q.[01;36m[Kw[m[K - cross;
[18.046s]       |                                                                            [01;36m[K^[m[K
[18.046s] [01m[K/gpfs/fs1/home/wtan10/Desktop/ECE217/project2_ws/src/ece217_project2_tan/src/kinematic_control.cpp:71:76:[m[K [01;36m[Knote: [m[K  mismatched types '[01m[Kconst Eigen::MatrixBase<Derived>[m[K' and '[01m[Kconst double& (Eigen::QuaternionBase<Eigen::Quaternion<double> >::*)() const[m[K'
[18.046s] [01m[K/gpfs/fs1/home/wtan10/Desktop/ECE217/project2_ws/src/ece217_project2_tan/src/kinematic_control.cpp:71:76:[m[K [01;36m[Knote: [m[K  couldn't deduce template parameter '[01m[KOtherDerived[m[K'
[18.046s] [01m[K/gpfs/fs1/sfw3/rhel9-x86_64/miniforge3/25.11.0-1/envs/ros2_env/include/eigen3/Eigen/src/Core/MatrixBase.h:185:5:[m[K [01;36m[Knote: [m[Kcandidate: '[01m[Ktemplate<class DiagonalDerived> const Eigen::Product<Derived, OtherDerived, 1> Eigen::MatrixBase<Derived>::[01;32m[Koperator*[m[K(const Eigen::DiagonalBase<DiagonalDerived>&) const [35m[K[with Derived = Eigen::Matrix<double, 3, 1>][m[K[m[K'
[18.046s]   185 |     [01;36m[Koperator[m[K*(const DiagonalBase<DiagonalDerived> &diagonal) const;
[18.047s]       |     [01;36m[K^~~~~~~~[m[K
[18.047s] [01m[K/gpfs/fs1/sfw3/rhel9-x86_64/miniforge3/25.11.0-1/envs/ros2_env/include/eigen3/Eigen/src/Core/MatrixBase.h:185:5:[m[K [01;36m[Knote: [m[K  template argument deduction/substitution failed:
[18.047s] [01m[K/gpfs/fs1/home/wtan10/Desktop/ECE217/project2_ws/src/ece217_project2_tan/src/kinematic_control.cpp:71:76:[m[K [01;36m[Knote: [m[K  mismatched types '[01m[Kconst Eigen::DiagonalBase<T>[m[K' and '[01m[Kdouble& (Eigen::QuaternionBase<Eigen::Quaternion<double> >::*)()[m[K'
[18.047s]    71 |         erroro = quaternion_vector * goal_q.w - goal_quaternion_vector * q.[01;36m[Kw[m[K - cross;
[18.047s]       |                                                                            [01;36m[K^[m[K
[18.047s] [01m[K/gpfs/fs1/home/wtan10/Desktop/ECE217/project2_ws/src/ece217_project2_tan/src/kinematic_control.cpp:71:76:[m[K [01;36m[Knote: [m[K  mismatched types '[01m[Kconst Eigen::DiagonalBase<T>[m[K' and '[01m[Kconst double& (Eigen::QuaternionBase<Eigen::Quaternion<double> >::*)() const[m[K'
[18.047s] [01m[K/gpfs/fs1/home/wtan10/Desktop/ECE217/project2_ws/src/ece217_project2_tan/src/kinematic_control.cpp:71:76:[m[K [01;36m[Knote: [m[K  couldn't deduce template parameter '[01m[KDiagonalDerived[m[K'
[18.047s] [01m[K/gpfs/fs1/sfw3/rhel9-x86_64/miniforge3/25.11.0-1/envs/ros2_env/include/eigen3/Eigen/src/Core/../plugins/CommonCwiseBinaryOps.h:50:29:[m[K [01;36m[Knote: [m[Kcandidate: '[01m[Ktemplate<class T> const Eigen::CwiseBinaryOp<Eigen::internal::scalar_product_op<typename Eigen::internal::promote_scalar_arg<double, T, Eigen::internal::has_ReturnType<Eigen::ScalarBinaryOpTraits<T, double, Eigen::internal::scalar_product_op<T, double> > >::value>::type, double>, const typename Eigen::internal::plain_constant_type<Eigen::Matrix<double, 3, 1>, typename Eigen::internal::promote_scalar_arg<double, T, Eigen::internal::has_ReturnType<Eigen::ScalarBinaryOpTraits<T, double, Eigen::internal::scalar_product_op<T, double> > >::value>::type>::type, const Eigen::Matrix<double, 3, 1> > Eigen::[01;32m[Koperator*[m[K(const T&, const MatrixBase<Matrix<double, 3, 1> >::StorageBaseType&)[m[K'
[18.047s]    50 | EIGEN_MAKE_SCALAR_BINARY_OP([01;36m[Koperator[m[K*,product)
[18.047s]       |                             [01;36m[K^~~~~~~~[m[K
[18.047s] [01m[K/gpfs/fs1/sfw3/rhel9-x86_64/miniforge3/25.11.0-1/envs/ros2_env/include/eigen3/Eigen/src/Core/util/Macros.h:1374:4:[m[K [01;36m[Knote: [m[Kin definition of macro '[01m[KEIGEN_MAKE_SCALAR_BINARY_OP_ONTHELEFT[m[K'
[18.047s]  1374 |   ([01;36m[KMETHOD[m[K)(const T& scalar, const StorageBaseType& matrix) { \
[18.047s]       |    [01;36m[K^~~~~~[m[K
[18.047s] [01m[K/gpfs/fs1/sfw3/rhel9-x86_64/miniforge3/25.11.0-1/envs/ros2_env/include/eigen3/Eigen/src/Core/../plugins/CommonCwiseBinaryOps.h:50:1:[m[K [01;36m[Knote: [m[Kin expansion of macro '[01m[KEIGEN_MAKE_SCALAR_BINARY_OP[m[K'
[18.048s]    50 | [01;36m[KEIGEN_MAKE_SCALAR_BINARY_OP[m[K(operator*,product)
[18.048s]       | [01;36m[K^~~~~~~~~~~~~~~~~~~~~~~~~~~[m[K
[18.048s] [01m[K/gpfs/fs1/sfw3/rhel9-x86_64/miniforge3/25.11.0-1/envs/ros2_env/include/eigen3/Eigen/src/Core/../plugins/CommonCwiseBinaryOps.h:50:29:[m[K [01;36m[Knote: [m[K  template argument deduction/substitution failed:
[18.048s]    50 | EIGEN_MAKE_SCALAR_BINARY_OP([01;36m[Koperator[m[K*,product)
[18.048s]       |                             [01;36m[K^~~~~~~~[m[K
[18.048s] [01m[K/gpfs/fs1/sfw3/rhel9-x86_64/miniforge3/25.11.0-1/envs/ros2_env/include/eigen3/Eigen/src/Core/util/Macros.h:1374:4:[m[K [01;36m[Knote: [m[Kin definition of macro '[01m[KEIGEN_MAKE_SCALAR_BINARY_OP_ONTHELEFT[m[K'
[18.048s]  1374 |   ([01;36m[KMETHOD[m[K)(const T& scalar, const StorageBaseType& matrix) { \
[18.048s]       |    [01;36m[K^~~~~~[m[K
[18.048s] [01m[K/gpfs/fs1/sfw3/rhel9-x86_64/miniforge3/25.11.0-1/envs/ros2_env/include/eigen3/Eigen/src/Core/../plugins/CommonCwiseBinaryOps.h:50:1:[m[K [01;36m[Knote: [m[Kin expansion of macro '[01m[KEIGEN_MAKE_SCALAR_BINARY_OP[m[K'
[18.048s]    50 | [01;36m[KEIGEN_MAKE_SCALAR_BINARY_OP[m[K(operator*,product)
[18.048s]       | [01;36m[K^~~~~~~~~~~~~~~~~~~~~~~~~~~[m[K
[18.048s] [01m[K/gpfs/fs1/home/wtan10/Desktop/ECE217/project2_ws/src/ece217_project2_tan/src/kinematic_control.cpp:71:76:[m[K [01;36m[Knote: [m[K  cannot convert '[01m[Kq.Eigen::QuaternionBase<Eigen::Quaternion<double> >::w[m[K' (type '[01m[K<unresolved overloaded function type>[m[K') to type '[01m[Kconst Eigen::MatrixBase<Eigen::Matrix<double, 3, 1> >::StorageBaseType&[m[K' {aka '[01m[Kconst Eigen::MatrixBase<Eigen::Matrix<double, 3, 1> >&[m[K'}
[18.048s]    71 |         erroro = quaternion_vector * goal_q.w - goal_quaternion_vector * [01;36m[Kq.w[m[K - cross;
[18.048s]       |                                                                          [01;36m[K~~^[m[K
[18.048s] [01m[K/gpfs/fs1/sfw3/rhel9-x86_64/miniforge3/25.11.0-1/envs/ros2_env/include/eigen3/Eigen/src/Geometry/RotationBase.h:76:49:[m[K [01;36m[Knote: [m[Kcandidate: '[01m[Ktemplate<class OtherDerived> Eigen::RotationBase<Eigen::Quaternion<double>, 3>::RotationMatrixType Eigen::[01;32m[Koperator*[m[K(const EigenBase<Derived>&, const Quaternion<double>&)[m[K'
[18.049s]    76 |     EIGEN_DEVICE_FUNC inline RotationMatrixType [01;36m[Koperator[m[K*(const EigenBase<OtherDerived>& l, const Derived& r)
[18.049s]       |                                                 [01;36m[K^~~~~~~~[m[K
[18.049s] [01m[K/gpfs/fs1/sfw3/rhel9-x86_64/miniforge3/25.11.0-1/envs/ros2_env/include/eigen3/Eigen/src/Geometry/RotationBase.h:76:49:[m[K [01;36m[Knote: [m[K  template argument deduction/substitution failed:
[18.049s] [01m[K/gpfs/fs1/home/wtan10/Desktop/ECE217/project2_ws/src/ece217_project2_tan/src/kinematic_control.cpp:71:76:[m[K [01;36m[Knote: [m[K  cannot convert '[01m[Kq.Eigen::QuaternionBase<Eigen::Quaternion<double> >::w[m[K' (type '[01m[K<unresolved overloaded function type>[m[K') to type '[01m[Kconst Eigen::Quaternion<double>&[m[K'
[18.049s]    71 |         erroro = quaternion_vector * goal_q.w - goal_quaternion_vector * [01;36m[Kq.w[m[K - cross;
[18.049s]       |                                                                          [01;36m[K~~^[m[K
[18.049s] [01m[K/gpfs/fs1/sfw3/rhel9-x86_64/miniforge3/25.11.0-1/envs/ros2_env/include/eigen3/Eigen/src/Core/PermutationMatrix.h:515:1:[m[K [01;36m[Knote: [m[Kcandidate: '[01m[Ktemplate<class MatrixDerived, class PermutationDerived> const Eigen::Product<MatrixDerived, PermutationDerived, 2> Eigen::[01;32m[Koperator*[m[K(const MatrixBase<Derived>&, const PermutationBase<PermutationDerived>&)[m[K'
[18.049s]   515 | [01;36m[Koperator[m[K*(const MatrixBase<MatrixDerived> &matrix,
[18.049s]       | [01;36m[K^~~~~~~~[m[K
[18.049s] [01m[K/gpfs/fs1/sfw3/rhel9-x86_64/miniforge3/25.11.0-1/envs/ros2_env/include/eigen3/Eigen/src/Core/PermutationMatrix.h:515:1:[m[K [01;36m[Knote: [m[K  template argument deduction/substitution failed:
[18.049s] [01m[K/gpfs/fs1/home/wtan10/Desktop/ECE217/project2_ws/src/ece217_project2_tan/src/kinematic_control.cpp:71:76:[m[K [01;36m[Knote: [m[K  mismatched types '[01m[Kconst Eigen::PermutationBase<PermutationDerived>[m[K' and '[01m[Kdouble& (Eigen::QuaternionBase<Eigen::Quaternion<double> >::*)()[m[K'
[18.049s]    71 |         erroro = quaternion_vector * goal_q.w - goal_quaternion_vector * q.[01;36m[Kw[m[K - cross;
[18.049s]       |                                                                            [01;36m[K^[m[K
[18.049s] [01m[K/gpfs/fs1/home/wtan10/Desktop/ECE217/project2_ws/src/ece217_project2_tan/src/kinematic_control.cpp:71:76:[m[K [01;36m[Knote: [m[K  mismatched types '[01m[Kconst Eigen::PermutationBase<PermutationDerived>[m[K' and '[01m[Kconst double& (Eigen::QuaternionBase<Eigen::Quaternion<double> >::*)() const[m[K'
[18.050s] [01m[K/gpfs/fs1/home/wtan10/Desktop/ECE217/project2_ws/src/ece217_project2_tan/src/kinematic_control.cpp:71:76:[m[K [01;36m[Knote: [m[K  couldn't deduce template parameter '[01m[KPermutationDerived[m[K'
[18.050s] [01m[K/gpfs/fs1/sfw3/rhel9-x86_64/miniforge3/25.11.0-1/envs/ros2_env/include/eigen3/Eigen/src/Core/PermutationMatrix.h:527:1:[m[K [01;36m[Knote: [m[Kcandidate: '[01m[Ktemplate<class PermutationDerived, class MatrixDerived> const Eigen::Product<MatrixDerived, PermutationDerived, 2> Eigen::[01;32m[Koperator*[m[K(const PermutationBase<PermutationDerived>&, const MatrixBase<U>&)[m[K'
[18.050s]   527 | [01;36m[Koperator[m[K*(const PermutationBase<PermutationDerived> &permutation,
[18.050s]       | [01;36m[K^~~~~~~~[m[K
[18.050s] [01m[K/gpfs/fs1/sfw3/rhel9-x86_64/miniforge3/25.11.0-1/envs/ros2_env/include/eigen3/Eigen/src/Core/PermutationMatrix.h:527:1:[m[K [01;36m[Knote: [m[K  template argument deduction/substitution failed:
[18.050s] [01m[K/gpfs/fs1/home/wtan10/Desktop/ECE217/project2_ws/src/ece217_project2_tan/src/kinematic_control.cpp:71:76:[m[K [01;36m[Knote: [m[K  '[01m[KEigen::Vector3d[m[K' {aka '[01m[KEigen::Matrix<double, 3, 1>[m[K'} is not derived from '[01m[Kconst Eigen::PermutationBase<PermutationDerived>[m[K'
[18.050s]    71 |         erroro = quaternion_vector * goal_q.w - goal_quaternion_vector * q.[01;36m[Kw[m[K - cross;
[18.050s]       |                                                                            [01;36m[K^[m[K
[18.050s] [01m[K/gpfs/fs1/sfw3/rhel9-x86_64/miniforge3/25.11.0-1/envs/ros2_env/include/eigen3/Eigen/src/Core/Transpositions.h:313:1:[m[K [01;36m[Knote: [m[Kcandidate: '[01m[Ktemplate<class MatrixDerived, class TranspositionsDerived> const Eigen::Product<MatrixDerived, PermutationDerived, 2> Eigen::[01;32m[Koperator*[m[K(const MatrixBase<Derived>&, const TranspositionsBase<TranspositionsDerived>&)[m[K'
[18.050s]   313 | [01;36m[Koperator[m[K*(const MatrixBase<MatrixDerived> &matrix,
[18.050s]       | [01;36m[K^~~~~~~~[m[K
[18.050s] [01m[K/gpfs/fs1/sfw3/rhel9-x86_64/miniforge3/25.11.0-1/envs/ros2_env/include/eigen3/Eigen/src/Core/Transpositions.h:313:1:[m[K [01;36m[Knote: [m[K  template argument deduction/substitution failed:
[18.050s] [01m[K/gpfs/fs1/home/wtan10/Desktop/ECE217/project2_ws/src/ece217_project2_tan/src/kinematic_control.cpp:71:76:[m[K [01;36m[Knote: [m[K  mismatched types '[01m[Kconst Eigen::TranspositionsBase<TranspositionsDerived>[m[K' and '[01m[Kdouble& (Eigen::QuaternionBase<Eigen::Quaternion<double> >::*)()[m[K'
[18.050s]    71 |         erroro = quaternion_vector * goal_q.w - goal_quaternion_vector * q.[01;36m[Kw[m[K - cross;
[18.050s]       |                                                                            [01;36m[K^[m[K
[18.051s] [01m[K/gpfs/fs1/home/wtan10/Desktop/ECE217/project2_ws/src/ece217_project2_tan/src/kinematic_control.cpp:71:76:[m[K [01;36m[Knote: [m[K  mismatched types '[01m[Kconst Eigen::TranspositionsBase<TranspositionsDerived>[m[K' and '[01m[Kconst double& (Eigen::QuaternionBase<Eigen::Quaternion<double> >::*)() const[m[K'
[18.051s] [01m[K/gpfs/fs1/home/wtan10/Desktop/ECE217/project2_ws/src/ece217_project2_tan/src/kinematic_control.cpp:71:76:[m[K [01;36m[Knote: [m[K  couldn't deduce template parameter '[01m[KTranspositionsDerived[m[K'
[18.051s] [01m[K/gpfs/fs1/sfw3/rhel9-x86_64/miniforge3/25.11.0-1/envs/ros2_env/include/eigen3/Eigen/src/Core/Transpositions.h:325:1:[m[K [01;36m[Knote: [m[Kcandidate: '[01m[Ktemplate<class TranspositionsDerived, class MatrixDerived> const Eigen::Product<MatrixDerived, PermutationDerived, 2> Eigen::[01;32m[Koperator*[m[K(const TranspositionsBase<TranspositionsDerived>&, const MatrixBase<U>&)[m[K'
[18.051s]   325 | [01;36m[Koperator[m[K*(const TranspositionsBase<TranspositionsDerived> &transpositions,
[18.051s]       | [01;36m[K^~~~~~~~[m[K
[18.051s] [01m[K/gpfs/fs1/sfw3/rhel9-x86_64/miniforge3/25.11.0-1/envs/ros2_env/include/eigen3/Eigen/src/Core/Transpositions.h:325:1:[m[K [01;36m[Knote: [m[K  template argument deduction/substitution failed:
[18.051s] [01m[K/gpfs/fs1/home/wtan10/Desktop/ECE217/project2_ws/src/ece217_project2_tan/src/kinematic_control.cpp:71:76:[m[K [01;36m[Knote: [m[K  '[01m[KEigen::Vector3d[m[K' {aka '[01m[KEigen::Matrix<double, 3, 1>[m[K'} is not derived from '[01m[Kconst Eigen::TranspositionsBase<TranspositionsDerived>[m[K'
[18.051s]    71 |         erroro = quaternion_vector * goal_q.w - goal_quaternion_vector * q.[01;36m[Kw[m[K - cross;
[18.051s]       |                                                                            [01;36m[K^[m[K
[18.051s] [01m[K/gpfs/fs1/sfw3/rhel9-x86_64/miniforge3/25.11.0-1/envs/ros2_env/include/eigen3/Eigen/src/Householder/HouseholderSequence.h:513:99:[m[K [01;36m[Knote: [m[Kcandidate: '[01m[Ktemplate<class OtherDerived, class VectorsType, class CoeffsType, int Side> typename Eigen::internal::matrix_type_times_scalar_type<typename VectorsType::Scalar, OtherDerived>::Type Eigen::[01;32m[Koperator*[m[K(const MatrixBase<Derived>&, const HouseholderSequence<VectorsType, CoeffsType, Side>&)[m[K'
[18.051s]   513 | typename internal::matrix_type_times_scalar_type<typename VectorsType::Scalar,OtherDerived>::Type [01;36m[Koperator[m[K*(const MatrixBase<OtherDerived>& other, const HouseholderSequence<VectorsType,CoeffsType,Side>& h)
[18.051s]       |                                                                                                   [01;36m[K^~~~~~~~[m[K
[18.051s] [01m[K/gpfs/fs1/sfw3/rhel9-x86_64/miniforge3/25.11.0-1/envs/ros2_env/include/eigen3/Eigen/src/Householder/HouseholderSequence.h:513:99:[m[K [01;36m[Knote: [m[K  template argument deduction/substitution failed:
[18.051s] [01m[K/gpfs/fs1/home/wtan10/Desktop/ECE217/project2_ws/src/ece217_project2_tan/src/kinematic_control.cpp:71:76:[m[K [01;36m[Knote: [m[K  mismatched types '[01m[Kconst Eigen::HouseholderSequence<VectorsType, CoeffsType, Side>[m[K' and '[01m[Kdouble& (Eigen::QuaternionBase<Eigen::Quaternion<double> >::*)()[m[K'
[18.052s]    71 |         erroro = quaternion_vector * goal_q.w - goal_quaternion_vector * q.[01;36m[Kw[m[K - cross;
[18.052s]       |                                                                            [01;36m[K^[m[K
[18.052s] [01m[K/gpfs/fs1/home/wtan10/Desktop/ECE217/project2_ws/src/ece217_project2_tan/src/kinematic_control.cpp:71:76:[m[K [01;36m[Knote: [m[K  mismatched types '[01m[Kconst Eigen::HouseholderSequence<VectorsType, CoeffsType, Side>[m[K' and '[01m[Kconst double& (Eigen::QuaternionBase<Eigen::Quaternion<double> >::*)() const[m[K'
[18.052s] [01m[K/gpfs/fs1/home/wtan10/Desktop/ECE217/project2_ws/src/ece217_project2_tan/src/kinematic_control.cpp:71:76:[m[K [01;36m[Knote: [m[K  couldn't deduce template parameter '[01m[KVectorsType[m[K'
[18.052s] [01m[K/gpfs/fs1/sfw3/rhel9-x86_64/miniforge3/25.11.0-1/envs/ros2_env/include/eigen3/Eigen/src/Geometry/Scaling.h:135:1:[m[K [01;36m[Knote: [m[Kcandidate: '[01m[Ktemplate<class Derived, class Scalar> Eigen::CwiseBinaryOp<Eigen::internal::scalar_product_op<typename Eigen::internal::traits<T>::Scalar, Scalar>, const Derived, const typename Eigen::internal::plain_constant_type<Expr, Scalar>::type> Eigen::[01;32m[Koperator*[m[K(const MatrixBase<Derived>&, const UniformScaling<Scalar>&)[m[K'
[18.052s]   135 | [01;36m[Koperator[m[K*(const MatrixBase<Derived>& matrix, const UniformScaling<Scalar>& s)
[18.052s]       | [01;36m[K^~~~~~~~[m[K
[18.052s] [01m[K/gpfs/fs1/sfw3/rhel9-x86_64/miniforge3/25.11.0-1/envs/ros2_env/include/eigen3/Eigen/src/Geometry/Scaling.h:135:1:[m[K [01;36m[Knote: [m[K  template argument deduction/substitution failed:
[18.052s] [01m[K/gpfs/fs1/home/wtan10/Desktop/ECE217/project2_ws/src/ece217_project2_tan/src/kinematic_control.cpp:71:76:[m[K [01;36m[Knote: [m[K  mismatched types '[01m[Kconst Eigen::UniformScaling<Scalar>[m[K' and '[01m[Kdouble& (Eigen::QuaternionBase<Eigen::Quaternion<double> >::*)()[m[K'
[18.052s]    71 |         erroro = quaternion_vector * goal_q.w - goal_quaternion_vector * q.[01;36m[Kw[m[K - cross;
[18.052s]       |                                                                            [01;36m[K^[m[K
[18.052s] [01m[K/gpfs/fs1/home/wtan10/Desktop/ECE217/project2_ws/src/ece217_project2_tan/src/kinematic_control.cpp:71:76:[m[K [01;36m[Knote: [m[K  mismatched types '[01m[Kconst Eigen::UniformScaling<Scalar>[m[K' and '[01m[Kconst double& (Eigen::QuaternionBase<Eigen::Quaternion<double> >::*)() const[m[K'
[18.052s] [01m[K/gpfs/fs1/home/wtan10/Desktop/ECE217/project2_ws/src/ece217_project2_tan/src/kinematic_control.cpp:71:76:[m[K [01;36m[Knote: [m[K  couldn't deduce template parameter '[01m[KScalar[m[K'
[18.052s] [01m[K/gpfs/fs1/sfw3/rhel9-x86_64/miniforge3/25.11.0-1/envs/ros2_env/include/eigen3/Eigen/src/Geometry/RotationBase.h:80:66:[m[K [01;36m[Knote: [m[Kcandidate: '[01m[KEigen::Transform<double, 3, 2> Eigen::[01;32m[Koperator*[m[K(const DiagonalMatrix<double, 3>&, const Quaternion<double>&)[m[K'
[18.052s]    80 |     EIGEN_DEVICE_FUNC friend inline Transform<Scalar,Dim,Affine> [01;36m[Koperator[m[K*(const DiagonalMatrix<Scalar,Dim>& l, const Derived& r)
[18.053s]       |                                                                  [01;36m[K^~~~~~~~[m[K
[18.053s] [01m[K/gpfs/fs1/sfw3/rhel9-x86_64/miniforge3/25.11.0-1/envs/ros2_env/include/eigen3/Eigen/src/Geometry/RotationBase.h:80:110:[m[K [01;36m[Knote: [m[K  no known conversion for argument 1 from '[01m[KEigen::Vector3d[m[K' {aka '[01m[KEigen::Matrix<double, 3, 1>[m[K'} to '[01m[Kconst Eigen::DiagonalMatrix<double, 3>&[m[K'
[18.053s]    80 |     EIGEN_DEVICE_FUNC friend inline Transform<Scalar,Dim,Affine> operator*([01;36m[Kconst DiagonalMatrix<Scalar,Dim>& l[m[K, const Derived& r)
[18.053s]       |                                                                            [01;36m[K~~~~~~~~~~~~~~~~~~~~~~~~~~~~~~~~~~^[m[K
[18.053s] [01m[K/gpfs/fs1/home/wtan10/Desktop/ECE217/project2_ws/src/ece217_project2_tan/src/kinematic_control.cpp:104:16:[m[K [01;31m[Kerror: [m[K'[01m[KMatrix6d[m[K' is not a member of '[01m[KEigen[m[K'; did you mean '[01m[KMatrixXd[m[K'?
[18.053s]   104 |         Eigen::[01;31m[KMatrix6d[m[K Jacobian;
[18.053s]       |                [01;31m[K^~~~~~~~[m[K
[18.053s]       |                [32m[KMatrixXd[m[K
[18.053s] [01m[K/gpfs/fs1/home/wtan10/Desktop/ECE217/project2_ws/src/ece217_project2_tan/src/kinematic_control.cpp:105:9:[m[K [01;31m[Kerror: [m[K'[01m[KJacobian[m[K' was not declared in this scope
[18.053s]   105 |         [01;31m[KJacobian[m[K.block<3,1>(0,0) = jp1;
[18.053s]       |         [01;31m[K^~~~~~~~[m[K
[18.053s] [01m[K/gpfs/fs1/home/wtan10/Desktop/ECE217/project2_ws/src/ece217_project2_tan/src/kinematic_control.cpp:105:29:[m[K [01;35m[Kwarning: [m[Kleft operand of comma operator has no effect [[01;35m[K]8;;https://gcc.gnu.org/onlinedocs/gcc-14.3.0/gcc/Warning-Options.html#index-Wno-unused-value-Wunused-value]8;;[m[K]
[18.053s]   105 |         Jacobian.block<3,1>([01;35m[K0[m[K,0) = jp1;
[18.053s]       |                             [01;35m[K^[m[K
[18.054s] [01m[K/gpfs/fs1/home/wtan10/Desktop/ECE217/project2_ws/src/ece217_project2_tan/src/kinematic_control.cpp:105:27:[m[K [01;31m[Kerror: [m[Klvalue required as left operand of assignment
[18.054s]   105 |         Jacobian.block<3,[01;31m[K1>(0,0)[m[K = jp1;
[18.054s]       |                          [01;31m[K~^~~~~~[m[K
[18.054s] [01m[K/gpfs/fs1/home/wtan10/Desktop/ECE217/project2_ws/src/ece217_project2_tan/src/kinematic_control.cpp:106:29:[m[K [01;35m[Kwarning: [m[Kleft operand of comma operator has no effect [[01;35m[K]8;;https://gcc.gnu.org/onlinedocs/gcc-14.3.0/gcc/Warning-Options.html#index-Wno-unused-value-Wunused-value]8;;[m[K]
[18.054s]   106 |         Jacobian.block<3,1>([01;35m[K0[m[K,1) = jp2;
[18.054s]       |                             [01;35m[K^[m[K
[18.054s] [01m[K/gpfs/fs1/home/wtan10/Desktop/ECE217/project2_ws/src/ece217_project2_tan/src/kinematic_control.cpp:106:27:[m[K [01;31m[Kerror: [m[Klvalue required as left operand of assignment
[18.054s]   106 |         Jacobian.block<3,[01;31m[K1>(0,1)[m[K = jp2;
[18.054s]       |                          [01;31m[K~^~~~~~[m[K
[18.054s] [01m[K/gpfs/fs1/home/wtan10/Desktop/ECE217/project2_ws/src/ece217_project2_tan/src/kinematic_control.cpp:107:29:[m[K [01;35m[Kwarning: [m[Kleft operand of comma operator has no effect [[01;35m[K]8;;https://gcc.gnu.org/onlinedocs/gcc-14.3.0/gcc/Warning-Options.html#index-Wno-unused-value-Wunused-value]8;;[m[K]
[18.054s]   107 |         Jacobian.block<3,1>([01;35m[K0[m[K,2) = jp3;
[18.054s]       |                             [01;35m[K^[m[K
[18.054s] [01m[K/gpfs/fs1/home/wtan10/Desktop/ECE217/project2_ws/src/ece217_project2_tan/src/kinematic_control.cpp:107:27:[m[K [01;31m[Kerror: [m[Klvalue required as left operand of assignment
[18.054s]   107 |         Jacobian.block<3,[01;31m[K1>(0,2)[m[K = jp3;
[18.054s]       |                          [01;31m[K~^~~~~~[m[K
[18.055s] [01m[K/gpfs/fs1/home/wtan10/Desktop/ECE217/project2_ws/src/ece217_project2_tan/src/kinematic_control.cpp:108:29:[m[K [01;35m[Kwarning: [m[Kleft operand of comma operator has no effect [[01;35m[K]8;;https://gcc.gnu.org/onlinedocs/gcc-14.3.0/gcc/Warning-Options.html#index-Wno-unused-value-Wunused-value]8;;[m[K]
[18.055s]   108 |         Jacobian.block<3,1>([01;35m[K0[m[K,3) = jp4;
[18.055s]       |                             [01;35m[K^[m[K
[18.055s] [01m[K/gpfs/fs1/home/wtan10/Desktop/ECE217/project2_ws/src/ece217_project2_tan/src/kinematic_control.cpp:108:27:[m[K [01;31m[Kerror: [m[Klvalue required as left operand of assignment
[18.055s]   108 |         Jacobian.block<3,[01;31m[K1>(0,3)[m[K = jp4;
[18.055s]       |                          [01;31m[K~^~~~~~[m[K
[18.055s] [01m[K/gpfs/fs1/home/wtan10/Desktop/ECE217/project2_ws/src/ece217_project2_tan/src/kinematic_control.cpp:109:29:[m[K [01;35m[Kwarning: [m[Kleft operand of comma operator has no effect [[01;35m[K]8;;https://gcc.gnu.org/onlinedocs/gcc-14.3.0/gcc/Warning-Options.html#index-Wno-unused-value-Wunused-value]8;;[m[K]
[18.055s]   109 |         Jacobian.block<3,1>([01;35m[K0[m[K,4) = jp5;
[18.055s]       |                             [01;35m[K^[m[K
[18.055s] [01m[K/gpfs/fs1/home/wtan10/Desktop/ECE217/project2_ws/src/ece217_project2_tan/src/kinematic_control.cpp:109:27:[m[K [01;31m[Kerror: [m[Klvalue required as left operand of assignment
[18.055s]   109 |         Jacobian.block<3,[01;31m[K1>(0,4)[m[K = jp5;
[18.055s]       |                          [01;31m[K~^~~~~~[m[K
[18.055s] [01m[K/gpfs/fs1/home/wtan10/Desktop/ECE217/project2_ws/src/ece217_project2_tan/src/kinematic_control.cpp:110:29:[m[K [01;35m[Kwarning: [m[Kleft operand of comma operator has no effect [[01;35m[K]8;;https://gcc.gnu.org/onlinedocs/gcc-14.3.0/gcc/Warning-Options.html#index-Wno-unused-value-Wunused-value]8;;[m[K]
[18.055s]   110 |         Jacobian.block<3,1>([01;35m[K0[m[K,5) = jp6;
[18.055s]       |                             [01;35m[K^[m[K
[18.056s] [01m[K/gpfs/fs1/home/wtan10/Desktop/ECE217/project2_ws/src/ece217_project2_tan/src/kinematic_control.cpp:110:27:[m[K [01;31m[Kerror: [m[Klvalue required as left operand of assignment
[18.056s]   110 |         Jacobian.block<3,[01;31m[K1>(0,5)[m[K = jp6;
[18.056s]       |                          [01;31m[K~^~~~~~[m[K
[18.056s] [01m[K/gpfs/fs1/home/wtan10/Desktop/ECE217/project2_ws/src/ece217_project2_tan/src/kinematic_control.cpp:112:29:[m[K [01;35m[Kwarning: [m[Kleft operand of comma operator has no effect [[01;35m[K]8;;https://gcc.gnu.org/onlinedocs/gcc-14.3.0/gcc/Warning-Options.html#index-Wno-unused-value-Wunused-value]8;;[m[K]
[18.056s]   112 |         Jacobian.block<3,1>([01;35m[K3[m[K,0) = jo1;
[18.056s]       |                             [01;35m[K^[m[K
[18.056s] [01m[K/gpfs/fs1/home/wtan10/Desktop/ECE217/project2_ws/src/ece217_project2_tan/src/kinematic_control.cpp:112:27:[m[K [01;31m[Kerror: [m[Klvalue required as left operand of assignment
[18.056s]   112 |         Jacobian.block<3,[01;31m[K1>(3,0)[m[K = jo1;
[18.056s]       |                          [01;31m[K~^~~~~~[m[K
[18.056s] [01m[K/gpfs/fs1/home/wtan10/Desktop/ECE217/project2_ws/src/ece217_project2_tan/src/kinematic_control.cpp:113:29:[m[K [01;35m[Kwarning: [m[Kleft operand of comma operator has no effect [[01;35m[K]8;;https://gcc.gnu.org/onlinedocs/gcc-14.3.0/gcc/Warning-Options.html#index-Wno-unused-value-Wunused-value]8;;[m[K]
[18.056s]   113 |         Jacobian.block<3,1>([01;35m[K3[m[K,1) = jo2;
[18.056s]       |                             [01;35m[K^[m[K
[18.056s] [01m[K/gpfs/fs1/home/wtan10/Desktop/ECE217/project2_ws/src/ece217_project2_tan/src/kinematic_control.cpp:113:27:[m[K [01;31m[Kerror: [m[Klvalue required as left operand of assignment
[18.056s]   113 |         Jacobian.block<3,[01;31m[K1>(3,1)[m[K = jo2;
[18.057s]       |                          [01;31m[K~^~~~~~[m[K
[18.057s] [01m[K/gpfs/fs1/home/wtan10/Desktop/ECE217/project2_ws/src/ece217_project2_tan/src/kinematic_control.cpp:114:29:[m[K [01;35m[Kwarning: [m[Kleft operand of comma operator has no effect [[01;35m[K]8;;https://gcc.gnu.org/onlinedocs/gcc-14.3.0/gcc/Warning-Options.html#index-Wno-unused-value-Wunused-value]8;;[m[K]
[18.057s]   114 |         Jacobian.block<3,1>([01;35m[K3[m[K,2) = jo3;
[18.057s]       |                             [01;35m[K^[m[K
[18.057s] [01m[K/gpfs/fs1/home/wtan10/Desktop/ECE217/project2_ws/src/ece217_project2_tan/src/kinematic_control.cpp:114:27:[m[K [01;31m[Kerror: [m[Klvalue required as left operand of assignment
[18.057s]   114 |         Jacobian.block<3,[01;31m[K1>(3,2)[m[K = jo3;
[18.057s]       |                          [01;31m[K~^~~~~~[m[K
[18.057s] [01m[K/gpfs/fs1/home/wtan10/Desktop/ECE217/project2_ws/src/ece217_project2_tan/src/kinematic_control.cpp:115:29:[m[K [01;35m[Kwarning: [m[Kleft operand of comma operator has no effect [[01;35m[K]8;;https://gcc.gnu.org/onlinedocs/gcc-14.3.0/gcc/Warning-Options.html#index-Wno-unused-value-Wunused-value]8;;[m[K]
[18.057s]   115 |         Jacobian.block<3,1>([01;35m[K3[m[K,3) = jo4;
[18.057s]       |                             [01;35m[K^[m[K
[18.057s] [01m[K/gpfs/fs1/home/wtan10/Desktop/ECE217/project2_ws/src/ece217_project2_tan/src/kinematic_control.cpp:115:27:[m[K [01;31m[Kerror: [m[Klvalue required as left operand of assignment
[18.057s]   115 |         Jacobian.block<3,[01;31m[K1>(3,3)[m[K = jo4;
[18.057s]       |                          [01;31m[K~^~~~~~[m[K
[18.057s] [01m[K/gpfs/fs1/home/wtan10/Desktop/ECE217/project2_ws/src/ece217_project2_tan/src/kinematic_control.cpp:116:29:[m[K [01;35m[Kwarning: [m[Kleft operand of comma operator has no effect [[01;35m[K]8;;https://gcc.gnu.org/onlinedocs/gcc-14.3.0/gcc/Warning-Options.html#index-Wno-unused-value-Wunused-value]8;;[m[K]
[18.057s]   116 |         Jacobian.block<3,1>([01;35m[K3[m[K,4) = jo5;
[18.058s]       |                             [01;35m[K^[m[K
[18.058s] [01m[K/gpfs/fs1/home/wtan10/Desktop/ECE217/project2_ws/src/ece217_project2_tan/src/kinematic_control.cpp:116:27:[m[K [01;31m[Kerror: [m[Klvalue required as left operand of assignment
[18.058s]   116 |         Jacobian.block<3,[01;31m[K1>(3,4)[m[K = jo5;
[18.058s]       |                          [01;31m[K~^~~~~~[m[K
[18.058s] [01m[K/gpfs/fs1/home/wtan10/Desktop/ECE217/project2_ws/src/ece217_project2_tan/src/kinematic_control.cpp:117:29:[m[K [01;35m[Kwarning: [m[Kleft operand of comma operator has no effect [[01;35m[K]8;;https://gcc.gnu.org/onlinedocs/gcc-14.3.0/gcc/Warning-Options.html#index-Wno-unused-value-Wunused-value]8;;[m[K]
[18.058s]   117 |         Jacobian.block<3,1>([01;35m[K3[m[K,5) = jo6;
[18.058s]       |                             [01;35m[K^[m[K
[18.058s] [01m[K/gpfs/fs1/home/wtan10/Desktop/ECE217/project2_ws/src/ece217_project2_tan/src/kinematic_control.cpp:117:27:[m[K [01;31m[Kerror: [m[Klvalue required as left operand of assignment
[18.058s]   117 |         Jacobian.block<3,[01;31m[K1>(3,5)[m[K = jo6;
[18.058s]       |                          [01;31m[K~^~~~~~[m[K
[18.058s] [01m[K/gpfs/fs1/home/wtan10/Desktop/ECE217/project2_ws/src/ece217_project2_tan/src/kinematic_control.cpp:119:16:[m[K [01;31m[Kerror: [m[K'[01m[KMatrix6d[m[K' is not a member of '[01m[KEigen[m[K'; did you mean '[01m[KMatrixXd[m[K'?
[18.058s]   119 |         Eigen::[01;31m[KMatrix6d[m[K inverse_jacobian;
[18.058s]       |                [01;31m[K^~~~~~~~[m[K
[18.058s]       |                [32m[KMatrixXd[m[K
[18.058s] [01m[K/gpfs/fs1/home/wtan10/Desktop/ECE217/project2_ws/src/ece217_project2_tan/src/kinematic_control.cpp:120:9:[m[K [01;31m[Kerror: [m[K'[01m[Kinverse_jacobian[m[K' was not declared in this scope
[18.059s]   120 |         [01;31m[Kinverse_jacobian[m[K = Jacobian.inverse();
[18.059s]       |         [01;31m[K^~~~~~~~~~~~~~~~[m[K
[18.133s] In file included from [01m[K/gpfs/fs1/sfw3/rhel9-x86_64/miniforge3/25.11.0-1/envs/ros2_env/include/eigen3/Eigen/Core:164[m[K:
[18.133s] /gpfs/fs1/sfw3/rhel9-x86_64/miniforge3/25.11.0-1/envs/ros2_env/include/eigen3/Eigen/src/Core/GeneralProduct.h: In instantiation of '[01m[Kconst Eigen::Product<Derived, OtherDerived> Eigen::MatrixBase<Derived>::[01;32m[Koperator*[m[K(const Eigen::MatrixBase<OtherDerived>&) const [35m[K[with OtherDerived = Eigen::Block<Eigen::Matrix<double, 4, 1>, 3, 1, false>; Derived = Eigen::Block<Eigen::Matrix<double, 4, 1>, 3, 1, false>][m[K[m[K':
[18.133s] [01m[K/gpfs/fs1/home/wtan10/Desktop/ECE217/project2_ws/src/ece217_project2_tan/src/kinematic_control.cpp:69:47:[m[K   required from here
[18.133s]    69 |         Eigen::Vector3d cross = goal_q.vec() * q.vec([01;36m[K)[m[K;
[18.133s]       |                                                      [01;36m[K^[m[K
[18.133s] [01m[K/gpfs/fs1/sfw3/rhel9-x86_64/miniforge3/25.11.0-1/envs/ros2_env/include/eigen3/Eigen/src/Core/GeneralProduct.h:415:38:[m[K [01;31m[Kerror: [m[Kstatic assertion failed: INVALID_VECTOR_VECTOR_PRODUCT__IF_YOU_WANTED_A_DOT_OR_COEFF_WISE_PRODUCT_YOU_MUST_USE_THE_EXPLICIT_FUNCTIONS
[18.133s]   415 |   EIGEN_STATIC_ASSERT([01;31m[KProductIsValid || !(AreVectors && SameSizes)[m[K,
[18.133s]       |                       [01;31m[K~~~~~~~~~~~~~~~^~~~~~~~~~~~~~~~~~~~~~~~~~~~~[m[K
[18.133s] [01m[K/gpfs/fs1/sfw3/rhel9-x86_64/miniforge3/25.11.0-1/envs/ros2_env/include/eigen3/Eigen/src/Core/util/StaticAssert.h:33:54:[m[K [01;36m[Knote: [m[Kin definition of macro '[01m[KEIGEN_STATIC_ASSERT[m[K'
[18.133s]    33 |     #define EIGEN_STATIC_ASSERT(X,MSG) static_assert([01;36m[KX[m[K,#MSG);
[18.133s]       |                                                      [01;36m[K^[m[K
[18.133s] [01m[K/gpfs/fs1/sfw3/rhel9-x86_64/miniforge3/25.11.0-1/envs/ros2_env/include/eigen3/Eigen/src/Core/GeneralProduct.h:415:38:[m[K [01;36m[Knote: [m[K'[01m[K(false || (false || false))[m[K' evaluates to false
[18.134s]   415 |   EIGEN_STATIC_ASSERT([01;36m[KProductIsValid || !(AreVectors && SameSizes)[m[K,
[18.134s]       |                       [01;36m[K~~~~~~~~~~~~~~~^~~~~~~~~~~~~~~~~~~~~~~~~~~~~[m[K
[18.134s] [01m[K/gpfs/fs1/sfw3/rhel9-x86_64/miniforge3/25.11.0-1/envs/ros2_env/include/eigen3/Eigen/src/Core/util/StaticAssert.h:33:54:[m[K [01;36m[Knote: [m[Kin definition of macro '[01m[KEIGEN_STATIC_ASSERT[m[K'
[18.134s]    33 |     #define EIGEN_STATIC_ASSERT(X,MSG) static_assert([01;36m[KX[m[K,#MSG);
[18.134s]       |                                                      [01;36m[K^[m[K
[18.308s] /gpfs/fs1/sfw3/rhel9-x86_64/miniforge3/25.11.0-1/envs/ros2_env/include/eigen3/Eigen/src/Core/GeneralProduct.h: In instantiation of '[01m[Kconst Eigen::Product<Derived, OtherDerived, 1> Eigen::MatrixBase<Derived>::[01;32m[KlazyProduct[m[K(const Eigen::MatrixBase<OtherDerived>&) const [35m[K[with OtherDerived = Eigen::Block<Eigen::Matrix<double, 4, 1>, 3, 1, false>; Derived = Eigen::Block<Eigen::Matrix<double, 4, 1>, 3, 1, false>][m[K[m[K':
[18.308s] [01m[K/gpfs/fs1/sfw3/rhel9-x86_64/miniforge3/25.11.0-1/envs/ros2_env/include/eigen3/Eigen/src/Core/ProductEvaluators.h:402:50:[m[K   required from '[01m[Kstatic void Eigen::internal::generic_product_impl<Lhs, Rhs, Eigen::DenseShape, Eigen::DenseShape, 3>::[01;32m[KevalTo[m[K(Dst&, const Lhs&, const Rhs&) [35m[K[with Dst = Eigen::Matrix<double, 3, 1>; Lhs = Eigen::Block<Eigen::Matrix<double, 4, 1>, 3, 1, false>; Rhs = Eigen::Block<Eigen::Matrix<double, 4, 1>, 3, 1, false>][m[K[m[K'
[18.308s]   402 |     call_assignment_no_alias(dst, [01;36m[Klhs.lazyProduct(rhs)[m[K, internal::assign_op<typename Dst::Scalar,Scalar>());
[18.308s]       |                                   [01;36m[K~~~~~~~~~~~~~~~^~~~~[m[K
[18.308s] [01m[K/gpfs/fs1/sfw3/rhel9-x86_64/miniforge3/25.11.0-1/envs/ros2_env/include/eigen3/Eigen/src/Core/ProductEvaluators.h:148:43:[m[K   required from '[01m[Kstatic void Eigen::internal::Assignment<DstXprType, Eigen::Product<Lhs, Rhs, Options>, Eigen::internal::assign_op<Scalar, Scalar>, Eigen::internal::Dense2Dense, typename Eigen::internal::enable_if<((Options == Eigen::DefaultProduct) || (Options == Eigen::AliasFreeProduct))>::type>::[01;32m[Krun[m[K(DstXprType&, const SrcXprType&, const Eigen::internal::assign_op<Scalar, Scalar>&) [35m[K[with DstXprType = Eigen::Matrix<double, 3, 1>; Lhs = Eigen::Block<Eigen::Matrix<double, 4, 1>, 3, 1, false>; Rhs = Eigen::Block<Eigen::Matrix<double, 4, 1>, 3, 1, false>; int Options = 0; Scalar = double; SrcXprType = Eigen::Product<Eigen::Block<Eigen::Matrix<double, 4, 1>, 3, 1, false>, Eigen::Block<Eigen::Matrix<double, 4, 1>, 3, 1, false>, 0>][m[K[m[K'
[18.309s]   148 |     [01;36m[Kgeneric_product_impl<Lhs, Rhs>::evalTo(dst, src.lhs(), src.rhs())[m[K;
[18.309s]       |     [01;36m[K~~~~~~~~~~~~~~~~~~~~~~~~~~~~~~~~~~~~~~^~~~~~~~~~~~~~~~~~~~~~~~~~~[m[K
[18.309s] [01m[K/gpfs/fs1/sfw3/rhel9-x86_64/miniforge3/25.11.0-1/envs/ros2_env/include/eigen3/Eigen/src/Core/AssignEvaluator.h:890:49:[m[K   required from '[01m[Kvoid Eigen::internal::[01;32m[Kcall_assignment_no_alias[m[K(Dst&, const Src&, const Func&) [35m[K[with Dst = Eigen::Matrix<double, 3, 1>; Src = Eigen::Product<Eigen::Block<Eigen::Matrix<double, 4, 1>, 3, 1, false>, Eigen::Block<Eigen::Matrix<double, 4, 1>, 3, 1, false>, 0>; Func = assign_op<double, double>][m[K[m[K'
[18.309s]   890 |   [01;36m[KAssignment<ActualDstTypeCleaned,Src,Func>::run(actualDst, src, func)[m[K;
[18.309s]       |   [01;36m[K~~~~~~~~~~~~~~~~~~~~~~~~~~~~~~~~~~~~~~~~~~~~~~^~~~~~~~~~~~~~~~~~~~~~[m[K
[18.309s] [01m[K/gpfs/fs1/sfw3/rhel9-x86_64/miniforge3/25.11.0-1/envs/ros2_env/include/eigen3/Eigen/src/Core/PlainObjectBase.h:797:41:[m[K   required from '[01m[KDerived& Eigen::PlainObjectBase<Derived>::[01;32m[K_set_noalias[m[K(const Eigen::DenseBase<OtherDerived>&) [35m[K[with OtherDerived = Eigen::Product<Eigen::Block<Eigen::Matrix<double, 4, 1>, 3, 1, false>, Eigen::Block<Eigen::Matrix<double, 4, 1>, 3, 1, false>, 0>; Derived = Eigen::Matrix<double, 3, 1>][m[K[m[K'
[18.309s]   797 |       [01;36m[Kinternal::call_assignment_no_alias(this->derived(), other.derived(), internal::assign_op<Scalar,typename OtherDerived::Scalar>())[m[K;
[18.309s]       |       [01;36m[K~~~~~~~~~~~~~~~~~~~~~~~~~~~~~~~~~~^~~~~~~~~~~~~~~~~~~~~~~~~~~~~~~~~~~~~~~~~~~~~~~~~~~~~~~~~~~~~~~~~~~~~~~~~~~~~~~~~~~~~~~~~~~~~~~[m[K
[18.309s] [01m[K/gpfs/fs1/sfw3/rhel9-x86_64/miniforge3/25.11.0-1/envs/ros2_env/include/eigen3/Eigen/src/Core/PlainObjectBase.h:594:19:[m[K   required from '[01m[KEigen::PlainObjectBase<Derived>::[01;32m[KPlainObjectBase[m[K(const Eigen::DenseBase<OtherDerived>&) [35m[K[with OtherDerived = Eigen::Product<Eigen::Block<Eigen::Matrix<double, 4, 1>, 3, 1, false>, Eigen::Block<Eigen::Matrix<double, 4, 1>, 3, 1, false>, 0>; Derived = Eigen::Matrix<double, 3, 1>][m[K[m[K'
[18.309s]   594 |       [01;36m[K_set_noalias(other)[m[K;
[18.309s]       |       [01;36m[K~~~~~~~~~~~~^~~~~~~[m[K
[18.309s] [01m[K/gpfs/fs1/sfw3/rhel9-x86_64/miniforge3/25.11.0-1/envs/ros2_env/include/eigen3/Eigen/src/Core/Matrix.h:423:29:[m[K   required from '[01m[KEigen::Matrix<_Scalar, _Rows, _Cols, _Options, _MaxRows, _MaxCols>::[01;32m[KMatrix[m[K(const Eigen::EigenBase<OtherDerived>&) [35m[K[with OtherDerived = Eigen::Product<Eigen::Block<Eigen::Matrix<double, 4, 1>, 3, 1, false>, Eigen::Block<Eigen::Matrix<double, 4, 1>, 3, 1, false>, 0>; _Scalar = double; int _Rows = 3; int _Cols = 1; int _Options = 0; int _MaxRows = 3; int _MaxCols = 1][m[K[m[K'
[18.309s]   423 |       : Base(other.derived()[01;36m[K)[m[K
[18.309s]       |                             [01;36m[K^[m[K
[18.310s] [01m[K/gpfs/fs1/home/wtan10/Desktop/ECE217/project2_ws/src/ece217_project2_tan/src/kinematic_control.cpp:69:47:[m[K   required from here
[18.310s]    69 |         Eigen::Vector3d cross = goal_q.vec() * q.vec([01;36m[K)[m[K;
[18.310s]       |                                                      [01;36m[K^[m[K
[18.310s] [01m[K/gpfs/fs1/sfw3/rhel9-x86_64/miniforge3/25.11.0-1/envs/ros2_env/include/eigen3/Eigen/src/Core/GeneralProduct.h:454:38:[m[K [01;31m[Kerror: [m[Kstatic assertion failed: INVALID_VECTOR_VECTOR_PRODUCT__IF_YOU_WANTED_A_DOT_OR_COEFF_WISE_PRODUCT_YOU_MUST_USE_THE_EXPLICIT_FUNCTIONS
[18.310s]   454 |   EIGEN_STATIC_ASSERT([01;31m[KProductIsValid || !(AreVectors && SameSizes)[m[K,
[18.310s]       |                       [01;31m[K~~~~~~~~~~~~~~~^~~~~~~~~~~~~~~~~~~~~~~~~~~~~[m[K
[18.310s] [01m[K/gpfs/fs1/sfw3/rhel9-x86_64/miniforge3/25.11.0-1/envs/ros2_env/include/eigen3/Eigen/src/Core/util/StaticAssert.h:33:54:[m[K [01;36m[Knote: [m[Kin definition of macro '[01m[KEIGEN_STATIC_ASSERT[m[K'
[18.310s]    33 |     #define EIGEN_STATIC_ASSERT(X,MSG) static_assert([01;36m[KX[m[K,#MSG);
[18.310s]       |                                                      [01;36m[K^[m[K
[18.310s] [01m[K/gpfs/fs1/sfw3/rhel9-x86_64/miniforge3/25.11.0-1/envs/ros2_env/include/eigen3/Eigen/src/Core/GeneralProduct.h:454:38:[m[K [01;36m[Knote: [m[K'[01m[K(false || (false || false))[m[K' evaluates to false
[18.310s]   454 |   EIGEN_STATIC_ASSERT([01;36m[KProductIsValid || !(AreVectors && SameSizes)[m[K,
[18.310s]       |                       [01;36m[K~~~~~~~~~~~~~~~^~~~~~~~~~~~~~~~~~~~~~~~~~~~~[m[K
[18.310s] [01m[K/gpfs/fs1/sfw3/rhel9-x86_64/miniforge3/25.11.0-1/envs/ros2_env/include/eigen3/Eigen/src/Core/util/StaticAssert.h:33:54:[m[K [01;36m[Knote: [m[Kin definition of macro '[01m[KEIGEN_STATIC_ASSERT[m[K'
[18.310s]    33 |     #define EIGEN_STATIC_ASSERT(X,MSG) static_assert([01;36m[KX[m[K,#MSG);
[18.311s]       |                                                      [01;36m[K^[m[K
[18.428s] /gpfs/fs1/sfw3/rhel9-x86_64/miniforge3/25.11.0-1/envs/ros2_env/include/eigen3/Eigen/src/Core/CwiseBinaryOp.h: In instantiation of '[01m[KEigen::CwiseBinaryOp<BinaryOp, Lhs, Rhs>::[01;32m[KCwiseBinaryOp[m[K(const Lhs&, const Rhs&, const BinaryOp&) [35m[K[with BinaryOp = Eigen::internal::scalar_product_op<double, double>; LhsType = const Eigen::Transpose<const Eigen::Block<const Eigen::Block<Eigen::Matrix<double, 4, 1>, 3, 1, false>, 1, 1, false> >; RhsType = const Eigen::Block<const Eigen::Block<Eigen::Matrix<double, 4, 1>, 3, 1, false>, 3, 1, true>; Lhs = Eigen::Transpose<const Eigen::Block<const Eigen::Block<Eigen::Matrix<double, 4, 1>, 3, 1, false>, 1, 1, false> >; Rhs = Eigen::Block<const Eigen::Block<Eigen::Matrix<double, 4, 1>, 3, 1, false>, 3, 1, true>][m[K[m[K':
[18.428s] [01m[K/gpfs/fs1/sfw3/rhel9-x86_64/miniforge3/25.11.0-1/envs/ros2_env/include/eigen3/Eigen/src/Core/../plugins/MatrixCwiseBinaryOps.h:25:10:[m[K   required from '[01m[Kconst Eigen::CwiseBinaryOp<Eigen::internal::scalar_product_op<typename Eigen::internal::traits<T>::Scalar, typename Eigen::internal::traits<OtherDerived>::Scalar>, const Derived, const OtherDerived> Eigen::MatrixBase<Derived>::[01;32m[KcwiseProduct[m[K(const Eigen::MatrixBase<OtherDerived>&) const [35m[K[with OtherDerived = Eigen::Block<const Eigen::Block<Eigen::Matrix<double, 4, 1>, 3, 1, false>, 3, 1, true>; Derived = Eigen::Transpose<const Eigen::Block<const Eigen::Block<Eigen::Matrix<double, 4, 1>, 3, 1, false>, 1, 1, false> >; typename Eigen::internal::traits<T>::Scalar = double; typename Eigen::internal::traits<OtherDerived>::Scalar = double][m[K[m[K'
[18.428s]  1327 |     CwiseBinaryOp< \
[18.428s] [01m[K/gpfs/fs1/sfw3/rhel9-x86_64/miniforge3/25.11.0-1/envs/ros2_env/include/eigen3/Eigen/src/Core/ProductEvaluators.h:606:52:[m[K   required from '[01m[Kconst Eigen::internal::product_evaluator<Eigen::Product<Lhs, Rhs, 1>, ProductTag, Eigen::DenseShape, Eigen::DenseShape>::CoeffReturnType Eigen::internal::product_evaluator<Eigen::Product<Lhs, Rhs, 1>, ProductTag, Eigen::DenseShape, Eigen::DenseShape>::[01;32m[Kcoeff[m[K(Eigen::Index, Eigen::Index) const [35m[K[with Lhs = Eigen::Block<Eigen::Matrix<double, 4, 1>, 3, 1, false>; Rhs = Eigen::Block<Eigen::Matrix<double, 4, 1>, 3, 1, false>; int ProductTag = 4; typename Eigen::internal::traits<typename Eigen::Product<Lhs, Rhs, 1>::Lhs>::Scalar = double; typename Eigen::Product<Lhs, Rhs, 1>::Lhs = Eigen::Block<Eigen::Matrix<double, 4, 1>, 3, 1, false>; typename Eigen::internal::traits<typename Eigen::Product<Lhs, Rhs, 1>::Rhs>::Scalar = double; typename Eigen::Product<Lhs, Rhs, 1>::Rhs = Eigen::Block<Eigen::Matrix<double, 4, 1>, 3, 1, false>; CoeffReturnType = double; Eigen::Index = long int][m[K[m[K'
[18.428s]   606 |     return [01;36m[K(m_lhs.row(row).transpose().cwiseProduct( m_rhs.col(col) ))[m[K.sum();
[18.428s]       |            [01;36m[K~~~~~~~~~~~~~~~~~~~~~~~~~~~~~~~~~~~~~~~~^~~~~~~~~~~~~~~~~~~[m[K
[18.428s] [01m[K/gpfs/fs1/sfw3/rhel9-x86_64/miniforge3/25.11.0-1/envs/ros2_env/include/eigen3/Eigen/src/Core/AssignEvaluator.h:654:63:[m[K   required from '[01m[Kvoid Eigen::internal::generic_dense_assignment_kernel<DstEvaluatorTypeT, SrcEvaluatorTypeT, Functor, Version>::[01;32m[KassignCoeff[m[K(Eigen::Index, Eigen::Index) [35m[K[with DstEvaluatorTypeT = Eigen::internal::evaluator<Eigen::Matrix<double, 3, 1> >; SrcEvaluatorTypeT = Eigen::internal::evaluator<Eigen::Product<Eigen::Block<Eigen::Matrix<double, 4, 1>, 3, 1, false>, Eigen::Block<Eigen::Matrix<double, 4, 1>, 3, 1, false>, 1> >; Functor = Eigen::internal::assign_op<double, double>; int Version = 0; Eigen::Index = long int][m[K[m[K'
[18.428s]   654 |     m_functor.assignCoeff(m_dst.coeffRef(row,col), [01;36m[Km_src.coeff(row,col)[m[K);
[18.428s]       |                                                    [01;36m[K~~~~~~~~~~~^~~~~~~~~[m[K
[18.429s] [01m[K/gpfs/fs1/sfw3/rhel9-x86_64/miniforge3/25.11.0-1/envs/ros2_env/include/eigen3/Eigen/src/Core/AssignEvaluator.h:668:16:[m[K   required from '[01m[Kvoid Eigen::internal::generic_dense_assignment_kernel<DstEvaluatorTypeT, SrcEvaluatorTypeT, Functor, Version>::[01;32m[KassignCoeffByOuterInner[m[K(Eigen::Index, Eigen::Index) [35m[K[with DstEvaluatorTypeT = Eigen::internal::evaluator<Eigen::Matrix<double, 3, 1> >; SrcEvaluatorTypeT = Eigen::internal::evaluator<Eigen::Product<Eigen::Block<Eigen::Matrix<double, 4, 1>, 3, 1, false>, Eigen::Block<Eigen::Matrix<double, 4, 1>, 3, 1, false>, 1> >; Functor = Eigen::internal::assign_op<double, double>; int Version = 0; Eigen::Index = long int][m[K[m[K'
[18.429s]   668 |     [01;36m[KassignCoeff(row, col)[m[K;
[18.429s]       |     [01;36m[K~~~~~~~~~~~^~~~~~~~~~[m[K
[18.429s] [01m[K/gpfs/fs1/sfw3/rhel9-x86_64/miniforge3/25.11.0-1/envs/ros2_env/include/eigen3/Eigen/src/Core/AssignEvaluator.h:211:35:[m[K   required from '[01m[Kstatic void Eigen::internal::copy_using_evaluator_DefaultTraversal_CompleteUnrolling<Kernel, Index, Stop>::[01;32m[Krun[m[K(Kernel&) [35m[K[with Kernel = Eigen::internal::generic_dense_assignment_kernel<Eigen::internal::evaluator<Eigen::Matrix<double, 3, 1> >, Eigen::internal::evaluator<Eigen::Product<Eigen::Block<Eigen::Matrix<double, 4, 1>, 3, 1, false>, Eigen::Block<Eigen::Matrix<double, 4, 1>, 3, 1, false>, 1> >, Eigen::internal::assign_op<double, double>, 0>; int Index = 2; int Stop = 3][m[K[m[K'
[18.429s]   211 |     [01;36m[Kkernel.assignCoeffByOuterInner(outer, inner)[m[K;
[18.429s]       |     [01;36m[K~~~~~~~~~~~~~~~~~~~~~~~~~~~~~~^~~~~~~~~~~~~~[m[K
[18.429s] [01m[K/gpfs/fs1/sfw3/rhel9-x86_64/miniforge3/25.11.0-1/envs/ros2_env/include/eigen3/Eigen/src/Core/AssignEvaluator.h:456:92:[m[K   [ skipping 5 instantiation contexts, use -ftemplate-backtrace-limit=0 to disable ]
[18.429s] [01m[K/gpfs/fs1/sfw3/rhel9-x86_64/miniforge3/25.11.0-1/envs/ros2_env/include/eigen3/Eigen/src/Core/ProductEvaluators.h:148:43:[m[K   required from '[01m[Kstatic void Eigen::internal::Assignment<DstXprType, Eigen::Product<Lhs, Rhs, Options>, Eigen::internal::assign_op<Scalar, Scalar>, Eigen::internal::Dense2Dense, typename Eigen::internal::enable_if<((Options == Eigen::DefaultProduct) || (Options == Eigen::AliasFreeProduct))>::type>::[01;32m[Krun[m[K(DstXprType&, const SrcXprType&, const Eigen::internal::assign_op<Scalar, Scalar>&) [35m[K[with DstXprType = Eigen::Matrix<double, 3, 1>; Lhs = Eigen::Block<Eigen::Matrix<double, 4, 1>, 3, 1, false>; Rhs = Eigen::Block<Eigen::Matrix<double, 4, 1>, 3, 1, false>; int Options = 0; Scalar = double; SrcXprType = Eigen::Product<Eigen::Block<Eigen::Matrix<double, 4, 1>, 3, 1, false>, Eigen::Block<Eigen::Matrix<double, 4, 1>, 3, 1, false>, 0>][m[K[m[K'
[18.429s]   148 |     [01;36m[Kgeneric_product_impl<Lhs, Rhs>::evalTo(dst, src.lhs(), src.rhs())[m[K;
[18.429s]       |     [01;36m[K~~~~~~~~~~~~~~~~~~~~~~~~~~~~~~~~~~~~~~^~~~~~~~~~~~~~~~~~~~~~~~~~~[m[K
[18.429s] [01m[K/gpfs/fs1/sfw3/rhel9-x86_64/miniforge3/25.11.0-1/envs/ros2_env/include/eigen3/Eigen/src/Core/AssignEvaluator.h:890:49:[m[K   required from '[01m[Kvoid Eigen::internal::[01;32m[Kcall_assignment_no_alias[m[K(Dst&, const Src&, const Func&) [35m[K[with Dst = Eigen::Matrix<double, 3, 1>; Src = Eigen::Product<Eigen::Block<Eigen::Matrix<double, 4, 1>, 3, 1, false>, Eigen::Block<Eigen::Matrix<double, 4, 1>, 3, 1, false>, 0>; Func = assign_op<double, double>][m[K[m[K'
[18.429s]   890 |   [01;36m[KAssignment<ActualDstTypeCleaned,Src,Func>::run(actualDst, src, func)[m[K;
[18.429s]       |   [01;36m[K~~~~~~~~~~~~~~~~~~~~~~~~~~~~~~~~~~~~~~~~~~~~~~^~~~~~~~~~~~~~~~~~~~~~[m[K
[18.429s] [01m[K/gpfs/fs1/sfw3/rhel9-x86_64/miniforge3/25.11.0-1/envs/ros2_env/include/eigen3/Eigen/src/Core/PlainObjectBase.h:797:41:[m[K   required from '[01m[KDerived& Eigen::PlainObjectBase<Derived>::[01;32m[K_set_noalias[m[K(const Eigen::DenseBase<OtherDerived>&) [35m[K[with OtherDerived = Eigen::Product<Eigen::Block<Eigen::Matrix<double, 4, 1>, 3, 1, false>, Eigen::Block<Eigen::Matrix<double, 4, 1>, 3, 1, false>, 0>; Derived = Eigen::Matrix<double, 3, 1>][m[K[m[K'
[18.430s]   797 |       [01;36m[Kinternal::call_assignment_no_alias(this->derived(), other.derived(), internal::assign_op<Scalar,typename OtherDerived::Scalar>())[m[K;
[18.430s]       |       [01;36m[K~~~~~~~~~~~~~~~~~~~~~~~~~~~~~~~~~~^~~~~~~~~~~~~~~~~~~~~~~~~~~~~~~~~~~~~~~~~~~~~~~~~~~~~~~~~~~~~~~~~~~~~~~~~~~~~~~~~~~~~~~~~~~~~~~[m[K
[18.430s] [01m[K/gpfs/fs1/sfw3/rhel9-x86_64/miniforge3/25.11.0-1/envs/ros2_env/include/eigen3/Eigen/src/Core/PlainObjectBase.h:594:19:[m[K   required from '[01m[KEigen::PlainObjectBase<Derived>::[01;32m[KPlainObjectBase[m[K(const Eigen::DenseBase<OtherDerived>&) [35m[K[with OtherDerived = Eigen::Product<Eigen::Block<Eigen::Matrix<double, 4, 1>, 3, 1, false>, Eigen::Block<Eigen::Matrix<double, 4, 1>, 3, 1, false>, 0>; Derived = Eigen::Matrix<double, 3, 1>][m[K[m[K'
[18.430s]   594 |       [01;36m[K_set_noalias(other)[m[K;
[18.430s]       |       [01;36m[K~~~~~~~~~~~~^~~~~~~[m[K
[18.430s] [01m[K/gpfs/fs1/sfw3/rhel9-x86_64/miniforge3/25.11.0-1/envs/ros2_env/include/eigen3/Eigen/src/Core/Matrix.h:423:29:[m[K   required from '[01m[KEigen::Matrix<_Scalar, _Rows, _Cols, _Options, _MaxRows, _MaxCols>::[01;32m[KMatrix[m[K(const Eigen::EigenBase<OtherDerived>&) [35m[K[with OtherDerived = Eigen::Product<Eigen::Block<Eigen::Matrix<double, 4, 1>, 3, 1, false>, Eigen::Block<Eigen::Matrix<double, 4, 1>, 3, 1, false>, 0>; _Scalar = double; int _Rows = 3; int _Cols = 1; int _Options = 0; int _MaxRows = 3; int _MaxCols = 1][m[K[m[K'
[18.430s]   423 |       : Base(other.derived()[01;36m[K)[m[K
[18.430s]       |                             [01;36m[K^[m[K
[18.430s] [01m[K/gpfs/fs1/home/wtan10/Desktop/ECE217/project2_ws/src/ece217_project2_tan/src/kinematic_control.cpp:69:47:[m[K   required from here
[18.430s]    69 |         Eigen::Vector3d cross = goal_q.vec() * q.vec([01;36m[K)[m[K;
[18.430s]       |                                                      [01;36m[K^[m[K
[18.430s] [01m[K/gpfs/fs1/sfw3/rhel9-x86_64/miniforge3/25.11.0-1/envs/ros2_env/include/eigen3/Eigen/src/Core/util/StaticAssert.h:177:5:[m[K [01;31m[Kerror: [m[Kstatic assertion failed: YOU_MIXED_MATRICES_OF_DIFFERENT_SIZES
[18.430s]   175 |      [01;31m[K( \[m[K
[18.430s]       |      [01;31m[K~~~[m[K
[18.430s]   176 | [01;31m[K        (int(Eigen::internal::size_of_xpr_at_compile_time<TYPE0>::ret)==0 && int(Eigen::internal::size_of_xpr_at_compile_time<TYPE1>::ret)==0) \[m[K
[18.431s]       |         [01;31m[K~~~~~~~~~~~~~~~~~~~~~~~~~~~~~~~~~~~~~~~~~~~~~~~~~~~~~~~~~~~~~~~~~~~~~~~~~~~~~~~~~~~~~~~~~~~~~~~~~~~~~~~~~~~~~~~~~~~~~~~~~~~~~~~~~~~~~~~~[m[K
[18.431s]   177 | [01;31m[K    || (\[m[K
[18.431s]       |     [01;31m[K^~~~~[m[K
[18.431s]   178 | [01;31m[K          (int(TYPE0::RowsAtCompileTime)==Eigen::Dynamic \[m[K
[18.431s]       |           [01;31m[K~~~~~~~~~~~~~~~~~~~~~~~~~~~~~~~~~~~~~~~~~~~~~~~~[m[K
[18.431s]   179 | [01;31m[K        || int(TYPE1::RowsAtCompileTime)==Eigen::Dynamic \[m[K
[18.431s]       |         [01;31m[K~~~~~~~~~~~~~~~~~~~~~~~~~~~~~~~~~~~~~~~~~~~~~~~~~~[m[K
[18.431s]   180 | [01;31m[K        || int(TYPE0::RowsAtCompileTime)==int(TYPE1::RowsAtCompileTime)) \[m[K
[18.431s]       |         [01;31m[K~~~~~~~~~~~~~~~~~~~~~~~~~~~~~~~~~~~~~~~~~~~~~~~~~~~~~~~~~~~~~~~~~~[m[K
[18.431s]   181 | [01;31m[K      &&  (int(TYPE0::ColsAtCompileTime)==Eigen::Dynamic \[m[K
[18.431s]       |       [01;31m[K~~~~~~~~~~~~~~~~~~~~~~~~~~~~~~~~~~~~~~~~~~~~~~~~~~~~[m[K
[18.431s]   182 | [01;31m[K        || int(TYPE1::ColsAtCompileTime)==Eigen::Dynamic \[m[K
[18.431s]       |         [01;31m[K~~~~~~~~~~~~~~~~~~~~~~~~~~~~~~~~~~~~~~~~~~~~~~~~~~[m[K
[18.431s]   183 | [01;31m[K        || int(TYPE0::ColsAtCompileTime)==int(TYPE1::ColsAtCompileTime))\[m[K
[18.431s]       |         [01;31m[K~~~~~~~~~~~~~~~~~~~~~~~~~~~~~~~~~~~~~~~~~~~~~~~~~~~~~~~~~~~~~~~~~[m[K
[18.432s]   184 | [01;31m[K       ) \[m[K
[18.432s]       |        [01;31m[K~~~[m[K
[18.432s]   185 | [01;31m[K     )[m[K
[18.432s]       |      [01;31m[K~[m[K
[18.432s] [01m[K/gpfs/fs1/sfw3/rhel9-x86_64/miniforge3/25.11.0-1/envs/ros2_env/include/eigen3/Eigen/src/Core/util/StaticAssert.h:33:54:[m[K [01;36m[Knote: [m[Kin definition of macro '[01m[KEIGEN_STATIC_ASSERT[m[K'
[18.432s]    33 |     #define EIGEN_STATIC_ASSERT(X,MSG) static_assert([01;36m[KX[m[K,#MSG);
[18.432s]       |                                                      [01;36m[K^[m[K
[18.432s] [01m[K/gpfs/fs1/sfw3/rhel9-x86_64/miniforge3/25.11.0-1/envs/ros2_env/include/eigen3/Eigen/src/Core/util/StaticAssert.h:194:6:[m[K [01;36m[Knote: [m[Kin expansion of macro '[01m[KEIGEN_PREDICATE_SAME_MATRIX_SIZE[m[K'
[18.432s]   194 |      [01;36m[KEIGEN_PREDICATE_SAME_MATRIX_SIZE[m[K(TYPE0,TYPE1),\
[18.432s]       |      [01;36m[K^~~~~~~~~~~~~~~~~~~~~~~~~~~~~~~~[m[K
[18.432s] [01m[K/gpfs/fs1/sfw3/rhel9-x86_64/miniforge3/25.11.0-1/envs/ros2_env/include/eigen3/Eigen/src/Core/CwiseBinaryOp.h:115:7:[m[K [01;36m[Knote: [m[Kin expansion of macro '[01m[KEIGEN_STATIC_ASSERT_SAME_MATRIX_SIZE[m[K'
[18.432s]   115 |       [01;36m[KEIGEN_STATIC_ASSERT_SAME_MATRIX_SIZE[m[K(Lhs, Rhs)
[18.432s]       |       [01;36m[K^~~~~~~~~~~~~~~~~~~~~~~~~~~~~~~~~~~~[m[K
[18.432s] [01m[K/gpfs/fs1/sfw3/rhel9-x86_64/miniforge3/25.11.0-1/envs/ros2_env/include/eigen3/Eigen/src/Core/util/StaticAssert.h:177:5:[m[K [01;36m[Knote: [m[K'[01m[K(((((int)Eigen::internal::size_of_xpr_at_compile_time<Eigen::Transpose<const Eigen::Block<const Eigen::Block<Eigen::Matrix<double, 4, 1>, 3, 1, false>, 1, 1, false> > >::ret) == 0) && (((int)Eigen::internal::size_of_xpr_at_compile_time<Eigen::Block<const Eigen::Block<Eigen::Matrix<double, 4, 1>, 3, 1, false>, 3, 1, true> >::ret) == 0)) || ((((((int)Eigen::Transpose<const Eigen::Block<const Eigen::Block<Eigen::Matrix<double, 4, 1>, 3, 1, false>, 1, 1, false> >::RowsAtCompileTime) == ((int)Eigen::Dynamic)) || (((int)Eigen::Block<const Eigen::Block<Eigen::Matrix<double, 4, 1>, 3, 1, false>, 3, 1, true>::RowsAtCompileTime) == ((int)Eigen::Dynamic))) || (((int)Eigen::Transpose<const Eigen::Block<const Eigen::Block<Eigen::Matrix<double, 4, 1>, 3, 1, false>, 1, 1, false> >::RowsAtCompileTime) == ((int)Eigen::Block<const Eigen::Block<Eigen::Matrix<double, 4, 1>, 3, 1, false>, 3, 1, true>::RowsAtCompileTime))) && (((((int)Eigen::Transpose<const Eigen::Block<const Eigen::Block<Eigen::Matrix<double, 4, 1>, 3, 1, false>, 1, 1, false> >::ColsAtCompileTime) == ((int)Eigen::Dynamic)) || (((int)Eigen::Block<const Eigen::Block<Eigen::Matrix<double, 4, 1>, 3, 1, false>, 3, 1, true>::ColsAtCompileTime) == ((int)Eigen::Dynamic))) || (((int)Eigen::Transpose<const Eigen::Block<const Eigen::Block<Eigen::Matrix<double, 4, 1>, 3, 1, false>, 1, 1, false> >::ColsAtCompileTime) == ((int)Eigen::Block<const Eigen::Block<Eigen::Matrix<double, 4, 1>, 3, 1, false>, 3, 1, true>::ColsAtCompileTime)))))[m[K' evaluates to false
[18.432s]   175 |      [01;36m[K( \[m[K
[18.433s]       |      [01;36m[K~~~[m[K
[18.433s]   176 | [01;36m[K        (int(Eigen::internal::size_of_xpr_at_compile_time<TYPE0>::ret)==0 && int(Eigen::internal::size_of_xpr_at_compile_time<TYPE1>::ret)==0) \[m[K
[18.433s]       |         [01;36m[K~~~~~~~~~~~~~~~~~~~~~~~~~~~~~~~~~~~~~~~~~~~~~~~~~~~~~~~~~~~~~~~~~~~~~~~~~~~~~~~~~~~~~~~~~~~~~~~~~~~~~~~~~~~~~~~~~~~~~~~~~~~~~~~~~~~~~~~~[m[K
[18.433s]   177 | [01;36m[K    || (\[m[K
[18.433s]       |     [01;36m[K^~~~~[m[K
[18.433s]   178 | [01;36m[K          (int(TYPE0::RowsAtCompileTime)==Eigen::Dynamic \[m[K
[18.433s]       |           [01;36m[K~~~~~~~~~~~~~~~~~~~~~~~~~~~~~~~~~~~~~~~~~~~~~~~~[m[K
[18.433s]   179 | [01;36m[K        || int(TYPE1::RowsAtCompileTime)==Eigen::Dynamic \[m[K
[18.433s]       |         [01;36m[K~~~~~~~~~~~~~~~~~~~~~~~~~~~~~~~~~~~~~~~~~~~~~~~~~~[m[K
[18.433s]   180 | [01;36m[K        || int(TYPE0::RowsAtCompileTime)==int(TYPE1::RowsAtCompileTime)) \[m[K
[18.433s]       |         [01;36m[K~~~~~~~~~~~~~~~~~~~~~~~~~~~~~~~~~~~~~~~~~~~~~~~~~~~~~~~~~~~~~~~~~~[m[K
[18.433s]   181 | [01;36m[K      &&  (int(TYPE0::ColsAtCompileTime)==Eigen::Dynamic \[m[K
[18.433s]       |       [01;36m[K~~~~~~~~~~~~~~~~~~~~~~~~~~~~~~~~~~~~~~~~~~~~~~~~~~~~[m[K
[18.433s]   182 | [01;36m[K        || int(TYPE1::ColsAtCompileTime)==Eigen::Dynamic \[m[K
[18.433s]       |         [01;36m[K~~~~~~~~~~~~~~~~~~~~~~~~~~~~~~~~~~~~~~~~~~~~~~~~~~[m[K
[18.434s]   183 | [01;36m[K        || int(TYPE0::ColsAtCompileTime)==int(TYPE1::ColsAtCompileTime))\[m[K
[18.434s]       |         [01;36m[K~~~~~~~~~~~~~~~~~~~~~~~~~~~~~~~~~~~~~~~~~~~~~~~~~~~~~~~~~~~~~~~~~[m[K
[18.434s]   184 | [01;36m[K       ) \[m[K
[18.434s]       |        [01;36m[K~~~[m[K
[18.434s]   185 | [01;36m[K     )[m[K
[18.434s]       |      [01;36m[K~[m[K
[18.434s] [01m[K/gpfs/fs1/sfw3/rhel9-x86_64/miniforge3/25.11.0-1/envs/ros2_env/include/eigen3/Eigen/src/Core/util/StaticAssert.h:33:54:[m[K [01;36m[Knote: [m[Kin definition of macro '[01m[KEIGEN_STATIC_ASSERT[m[K'
[18.434s]    33 |     #define EIGEN_STATIC_ASSERT(X,MSG) static_assert([01;36m[KX[m[K,#MSG);
[18.434s]       |                                                      [01;36m[K^[m[K
[18.434s] [01m[K/gpfs/fs1/sfw3/rhel9-x86_64/miniforge3/25.11.0-1/envs/ros2_env/include/eigen3/Eigen/src/Core/util/StaticAssert.h:194:6:[m[K [01;36m[Knote: [m[Kin expansion of macro '[01m[KEIGEN_PREDICATE_SAME_MATRIX_SIZE[m[K'
[18.434s]   194 |      [01;36m[KEIGEN_PREDICATE_SAME_MATRIX_SIZE[m[K(TYPE0,TYPE1),\
[18.434s]       |      [01;36m[K^~~~~~~~~~~~~~~~~~~~~~~~~~~~~~~~[m[K
[18.434s] [01m[K/gpfs/fs1/sfw3/rhel9-x86_64/miniforge3/25.11.0-1/envs/ros2_env/include/eigen3/Eigen/src/Core/CwiseBinaryOp.h:115:7:[m[K [01;36m[Knote: [m[Kin expansion of macro '[01m[KEIGEN_STATIC_ASSERT_SAME_MATRIX_SIZE[m[K'
[18.434s]   115 |       [01;36m[KEIGEN_STATIC_ASSERT_SAME_MATRIX_SIZE[m[K(Lhs, Rhs)
[18.435s]       |       [01;36m[K^~~~~~~~~~~~~~~~~~~~~~~~~~~~~~~~~~~~[m[K
[18.579s] gmake[2]: *** [CMakeFiles/project2-server.dir/build.make:93: CMakeFiles/project2-server.dir/src/kinematic_control.cpp.o] Error 1
[18.580s] gmake[1]: *** [CMakeFiles/Makefile2:805: CMakeFiles/project2-server.dir/all] Error 2
[18.581s] gmake: *** [Makefile:146: all] Error 2
[18.582s] Invoked command in '/gpfs/fs1/home/wtan10/Desktop/ECE217/project2_ws/build/ece217_project2_tan' returned '2': CONDA_PROMPT_MODIFIER=(ros2_env) _=/usr/bin/env /gpfs/fs1/sfw3/rhel9-x86_64/miniforge3/25.11.0-1/envs/ros2_env/bin/cmake --build /gpfs/fs1/home/wtan10/Desktop/ECE217/project2_ws/build/ece217_project2_tan -- -j2 -l2
