[0.018s] Invoking command in '/gpfs/fs1/home/wtan10/Desktop/ECE217/project2_ws/build/ece217_project2_tan': CONDA_PROMPT_MODIFIER=(ros2_env) _=/usr/bin/env /gpfs/fs1/sfw3/rhel9-x86_64/miniforge3/25.11.0-1/envs/ros2_env/bin/cmake --build /gpfs/fs1/home/wtan10/Desktop/ECE217/project2_ws/build/ece217_project2_tan -- -j2 -l2
[0.078s] [0mCMake Deprecation Warning at CMakeLists.txt:1 (cmake_minimum_required):
[0.078s]   Compatibility with CMake < 3.10 will be removed from a future version of
[0.078s]   CMake.
[0.078s] 
[0.078s]   Update the VERSION argument <min> value.  Or, use the <min>...<max> syntax
[0.078s]   to tell CMake that the project requires at least <min> but has been updated
[0.078s]   to work with policies introduced by <max> or earlier.
[0.079s] 
[0.079s] [0m
[0.087s] -- Found ament_cmake: 2.5.4 (/gpfs/fs1/sfw3/rhel9-x86_64/miniforge3/25.11.0-1/envs/ros2_env/share/ament_cmake/cmake)
[0.253s] -- Found Python3: /gpfs/fs1/sfw3/rhel9-x86_64/miniforge3/25.11.0-1/envs/ros2_env/bin/python3 (found version "3.12.12") found components: Interpreter
[0.359s] -- Found rclcpp: 28.1.15 (/gpfs/fs1/sfw3/rhel9-x86_64/miniforge3/25.11.0-1/envs/ros2_env/share/rclcpp/cmake)
[0.399s] -- Found rosidl_generator_c: 4.6.7 (/gpfs/fs1/sfw3/rhel9-x86_64/miniforge3/25.11.0-1/envs/ros2_env/share/rosidl_generator_c/cmake)
[0.414s] -- Found rosidl_generator_cpp: 4.6.7 (/gpfs/fs1/sfw3/rhel9-x86_64/miniforge3/25.11.0-1/envs/ros2_env/share/rosidl_generator_cpp/cmake)
[0.433s] -- Using all available rosidl_typesupport_c: rosidl_typesupport_fastrtps_c;rosidl_typesupport_introspection_c
[0.456s] -- Using all available rosidl_typesupport_cpp: rosidl_typesupport_fastrtps_cpp;rosidl_typesupport_introspection_cpp
[0.562s] -- Found rmw_implementation_cmake: 7.3.2 (/gpfs/fs1/sfw3/rhel9-x86_64/miniforge3/25.11.0-1/envs/ros2_env/share/rmw_implementation_cmake/cmake)
[0.564s] -- Found rmw_fastrtps_cpp: 8.4.3 (/gpfs/fs1/sfw3/rhel9-x86_64/miniforge3/25.11.0-1/envs/ros2_env/share/rmw_fastrtps_cpp/cmake)
[1.200s] -- Using RMW implementation 'rmw_fastrtps_cpp' as default
[1.305s] -- Found geometry_msgs: 5.3.6 (/gpfs/fs1/sfw3/rhel9-x86_64/miniforge3/25.11.0-1/envs/ros2_env/share/geometry_msgs/cmake)
[1.358s] [33mCMake Warning (dev) at CMakeLists.txt:12 (find_package):
[1.358s]   Policy CMP0167 is not set: The FindBoost module is removed.  Run "cmake
[1.358s]   --help-policy CMP0167" for policy details.  Use the cmake_policy command to
[1.358s]   set the policy and suppress this warning.
[1.359s] 
[1.359s] This warning is for project developers.  Use -Wno-dev to suppress it.
[1.359s] [0m
[1.365s] -- Found rosidl_default_generators: 1.6.0 (/gpfs/fs1/sfw3/rhel9-x86_64/miniforge3/25.11.0-1/envs/ros2_env/share/rosidl_default_generators/cmake)
[1.378s] -- Found rosidl_adapter: 4.6.7 (/gpfs/fs1/sfw3/rhel9-x86_64/miniforge3/25.11.0-1/envs/ros2_env/share/rosidl_adapter/cmake)
[1.381s] -- Found nav_msgs: 5.3.6 (/gpfs/fs1/sfw3/rhel9-x86_64/miniforge3/25.11.0-1/envs/ros2_env/share/nav_msgs/cmake)
[1.424s] -- Found pluginlib: 5.4.4 (/gpfs/fs1/sfw3/rhel9-x86_64/miniforge3/25.11.0-1/envs/ros2_env/share/pluginlib/cmake)
[1.432s] -- Found visualization_msgs: 5.3.6 (/gpfs/fs1/sfw3/rhel9-x86_64/miniforge3/25.11.0-1/envs/ros2_env/share/visualization_msgs/cmake)
[2.306s] -- Found ament_cmake_ros: 0.12.0 (/gpfs/fs1/sfw3/rhel9-x86_64/miniforge3/25.11.0-1/envs/ros2_env/share/ament_cmake_ros/cmake)
[3.408s] -- Using all available rosidl_typesupport_c: rosidl_typesupport_fastrtps_c;rosidl_typesupport_introspection_c
[3.834s] -- Using all available rosidl_typesupport_cpp: rosidl_typesupport_fastrtps_cpp;rosidl_typesupport_introspection_cpp
[3.836s] -- Found python_cmake_module: 0.11.1 (/gpfs/fs1/sfw3/rhel9-x86_64/miniforge3/25.11.0-1/envs/ros2_env/share/python_cmake_module/cmake)
[4.409s] -- Found Python3: /gpfs/fs1/sfw3/rhel9-x86_64/miniforge3/25.11.0-1/envs/ros2_env/bin/python3 (found version "3.12.12") found components: Interpreter Development NumPy Development.Module Development.Embed
[4.474s] [31mCMake Error at /gpfs/fs1/sfw3/rhel9-x86_64/miniforge3/25.11.0-1/envs/ros2_env/share/ament_cmake_target_dependencies/cmake/ament_target_dependencies.cmake:77 (message):
[4.474s]   ament_target_dependencies() the passed package name 'tf2_ros' was not found
[4.474s]   before
[4.474s] Call Stack (most recent call first):
[4.474s]   CMakeLists.txt:60 (ament_target_dependencies)
[4.474s] 
[4.474s] [0m
[4.474s] -- Configuring incomplete, errors occurred!
[4.485s] gmake: *** [Makefile:965: cmake_check_build_system] Error 1
[4.486s] Invoked command in '/gpfs/fs1/home/wtan10/Desktop/ECE217/project2_ws/build/ece217_project2_tan' returned '2': CONDA_PROMPT_MODIFIER=(ros2_env) _=/usr/bin/env /gpfs/fs1/sfw3/rhel9-x86_64/miniforge3/25.11.0-1/envs/ros2_env/bin/cmake --build /gpfs/fs1/home/wtan10/Desktop/ECE217/project2_ws/build/ece217_project2_tan -- -j2 -l2
