[0.018s] Invoking command in '/gpfs/fs1/home/wtan10/Desktop/ECE217/project2_ws/build/ece217_project2_tan': CONDA_PROMPT_MODIFIER=(ros2_env) _=/usr/bin/env /gpfs/fs1/sfw3/rhel9-x86_64/miniforge3/25.11.0-1/envs/ros2_env/bin/cmake --build /gpfs/fs1/home/wtan10/Desktop/ECE217/project2_ws/build/ece217_project2_tan -- -j2 -l2
[0.091s] [  2%] Built target ece217_project2_tan__rosidl_generator_type_description
[0.104s] [  2%] Built target ament_cmake_python_copy_ece217_project2_tan
[0.116s] [  4%] Built target ece217_project2_tan__cpp
[0.133s] [ 17%] Built target ece217_project2_tan__rosidl_generator_c
[0.162s] [ 24%] Built target ece217_project2_tan__rosidl_typesupport_cpp
[0.192s] [ 31%] Built target ece217_project2_tan__rosidl_typesupport_fastrtps_c
[0.222s] [ 39%] Built target ece217_project2_tan__rosidl_typesupport_fastrtps_cpp
[0.248s] [ 46%] Built target ece217_project2_tan__rosidl_typesupport_introspection_c
[0.277s] [ 53%] Built target ece217_project2_tan__rosidl_typesupport_c
[0.306s] [ 60%] Built target ece217_project2_tan__rosidl_typesupport_introspection_cpp
[0.345s] [ 65%] Built target project2-client
[0.385s] [ 73%] Built target project2-server
[0.435s] [ 75%] [32mBuilding CXX object CMakeFiles/joint-state-publisher.dir/src/joint-state-publisher.cpp.o[0m
[0.450s] running egg_info
[0.483s] writing ece217_project2_tan.egg-info/PKG-INFO
[0.484s] writing dependency_links to ece217_project2_tan.egg-info/dependency_links.txt
[0.484s] writing top-level names to ece217_project2_tan.egg-info/top_level.txt
[0.587s] reading manifest file 'ece217_project2_tan.egg-info/SOURCES.txt'
[0.588s] writing manifest file 'ece217_project2_tan.egg-info/SOURCES.txt'
[0.619s] [ 75%] Built target ament_cmake_python_build_ece217_project2_tan_egg
[0.644s] [ 75%] Built target ece217_project2_tan
[0.669s] [ 78%] Built target ece217_project2_tan__py
[0.698s] [ 82%] Built target ece217_project2_tan__rosidl_generator_py
[0.726s] [ 87%] Built target ece217_project2_tan_s__rosidl_typesupport_fastrtps_c
[0.755s] [ 92%] Built target ece217_project2_tan_s__rosidl_typesupport_introspection_c
[0.782s] [ 97%] Built target ece217_project2_tan_s__rosidl_typesupport_c
[3.582s] [01m[K/gpfs/fs1/home/wtan10/Desktop/ECE217/project2_ws/src/ece217_project2_tan/src/joint-state-publisher.cpp:[m[K In member function '[01m[Kvoid RobotJointStatePublisher::[01;32m[Kpublish[m[K()[m[K':
[3.582s] [01m[K/gpfs/fs1/home/wtan10/Desktop/ECE217/project2_ws/src/ece217_project2_tan/src/joint-state-publisher.cpp:61:20:[m[K [01;31m[Kerror: [m[K'[01m[Kusing std::__shared_ptr_access<tf2_ros::TransformBroadcaster, __gnu_cxx::_S_atomic, false, false>::element_type = class tf2_ros::TransformBroadcaster[m[K' {aka '[01m[Kclass tf2_ros::TransformBroadcaster[m[K'} has no member named '[01m[KsendTranform[m[K'; did you mean '[01m[KsendTransform[m[K'?
[3.582s]    61 |       broadcaster->[01;31m[KsendTranform[m[K(transform_msg);
[3.582s]       |                    [01;31m[K^~~~~~~~~~~~[m[K
[3.582s]       |                    [32m[KsendTransform[m[K
[4.967s] gmake[2]: *** [CMakeFiles/joint-state-publisher.dir/build.make:79: CMakeFiles/joint-state-publisher.dir/src/joint-state-publisher.cpp.o] Error 1
[4.967s] gmake[1]: *** [CMakeFiles/Makefile2:842: CMakeFiles/joint-state-publisher.dir/all] Error 2
[4.967s] gmake: *** [Makefile:146: all] Error 2
[4.969s] Invoked command in '/gpfs/fs1/home/wtan10/Desktop/ECE217/project2_ws/build/ece217_project2_tan' returned '2': CONDA_PROMPT_MODIFIER=(ros2_env) _=/usr/bin/env /gpfs/fs1/sfw3/rhel9-x86_64/miniforge3/25.11.0-1/envs/ros2_env/bin/cmake --build /gpfs/fs1/home/wtan10/Desktop/ECE217/project2_ws/build/ece217_project2_tan -- -j2 -l2
