[  2%] Built target ece217_project2_tan__rosidl_generator_type_description
[  2%] Built target ament_cmake_python_copy_ece217_project2_tan
[ 14%] Built target ece217_project2_tan__rosidl_generator_c
[ 17%] Built target ece217_project2_tan__cpp
[ 24%] Built target ece217_project2_tan__rosidl_typesupport_cpp
[ 31%] Built target ece217_project2_tan__rosidl_typesupport_fastrtps_c
[ 39%] Built target ece217_project2_tan__rosidl_typesupport_fastrtps_cpp
[ 46%] Built target ece217_project2_tan__rosidl_typesupport_introspection_c
[ 53%] Built target ece217_project2_tan__rosidl_typesupport_c
[ 60%] Built target ece217_project2_tan__rosidl_typesupport_introspection_cpp
[ 65%] Built target project2-client
[ 68%] [32mBuilding CXX object CMakeFiles/project2-server.dir/src/kinematic_control.cpp.o[0m
running egg_info
writing ece217_project2_tan.egg-info/PKG-INFO
writing dependency_links to ece217_project2_tan.egg-info/dependency_links.txt
writing top-level names to ece217_project2_tan.egg-info/top_level.txt
reading manifest file 'ece217_project2_tan.egg-info/SOURCES.txt'
writing manifest file 'ece217_project2_tan.egg-info/SOURCES.txt'
[ 68%] Built target ament_cmake_python_build_ece217_project2_tan_egg
[ 73%] Built target joint-state-publisher
[ 73%] Built target ece217_project2_tan
[ 75%] Built target ece217_project2_tan__py
[ 80%] Built target ece217_project2_tan__rosidl_generator_py
[ 85%] Built target ece217_project2_tan_s__rosidl_typesupport_fastrtps_c
[ 90%] Built target ece217_project2_tan_s__rosidl_typesupport_introspection_c
[ 95%] Built target ece217_project2_tan_s__rosidl_typesupport_c
[ 97%] [32mBuilding CXX object CMakeFiles/project2-server.dir/src/project2-server.cpp.o[0m
