[0.089s] Invoking command in '/gpfs/fs1/home/wtan10/Desktop/ECE217/project2_ws/build/ece217_project2_tan': CONDA_PROMPT_MODIFIER=(ros2_env) _=/usr/bin/env /gpfs/fs1/sfw3/rhel9-x86_64/miniforge3/25.11.0-1/envs/ros2_env/bin/cmake --build /gpfs/fs1/home/wtan10/Desktop/ECE217/project2_ws/build/ece217_project2_tan -- -j2 -l2
[0.104s] [  2%] Built target ece217_project2_tan__rosidl_generator_type_description
[0.119s] [  2%] Built target ament_cmake_python_copy_ece217_project2_tan
[0.148s] [ 14%] Built target ece217_project2_tan__rosidl_generator_c
[0.150s] [ 17%] Built target ece217_project2_tan__cpp
[0.178s] [ 24%] Built target ece217_project2_tan__rosidl_typesupport_cpp
[0.208s] [ 31%] Built target ece217_project2_tan__rosidl_typesupport_fastrtps_c
[0.238s] [ 39%] Built target ece217_project2_tan__rosidl_typesupport_fastrtps_cpp
[0.265s] [ 46%] Built target ece217_project2_tan__rosidl_typesupport_introspection_c
[0.291s] [ 53%] Built target ece217_project2_tan__rosidl_typesupport_c
[0.320s] [ 60%] Built target ece217_project2_tan__rosidl_typesupport_introspection_cpp
[0.359s] [ 65%] Built target project2-client
[0.416s] [ 68%] [32mBuilding CXX object CMakeFiles/project2-server.dir/src/kinematic_control.cpp.o[0m
[0.483s] running egg_info
[0.519s] writing ece217_project2_tan.egg-info/PKG-INFO
[0.520s] writing dependency_links to ece217_project2_tan.egg-info/dependency_links.txt
[0.521s] writing top-level names to ece217_project2_tan.egg-info/top_level.txt
[0.626s] reading manifest file 'ece217_project2_tan.egg-info/SOURCES.txt'
[0.627s] writing manifest file 'ece217_project2_tan.egg-info/SOURCES.txt'
[0.660s] [ 68%] Built target ament_cmake_python_build_ece217_project2_tan_egg
[0.701s] [ 73%] Built target joint-state-publisher
[0.725s] [ 73%] Built target ece217_project2_tan
[0.754s] [ 75%] Built target ece217_project2_tan__py
[0.783s] [ 80%] Built target ece217_project2_tan__rosidl_generator_py
[0.809s] [ 85%] Built target ece217_project2_tan_s__rosidl_typesupport_fastrtps_c
[0.837s] [ 90%] Built target ece217_project2_tan_s__rosidl_typesupport_introspection_c
[0.864s] [ 95%] Built target ece217_project2_tan_s__rosidl_typesupport_c
[0.874s] [ 97%] [32mBuilding CXX object CMakeFiles/project2-server.dir/src/project2-server.cpp.o[0m
[4.445s] [01m[K/gpfs/fs1/home/wtan10/Desktop/ECE217/project2_ws/src/ece217_project2_tan/src/project2-server.cpp:[m[K In member function '[01m[Kvoid ManipulationService::[01;32m[Kgenerate_manipulation[m[K(std::shared_ptr<ece217_project2_tan::srv::ManipulationQuery_Request_<std::allocator<void> > >, std::shared_ptr<ece217_project2_tan::srv::ManipulationQuery_Response_<std::allocator<void> > >)[m[K':
[4.445s] [01m[K/gpfs/fs1/home/wtan10/Desktop/ECE217/project2_ws/src/ece217_project2_tan/src/project2-server.cpp:51:57:[m[K [01;31m[Kerror: [m[Kuse of '[01m[Knew_joint_angles[m[K' before deduction of '[01m[Kauto[m[K'
[4.445s]    51 |       auto [check,new_joint_angles] = kinematic((double)[01;31m[Knew_joint_angles[m[K[0],
[4.446s]       |                                                         [01;31m[K^~~~~~~~~~~~~~~~[m[K
[4.446s] [01m[K/gpfs/fs1/home/wtan10/Desktop/ECE217/project2_ws/src/ece217_project2_tan/src/project2-server.cpp:52:42:[m[K [01;31m[Kerror: [m[Kuse of '[01m[Knew_joint_angles[m[K' before deduction of '[01m[Kauto[m[K'
[4.446s]    52 |                                  (double)[01;31m[Knew_joint_angles[m[K[1],
[4.446s]       |                                          [01;31m[K^~~~~~~~~~~~~~~~[m[K
[4.446s] [01m[K/gpfs/fs1/home/wtan10/Desktop/ECE217/project2_ws/src/ece217_project2_tan/src/project2-server.cpp:53:42:[m[K [01;31m[Kerror: [m[Kuse of '[01m[Knew_joint_angles[m[K' before deduction of '[01m[Kauto[m[K'
[4.446s]    53 |                                  (double)[01;31m[Knew_joint_angles[m[K[2],
[4.446s]       |                                          [01;31m[K^~~~~~~~~~~~~~~~[m[K
[4.447s] [01m[K/gpfs/fs1/home/wtan10/Desktop/ECE217/project2_ws/src/ece217_project2_tan/src/project2-server.cpp:54:42:[m[K [01;31m[Kerror: [m[Kuse of '[01m[Knew_joint_angles[m[K' before deduction of '[01m[Kauto[m[K'
[4.447s]    54 |                                  (double)[01;31m[Knew_joint_angles[m[K[3],
[4.447s]       |                                          [01;31m[K^~~~~~~~~~~~~~~~[m[K
[4.447s] [01m[K/gpfs/fs1/home/wtan10/Desktop/ECE217/project2_ws/src/ece217_project2_tan/src/project2-server.cpp:55:42:[m[K [01;31m[Kerror: [m[Kuse of '[01m[Knew_joint_angles[m[K' before deduction of '[01m[Kauto[m[K'
[4.447s]    55 |                                  (double)[01;31m[Knew_joint_angles[m[K[4],
[4.447s]       |                                          [01;31m[K^~~~~~~~~~~~~~~~[m[K
[4.447s] [01m[K/gpfs/fs1/home/wtan10/Desktop/ECE217/project2_ws/src/ece217_project2_tan/src/project2-server.cpp:56:42:[m[K [01;31m[Kerror: [m[Kuse of '[01m[Knew_joint_angles[m[K' before deduction of '[01m[Kauto[m[K'
[4.448s]    56 |                                  (double)[01;31m[Knew_joint_angles[m[K[5],
[4.448s]       |                                          [01;31m[K^~~~~~~~~~~~~~~~[m[K
[4.448s] [01m[K/gpfs/fs1/home/wtan10/Desktop/ECE217/project2_ws/src/ece217_project2_tan/src/project2-server.cpp:18:100:[m[K [01;35m[Kwarning: [m[Kunused parameter '[01m[Kresponse[m[K' [[01;35m[K]8;;https://gcc.gnu.org/onlinedocs/gcc-14.3.0/gcc/Warning-Options.html#index-Wno-unused-parameter-Wunused-parameter]8;;[m[K]
[4.448s]    18 |                     [01;35m[Kconst std::shared_ptr< ece217_project2_tan::srv::ManipulationQuery::Response > response[m[K ){
[4.448s]       |                     [01;35m[K~~~~~~~~~~~~~~~~~~~~~~~~~~~~~~~~~~~~~~~~~~~~~~~~~~~~~~~~~~~~~~~~~~~~~~~~~~~~~~~^~~~~~~~[m[K
[5.471s] gmake[2]: *** [CMakeFiles/project2-server.dir/build.make:79: CMakeFiles/project2-server.dir/src/project2-server.cpp.o] Error 1
[5.471s] gmake[2]: *** Waiting for unfinished jobs....
[6.152s] gmake[1]: *** [CMakeFiles/Makefile2:808: CMakeFiles/project2-server.dir/all] Error 2
[6.152s] gmake: *** [Makefile:146: all] Error 2
[6.154s] Invoked command in '/gpfs/fs1/home/wtan10/Desktop/ECE217/project2_ws/build/ece217_project2_tan' returned '2': CONDA_PROMPT_MODIFIER=(ros2_env) _=/usr/bin/env /gpfs/fs1/sfw3/rhel9-x86_64/miniforge3/25.11.0-1/envs/ros2_env/bin/cmake --build /gpfs/fs1/home/wtan10/Desktop/ECE217/project2_ws/build/ece217_project2_tan -- -j2 -l2
