[0.029s] Invoking command in '/gpfs/fs1/home/wtan10/Desktop/ECE217/project2_ws/build/ece217_project2_tan': CONDA_PROMPT_MODIFIER=(ros2_env) _=/usr/bin/env /gpfs/fs1/sfw3/rhel9-x86_64/miniforge3/25.11.0-1/envs/ros2_env/bin/cmake --build /gpfs/fs1/home/wtan10/Desktop/ECE217/project2_ws/build/ece217_project2_tan -- -j2 -l2
[0.126s] [  2%] Built target ece217_project2_tan__rosidl_generator_type_description
[0.170s] [  2%] Built target ament_cmake_python_copy_ece217_project2_tan
[0.204s] [  4%] Built target ece217_project2_tan__cpp
[0.245s] [ 17%] Built target ece217_project2_tan__rosidl_generator_c
[0.685s] running egg_info
[0.722s] writing ece217_project2_tan.egg-info/PKG-INFO
[0.727s] writing dependency_links to ece217_project2_tan.egg-info/dependency_links.txt
[0.727s] writing top-level names to ece217_project2_tan.egg-info/top_level.txt
[0.835s] reading manifest file 'ece217_project2_tan.egg-info/SOURCES.txt'
[0.836s] writing manifest file 'ece217_project2_tan.egg-info/SOURCES.txt'
[0.869s] [ 17%] Built target ament_cmake_python_build_ece217_project2_tan_egg
[0.902s] [ 24%] Built target ece217_project2_tan__rosidl_typesupport_cpp
[0.936s] [ 31%] Built target ece217_project2_tan__rosidl_typesupport_fastrtps_c
[0.973s] [ 39%] Built target ece217_project2_tan__rosidl_typesupport_fastrtps_cpp
[1.007s] [ 46%] Built target ece217_project2_tan__rosidl_typesupport_introspection_c
[1.040s] [ 53%] Built target ece217_project2_tan__rosidl_typesupport_c
[1.079s] [ 60%] Built target ece217_project2_tan__rosidl_typesupport_introspection_cpp
[1.126s] [ 65%] Built target project2-client
[1.206s] [ 68%] [32mBuilding CXX object CMakeFiles/project2-server.dir/src/kinematic_control.cpp.o[0m
[3.049s] [01m[K/gpfs/fs1/home/wtan10/Desktop/ECE217/project2_ws/src/ece217_project2_tan/src/kinematic_control.cpp:[m[K In function '[01m[Kstd::pair<bool, Eigen::Matrix<double, -1, 1> >[01;32m[K kinematic[m[K(double, double, double, double, double, double, double, double, double, double, double, double, double)[m[K':
[3.049s] [01m[K/gpfs/fs1/home/wtan10/Desktop/ECE217/project2_ws/src/ece217_project2_tan/src/kinematic_control.cpp:98:25:[m[K [01;35m[Kwarning: [m[Kvariable '[01m[Kquaternion_vector[m[K' set but not used [[01;35m[K]8;;https://gcc.gnu.org/onlinedocs/gcc-14.3.0/gcc/Warning-Options.html#index-Wno-unused-but-set-variable-Wunused-but-set-variable]8;;[m[K]
[3.049s]    98 |         Eigen::Vector3d [01;35m[Kquaternion_vector[m[K = q.vec();
[3.050s]       |                         [01;35m[K^~~~~~~~~~~~~~~~~[m[K
[3.050s] [01m[K/gpfs/fs1/home/wtan10/Desktop/ECE217/project2_ws/src/ece217_project2_tan/src/kinematic_control.cpp:99:25:[m[K [01;35m[Kwarning: [m[Kvariable '[01m[Kgoal_quaternion_vector[m[K' set but not used [[01;35m[K]8;;https://gcc.gnu.org/onlinedocs/gcc-14.3.0/gcc/Warning-Options.html#index-Wno-unused-but-set-variable-Wunused-but-set-variable]8;;[m[K]
[3.050s]    99 |         Eigen::Vector3d [01;35m[Kgoal_quaternion_vector[m[K = goal_q.vec();
[3.050s]       |                         [01;35m[K^~~~~~~~~~~~~~~~~~~~~~[m[K
[8.596s] [ 70%] [1m[32mLinking CXX executable project2-server[0m
[8.785s] [ 73%] Built target project2-server
[8.829s] [ 78%] Built target joint-state-publisher
[8.853s] [ 78%] Built target ece217_project2_tan
[8.882s] [ 80%] Built target ece217_project2_tan__py
[8.914s] [ 85%] Built target ece217_project2_tan__rosidl_generator_py
[8.944s] [ 90%] Built target ece217_project2_tan_s__rosidl_typesupport_fastrtps_c
[8.976s] [ 95%] Built target ece217_project2_tan_s__rosidl_typesupport_introspection_c
[9.007s] [100%] Built target ece217_project2_tan_s__rosidl_typesupport_c
[9.022s] Invoked command in '/gpfs/fs1/home/wtan10/Desktop/ECE217/project2_ws/build/ece217_project2_tan' returned '0': CONDA_PROMPT_MODIFIER=(ros2_env) _=/usr/bin/env /gpfs/fs1/sfw3/rhel9-x86_64/miniforge3/25.11.0-1/envs/ros2_env/bin/cmake --build /gpfs/fs1/home/wtan10/Desktop/ECE217/project2_ws/build/ece217_project2_tan -- -j2 -l2
[9.033s] Invoking command in '/gpfs/fs1/home/wtan10/Desktop/ECE217/project2_ws/build/ece217_project2_tan': CONDA_PROMPT_MODIFIER=(ros2_env) _=/usr/bin/env /gpfs/fs1/sfw3/rhel9-x86_64/miniforge3/25.11.0-1/envs/ros2_env/bin/cmake --install /gpfs/fs1/home/wtan10/Desktop/ECE217/project2_ws/build/ece217_project2_tan
[9.042s] -- Install configuration: ""
[9.042s] -- Up-to-date: /gpfs/fs1/home/wtan10/Desktop/ECE217/project2_ws/install/ece217_project2_tan/share/ament_index/resource_index/rosidl_interfaces/ece217_project2_tan
[9.042s] -- Up-to-date: /gpfs/fs1/home/wtan10/Desktop/ECE217/project2_ws/install/ece217_project2_tan/share/ece217_project2_tan/srv/ManipulationQuery.json
[9.043s] -- Up-to-date: /gpfs/fs1/home/wtan10/Desktop/ECE217/project2_ws/install/ece217_project2_tan/include/ece217_project2_tan/ece217_project2_tan
[9.043s] -- Up-to-date: /gpfs/fs1/home/wtan10/Desktop/ECE217/project2_ws/install/ece217_project2_tan/include/ece217_project2_tan/ece217_project2_tan/msg
[9.043s] -- Up-to-date: /gpfs/fs1/home/wtan10/Desktop/ECE217/project2_ws/install/ece217_project2_tan/include/ece217_project2_tan/ece217_project2_tan/msg/rosidl_generator_c__visibility_control.h
[9.044s] -- Up-to-date: /gpfs/fs1/home/wtan10/Desktop/ECE217/project2_ws/install/ece217_project2_tan/include/ece217_project2_tan/ece217_project2_tan/srv
[9.044s] -- Up-to-date: /gpfs/fs1/home/wtan10/Desktop/ECE217/project2_ws/install/ece217_project2_tan/include/ece217_project2_tan/ece217_project2_tan/srv/detail
[9.045s] -- Up-to-date: /gpfs/fs1/home/wtan10/Desktop/ECE217/project2_ws/install/ece217_project2_tan/include/ece217_project2_tan/ece217_project2_tan/srv/detail/manipulation_query__type_support.h
[9.045s] -- Up-to-date: /gpfs/fs1/home/wtan10/Desktop/ECE217/project2_ws/install/ece217_project2_tan/include/ece217_project2_tan/ece217_project2_tan/srv/detail/manipulation_query__type_support.c
[9.045s] -- Up-to-date: /gpfs/fs1/home/wtan10/Desktop/ECE217/project2_ws/install/ece217_project2_tan/include/ece217_project2_tan/ece217_project2_tan/srv/detail/manipulation_query__functions.h
[9.045s] -- Up-to-date: /gpfs/fs1/home/wtan10/Desktop/ECE217/project2_ws/install/ece217_project2_tan/include/ece217_project2_tan/ece217_project2_tan/srv/detail/manipulation_query__struct.h
[9.045s] -- Up-to-date: /gpfs/fs1/home/wtan10/Desktop/ECE217/project2_ws/install/ece217_project2_tan/include/ece217_project2_tan/ece217_project2_tan/srv/detail/manipulation_query__functions.c
[9.050s] -- Up-to-date: /gpfs/fs1/home/wtan10/Desktop/ECE217/project2_ws/install/ece217_project2_tan/include/ece217_project2_tan/ece217_project2_tan/srv/detail/manipulation_query__description.c
[9.050s] -- Up-to-date: /gpfs/fs1/home/wtan10/Desktop/ECE217/project2_ws/install/ece217_project2_tan/include/ece217_project2_tan/ece217_project2_tan/srv/manipulation_query.h
[9.050s] -- Up-to-date: /gpfs/fs1/home/wtan10/Desktop/ECE217/project2_ws/install/ece217_project2_tan/share/ece217_project2_tan/environment/library_path.sh
[9.050s] -- Up-to-date: /gpfs/fs1/home/wtan10/Desktop/ECE217/project2_ws/install/ece217_project2_tan/share/ece217_project2_tan/environment/library_path.dsv
[9.050s] -- Installing: /gpfs/fs1/home/wtan10/Desktop/ECE217/project2_ws/install/ece217_project2_tan/lib/libece217_project2_tan__rosidl_generator_c.so
[9.050s] -- Up-to-date: /gpfs/fs1/home/wtan10/Desktop/ECE217/project2_ws/install/ece217_project2_tan/include/ece217_project2_tan/ece217_project2_tan
[9.051s] -- Up-to-date: /gpfs/fs1/home/wtan10/Desktop/ECE217/project2_ws/install/ece217_project2_tan/include/ece217_project2_tan/ece217_project2_tan/msg
[9.051s] -- Up-to-date: /gpfs/fs1/home/wtan10/Desktop/ECE217/project2_ws/install/ece217_project2_tan/include/ece217_project2_tan/ece217_project2_tan/msg/rosidl_typesupport_fastrtps_c__visibility_control.h
[9.051s] -- Up-to-date: /gpfs/fs1/home/wtan10/Desktop/ECE217/project2_ws/install/ece217_project2_tan/include/ece217_project2_tan/ece217_project2_tan/srv
[9.051s] -- Up-to-date: /gpfs/fs1/home/wtan10/Desktop/ECE217/project2_ws/install/ece217_project2_tan/include/ece217_project2_tan/ece217_project2_tan/srv/detail
[9.051s] -- Up-to-date: /gpfs/fs1/home/wtan10/Desktop/ECE217/project2_ws/install/ece217_project2_tan/include/ece217_project2_tan/ece217_project2_tan/srv/detail/manipulation_query__rosidl_typesupport_fastrtps_c.h
[9.051s] -- Installing: /gpfs/fs1/home/wtan10/Desktop/ECE217/project2_ws/install/ece217_project2_tan/lib/libece217_project2_tan__rosidl_typesupport_fastrtps_c.so
[9.051s] -- Set non-toolchain portion of runtime path of "/gpfs/fs1/home/wtan10/Desktop/ECE217/project2_ws/install/ece217_project2_tan/lib/libece217_project2_tan__rosidl_typesupport_fastrtps_c.so" to ""
[9.051s] -- Up-to-date: /gpfs/fs1/home/wtan10/Desktop/ECE217/project2_ws/install/ece217_project2_tan/include/ece217_project2_tan/ece217_project2_tan
[9.051s] -- Up-to-date: /gpfs/fs1/home/wtan10/Desktop/ECE217/project2_ws/install/ece217_project2_tan/include/ece217_project2_tan/ece217_project2_tan/msg
[9.051s] -- Up-to-date: /gpfs/fs1/home/wtan10/Desktop/ECE217/project2_ws/install/ece217_project2_tan/include/ece217_project2_tan/ece217_project2_tan/msg/rosidl_generator_cpp__visibility_control.hpp
[9.051s] -- Up-to-date: /gpfs/fs1/home/wtan10/Desktop/ECE217/project2_ws/install/ece217_project2_tan/include/ece217_project2_tan/ece217_project2_tan/srv
[9.051s] -- Up-to-date: /gpfs/fs1/home/wtan10/Desktop/ECE217/project2_ws/install/ece217_project2_tan/include/ece217_project2_tan/ece217_project2_tan/srv/manipulation_query.hpp
[9.051s] -- Up-to-date: /gpfs/fs1/home/wtan10/Desktop/ECE217/project2_ws/install/ece217_project2_tan/include/ece217_project2_tan/ece217_project2_tan/srv/detail
[9.051s] -- Up-to-date: /gpfs/fs1/home/wtan10/Desktop/ECE217/project2_ws/install/ece217_project2_tan/include/ece217_project2_tan/ece217_project2_tan/srv/detail/manipulation_query__builder.hpp
[9.052s] -- Up-to-date: /gpfs/fs1/home/wtan10/Desktop/ECE217/project2_ws/install/ece217_project2_tan/include/ece217_project2_tan/ece217_project2_tan/srv/detail/manipulation_query__type_support.hpp
[9.052s] -- Up-to-date: /gpfs/fs1/home/wtan10/Desktop/ECE217/project2_ws/install/ece217_project2_tan/include/ece217_project2_tan/ece217_project2_tan/srv/detail/manipulation_query__struct.hpp
[9.052s] -- Up-to-date: /gpfs/fs1/home/wtan10/Desktop/ECE217/project2_ws/install/ece217_project2_tan/include/ece217_project2_tan/ece217_project2_tan/srv/detail/manipulation_query__traits.hpp
[9.052s] -- Up-to-date: /gpfs/fs1/home/wtan10/Desktop/ECE217/project2_ws/install/ece217_project2_tan/include/ece217_project2_tan/ece217_project2_tan
[9.052s] -- Up-to-date: /gpfs/fs1/home/wtan10/Desktop/ECE217/project2_ws/install/ece217_project2_tan/include/ece217_project2_tan/ece217_project2_tan/msg
[9.052s] -- Up-to-date: /gpfs/fs1/home/wtan10/Desktop/ECE217/project2_ws/install/ece217_project2_tan/include/ece217_project2_tan/ece217_project2_tan/msg/rosidl_typesupport_fastrtps_cpp__visibility_control.h
[9.052s] -- Up-to-date: /gpfs/fs1/home/wtan10/Desktop/ECE217/project2_ws/install/ece217_project2_tan/include/ece217_project2_tan/ece217_project2_tan/srv
[9.052s] -- Up-to-date: /gpfs/fs1/home/wtan10/Desktop/ECE217/project2_ws/install/ece217_project2_tan/include/ece217_project2_tan/ece217_project2_tan/srv/detail
[9.052s] -- Up-to-date: /gpfs/fs1/home/wtan10/Desktop/ECE217/project2_ws/install/ece217_project2_tan/include/ece217_project2_tan/ece217_project2_tan/srv/detail/dds_fastrtps
[9.052s] -- Up-to-date: /gpfs/fs1/home/wtan10/Desktop/ECE217/project2_ws/install/ece217_project2_tan/include/ece217_project2_tan/ece217_project2_tan/srv/detail/manipulation_query__rosidl_typesupport_fastrtps_cpp.hpp
[9.053s] -- Installing: /gpfs/fs1/home/wtan10/Desktop/ECE217/project2_ws/install/ece217_project2_tan/lib/libece217_project2_tan__rosidl_typesupport_fastrtps_cpp.so
[9.054s] -- Set non-toolchain portion of runtime path of "/gpfs/fs1/home/wtan10/Desktop/ECE217/project2_ws/install/ece217_project2_tan/lib/libece217_project2_tan__rosidl_typesupport_fastrtps_cpp.so" to ""
[9.054s] -- Up-to-date: /gpfs/fs1/home/wtan10/Desktop/ECE217/project2_ws/install/ece217_project2_tan/include/ece217_project2_tan/ece217_project2_tan
[9.054s] -- Up-to-date: /gpfs/fs1/home/wtan10/Desktop/ECE217/project2_ws/install/ece217_project2_tan/include/ece217_project2_tan/ece217_project2_tan/msg
[9.055s] -- Up-to-date: /gpfs/fs1/home/wtan10/Desktop/ECE217/project2_ws/install/ece217_project2_tan/include/ece217_project2_tan/ece217_project2_tan/msg/rosidl_typesupport_introspection_c__visibility_control.h
[9.055s] -- Up-to-date: /gpfs/fs1/home/wtan10/Desktop/ECE217/project2_ws/install/ece217_project2_tan/include/ece217_project2_tan/ece217_project2_tan/srv
[9.055s] -- Up-to-date: /gpfs/fs1/home/wtan10/Desktop/ECE217/project2_ws/install/ece217_project2_tan/include/ece217_project2_tan/ece217_project2_tan/srv/detail
[9.055s] -- Up-to-date: /gpfs/fs1/home/wtan10/Desktop/ECE217/project2_ws/install/ece217_project2_tan/include/ece217_project2_tan/ece217_project2_tan/srv/detail/manipulation_query__type_support.c
[9.055s] -- Up-to-date: /gpfs/fs1/home/wtan10/Desktop/ECE217/project2_ws/install/ece217_project2_tan/include/ece217_project2_tan/ece217_project2_tan/srv/detail/manipulation_query__rosidl_typesupport_introspection_c.h
[9.056s] -- Installing: /gpfs/fs1/home/wtan10/Desktop/ECE217/project2_ws/install/ece217_project2_tan/lib/libece217_project2_tan__rosidl_typesupport_introspection_c.so
[9.057s] -- Set non-toolchain portion of runtime path of "/gpfs/fs1/home/wtan10/Desktop/ECE217/project2_ws/install/ece217_project2_tan/lib/libece217_project2_tan__rosidl_typesupport_introspection_c.so" to ""
[9.057s] -- Installing: /gpfs/fs1/home/wtan10/Desktop/ECE217/project2_ws/install/ece217_project2_tan/lib/libece217_project2_tan__rosidl_typesupport_c.so
[9.058s] -- Set non-toolchain portion of runtime path of "/gpfs/fs1/home/wtan10/Desktop/ECE217/project2_ws/install/ece217_project2_tan/lib/libece217_project2_tan__rosidl_typesupport_c.so" to ""
[9.058s] -- Up-to-date: /gpfs/fs1/home/wtan10/Desktop/ECE217/project2_ws/install/ece217_project2_tan/include/ece217_project2_tan/ece217_project2_tan
[9.058s] -- Up-to-date: /gpfs/fs1/home/wtan10/Desktop/ECE217/project2_ws/install/ece217_project2_tan/include/ece217_project2_tan/ece217_project2_tan/srv
[9.058s] -- Up-to-date: /gpfs/fs1/home/wtan10/Desktop/ECE217/project2_ws/install/ece217_project2_tan/include/ece217_project2_tan/ece217_project2_tan/srv/detail
[9.058s] -- Up-to-date: /gpfs/fs1/home/wtan10/Desktop/ECE217/project2_ws/install/ece217_project2_tan/include/ece217_project2_tan/ece217_project2_tan/srv/detail/manipulation_query__rosidl_typesupport_introspection_cpp.hpp
[9.059s] -- Up-to-date: /gpfs/fs1/home/wtan10/Desktop/ECE217/project2_ws/install/ece217_project2_tan/include/ece217_project2_tan/ece217_project2_tan/srv/detail/manipulation_query__type_support.cpp
[9.059s] -- Installing: /gpfs/fs1/home/wtan10/Desktop/ECE217/project2_ws/install/ece217_project2_tan/lib/libece217_project2_tan__rosidl_typesupport_introspection_cpp.so
[9.060s] -- Set non-toolchain portion of runtime path of "/gpfs/fs1/home/wtan10/Desktop/ECE217/project2_ws/install/ece217_project2_tan/lib/libece217_project2_tan__rosidl_typesupport_introspection_cpp.so" to ""
[9.060s] -- Installing: /gpfs/fs1/home/wtan10/Desktop/ECE217/project2_ws/install/ece217_project2_tan/lib/libece217_project2_tan__rosidl_typesupport_cpp.so
[9.061s] -- Set non-toolchain portion of runtime path of "/gpfs/fs1/home/wtan10/Desktop/ECE217/project2_ws/install/ece217_project2_tan/lib/libece217_project2_tan__rosidl_typesupport_cpp.so" to ""
[9.061s] -- Up-to-date: /gpfs/fs1/home/wtan10/Desktop/ECE217/project2_ws/install/ece217_project2_tan/share/ece217_project2_tan/environment/pythonpath.sh
[9.061s] -- Up-to-date: /gpfs/fs1/home/wtan10/Desktop/ECE217/project2_ws/install/ece217_project2_tan/share/ece217_project2_tan/environment/pythonpath.dsv
[9.062s] -- Up-to-date: /gpfs/fs1/home/wtan10/Desktop/ECE217/project2_ws/install/ece217_project2_tan/lib/python3.12/site-packages/ece217_project2_tan-0.0.0-py3.12.egg-info
[9.062s] -- Installing: /gpfs/fs1/home/wtan10/Desktop/ECE217/project2_ws/install/ece217_project2_tan/lib/python3.12/site-packages/ece217_project2_tan-0.0.0-py3.12.egg-info/SOURCES.txt
[9.062s] -- Installing: /gpfs/fs1/home/wtan10/Desktop/ECE217/project2_ws/install/ece217_project2_tan/lib/python3.12/site-packages/ece217_project2_tan-0.0.0-py3.12.egg-info/PKG-INFO
[9.063s] -- Installing: /gpfs/fs1/home/wtan10/Desktop/ECE217/project2_ws/install/ece217_project2_tan/lib/python3.12/site-packages/ece217_project2_tan-0.0.0-py3.12.egg-info/dependency_links.txt
[9.063s] -- Installing: /gpfs/fs1/home/wtan10/Desktop/ECE217/project2_ws/install/ece217_project2_tan/lib/python3.12/site-packages/ece217_project2_tan-0.0.0-py3.12.egg-info/top_level.txt
[9.064s] -- Up-to-date: /gpfs/fs1/home/wtan10/Desktop/ECE217/project2_ws/install/ece217_project2_tan/lib/python3.12/site-packages/ece217_project2_tan
[9.064s] -- Up-to-date: /gpfs/fs1/home/wtan10/Desktop/ECE217/project2_ws/install/ece217_project2_tan/lib/python3.12/site-packages/ece217_project2_tan/_ece217_project2_tan_s.ep.rosidl_typesupport_introspection_c.c
[9.064s] -- Up-to-date: /gpfs/fs1/home/wtan10/Desktop/ECE217/project2_ws/install/ece217_project2_tan/lib/python3.12/site-packages/ece217_project2_tan/ece217_project2_tan_s__rosidl_typesupport_c.so
[9.064s] -- Up-to-date: /gpfs/fs1/home/wtan10/Desktop/ECE217/project2_ws/install/ece217_project2_tan/lib/python3.12/site-packages/ece217_project2_tan/__init__.py
[9.064s] -- Up-to-date: /gpfs/fs1/home/wtan10/Desktop/ECE217/project2_ws/install/ece217_project2_tan/lib/python3.12/site-packages/ece217_project2_tan/ece217_project2_tan_s__rosidl_typesupport_introspection_c.so
[9.064s] -- Up-to-date: /gpfs/fs1/home/wtan10/Desktop/ECE217/project2_ws/install/ece217_project2_tan/lib/python3.12/site-packages/ece217_project2_tan/_ece217_project2_tan_s.ep.rosidl_typesupport_fastrtps_c.c
[9.064s] -- Up-to-date: /gpfs/fs1/home/wtan10/Desktop/ECE217/project2_ws/install/ece217_project2_tan/lib/python3.12/site-packages/ece217_project2_tan/srv
[9.065s] -- Up-to-date: /gpfs/fs1/home/wtan10/Desktop/ECE217/project2_ws/install/ece217_project2_tan/lib/python3.12/site-packages/ece217_project2_tan/srv/_manipulation_query_s.c
[9.065s] -- Up-to-date: /gpfs/fs1/home/wtan10/Desktop/ECE217/project2_ws/install/ece217_project2_tan/lib/python3.12/site-packages/ece217_project2_tan/srv/__init__.py
[9.065s] -- Up-to-date: /gpfs/fs1/home/wtan10/Desktop/ECE217/project2_ws/install/ece217_project2_tan/lib/python3.12/site-packages/ece217_project2_tan/srv/_manipulation_query.py
[9.065s] -- Up-to-date: /gpfs/fs1/home/wtan10/Desktop/ECE217/project2_ws/install/ece217_project2_tan/lib/python3.12/site-packages/ece217_project2_tan/ece217_project2_tan_s__rosidl_typesupport_fastrtps_c.so
[9.065s] -- Up-to-date: /gpfs/fs1/home/wtan10/Desktop/ECE217/project2_ws/install/ece217_project2_tan/lib/python3.12/site-packages/ece217_project2_tan/_ece217_project2_tan_s.ep.rosidl_typesupport_c.c
[9.115s] Listing '/gpfs/fs1/home/wtan10/Desktop/ECE217/project2_ws/install/ece217_project2_tan/lib/python3.12/site-packages/ece217_project2_tan'...
[9.115s] Listing '/gpfs/fs1/home/wtan10/Desktop/ECE217/project2_ws/install/ece217_project2_tan/lib/python3.12/site-packages/ece217_project2_tan/srv'...
[9.120s] -- Installing: /gpfs/fs1/home/wtan10/Desktop/ECE217/project2_ws/install/ece217_project2_tan/lib/python3.12/site-packages/ece217_project2_tan/ece217_project2_tan_s__rosidl_typesupport_fastrtps_c.so
[9.121s] -- Set non-toolchain portion of runtime path of "/gpfs/fs1/home/wtan10/Desktop/ECE217/project2_ws/install/ece217_project2_tan/lib/python3.12/site-packages/ece217_project2_tan/ece217_project2_tan_s__rosidl_typesupport_fastrtps_c.so" to ""
[9.122s] -- Installing: /gpfs/fs1/home/wtan10/Desktop/ECE217/project2_ws/install/ece217_project2_tan/lib/python3.12/site-packages/ece217_project2_tan/ece217_project2_tan_s__rosidl_typesupport_introspection_c.so
[9.123s] -- Set non-toolchain portion of runtime path of "/gpfs/fs1/home/wtan10/Desktop/ECE217/project2_ws/install/ece217_project2_tan/lib/python3.12/site-packages/ece217_project2_tan/ece217_project2_tan_s__rosidl_typesupport_introspection_c.so" to ""
[9.123s] -- Installing: /gpfs/fs1/home/wtan10/Desktop/ECE217/project2_ws/install/ece217_project2_tan/lib/python3.12/site-packages/ece217_project2_tan/ece217_project2_tan_s__rosidl_typesupport_c.so
[9.124s] -- Set non-toolchain portion of runtime path of "/gpfs/fs1/home/wtan10/Desktop/ECE217/project2_ws/install/ece217_project2_tan/lib/python3.12/site-packages/ece217_project2_tan/ece217_project2_tan_s__rosidl_typesupport_c.so" to ""
[9.124s] -- Installing: /gpfs/fs1/home/wtan10/Desktop/ECE217/project2_ws/install/ece217_project2_tan/lib/libece217_project2_tan__rosidl_generator_py.so
[9.125s] -- Set non-toolchain portion of runtime path of "/gpfs/fs1/home/wtan10/Desktop/ECE217/project2_ws/install/ece217_project2_tan/lib/libece217_project2_tan__rosidl_generator_py.so" to ""
[9.125s] -- Up-to-date: /gpfs/fs1/home/wtan10/Desktop/ECE217/project2_ws/install/ece217_project2_tan/share/ece217_project2_tan/srv/ManipulationQuery.idl
[9.126s] -- Up-to-date: /gpfs/fs1/home/wtan10/Desktop/ECE217/project2_ws/install/ece217_project2_tan/share/ece217_project2_tan/srv/ManipulationQuery.srv
[9.126s] -- Installing: /gpfs/fs1/home/wtan10/Desktop/ECE217/project2_ws/install/ece217_project2_tan/lib/ece217_project2_tan/project2-client
[9.127s] -- Set non-toolchain portion of runtime path of "/gpfs/fs1/home/wtan10/Desktop/ECE217/project2_ws/install/ece217_project2_tan/lib/ece217_project2_tan/project2-client" to ""
[9.127s] -- Installing: /gpfs/fs1/home/wtan10/Desktop/ECE217/project2_ws/install/ece217_project2_tan/lib/ece217_project2_tan/project2-server
[9.128s] -- Set non-toolchain portion of runtime path of "/gpfs/fs1/home/wtan10/Desktop/ECE217/project2_ws/install/ece217_project2_tan/lib/ece217_project2_tan/project2-server" to ""
[9.129s] -- Installing: /gpfs/fs1/home/wtan10/Desktop/ECE217/project2_ws/install/ece217_project2_tan/lib/ece217_project2_tan/joint-state-publisher
[9.130s] -- Set non-toolchain portion of runtime path of "/gpfs/fs1/home/wtan10/Desktop/ECE217/project2_ws/install/ece217_project2_tan/lib/ece217_project2_tan/joint-state-publisher" to ""
[9.131s] -- Up-to-date: /gpfs/fs1/home/wtan10/Desktop/ECE217/project2_ws/install/ece217_project2_tan/share/ament_index/resource_index/package_run_dependencies/ece217_project2_tan
[9.131s] -- Up-to-date: /gpfs/fs1/home/wtan10/Desktop/ECE217/project2_ws/install/ece217_project2_tan/share/ament_index/resource_index/parent_prefix_path/ece217_project2_tan
[9.131s] -- Up-to-date: /gpfs/fs1/home/wtan10/Desktop/ECE217/project2_ws/install/ece217_project2_tan/share/ece217_project2_tan/environment/ament_prefix_path.sh
[9.131s] -- Up-to-date: /gpfs/fs1/home/wtan10/Desktop/ECE217/project2_ws/install/ece217_project2_tan/share/ece217_project2_tan/environment/ament_prefix_path.dsv
[9.131s] -- Up-to-date: /gpfs/fs1/home/wtan10/Desktop/ECE217/project2_ws/install/ece217_project2_tan/share/ece217_project2_tan/environment/path.sh
[9.131s] -- Up-to-date: /gpfs/fs1/home/wtan10/Desktop/ECE217/project2_ws/install/ece217_project2_tan/share/ece217_project2_tan/environment/path.dsv
[9.131s] -- Up-to-date: /gpfs/fs1/home/wtan10/Desktop/ECE217/project2_ws/install/ece217_project2_tan/share/ece217_project2_tan/local_setup.bash
[9.132s] -- Up-to-date: /gpfs/fs1/home/wtan10/Desktop/ECE217/project2_ws/install/ece217_project2_tan/share/ece217_project2_tan/local_setup.sh
[9.132s] -- Up-to-date: /gpfs/fs1/home/wtan10/Desktop/ECE217/project2_ws/install/ece217_project2_tan/share/ece217_project2_tan/local_setup.zsh
[9.132s] -- Up-to-date: /gpfs/fs1/home/wtan10/Desktop/ECE217/project2_ws/install/ece217_project2_tan/share/ece217_project2_tan/local_setup.dsv
[9.132s] -- Installing: /gpfs/fs1/home/wtan10/Desktop/ECE217/project2_ws/install/ece217_project2_tan/share/ece217_project2_tan/package.dsv
[9.132s] -- Up-to-date: /gpfs/fs1/home/wtan10/Desktop/ECE217/project2_ws/install/ece217_project2_tan/share/ament_index/resource_index/packages/ece217_project2_tan
[9.132s] -- Up-to-date: /gpfs/fs1/home/wtan10/Desktop/ECE217/project2_ws/install/ece217_project2_tan/share/ece217_project2_tan/cmake/export_ece217_project2_tan__rosidl_generator_cExport.cmake
[9.133s] -- Up-to-date: /gpfs/fs1/home/wtan10/Desktop/ECE217/project2_ws/install/ece217_project2_tan/share/ece217_project2_tan/cmake/export_ece217_project2_tan__rosidl_generator_cExport-noconfig.cmake
[9.133s] -- Up-to-date: /gpfs/fs1/home/wtan10/Desktop/ECE217/project2_ws/install/ece217_project2_tan/share/ece217_project2_tan/cmake/export_ece217_project2_tan__rosidl_typesupport_fastrtps_cExport.cmake
[9.133s] -- Up-to-date: /gpfs/fs1/home/wtan10/Desktop/ECE217/project2_ws/install/ece217_project2_tan/share/ece217_project2_tan/cmake/export_ece217_project2_tan__rosidl_typesupport_fastrtps_cExport-noconfig.cmake
[9.133s] -- Up-to-date: /gpfs/fs1/home/wtan10/Desktop/ECE217/project2_ws/install/ece217_project2_tan/share/ece217_project2_tan/cmake/export_ece217_project2_tan__rosidl_generator_cppExport.cmake
[9.134s] -- Up-to-date: /gpfs/fs1/home/wtan10/Desktop/ECE217/project2_ws/install/ece217_project2_tan/share/ece217_project2_tan/cmake/export_ece217_project2_tan__rosidl_typesupport_fastrtps_cppExport.cmake
[9.134s] -- Up-to-date: /gpfs/fs1/home/wtan10/Desktop/ECE217/project2_ws/install/ece217_project2_tan/share/ece217_project2_tan/cmake/export_ece217_project2_tan__rosidl_typesupport_fastrtps_cppExport-noconfig.cmake
[9.134s] -- Up-to-date: /gpfs/fs1/home/wtan10/Desktop/ECE217/project2_ws/install/ece217_project2_tan/share/ece217_project2_tan/cmake/ece217_project2_tan__rosidl_typesupport_introspection_cExport.cmake
[9.134s] -- Up-to-date: /gpfs/fs1/home/wtan10/Desktop/ECE217/project2_ws/install/ece217_project2_tan/share/ece217_project2_tan/cmake/ece217_project2_tan__rosidl_typesupport_introspection_cExport-noconfig.cmake
[9.134s] -- Up-to-date: /gpfs/fs1/home/wtan10/Desktop/ECE217/project2_ws/install/ece217_project2_tan/share/ece217_project2_tan/cmake/ece217_project2_tan__rosidl_typesupport_cExport.cmake
[9.134s] -- Up-to-date: /gpfs/fs1/home/wtan10/Desktop/ECE217/project2_ws/install/ece217_project2_tan/share/ece217_project2_tan/cmake/ece217_project2_tan__rosidl_typesupport_cExport-noconfig.cmake
[9.134s] -- Up-to-date: /gpfs/fs1/home/wtan10/Desktop/ECE217/project2_ws/install/ece217_project2_tan/share/ece217_project2_tan/cmake/ece217_project2_tan__rosidl_typesupport_introspection_cppExport.cmake
[9.135s] -- Up-to-date: /gpfs/fs1/home/wtan10/Desktop/ECE217/project2_ws/install/ece217_project2_tan/share/ece217_project2_tan/cmake/ece217_project2_tan__rosidl_typesupport_introspection_cppExport-noconfig.cmake
[9.135s] -- Up-to-date: /gpfs/fs1/home/wtan10/Desktop/ECE217/project2_ws/install/ece217_project2_tan/share/ece217_project2_tan/cmake/ece217_project2_tan__rosidl_typesupport_cppExport.cmake
[9.135s] -- Up-to-date: /gpfs/fs1/home/wtan10/Desktop/ECE217/project2_ws/install/ece217_project2_tan/share/ece217_project2_tan/cmake/ece217_project2_tan__rosidl_typesupport_cppExport-noconfig.cmake
[9.135s] -- Up-to-date: /gpfs/fs1/home/wtan10/Desktop/ECE217/project2_ws/install/ece217_project2_tan/share/ece217_project2_tan/cmake/export_ece217_project2_tan__rosidl_generator_pyExport.cmake
[9.135s] -- Up-to-date: /gpfs/fs1/home/wtan10/Desktop/ECE217/project2_ws/install/ece217_project2_tan/share/ece217_project2_tan/cmake/export_ece217_project2_tan__rosidl_generator_pyExport-noconfig.cmake
[9.135s] -- Up-to-date: /gpfs/fs1/home/wtan10/Desktop/ECE217/project2_ws/install/ece217_project2_tan/share/ece217_project2_tan/cmake/rosidl_cmake-extras.cmake
[9.136s] -- Up-to-date: /gpfs/fs1/home/wtan10/Desktop/ECE217/project2_ws/install/ece217_project2_tan/share/ece217_project2_tan/cmake/ament_cmake_export_dependencies-extras.cmake
[9.136s] -- Up-to-date: /gpfs/fs1/home/wtan10/Desktop/ECE217/project2_ws/install/ece217_project2_tan/share/ece217_project2_tan/cmake/ament_cmake_export_include_directories-extras.cmake
[9.136s] -- Up-to-date: /gpfs/fs1/home/wtan10/Desktop/ECE217/project2_ws/install/ece217_project2_tan/share/ece217_project2_tan/cmake/ament_cmake_export_libraries-extras.cmake
[9.136s] -- Up-to-date: /gpfs/fs1/home/wtan10/Desktop/ECE217/project2_ws/install/ece217_project2_tan/share/ece217_project2_tan/cmake/ament_cmake_export_targets-extras.cmake
[9.136s] -- Up-to-date: /gpfs/fs1/home/wtan10/Desktop/ECE217/project2_ws/install/ece217_project2_tan/share/ece217_project2_tan/cmake/rosidl_cmake_export_typesupport_targets-extras.cmake
[9.136s] -- Up-to-date: /gpfs/fs1/home/wtan10/Desktop/ECE217/project2_ws/install/ece217_project2_tan/share/ece217_project2_tan/cmake/rosidl_cmake_export_typesupport_libraries-extras.cmake
[9.136s] -- Up-to-date: /gpfs/fs1/home/wtan10/Desktop/ECE217/project2_ws/install/ece217_project2_tan/share/ece217_project2_tan/cmake/ece217_project2_tanConfig.cmake
[9.136s] -- Up-to-date: /gpfs/fs1/home/wtan10/Desktop/ECE217/project2_ws/install/ece217_project2_tan/share/ece217_project2_tan/cmake/ece217_project2_tanConfig-version.cmake
[9.136s] -- Up-to-date: /gpfs/fs1/home/wtan10/Desktop/ECE217/project2_ws/install/ece217_project2_tan/share/ece217_project2_tan/package.xml
[9.140s] Invoked command in '/gpfs/fs1/home/wtan10/Desktop/ECE217/project2_ws/build/ece217_project2_tan' returned '0': CONDA_PROMPT_MODIFIER=(ros2_env) _=/usr/bin/env /gpfs/fs1/sfw3/rhel9-x86_64/miniforge3/25.11.0-1/envs/ros2_env/bin/cmake --install /gpfs/fs1/home/wtan10/Desktop/ECE217/project2_ws/build/ece217_project2_tan
