[0.021s] Invoking command in '/gpfs/fs1/home/wtan10/Desktop/ECE217/project2_ws/build/ece217_project2_tan': CONDA_PROMPT_MODIFIER=(ros2_env) _=/usr/bin/env /gpfs/fs1/sfw3/rhel9-x86_64/miniforge3/25.11.0-1/envs/ros2_env/bin/cmake --build /gpfs/fs1/home/wtan10/Desktop/ECE217/project2_ws/build/ece217_project2_tan -- -j2 -l2
[0.093s] [0mCMake Deprecation Warning at CMakeLists.txt:1 (cmake_minimum_required):
[0.093s]   Compatibility with CMake < 3.10 will be removed from a future version of
[0.093s]   CMake.
[0.093s] 
[0.093s]   Update the VERSION argument <min> value.  Or, use the <min>...<max> syntax
[0.094s]   to tell CMake that the project requires at least <min> but has been updated
[0.094s]   to work with policies introduced by <max> or earlier.
[0.094s] 
[0.094s] [0m
[0.102s] -- Found ament_cmake: 2.5.4 (/gpfs/fs1/sfw3/rhel9-x86_64/miniforge3/25.11.0-1/envs/ros2_env/share/ament_cmake/cmake)
[0.267s] -- Found Python3: /gpfs/fs1/sfw3/rhel9-x86_64/miniforge3/25.11.0-1/envs/ros2_env/bin/python3 (found version "3.12.12") found components: Interpreter
[0.379s] -- Found rclcpp: 28.1.15 (/gpfs/fs1/sfw3/rhel9-x86_64/miniforge3/25.11.0-1/envs/ros2_env/share/rclcpp/cmake)
[0.418s] -- Found rosidl_generator_c: 4.6.7 (/gpfs/fs1/sfw3/rhel9-x86_64/miniforge3/25.11.0-1/envs/ros2_env/share/rosidl_generator_c/cmake)
[0.433s] -- Found rosidl_generator_cpp: 4.6.7 (/gpfs/fs1/sfw3/rhel9-x86_64/miniforge3/25.11.0-1/envs/ros2_env/share/rosidl_generator_cpp/cmake)
[0.452s] -- Using all available rosidl_typesupport_c: rosidl_typesupport_fastrtps_c;rosidl_typesupport_introspection_c
[0.475s] -- Using all available rosidl_typesupport_cpp: rosidl_typesupport_fastrtps_cpp;rosidl_typesupport_introspection_cpp
[0.581s] -- Found rmw_implementation_cmake: 7.3.2 (/gpfs/fs1/sfw3/rhel9-x86_64/miniforge3/25.11.0-1/envs/ros2_env/share/rmw_implementation_cmake/cmake)
[0.583s] -- Found rmw_fastrtps_cpp: 8.4.3 (/gpfs/fs1/sfw3/rhel9-x86_64/miniforge3/25.11.0-1/envs/ros2_env/share/rmw_fastrtps_cpp/cmake)
[1.243s] -- Using RMW implementation 'rmw_fastrtps_cpp' as default
[1.348s] -- Found geometry_msgs: 5.3.6 (/gpfs/fs1/sfw3/rhel9-x86_64/miniforge3/25.11.0-1/envs/ros2_env/share/geometry_msgs/cmake)
[1.402s] [33mCMake Warning (dev) at CMakeLists.txt:12 (find_package):
[1.402s]   Policy CMP0167 is not set: The FindBoost module is removed.  Run "cmake
[1.402s]   --help-policy CMP0167" for policy details.  Use the cmake_policy command to
[1.402s]   set the policy and suppress this warning.
[1.402s] 
[1.402s] This warning is for project developers.  Use -Wno-dev to suppress it.
[1.402s] [0m
[1.409s] -- Found rosidl_default_generators: 1.6.0 (/gpfs/fs1/sfw3/rhel9-x86_64/miniforge3/25.11.0-1/envs/ros2_env/share/rosidl_default_generators/cmake)
[1.421s] -- Found rosidl_adapter: 4.6.7 (/gpfs/fs1/sfw3/rhel9-x86_64/miniforge3/25.11.0-1/envs/ros2_env/share/rosidl_adapter/cmake)
[1.426s] -- Found nav_msgs: 5.3.6 (/gpfs/fs1/sfw3/rhel9-x86_64/miniforge3/25.11.0-1/envs/ros2_env/share/nav_msgs/cmake)
[1.468s] -- Found pluginlib: 5.4.4 (/gpfs/fs1/sfw3/rhel9-x86_64/miniforge3/25.11.0-1/envs/ros2_env/share/pluginlib/cmake)
[1.476s] -- Found visualization_msgs: 5.3.6 (/gpfs/fs1/sfw3/rhel9-x86_64/miniforge3/25.11.0-1/envs/ros2_env/share/visualization_msgs/cmake)
[2.341s] -- Found ament_cmake_ros: 0.12.0 (/gpfs/fs1/sfw3/rhel9-x86_64/miniforge3/25.11.0-1/envs/ros2_env/share/ament_cmake_ros/cmake)
[3.409s] -- Using all available rosidl_typesupport_c: rosidl_typesupport_fastrtps_c;rosidl_typesupport_introspection_c
[3.830s] -- Using all available rosidl_typesupport_cpp: rosidl_typesupport_fastrtps_cpp;rosidl_typesupport_introspection_cpp
[3.831s] -- Found python_cmake_module: 0.11.1 (/gpfs/fs1/sfw3/rhel9-x86_64/miniforge3/25.11.0-1/envs/ros2_env/share/python_cmake_module/cmake)
[4.396s] -- Found Python3: /gpfs/fs1/sfw3/rhel9-x86_64/miniforge3/25.11.0-1/envs/ros2_env/bin/python3 (found version "3.12.12") found components: Interpreter Development NumPy Development.Module Development.Embed
[4.472s] -- Found ament_lint_auto: 0.17.3 (/gpfs/fs1/sfw3/rhel9-x86_64/miniforge3/25.11.0-1/envs/ros2_env/share/ament_lint_auto/cmake)
[4.490s] -- Added test 'cppcheck' to perform static code analysis on C / C++ code
[4.491s] -- Configured cppcheck include dirs: /gpfs/fs1/home/wtan10/Desktop/ECE217/project2_ws/src/ece217_project2_tan/include;$<BUILD_INTERFACE:/gpfs/fs1/home/wtan10/Desktop/ECE217/project2_ws/src/ece217_project2_tan/include>
[4.491s] -- Configured cppcheck exclude dirs and/or files: 
[4.493s] -- Added test 'lint_cmake' to check CMake code style
[4.495s] -- Added test 'uncrustify' to check C / C++ code style
[4.495s] -- Configured uncrustify additional arguments: 
[4.496s] -- Added test 'xmllint' to check XML markup files
[4.499s] -- Configuring done (4.4s)
[4.926s] -- Generating done (0.4s)
[5.009s] -- Build files have been written to: /gpfs/fs1/home/wtan10/Desktop/ECE217/project2_ws/build/ece217_project2_tan
[5.058s] [  2%] Built target ece217_project2_tan__rosidl_generator_type_description
[5.073s] [  2%] Built target ament_cmake_python_copy_ece217_project2_tan
[5.085s] [  5%] Built target ece217_project2_tan__cpp
[5.104s] [ 18%] Built target ece217_project2_tan__rosidl_generator_c
[5.135s] [ 26%] Built target ece217_project2_tan__rosidl_typesupport_cpp
[5.168s] [ 34%] Built target ece217_project2_tan__rosidl_typesupport_fastrtps_c
[5.201s] [ 42%] Built target ece217_project2_tan__rosidl_typesupport_fastrtps_cpp
[5.232s] [ 50%] Built target ece217_project2_tan__rosidl_typesupport_introspection_c
[5.261s] [ 57%] Built target ece217_project2_tan__rosidl_typesupport_c
[5.292s] [ 65%] Built target ece217_project2_tan__rosidl_typesupport_introspection_cpp
[5.316s] [ 68%] [32mBuilding CXX object CMakeFiles/project2-client.dir/src/project2-client.cpp.o[0m
[5.449s] running egg_info
[5.484s] writing ece217_project2_tan.egg-info/PKG-INFO
[5.484s] writing dependency_links to ece217_project2_tan.egg-info/dependency_links.txt
[5.485s] writing top-level names to ece217_project2_tan.egg-info/top_level.txt
[5.591s] reading manifest file 'ece217_project2_tan.egg-info/SOURCES.txt'
[5.592s] writing manifest file 'ece217_project2_tan.egg-info/SOURCES.txt'
[5.624s] [ 68%] Built target ament_cmake_python_build_ece217_project2_tan_egg
[5.670s] [ 73%] Built target project2-server
[5.695s] [ 73%] Built target ece217_project2_tan
[5.721s] [ 76%] Built target ece217_project2_tan__py
[5.814s] [ 78%] [32mBuilding C object CMakeFiles/ece217_project2_tan__rosidl_generator_py.dir/rosidl_generator_py/ece217_project2_tan/srv/_manipulation_query_s.c.o[0m
[7.505s] [ 81%] [1m[32mLinking C shared library libece217_project2_tan__rosidl_generator_py.so[0m
[7.666s] [ 81%] Built target ece217_project2_tan__rosidl_generator_py
[7.696s] [ 84%] [32mBuilding C object CMakeFiles/ece217_project2_tan_s__rosidl_typesupport_fastrtps_c.dir/rosidl_generator_py/ece217_project2_tan/_ece217_project2_tan_s.ep.rosidl_typesupport_fastrtps_c.c.o[0m
[7.970s] [ 86%] [1m[32mLinking C shared module rosidl_generator_py/ece217_project2_tan/ece217_project2_tan_s__rosidl_typesupport_fastrtps_c.so[0m
[8.049s] [ 86%] Built target ece217_project2_tan_s__rosidl_typesupport_fastrtps_c
[8.102s] [ 89%] [32mBuilding C object CMakeFiles/ece217_project2_tan_s__rosidl_typesupport_introspection_c.dir/rosidl_generator_py/ece217_project2_tan/_ece217_project2_tan_s.ep.rosidl_typesupport_introspection_c.c.o[0m
[8.290s] [ 92%] [1m[32mLinking C shared module rosidl_generator_py/ece217_project2_tan/ece217_project2_tan_s__rosidl_typesupport_introspection_c.so[0m
[8.333s] [ 92%] Built target ece217_project2_tan_s__rosidl_typesupport_introspection_c
[8.363s] [ 94%] [32mBuilding C object CMakeFiles/ece217_project2_tan_s__rosidl_typesupport_c.dir/rosidl_generator_py/ece217_project2_tan/_ece217_project2_tan_s.ep.rosidl_typesupport_c.c.o[0m
[8.562s] [ 97%] [1m[32mLinking C shared module rosidl_generator_py/ece217_project2_tan/ece217_project2_tan_s__rosidl_typesupport_c.so[0m
[8.604s] [ 97%] Built target ece217_project2_tan_s__rosidl_typesupport_c
[10.942s] [01m[K/gpfs/fs1/home/wtan10/Desktop/ECE217/project2_ws/src/ece217_project2_tan/src/project2-client.cpp:[m[K In function '[01m[Kint[01;32m[K main[m[K(int, char**)[m[K':
[10.942s] [01m[K/gpfs/fs1/home/wtan10/Desktop/ECE217/project2_ws/src/ece217_project2_tan/src/project2-client.cpp:14:27:[m[K [01;31m[Kerror: [m[K'[01m[Kooptions_description[m[K' is not a member of '[01m[Kboost::program_options[m[K'; did you mean '[01m[Koptions_description[m[K'?
[10.942s]    14 |   boost::program_options::[01;31m[Kooptions_description[m[K desc{"Options"};
[10.942s]       |                           [01;31m[K^~~~~~~~~~~~~~~~~~~~[m[K
[10.942s]       |                           [32m[Koptions_description[m[K
[10.945s] [01m[K/gpfs/fs1/home/wtan10/Desktop/ECE217/project2_ws/src/ece217_project2_tan/src/project2-client.cpp:15:3:[m[K [01;31m[Kerror: [m[K'[01m[Kdesc[m[K' was not declared in this scope
[10.945s]    15 |   [01;31m[Kdesc[m[K.add_options()("help,h", "Help screen")
[10.946s]       |   [01;31m[K^~~~[m[K
[10.961s] [01m[K/gpfs/fs1/home/wtan10/Desktop/ECE217/project2_ws/src/ece217_project2_tan/src/project2-client.cpp:50:103:[m[K [01;31m[Kerror: [m[K'[01m[Kece217_project2[m[K' was not declared in this scope; did you mean '[01m[Kece217_project2_tan[m[K'?
[10.961s]    50 |   rclcpp::Client<ece217_project2_tan::srv::ManipulationQuery>::SharedPtr client = node->create_client<[01;31m[Kece217_project2[m[K::srv::ManipulationQuery>("manipulation_query");
[10.961s]       |                                                                                                       [01;31m[K^~~~~~~~~~~~~~~[m[K
[10.961s]       |                                                                                                       [32m[Kece217_project2_tan[m[K
[10.961s] [01m[K/gpfs/fs1/home/wtan10/Desktop/ECE217/project2_ws/src/ece217_project2_tan/src/project2-client.cpp:50:89:[m[K [01;31m[Kerror: [m[Kparse error in template argument list
[10.961s]    50 |   rclcpp::Client<ece217_project2_tan::srv::ManipulationQuery>::SharedPtr client = node->[01;31m[Kcreate_client<ece217_project2::srv::ManipulationQuery>[m[K("manipulation_query");
[10.961s]       |                                                                                         [01;31m[K^~~~~~~~~~~~~~~~~~~~~~~~~~~~~~~~~~~~~~~~~~~~~~~~~~~~~~[m[K
[10.962s] [01m[K/gpfs/fs1/home/wtan10/Desktop/ECE217/project2_ws/src/ece217_project2_tan/src/project2-client.cpp:50:143:[m[K [01;31m[Kerror: [m[Kno matching function for call to '[01m[Krclcpp::Node::create_client<<expression error> >(const char [19])[m[K'
[10.962s]    50 |   rclcpp::Client<ece217_project2_tan::srv::ManipulationQuery>::SharedPtr client = [01;31m[Knode->create_client<ece217_project2::srv::ManipulationQuery>("manipulation_query")[m[K;
[10.962s]       |                                                                                   [01;31m[K~~~~~~~~~~~~~~~~~~~~~~~~~~~~~~~~~~~~~~~~~~~~~~~~~~~~~~~~~~~~^~~~~~~~~~~~~~~~~~~~~~[m[K
[10.962s] In file included from [01m[K/gpfs/fs1/sfw3/rhel9-x86_64/miniforge3/25.11.0-1/envs/ros2_env/include/rclcpp/rclcpp/executors/single_threaded_executor.hpp:28[m[K,
[10.962s]                  from [01m[K/gpfs/fs1/sfw3/rhel9-x86_64/miniforge3/25.11.0-1/envs/ros2_env/include/rclcpp/rclcpp/executors.hpp:22[m[K,
[10.962s]                  from [01m[K/gpfs/fs1/sfw3/rhel9-x86_64/miniforge3/25.11.0-1/envs/ros2_env/include/rclcpp/rclcpp/rclcpp.hpp:172[m[K,
[10.962s]                  from [01m[K/gpfs/fs1/home/wtan10/Desktop/ECE217/project2_ws/src/ece217_project2_tan/src/project2-client.cpp:1[m[K:
[10.962s] [01m[K/gpfs/fs1/sfw3/rhel9-x86_64/miniforge3/25.11.0-1/envs/ros2_env/include/rclcpp/rclcpp/node.hpp:271:3:[m[K [01;36m[Knote: [m[Kcandidate: '[01m[Ktemplate<class ServiceT> typename rclcpp::Client<ServiceT>::SharedPtr rclcpp::Node::[01;32m[Kcreate_client[m[K(const std::string&, const rmw_qos_profile_t&, rclcpp::CallbackGroup::SharedPtr)[m[K'
[10.963s]   271 |   [01;36m[Kcreate_client[m[K(
[10.963s]       |   [01;36m[K^~~~~~~~~~~~~[m[K
[10.963s] [01m[K/gpfs/fs1/sfw3/rhel9-x86_64/miniforge3/25.11.0-1/envs/ros2_env/include/rclcpp/rclcpp/node.hpp:271:3:[m[K [01;36m[Knote: [m[K  candidate expects 2 arguments, 1 provided
[10.963s] [01m[K/gpfs/fs1/sfw3/rhel9-x86_64/miniforge3/25.11.0-1/envs/ros2_env/include/rclcpp/rclcpp/node.hpp:285:3:[m[K [01;36m[Knote: [m[Kcandidate: '[01m[Ktemplate<class ServiceT> typename rclcpp::Client<ServiceT>::SharedPtr rclcpp::Node::[01;32m[Kcreate_client[m[K(const std::string&, const rclcpp::QoS&, rclcpp::CallbackGroup::SharedPtr)[m[K'
[10.963s]   285 |   [01;36m[Kcreate_client[m[K(
[10.963s]       |   [01;36m[K^~~~~~~~~~~~~[m[K
[10.963s] [01m[K/gpfs/fs1/sfw3/rhel9-x86_64/miniforge3/25.11.0-1/envs/ros2_env/include/rclcpp/rclcpp/node.hpp:285:3:[m[K [01;36m[Knote: [m[K  template argument deduction/substitution failed:
[10.963s] [01m[K/gpfs/fs1/home/wtan10/Desktop/ECE217/project2_ws/src/ece217_project2_tan/src/project2-client.cpp:50:143:[m[K [01;31m[Kerror: [m[Ktemplate argument 1 is invalid
[10.963s]    50 |   rclcpp::Client<ece217_project2_tan::srv::ManipulationQuery>::SharedPtr client = [01;31m[Knode->create_client<ece217_project2::srv::ManipulationQuery>("manipulation_query")[m[K;
[10.963s]       |                                                                                   [01;31m[K~~~~~~~~~~~~~~~~~~~~~~~~~~~~~~~~~~~~~~~~~~~~~~~~~~~~~~~~~~~~^~~~~~~~~~~~~~~~~~~~~~[m[K
[10.963s] [01m[K/gpfs/fs1/home/wtan10/Desktop/ECE217/project2_ws/src/ece217_project2_tan/src/project2-client.cpp:52:141:[m[K [01;31m[Kerror: [m[Kcannot convert '[01m[Kstd::shared_ptr<ece217_project2_tan::srv::ManipulationQuery_Request_<std::allocator<void> > >[m[K' to '[01m[Kint[m[K' in initialization
[10.963s]    52 |   std::shared_ptr<ece217_project2::srv::ManipulationQuery> request = [01;31m[Kstd::make_shared<ece217_project2_tan::srv::ManipulationQuery::Request >()[m[K;
[10.963s]       |                                                                      [01;31m[K~~~~~~~~~~~~~~~~~~~~~~~~~~~~~~~~~~~~~~~~~~~~~~~~~~~~~~~~~~~~~~~~~~~~~~~^~[m[K
[10.963s]       |                                                                                                                                             [01;31m[K|[m[K
[10.964s]       |                                                                                                                                             [01;31m[Kstd::shared_ptr<ece217_project2_tan::srv::ManipulationQuery_Request_<std::allocator<void> > >[m[K
[10.964s] [01m[K/gpfs/fs1/home/wtan10/Desktop/ECE217/project2_ws/src/ece217_project2_tan/src/project2-client.cpp:55:10:[m[K [01;31m[Kerror: [m[Kbase operand of '[01m[K->[m[K' is not a pointer
[10.964s]    55 |   request[01;31m[K->[m[Kjoint_angles[0] = vm["joint1theta"].as<double>();
[10.964s]       |          [01;31m[K^~[m[K
[10.964s] [01m[K/gpfs/fs1/home/wtan10/Desktop/ECE217/project2_ws/src/ece217_project2_tan/src/project2-client.cpp:56:10:[m[K [01;31m[Kerror: [m[Kbase operand of '[01m[K->[m[K' is not a pointer
[10.964s]    56 |   request[01;31m[K->[m[Kjoint_angles[1] = vm["joint2theta"].as<double>();
[10.964s]       |          [01;31m[K^~[m[K
[10.964s] [01m[K/gpfs/fs1/home/wtan10/Desktop/ECE217/project2_ws/src/ece217_project2_tan/src/project2-client.cpp:57:10:[m[K [01;31m[Kerror: [m[Kbase operand of '[01m[K->[m[K' is not a pointer
[10.964s]    57 |   request[01;31m[K->[m[Kjoint_angles[2] = vm["joint3theta"].as<double>();
[10.964s]       |          [01;31m[K^~[m[K
[10.964s] [01m[K/gpfs/fs1/home/wtan10/Desktop/ECE217/project2_ws/src/ece217_project2_tan/src/project2-client.cpp:58:10:[m[K [01;31m[Kerror: [m[Kbase operand of '[01m[K->[m[K' is not a pointer
[10.964s]    58 |   request[01;31m[K->[m[Kjoint_angles[3] = vm["joint4theta"].as<double>();
[10.964s]       |          [01;31m[K^~[m[K
[10.965s] [01m[K/gpfs/fs1/home/wtan10/Desktop/ECE217/project2_ws/src/ece217_project2_tan/src/project2-client.cpp:59:10:[m[K [01;31m[Kerror: [m[Kbase operand of '[01m[K->[m[K' is not a pointer
[10.965s]    59 |   request[01;31m[K->[m[Kjoint_angles[4] = vm["joint5theta"].as<double>();
[10.965s]       |          [01;31m[K^~[m[K
[10.965s] [01m[K/gpfs/fs1/home/wtan10/Desktop/ECE217/project2_ws/src/ece217_project2_tan/src/project2-client.cpp:60:10:[m[K [01;31m[Kerror: [m[Kbase operand of '[01m[K->[m[K' is not a pointer
[10.965s]    60 |   request[01;31m[K->[m[Kjoint_angles[5] = vm["joint6theta"].as<double>();
[10.965s]       |          [01;31m[K^~[m[K
[10.965s] [01m[K/gpfs/fs1/home/wtan10/Desktop/ECE217/project2_ws/src/ece217_project2_tan/src/project2-client.cpp:62:10:[m[K [01;31m[Kerror: [m[Kbase operand of '[01m[K->[m[K' is not a pointer
[10.965s]    62 |   request[01;31m[K->[m[Kgoal.position.x = vm["goal-x"].as<double>();
[10.965s]       |          [01;31m[K^~[m[K
[10.965s] [01m[K/gpfs/fs1/home/wtan10/Desktop/ECE217/project2_ws/src/ece217_project2_tan/src/project2-client.cpp:63:10:[m[K [01;31m[Kerror: [m[Kbase operand of '[01m[K->[m[K' is not a pointer
[10.965s]    63 |   request[01;31m[K->[m[Kgoal.position.y = vm["goal-y"].as<double>();
[10.965s]       |          [01;31m[K^~[m[K
[10.965s] [01m[K/gpfs/fs1/home/wtan10/Desktop/ECE217/project2_ws/src/ece217_project2_tan/src/project2-client.cpp:64:10:[m[K [01;31m[Kerror: [m[Kbase operand of '[01m[K->[m[K' is not a pointer
[10.965s]    64 |   request[01;31m[K->[m[Kgoal.position.z = vm["goal-z"].as<double>();
[10.966s]       |          [01;31m[K^~[m[K
[10.966s] [01m[K/gpfs/fs1/home/wtan10/Desktop/ECE217/project2_ws/src/ece217_project2_tan/src/project2-client.cpp:66:10:[m[K [01;31m[Kerror: [m[Kbase operand of '[01m[K->[m[K' is not a pointer
[10.966s]    66 |   request[01;31m[K->[m[Kgoal.orientation.x = vm["quaternion-x"].as<double>();
[10.966s]       |          [01;31m[K^~[m[K
[10.966s] [01m[K/gpfs/fs1/home/wtan10/Desktop/ECE217/project2_ws/src/ece217_project2_tan/src/project2-client.cpp:67:10:[m[K [01;31m[Kerror: [m[Kbase operand of '[01m[K->[m[K' is not a pointer
[10.966s]    67 |   request[01;31m[K->[m[Kgoal.orientation.y = vm["quaternion-y"].as<double>();
[10.966s]       |          [01;31m[K^~[m[K
[10.966s] [01m[K/gpfs/fs1/home/wtan10/Desktop/ECE217/project2_ws/src/ece217_project2_tan/src/project2-client.cpp:68:10:[m[K [01;31m[Kerror: [m[Kbase operand of '[01m[K->[m[K' is not a pointer
[10.966s]    68 |   request[01;31m[K->[m[Kgoal.orientation.z = vm["quaternion-z"].as<double>();
[10.966s]       |          [01;31m[K^~[m[K
[10.966s] [01m[K/gpfs/fs1/home/wtan10/Desktop/ECE217/project2_ws/src/ece217_project2_tan/src/project2-client.cpp:69:10:[m[K [01;31m[Kerror: [m[Kbase operand of '[01m[K->[m[K' is not a pointer
[10.966s]    69 |   request[01;31m[K->[m[Kgoal.orientation.w = vm["quaternion-w"].as<double>();
[10.966s]       |          [01;31m[K^~[m[K
[10.966s] [01m[K/gpfs/fs1/home/wtan10/Desktop/ECE217/project2_ws/src/ece217_project2_tan/src/project2-client.cpp:73:19:[m[K [01;31m[Kerror: [m[K'[01m[Kusing std::__shared_ptr_access<rclcpp::Client<ece217_project2_tan::srv::ManipulationQuery>, __gnu_cxx::_S_atomic, false, false>::element_type = class rclcpp::Client<ece217_project2_tan::srv::ManipulationQuery>[m[K' {aka '[01m[Kclass rclcpp::Client<ece217_project2_tan::srv::ManipulationQuery>[m[K'} has no member named '[01m[Kwait_for_servie[m[K'; did you mean '[01m[Kwait_for_service[m[K'?
[10.967s]    73 |   while( !client->[01;31m[Kwait_for_servie[m[K(std::chrono_literals::operator""s(1) ){
[10.967s]       |                   [01;31m[K^~~~~~~~~~~~~~~[m[K
[10.967s]       |                   [32m[Kwait_for_service[m[K
[10.967s] [01m[K/gpfs/fs1/home/wtan10/Desktop/ECE217/project2_ws/src/ece217_project2_tan/src/project2-client.cpp:73:73:[m[K [01;31m[Kerror: [m[Kexpected '[01m[K)[m[K' before '[01m[K{[m[K' token
[10.967s]    73 |   while[34m[K([m[K !client->wait_for_servie(std::chrono_literals::operator""s(1) )[01;31m[K{[m[K
[10.967s]       |        [34m[K~[m[K                                                                [01;31m[K^[m[K
[10.967s]       |                                                                         [32m[K)[m[K
[10.968s] [01m[K/gpfs/fs1/home/wtan10/Desktop/ECE217/project2_ws/src/ece217_project2_tan/src/project2-client.cpp:75:7:[m[K [01;31m[Kerror: [m[K'[01m[KRCLCPPERROR[m[K' was not declared in this scope; did you mean '[01m[KRCLCPP_ERROR[m[K'?
[10.968s]    75 |       [01;31m[KRCLCPPERROR[m[K( rclcpp::get_logger("rclcpp"), "Interrupted while waiting for server, exiting");
[10.968s]       |       [01;31m[K^~~~~~~~~~~[m[K
[10.968s]       |       [32m[KRCLCPP_ERROR[m[K
[10.971s] [01m[K/gpfs/fs1/home/wtan10/Desktop/ECE217/project2_ws/src/ece217_project2_tan/src/project2-client.cpp:81:118:[m[K [01;31m[Kerror: [m[Kno matching function for call to '[01m[Krclcpp::Client<ece217_project2_tan::srv::ManipulationQuery>::async_send_request(int&)[m[K'
[10.971s]    81 |   rclcpp::Client<ece217_project2_tan::srv::ManipulationQuery>::FutureAndRequestId result = [01;31m[Kclient->async_send_request( request )[m[K;
[10.971s]       |                                                                                            [01;31m[K~~~~~~~~~~~~~~~~~~~~~~~~~~^~~~~~~~~~~[m[K
[10.971s] In file included from [01m[K/gpfs/fs1/sfw3/rhel9-x86_64/miniforge3/25.11.0-1/envs/ros2_env/include/rclcpp/rclcpp/callback_group.hpp:24[m[K,
[10.971s]                  from [01m[K/gpfs/fs1/sfw3/rhel9-x86_64/miniforge3/25.11.0-1/envs/ros2_env/include/rclcpp/rclcpp/any_executable.hpp:20[m[K,
[10.971s]                  from [01m[K/gpfs/fs1/sfw3/rhel9-x86_64/miniforge3/25.11.0-1/envs/ros2_env/include/rclcpp/rclcpp/memory_strategy.hpp:25[m[K,
[10.971s]                  from [01m[K/gpfs/fs1/sfw3/rhel9-x86_64/miniforge3/25.11.0-1/envs/ros2_env/include/rclcpp/rclcpp/memory_strategies.hpp:18[m[K,
[10.971s]                  from [01m[K/gpfs/fs1/sfw3/rhel9-x86_64/miniforge3/25.11.0-1/envs/ros2_env/include/rclcpp/rclcpp/executor_options.hpp:22[m[K,
[10.971s]                  from [01m[K/gpfs/fs1/sfw3/rhel9-x86_64/miniforge3/25.11.0-1/envs/ros2_env/include/rclcpp/rclcpp/executor.hpp:38[m[K,
[10.972s]                  from [01m[K/gpfs/fs1/sfw3/rhel9-x86_64/miniforge3/25.11.0-1/envs/ros2_env/include/rclcpp/rclcpp/executors/multi_threaded_executor.hpp:25[m[K,
[10.972s]                  from [01m[K/gpfs/fs1/sfw3/rhel9-x86_64/miniforge3/25.11.0-1/envs/ros2_env/include/rclcpp/rclcpp/executors.hpp:21[m[K:
[10.972s] [01m[K/gpfs/fs1/sfw3/rhel9-x86_64/miniforge3/25.11.0-1/envs/ros2_env/include/rclcpp/rclcpp/client.hpp:672:3:[m[K [01;36m[Knote: [m[Kcandidate: '[01m[Ktemplate<class CallbackT, typename std::enable_if<rclcpp::function_traits::same_arguments<CallbackT, std::function<void(std::shared_future<std::shared_ptr<ece217_project2_tan::srv::ManipulationQuery_Response_<std::allocator<void> > > >)> >::value, void>::type* <anonymous> > rclcpp::Client<ServiceT>::SharedFutureAndRequestId rclcpp::Client<ServiceT>::[01;32m[Kasync_send_request[m[K(SharedRequest, CallbackT&&) [35m[K[with typename std::enable_if<rclcpp::function_traits::same_arguments<CallbackT, std::function<void(std::shared_future<typename ServiceT::Response::SharedPtr>)> >::value>::type* <anonymous> = CallbackT; ServiceT = ece217_project2_tan::srv::ManipulationQuery][m[K[m[K'
[10.972s]   672 |   [01;36m[Kasync_send_request[m[K(SharedRequest request, CallbackT && cb)
[10.972s]       |   [01;36m[K^~~~~~~~~~~~~~~~~~[m[K
[10.972s] [01m[K/gpfs/fs1/sfw3/rhel9-x86_64/miniforge3/25.11.0-1/envs/ros2_env/include/rclcpp/rclcpp/client.hpp:672:3:[m[K [01;36m[Knote: [m[K  candidate expects 2 arguments, 1 provided
[10.972s] [01m[K/gpfs/fs1/sfw3/rhel9-x86_64/miniforge3/25.11.0-1/envs/ros2_env/include/rclcpp/rclcpp/client.hpp:703:3:[m[K [01;36m[Knote: [m[Kcandidate: '[01m[Ktemplate<class CallbackT, typename std::enable_if<rclcpp::function_traits::same_arguments<CallbackT, std::function<void(std::shared_future<std::pair<std::shared_ptr<ece217_project2_tan::srv::ManipulationQuery_Request_<std::allocator<void> > >, std::shared_ptr<ece217_project2_tan::srv::ManipulationQuery_Response_<std::allocator<void> > > > >)> >::value, void>::type* <anonymous> > rclcpp::Client<ServiceT>::SharedFutureWithRequestAndRequestId rclcpp::Client<ServiceT>::[01;32m[Kasync_send_request[m[K(SharedRequest, CallbackT&&) [35m[K[with typename std::enable_if<rclcpp::function_traits::same_arguments<CallbackT, std::function<void(std::shared_future<std::pair<typename ServiceT::Request::SharedPtr, typename ServiceT::Response::SharedPtr> >)> >::value>::type* <anonymous> = CallbackT; ServiceT = ece217_project2_tan::srv::ManipulationQuery][m[K[m[K'
[10.972s]   703 |   [01;36m[Kasync_send_request[m[K(SharedRequest request, CallbackT && cb)
[10.972s]       |   [01;36m[K^~~~~~~~~~~~~~~~~~[m[K
[10.972s] [01m[K/gpfs/fs1/sfw3/rhel9-x86_64/miniforge3/25.11.0-1/envs/ros2_env/include/rclcpp/rclcpp/client.hpp:703:3:[m[K [01;36m[Knote: [m[K  candidate expects 2 arguments, 1 provided
[10.972s] [01m[K/gpfs/fs1/sfw3/rhel9-x86_64/miniforge3/25.11.0-1/envs/ros2_env/include/rclcpp/rclcpp/client.hpp:637:3:[m[K [01;36m[Knote: [m[Kcandidate: '[01m[Krclcpp::Client<ServiceT>::FutureAndRequestId rclcpp::Client<ServiceT>::[01;32m[Kasync_send_request[m[K(SharedRequest) [35m[K[with ServiceT = ece217_project2_tan::srv::ManipulationQuery; SharedRequest = std::shared_ptr<ece217_project2_tan::srv::ManipulationQuery_Request_<std::allocator<void> > >][m[K[m[K'
[10.972s]   637 |   [01;36m[Kasync_send_request[m[K(SharedRequest request)
[10.972s]       |   [01;36m[K^~~~~~~~~~~~~~~~~~[m[K
[10.973s] [01m[K/gpfs/fs1/sfw3/rhel9-x86_64/miniforge3/25.11.0-1/envs/ros2_env/include/rclcpp/rclcpp/client.hpp:637:36:[m[K [01;36m[Knote: [m[K  no known conversion for argument 1 from '[01m[Kint[m[K' to '[01m[Krclcpp::Client<ece217_project2_tan::srv::ManipulationQuery>::SharedRequest[m[K' {aka '[01m[Kstd::shared_ptr<ece217_project2_tan::srv::ManipulationQuery_Request_<std::allocator<void> > >[m[K'}
[10.973s]   637 |   async_send_request([01;36m[KSharedRequest request[m[K)
[10.973s]       |                      [01;36m[K~~~~~~~~~~~~~~^~~~~~~[m[K
[10.973s] [01m[K/gpfs/fs1/home/wtan10/Desktop/ECE217/project2_ws/src/ece217_project2_tan/src/project2-client.cpp:82:65:[m[K [01;31m[Kerror: [m[Kfound '[01m[K:[m[K' in nested-name-specifier, expected '[01m[K::[m[K'
[10.973s]    82 |   if(rclcpp::spin_until_future_complete( node, result) == rclcpp[01;31m[K:[m[KFutureReturnCode::SUCCESS ){
[10.973s]       |                                                                 [01;31m[K^[m[K
[10.973s]       |                                                                 [32m[K::[m[K
[11.880s] gmake[2]: *** [CMakeFiles/project2-client.dir/build.make:79: CMakeFiles/project2-client.dir/src/project2-client.cpp.o] Error 1
[11.880s] gmake[1]: *** [CMakeFiles/Makefile2:771: CMakeFiles/project2-client.dir/all] Error 2
[11.882s] gmake: *** [Makefile:146: all] Error 2
[11.883s] Invoked command in '/gpfs/fs1/home/wtan10/Desktop/ECE217/project2_ws/build/ece217_project2_tan' returned '2': CONDA_PROMPT_MODIFIER=(ros2_env) _=/usr/bin/env /gpfs/fs1/sfw3/rhel9-x86_64/miniforge3/25.11.0-1/envs/ros2_env/bin/cmake --build /gpfs/fs1/home/wtan10/Desktop/ECE217/project2_ws/build/ece217_project2_tan -- -j2 -l2
