[  2%] Built target ece217_project2_tan__rosidl_generator_type_description
[  2%] Built target ament_cmake_python_copy_ece217_project2_tan
[  4%] Built target ece217_project2_tan__cpp
[ 17%] Built target ece217_project2_tan__rosidl_generator_c
[ 24%] Built target ece217_project2_tan__rosidl_typesupport_cpp
[ 31%] Built target ece217_project2_tan__rosidl_typesupport_fastrtps_c
[ 39%] Built target ece217_project2_tan__rosidl_typesupport_fastrtps_cpp
[ 46%] Built target ece217_project2_tan__rosidl_typesupport_introspection_c
[ 53%] Built target ece217_project2_tan__rosidl_typesupport_c
[ 60%] Built target ece217_project2_tan__rosidl_typesupport_introspection_cpp
[ 65%] Built target project2-client
running egg_info
[ 68%] [32mBuilding CXX object CMakeFiles/project2-server.dir/src/kinematic_control.cpp.o[0m
writing ece217_project2_tan.egg-info/PKG-INFO
writing dependency_links to ece217_project2_tan.egg-info/dependency_links.txt
writing top-level names to ece217_project2_tan.egg-info/top_level.txt
reading manifest file 'ece217_project2_tan.egg-info/SOURCES.txt'
writing manifest file 'ece217_project2_tan.egg-info/SOURCES.txt'
[ 68%] Built target ament_cmake_python_build_ece217_project2_tan_egg
[ 73%] Built target joint-state-publisher
[ 73%] Built target ece217_project2_tan
[ 75%] Built target ece217_project2_tan__py
[ 80%] Built target ece217_project2_tan__rosidl_generator_py
[ 85%] Built target ece217_project2_tan_s__rosidl_typesupport_fastrtps_c
[ 90%] Built target ece217_project2_tan_s__rosidl_typesupport_introspection_c
[ 95%] Built target ece217_project2_tan_s__rosidl_typesupport_c
[01m[K/gpfs/fs1/home/wtan10/Desktop/ECE217/project2_ws/src/ece217_project2_tan/src/kinematic_control.cpp:[m[K In function '[01m[Kstd::pair<bool, Eigen::Matrix<double, -1, 1> >[01;32m[K kinematic[m[K(double, double, double, double, double, double, double, double, double, double, double, double, double)[m[K':
[01m[K/gpfs/fs1/home/wtan10/Desktop/ECE217/project2_ws/src/ece217_project2_tan/src/kinematic_control.cpp:52:19:[m[K [01;31m[Kerror: [m[K'[01m[Kgoal_q[m[K' was not declared in this scope; did you mean '[01m[Kgoal_x[m[K'?
   52 |         if (q.dot([01;31m[Kgoal_q[m[K) < 0) {
      |                   [01;31m[K^~~~~~[m[K
      |                   [32m[Kgoal_x[m[K
gmake[2]: *** [CMakeFiles/project2-server.dir/build.make:93: CMakeFiles/project2-server.dir/src/kinematic_control.cpp.o] Error 1
gmake[1]: *** [CMakeFiles/Makefile2:808: CMakeFiles/project2-server.dir/all] Error 2
gmake: *** [Makefile:146: all] Error 2
