[0.018s] Invoking command in '/gpfs/fs1/home/wtan10/Desktop/ECE217/project2_ws/build/ece217_project2_tan': CONDA_PROMPT_MODIFIER=(ros2_env) _=/usr/bin/env /gpfs/fs1/sfw3/rhel9-x86_64/miniforge3/25.11.0-1/envs/ros2_env/bin/cmake --build /gpfs/fs1/home/wtan10/Desktop/ECE217/project2_ws/build/ece217_project2_tan -- -j2 -l2
[0.108s] [  2%] Built target ece217_project2_tan__rosidl_generator_type_description
[0.134s] [  2%] Built target ament_cmake_python_copy_ece217_project2_tan
[0.137s] [  4%] Built target ece217_project2_tan__cpp
[0.170s] [ 17%] Built target ece217_project2_tan__rosidl_generator_c
[0.210s] [ 24%] Built target ece217_project2_tan__rosidl_typesupport_cpp
[0.257s] [ 31%] Built target ece217_project2_tan__rosidl_typesupport_fastrtps_c
[0.297s] [ 39%] Built target ece217_project2_tan__rosidl_typesupport_fastrtps_cpp
[0.332s] [ 46%] Built target ece217_project2_tan__rosidl_typesupport_introspection_c
[0.367s] [ 53%] Built target ece217_project2_tan__rosidl_typesupport_c
[0.417s] [ 60%] Built target ece217_project2_tan__rosidl_typesupport_introspection_cpp
[0.464s] [ 65%] Built target project2-client
[0.495s] running egg_info
[0.530s] [ 68%] [32mBuilding CXX object CMakeFiles/project2-server.dir/src/kinematic_control.cpp.o[0m
[0.539s] writing ece217_project2_tan.egg-info/PKG-INFO
[0.541s] writing dependency_links to ece217_project2_tan.egg-info/dependency_links.txt
[0.542s] writing top-level names to ece217_project2_tan.egg-info/top_level.txt
[0.650s] reading manifest file 'ece217_project2_tan.egg-info/SOURCES.txt'
[0.652s] writing manifest file 'ece217_project2_tan.egg-info/SOURCES.txt'
[0.688s] [ 68%] Built target ament_cmake_python_build_ece217_project2_tan_egg
[0.737s] [ 73%] Built target joint-state-publisher
[0.771s] [ 73%] Built target ece217_project2_tan
[0.804s] [ 75%] Built target ece217_project2_tan__py
[0.846s] [ 80%] Built target ece217_project2_tan__rosidl_generator_py
[0.887s] [ 85%] Built target ece217_project2_tan_s__rosidl_typesupport_fastrtps_c
[0.935s] [ 90%] Built target ece217_project2_tan_s__rosidl_typesupport_introspection_c
[0.967s] [ 95%] Built target ece217_project2_tan_s__rosidl_typesupport_c
[2.216s] [01m[K/gpfs/fs1/home/wtan10/Desktop/ECE217/project2_ws/src/ece217_project2_tan/src/kinematic_control.cpp:[m[K In function '[01m[Kstd::pair<bool, Eigen::Matrix<double, -1, 1> >[01;32m[K kinematic[m[K(double, double, double, double, double, double, double, double, double, double, double, double, double)[m[K':
[2.216s] [01m[K/gpfs/fs1/home/wtan10/Desktop/ECE217/project2_ws/src/ece217_project2_tan/src/kinematic_control.cpp:52:19:[m[K [01;31m[Kerror: [m[K'[01m[Kgoal_q[m[K' was not declared in this scope; did you mean '[01m[Kgoal_x[m[K'?
[2.216s]    52 |         if (q.dot([01;31m[Kgoal_q[m[K) < 0) {
[2.216s]       |                   [01;31m[K^~~~~~[m[K
[2.217s]       |                   [32m[Kgoal_x[m[K
[3.820s] gmake[2]: *** [CMakeFiles/project2-server.dir/build.make:93: CMakeFiles/project2-server.dir/src/kinematic_control.cpp.o] Error 1
[3.820s] gmake[1]: *** [CMakeFiles/Makefile2:808: CMakeFiles/project2-server.dir/all] Error 2
[3.820s] gmake: *** [Makefile:146: all] Error 2
[3.822s] Invoked command in '/gpfs/fs1/home/wtan10/Desktop/ECE217/project2_ws/build/ece217_project2_tan' returned '2': CONDA_PROMPT_MODIFIER=(ros2_env) _=/usr/bin/env /gpfs/fs1/sfw3/rhel9-x86_64/miniforge3/25.11.0-1/envs/ros2_env/bin/cmake --build /gpfs/fs1/home/wtan10/Desktop/ECE217/project2_ws/build/ece217_project2_tan -- -j2 -l2
