[0.018s] Invoking command in '/gpfs/fs1/home/wtan10/Desktop/ECE217/project2_ws/build/ece217_project2_tan': CONDA_PROMPT_MODIFIER=(ros2_env) _=/usr/bin/env /gpfs/fs1/sfw3/rhel9-x86_64/miniforge3/25.11.0-1/envs/ros2_env/bin/cmake --build /gpfs/fs1/home/wtan10/Desktop/ECE217/project2_ws/build/ece217_project2_tan -- -j2 -l2
[0.090s] [  2%] Built target ece217_project2_tan__rosidl_generator_type_description
[0.102s] [  2%] Built target ament_cmake_python_copy_ece217_project2_tan
[0.115s] [  5%] Built target ece217_project2_tan__cpp
[0.130s] [ 18%] Built target ece217_project2_tan__rosidl_generator_c
[0.158s] [ 26%] Built target ece217_project2_tan__rosidl_typesupport_cpp
[0.187s] [ 34%] Built target ece217_project2_tan__rosidl_typesupport_fastrtps_c
[0.217s] [ 42%] Built target ece217_project2_tan__rosidl_typesupport_fastrtps_cpp
[0.243s] [ 50%] Built target ece217_project2_tan__rosidl_typesupport_introspection_c
[0.269s] [ 57%] Built target ece217_project2_tan__rosidl_typesupport_c
[0.297s] [ 65%] Built target ece217_project2_tan__rosidl_typesupport_introspection_cpp
[0.335s] [ 71%] Built target project2-client
[0.385s] [ 73%] [32mBuilding CXX object CMakeFiles/project2-server.dir/src/project2-server.cpp.o[0m
[0.484s] running egg_info
[0.518s] writing ece217_project2_tan.egg-info/PKG-INFO
[0.520s] writing dependency_links to ece217_project2_tan.egg-info/dependency_links.txt
[0.520s] writing top-level names to ece217_project2_tan.egg-info/top_level.txt
[0.628s] reading manifest file 'ece217_project2_tan.egg-info/SOURCES.txt'
[0.629s] writing manifest file 'ece217_project2_tan.egg-info/SOURCES.txt'
[0.660s] [ 73%] Built target ament_cmake_python_build_ece217_project2_tan_egg
[0.685s] [ 73%] Built target ece217_project2_tan
[0.711s] [ 76%] Built target ece217_project2_tan__py
[0.740s] [ 81%] Built target ece217_project2_tan__rosidl_generator_py
[0.769s] [ 86%] Built target ece217_project2_tan_s__rosidl_typesupport_fastrtps_c
[0.796s] [ 92%] Built target ece217_project2_tan_s__rosidl_typesupport_introspection_c
[0.823s] [ 97%] Built target ece217_project2_tan_s__rosidl_typesupport_c
[3.188s] [01m[K/gpfs/fs1/home/wtan10/Desktop/ECE217/project2_ws/src/ece217_project2_tan/src/project2-server.cpp:[m[K In member function '[01m[Kvoid ManipulationService::[01;32m[Kgenerate_manipulation[m[K(std::shared_ptr<ece217_project2_tan::srv::ManipulationQuery_Request_<std::allocator<void> > >, std::shared_ptr<ece217_project2_tan::srv::ManipulationQuery_Response_<std::allocator<void> > >)[m[K':
[3.188s] [01m[K/gpfs/fs1/home/wtan10/Desktop/ECE217/project2_ws/src/ece217_project2_tan/src/project2-server.cpp:33:14:[m[K [01;31m[Kerror: [m[Ktoo few arguments to function '[01m[Kint[01;32m[K kinematic[m[K(double, double, double, double, double, double, double, double, double, double, double, double, double)[m[K'
[3.188s]    33 |     [01;31m[Kkinematic()[m[K;
[3.188s]       |     [01;31m[K~~~~~~~~~^~[m[K
[3.188s] In file included from [01m[K/gpfs/fs1/home/wtan10/Desktop/ECE217/project2_ws/src/ece217_project2_tan/src/project2-server.cpp:5[m[K:
[3.188s] [01m[K/gpfs/fs1/home/wtan10/Desktop/ECE217/project2_ws/src/ece217_project2_tan/include/ece217_project2_tan/project2-server.h:4:5:[m[K [01;36m[Knote: [m[Kdeclared here
[3.188s]     4 | int [01;36m[Kkinematic[m[K(double joint1theta, double joint2theta, double joint3theta, double joint4theta, double joint5theta, double joint6theta,
[3.188s]       |     [01;36m[K^~~~~~~~~[m[K
[3.188s] [01m[K/gpfs/fs1/home/wtan10/Desktop/ECE217/project2_ws/src/ece217_project2_tan/src/project2-server.cpp:16:100:[m[K [01;35m[Kwarning: [m[Kunused parameter '[01m[Kresponse[m[K' [[01;35m[K]8;;https://gcc.gnu.org/onlinedocs/gcc-14.3.0/gcc/Warning-Options.html#index-Wno-unused-parameter-Wunused-parameter]8;;[m[K]
[3.188s]    16 |                     [01;35m[Kconst std::shared_ptr< ece217_project2_tan::srv::ManipulationQuery::Response > response[m[K ){
[3.189s]       |                     [01;35m[K~~~~~~~~~~~~~~~~~~~~~~~~~~~~~~~~~~~~~~~~~~~~~~~~~~~~~~~~~~~~~~~~~~~~~~~~~~~~~~~^~~~~~~~[m[K
[4.144s] gmake[2]: *** [CMakeFiles/project2-server.dir/build.make:79: CMakeFiles/project2-server.dir/src/project2-server.cpp.o] Error 1
[4.144s] gmake[1]: *** [CMakeFiles/Makefile2:805: CMakeFiles/project2-server.dir/all] Error 2
[4.145s] gmake: *** [Makefile:146: all] Error 2
[4.147s] Invoked command in '/gpfs/fs1/home/wtan10/Desktop/ECE217/project2_ws/build/ece217_project2_tan' returned '2': CONDA_PROMPT_MODIFIER=(ros2_env) _=/usr/bin/env /gpfs/fs1/sfw3/rhel9-x86_64/miniforge3/25.11.0-1/envs/ros2_env/bin/cmake --build /gpfs/fs1/home/wtan10/Desktop/ECE217/project2_ws/build/ece217_project2_tan -- -j2 -l2
