[  2%] Built target ece217_project2_tan__rosidl_generator_type_description
[  4%] Built target ece217_project2_tan__cpp
[  4%] Built target ament_cmake_python_copy_ece217_project2_tan
running egg_info
writing ece217_project2_tan.egg-info/PKG-INFO
writing dependency_links to ece217_project2_tan.egg-info/dependency_links.txt
writing top-level names to ece217_project2_tan.egg-info/top_level.txt
[ 17%] Built target ece217_project2_tan__rosidl_generator_c
reading manifest file 'ece217_project2_tan.egg-info/SOURCES.txt'
writing manifest file 'ece217_project2_tan.egg-info/SOURCES.txt'
[ 17%] Built target ament_cmake_python_build_ece217_project2_tan_egg
[ 24%] Built target ece217_project2_tan__rosidl_typesupport_cpp
[ 31%] Built target ece217_project2_tan__rosidl_typesupport_fastrtps_c
[ 39%] Built target ece217_project2_tan__rosidl_typesupport_fastrtps_cpp
[ 46%] Built target ece217_project2_tan__rosidl_typesupport_introspection_c
[ 53%] Built target ece217_project2_tan__rosidl_typesupport_introspection_cpp
[ 60%] Built target ece217_project2_tan__rosidl_typesupport_c
[ 63%] [32mBuilding CXX object CMakeFiles/project2-server.dir/src/kinematic_control.cpp.o[0m
[ 68%] Built target project2-client
[ 73%] Built target joint-state-publisher
[ 73%] Built target ece217_project2_tan
[ 75%] Built target ece217_project2_tan__py
[ 80%] Built target ece217_project2_tan__rosidl_generator_py
[ 85%] Built target ece217_project2_tan_s__rosidl_typesupport_fastrtps_c
[ 90%] Built target ece217_project2_tan_s__rosidl_typesupport_introspection_c
[ 95%] Built target ece217_project2_tan_s__rosidl_typesupport_c
[ 97%] [1m[32mLinking CXX executable project2-server[0m
[100%] Built target project2-server
-- Install configuration: ""
-- Up-to-date: /gpfs/fs1/home/wtan10/Desktop/ECE217/project2_ws/install/ece217_project2_tan/share/ament_index/resource_index/rosidl_interfaces/ece217_project2_tan
-- Up-to-date: /gpfs/fs1/home/wtan10/Desktop/ECE217/project2_ws/install/ece217_project2_tan/share/ece217_project2_tan/srv/ManipulationQuery.json
-- Up-to-date: /gpfs/fs1/home/wtan10/Desktop/ECE217/project2_ws/install/ece217_project2_tan/include/ece217_project2_tan/ece217_project2_tan
-- Up-to-date: /gpfs/fs1/home/wtan10/Desktop/ECE217/project2_ws/install/ece217_project2_tan/include/ece217_project2_tan/ece217_project2_tan/msg
-- Up-to-date: /gpfs/fs1/home/wtan10/Desktop/ECE217/project2_ws/install/ece217_project2_tan/include/ece217_project2_tan/ece217_project2_tan/msg/rosidl_generator_c__visibility_control.h
-- Up-to-date: /gpfs/fs1/home/wtan10/Desktop/ECE217/project2_ws/install/ece217_project2_tan/include/ece217_project2_tan/ece217_project2_tan/srv
-- Up-to-date: /gpfs/fs1/home/wtan10/Desktop/ECE217/project2_ws/install/ece217_project2_tan/include/ece217_project2_tan/ece217_project2_tan/srv/detail
-- Up-to-date: /gpfs/fs1/home/wtan10/Desktop/ECE217/project2_ws/install/ece217_project2_tan/include/ece217_project2_tan/ece217_project2_tan/srv/detail/manipulation_query__type_support.h
-- Up-to-date: /gpfs/fs1/home/wtan10/Desktop/ECE217/project2_ws/install/ece217_project2_tan/include/ece217_project2_tan/ece217_project2_tan/srv/detail/manipulation_query__type_support.c
-- Up-to-date: /gpfs/fs1/home/wtan10/Desktop/ECE217/project2_ws/install/ece217_project2_tan/include/ece217_project2_tan/ece217_project2_tan/srv/detail/manipulation_query__functions.h
-- Up-to-date: /gpfs/fs1/home/wtan10/Desktop/ECE217/project2_ws/install/ece217_project2_tan/include/ece217_project2_tan/ece217_project2_tan/srv/detail/manipulation_query__struct.h
-- Up-to-date: /gpfs/fs1/home/wtan10/Desktop/ECE217/project2_ws/install/ece217_project2_tan/include/ece217_project2_tan/ece217_project2_tan/srv/detail/manipulation_query__functions.c
-- Up-to-date: /gpfs/fs1/home/wtan10/Desktop/ECE217/project2_ws/install/ece217_project2_tan/include/ece217_project2_tan/ece217_project2_tan/srv/detail/manipulation_query__description.c
-- Up-to-date: /gpfs/fs1/home/wtan10/Desktop/ECE217/project2_ws/install/ece217_project2_tan/include/ece217_project2_tan/ece217_project2_tan/srv/manipulation_query.h
-- Up-to-date: /gpfs/fs1/home/wtan10/Desktop/ECE217/project2_ws/install/ece217_project2_tan/share/ece217_project2_tan/environment/library_path.sh
-- Up-to-date: /gpfs/fs1/home/wtan10/Desktop/ECE217/project2_ws/install/ece217_project2_tan/share/ece217_project2_tan/environment/library_path.dsv
-- Installing: /gpfs/fs1/home/wtan10/Desktop/ECE217/project2_ws/install/ece217_project2_tan/lib/libece217_project2_tan__rosidl_generator_c.so
-- Up-to-date: /gpfs/fs1/home/wtan10/Desktop/ECE217/project2_ws/install/ece217_project2_tan/include/ece217_project2_tan/ece217_project2_tan
-- Up-to-date: /gpfs/fs1/home/wtan10/Desktop/ECE217/project2_ws/install/ece217_project2_tan/include/ece217_project2_tan/ece217_project2_tan/msg
-- Up-to-date: /gpfs/fs1/home/wtan10/Desktop/ECE217/project2_ws/install/ece217_project2_tan/include/ece217_project2_tan/ece217_project2_tan/msg/rosidl_typesupport_fastrtps_c__visibility_control.h
-- Up-to-date: /gpfs/fs1/home/wtan10/Desktop/ECE217/project2_ws/install/ece217_project2_tan/include/ece217_project2_tan/ece217_project2_tan/srv
-- Up-to-date: /gpfs/fs1/home/wtan10/Desktop/ECE217/project2_ws/install/ece217_project2_tan/include/ece217_project2_tan/ece217_project2_tan/srv/detail
-- Up-to-date: /gpfs/fs1/home/wtan10/Desktop/ECE217/project2_ws/install/ece217_project2_tan/include/ece217_project2_tan/ece217_project2_tan/srv/detail/manipulation_query__rosidl_typesupport_fastrtps_c.h
-- Installing: /gpfs/fs1/home/wtan10/Desktop/ECE217/project2_ws/install/ece217_project2_tan/lib/libece217_project2_tan__rosidl_typesupport_fastrtps_c.so
-- Set non-toolchain portion of runtime path of "/gpfs/fs1/home/wtan10/Desktop/ECE217/project2_ws/install/ece217_project2_tan/lib/libece217_project2_tan__rosidl_typesupport_fastrtps_c.so" to ""
-- Up-to-date: /gpfs/fs1/home/wtan10/Desktop/ECE217/project2_ws/install/ece217_project2_tan/include/ece217_project2_tan/ece217_project2_tan
-- Up-to-date: /gpfs/fs1/home/wtan10/Desktop/ECE217/project2_ws/install/ece217_project2_tan/include/ece217_project2_tan/ece217_project2_tan/msg
-- Up-to-date: /gpfs/fs1/home/wtan10/Desktop/ECE217/project2_ws/install/ece217_project2_tan/include/ece217_project2_tan/ece217_project2_tan/msg/rosidl_generator_cpp__visibility_control.hpp
-- Up-to-date: /gpfs/fs1/home/wtan10/Desktop/ECE217/project2_ws/install/ece217_project2_tan/include/ece217_project2_tan/ece217_project2_tan/srv
-- Up-to-date: /gpfs/fs1/home/wtan10/Desktop/ECE217/project2_ws/install/ece217_project2_tan/include/ece217_project2_tan/ece217_project2_tan/srv/manipulation_query.hpp
-- Up-to-date: /gpfs/fs1/home/wtan10/Desktop/ECE217/project2_ws/install/ece217_project2_tan/include/ece217_project2_tan/ece217_project2_tan/srv/detail
-- Up-to-date: /gpfs/fs1/home/wtan10/Desktop/ECE217/project2_ws/install/ece217_project2_tan/include/ece217_project2_tan/ece217_project2_tan/srv/detail/manipulation_query__builder.hpp
-- Up-to-date: /gpfs/fs1/home/wtan10/Desktop/ECE217/project2_ws/install/ece217_project2_tan/include/ece217_project2_tan/ece217_project2_tan/srv/detail/manipulation_query__type_support.hpp
-- Up-to-date: /gpfs/fs1/home/wtan10/Desktop/ECE217/project2_ws/install/ece217_project2_tan/include/ece217_project2_tan/ece217_project2_tan/srv/detail/manipulation_query__struct.hpp
-- Up-to-date: /gpfs/fs1/home/wtan10/Desktop/ECE217/project2_ws/install/ece217_project2_tan/include/ece217_project2_tan/ece217_project2_tan/srv/detail/manipulation_query__traits.hpp
-- Up-to-date: /gpfs/fs1/home/wtan10/Desktop/ECE217/project2_ws/install/ece217_project2_tan/include/ece217_project2_tan/ece217_project2_tan
-- Up-to-date: /gpfs/fs1/home/wtan10/Desktop/ECE217/project2_ws/install/ece217_project2_tan/include/ece217_project2_tan/ece217_project2_tan/msg
-- Up-to-date: /gpfs/fs1/home/wtan10/Desktop/ECE217/project2_ws/install/ece217_project2_tan/include/ece217_project2_tan/ece217_project2_tan/msg/rosidl_typesupport_fastrtps_cpp__visibility_control.h
-- Up-to-date: /gpfs/fs1/home/wtan10/Desktop/ECE217/project2_ws/install/ece217_project2_tan/include/ece217_project2_tan/ece217_project2_tan/srv
-- Up-to-date: /gpfs/fs1/home/wtan10/Desktop/ECE217/project2_ws/install/ece217_project2_tan/include/ece217_project2_tan/ece217_project2_tan/srv/detail
-- Up-to-date: /gpfs/fs1/home/wtan10/Desktop/ECE217/project2_ws/install/ece217_project2_tan/include/ece217_project2_tan/ece217_project2_tan/srv/detail/dds_fastrtps
-- Up-to-date: /gpfs/fs1/home/wtan10/Desktop/ECE217/project2_ws/install/ece217_project2_tan/include/ece217_project2_tan/ece217_project2_tan/srv/detail/manipulation_query__rosidl_typesupport_fastrtps_cpp.hpp
-- Installing: /gpfs/fs1/home/wtan10/Desktop/ECE217/project2_ws/install/ece217_project2_tan/lib/libece217_project2_tan__rosidl_typesupport_fastrtps_cpp.so
-- Set non-toolchain portion of runtime path of "/gpfs/fs1/home/wtan10/Desktop/ECE217/project2_ws/install/ece217_project2_tan/lib/libece217_project2_tan__rosidl_typesupport_fastrtps_cpp.so" to ""
-- Up-to-date: /gpfs/fs1/home/wtan10/Desktop/ECE217/project2_ws/install/ece217_project2_tan/include/ece217_project2_tan/ece217_project2_tan
-- Up-to-date: /gpfs/fs1/home/wtan10/Desktop/ECE217/project2_ws/install/ece217_project2_tan/include/ece217_project2_tan/ece217_project2_tan/msg
-- Up-to-date: /gpfs/fs1/home/wtan10/Desktop/ECE217/project2_ws/install/ece217_project2_tan/include/ece217_project2_tan/ece217_project2_tan/msg/rosidl_typesupport_introspection_c__visibility_control.h
-- Up-to-date: /gpfs/fs1/home/wtan10/Desktop/ECE217/project2_ws/install/ece217_project2_tan/include/ece217_project2_tan/ece217_project2_tan/srv
-- Up-to-date: /gpfs/fs1/home/wtan10/Desktop/ECE217/project2_ws/install/ece217_project2_tan/include/ece217_project2_tan/ece217_project2_tan/srv/detail
-- Up-to-date: /gpfs/fs1/home/wtan10/Desktop/ECE217/project2_ws/install/ece217_project2_tan/include/ece217_project2_tan/ece217_project2_tan/srv/detail/manipulation_query__type_support.c
-- Up-to-date: /gpfs/fs1/home/wtan10/Desktop/ECE217/project2_ws/install/ece217_project2_tan/include/ece217_project2_tan/ece217_project2_tan/srv/detail/manipulation_query__rosidl_typesupport_introspection_c.h
-- Installing: /gpfs/fs1/home/wtan10/Desktop/ECE217/project2_ws/install/ece217_project2_tan/lib/libece217_project2_tan__rosidl_typesupport_introspection_c.so
-- Set non-toolchain portion of runtime path of "/gpfs/fs1/home/wtan10/Desktop/ECE217/project2_ws/install/ece217_project2_tan/lib/libece217_project2_tan__rosidl_typesupport_introspection_c.so" to ""
-- Installing: /gpfs/fs1/home/wtan10/Desktop/ECE217/project2_ws/install/ece217_project2_tan/lib/libece217_project2_tan__rosidl_typesupport_c.so
-- Set non-toolchain portion of runtime path of "/gpfs/fs1/home/wtan10/Desktop/ECE217/project2_ws/install/ece217_project2_tan/lib/libece217_project2_tan__rosidl_typesupport_c.so" to ""
-- Up-to-date: /gpfs/fs1/home/wtan10/Desktop/ECE217/project2_ws/install/ece217_project2_tan/include/ece217_project2_tan/ece217_project2_tan
-- Up-to-date: /gpfs/fs1/home/wtan10/Desktop/ECE217/project2_ws/install/ece217_project2_tan/include/ece217_project2_tan/ece217_project2_tan/srv
-- Up-to-date: /gpfs/fs1/home/wtan10/Desktop/ECE217/project2_ws/install/ece217_project2_tan/include/ece217_project2_tan/ece217_project2_tan/srv/detail
-- Up-to-date: /gpfs/fs1/home/wtan10/Desktop/ECE217/project2_ws/install/ece217_project2_tan/include/ece217_project2_tan/ece217_project2_tan/srv/detail/manipulation_query__rosidl_typesupport_introspection_cpp.hpp
-- Up-to-date: /gpfs/fs1/home/wtan10/Desktop/ECE217/project2_ws/install/ece217_project2_tan/include/ece217_project2_tan/ece217_project2_tan/srv/detail/manipulation_query__type_support.cpp
-- Installing: /gpfs/fs1/home/wtan10/Desktop/ECE217/project2_ws/install/ece217_project2_tan/lib/libece217_project2_tan__rosidl_typesupport_introspection_cpp.so
-- Set non-toolchain portion of runtime path of "/gpfs/fs1/home/wtan10/Desktop/ECE217/project2_ws/install/ece217_project2_tan/lib/libece217_project2_tan__rosidl_typesupport_introspection_cpp.so" to ""
-- Installing: /gpfs/fs1/home/wtan10/Desktop/ECE217/project2_ws/install/ece217_project2_tan/lib/libece217_project2_tan__rosidl_typesupport_cpp.so
-- Set non-toolchain portion of runtime path of "/gpfs/fs1/home/wtan10/Desktop/ECE217/project2_ws/install/ece217_project2_tan/lib/libece217_project2_tan__rosidl_typesupport_cpp.so" to ""
-- Up-to-date: /gpfs/fs1/home/wtan10/Desktop/ECE217/project2_ws/install/ece217_project2_tan/share/ece217_project2_tan/environment/pythonpath.sh
-- Up-to-date: /gpfs/fs1/home/wtan10/Desktop/ECE217/project2_ws/install/ece217_project2_tan/share/ece217_project2_tan/environment/pythonpath.dsv
-- Up-to-date: /gpfs/fs1/home/wtan10/Desktop/ECE217/project2_ws/install/ece217_project2_tan/lib/python3.12/site-packages/ece217_project2_tan-0.0.0-py3.12.egg-info
-- Installing: /gpfs/fs1/home/wtan10/Desktop/ECE217/project2_ws/install/ece217_project2_tan/lib/python3.12/site-packages/ece217_project2_tan-0.0.0-py3.12.egg-info/SOURCES.txt
-- Installing: /gpfs/fs1/home/wtan10/Desktop/ECE217/project2_ws/install/ece217_project2_tan/lib/python3.12/site-packages/ece217_project2_tan-0.0.0-py3.12.egg-info/PKG-INFO
-- Installing: /gpfs/fs1/home/wtan10/Desktop/ECE217/project2_ws/install/ece217_project2_tan/lib/python3.12/site-packages/ece217_project2_tan-0.0.0-py3.12.egg-info/dependency_links.txt
-- Installing: /gpfs/fs1/home/wtan10/Desktop/ECE217/project2_ws/install/ece217_project2_tan/lib/python3.12/site-packages/ece217_project2_tan-0.0.0-py3.12.egg-info/top_level.txt
-- Up-to-date: /gpfs/fs1/home/wtan10/Desktop/ECE217/project2_ws/install/ece217_project2_tan/lib/python3.12/site-packages/ece217_project2_tan
-- Up-to-date: /gpfs/fs1/home/wtan10/Desktop/ECE217/project2_ws/install/ece217_project2_tan/lib/python3.12/site-packages/ece217_project2_tan/_ece217_project2_tan_s.ep.rosidl_typesupport_introspection_c.c
-- Up-to-date: /gpfs/fs1/home/wtan10/Desktop/ECE217/project2_ws/install/ece217_project2_tan/lib/python3.12/site-packages/ece217_project2_tan/ece217_project2_tan_s__rosidl_typesupport_c.so
-- Up-to-date: /gpfs/fs1/home/wtan10/Desktop/ECE217/project2_ws/install/ece217_project2_tan/lib/python3.12/site-packages/ece217_project2_tan/__init__.py
-- Up-to-date: /gpfs/fs1/home/wtan10/Desktop/ECE217/project2_ws/install/ece217_project2_tan/lib/python3.12/site-packages/ece217_project2_tan/ece217_project2_tan_s__rosidl_typesupport_introspection_c.so
-- Up-to-date: /gpfs/fs1/home/wtan10/Desktop/ECE217/project2_ws/install/ece217_project2_tan/lib/python3.12/site-packages/ece217_project2_tan/_ece217_project2_tan_s.ep.rosidl_typesupport_fastrtps_c.c
-- Up-to-date: /gpfs/fs1/home/wtan10/Desktop/ECE217/project2_ws/install/ece217_project2_tan/lib/python3.12/site-packages/ece217_project2_tan/srv
-- Up-to-date: /gpfs/fs1/home/wtan10/Desktop/ECE217/project2_ws/install/ece217_project2_tan/lib/python3.12/site-packages/ece217_project2_tan/srv/_manipulation_query_s.c
-- Up-to-date: /gpfs/fs1/home/wtan10/Desktop/ECE217/project2_ws/install/ece217_project2_tan/lib/python3.12/site-packages/ece217_project2_tan/srv/__init__.py
-- Up-to-date: /gpfs/fs1/home/wtan10/Desktop/ECE217/project2_ws/install/ece217_project2_tan/lib/python3.12/site-packages/ece217_project2_tan/srv/_manipulation_query.py
-- Up-to-date: /gpfs/fs1/home/wtan10/Desktop/ECE217/project2_ws/install/ece217_project2_tan/lib/python3.12/site-packages/ece217_project2_tan/ece217_project2_tan_s__rosidl_typesupport_fastrtps_c.so
-- Up-to-date: /gpfs/fs1/home/wtan10/Desktop/ECE217/project2_ws/install/ece217_project2_tan/lib/python3.12/site-packages/ece217_project2_tan/_ece217_project2_tan_s.ep.rosidl_typesupport_c.c
Listing '/gpfs/fs1/home/wtan10/Desktop/ECE217/project2_ws/install/ece217_project2_tan/lib/python3.12/site-packages/ece217_project2_tan'...
Listing '/gpfs/fs1/home/wtan10/Desktop/ECE217/project2_ws/install/ece217_project2_tan/lib/python3.12/site-packages/ece217_project2_tan/srv'...
-- Installing: /gpfs/fs1/home/wtan10/Desktop/ECE217/project2_ws/install/ece217_project2_tan/lib/python3.12/site-packages/ece217_project2_tan/ece217_project2_tan_s__rosidl_typesupport_fastrtps_c.so
-- Set non-toolchain portion of runtime path of "/gpfs/fs1/home/wtan10/Desktop/ECE217/project2_ws/install/ece217_project2_tan/lib/python3.12/site-packages/ece217_project2_tan/ece217_project2_tan_s__rosidl_typesupport_fastrtps_c.so" to ""
-- Installing: /gpfs/fs1/home/wtan10/Desktop/ECE217/project2_ws/install/ece217_project2_tan/lib/python3.12/site-packages/ece217_project2_tan/ece217_project2_tan_s__rosidl_typesupport_introspection_c.so
-- Set non-toolchain portion of runtime path of "/gpfs/fs1/home/wtan10/Desktop/ECE217/project2_ws/install/ece217_project2_tan/lib/python3.12/site-packages/ece217_project2_tan/ece217_project2_tan_s__rosidl_typesupport_introspection_c.so" to ""
-- Installing: /gpfs/fs1/home/wtan10/Desktop/ECE217/project2_ws/install/ece217_project2_tan/lib/python3.12/site-packages/ece217_project2_tan/ece217_project2_tan_s__rosidl_typesupport_c.so
-- Set non-toolchain portion of runtime path of "/gpfs/fs1/home/wtan10/Desktop/ECE217/project2_ws/install/ece217_project2_tan/lib/python3.12/site-packages/ece217_project2_tan/ece217_project2_tan_s__rosidl_typesupport_c.so" to ""
-- Installing: /gpfs/fs1/home/wtan10/Desktop/ECE217/project2_ws/install/ece217_project2_tan/lib/libece217_project2_tan__rosidl_generator_py.so
-- Set non-toolchain portion of runtime path of "/gpfs/fs1/home/wtan10/Desktop/ECE217/project2_ws/install/ece217_project2_tan/lib/libece217_project2_tan__rosidl_generator_py.so" to ""
-- Up-to-date: /gpfs/fs1/home/wtan10/Desktop/ECE217/project2_ws/install/ece217_project2_tan/share/ece217_project2_tan/srv/ManipulationQuery.idl
-- Up-to-date: /gpfs/fs1/home/wtan10/Desktop/ECE217/project2_ws/install/ece217_project2_tan/share/ece217_project2_tan/srv/ManipulationQuery.srv
-- Installing: /gpfs/fs1/home/wtan10/Desktop/ECE217/project2_ws/install/ece217_project2_tan/lib/ece217_project2_tan/project2-client
-- Set non-toolchain portion of runtime path of "/gpfs/fs1/home/wtan10/Desktop/ECE217/project2_ws/install/ece217_project2_tan/lib/ece217_project2_tan/project2-client" to ""
-- Installing: /gpfs/fs1/home/wtan10/Desktop/ECE217/project2_ws/install/ece217_project2_tan/lib/ece217_project2_tan/project2-server
-- Set non-toolchain portion of runtime path of "/gpfs/fs1/home/wtan10/Desktop/ECE217/project2_ws/install/ece217_project2_tan/lib/ece217_project2_tan/project2-server" to ""
-- Installing: /gpfs/fs1/home/wtan10/Desktop/ECE217/project2_ws/install/ece217_project2_tan/lib/ece217_project2_tan/joint-state-publisher
-- Set non-toolchain portion of runtime path of "/gpfs/fs1/home/wtan10/Desktop/ECE217/project2_ws/install/ece217_project2_tan/lib/ece217_project2_tan/joint-state-publisher" to ""
-- Up-to-date: /gpfs/fs1/home/wtan10/Desktop/ECE217/project2_ws/install/ece217_project2_tan/share/ament_index/resource_index/package_run_dependencies/ece217_project2_tan
-- Up-to-date: /gpfs/fs1/home/wtan10/Desktop/ECE217/project2_ws/install/ece217_project2_tan/share/ament_index/resource_index/parent_prefix_path/ece217_project2_tan
-- Up-to-date: /gpfs/fs1/home/wtan10/Desktop/ECE217/project2_ws/install/ece217_project2_tan/share/ece217_project2_tan/environment/ament_prefix_path.sh
-- Up-to-date: /gpfs/fs1/home/wtan10/Desktop/ECE217/project2_ws/install/ece217_project2_tan/share/ece217_project2_tan/environment/ament_prefix_path.dsv
-- Up-to-date: /gpfs/fs1/home/wtan10/Desktop/ECE217/project2_ws/install/ece217_project2_tan/share/ece217_project2_tan/environment/path.sh
-- Up-to-date: /gpfs/fs1/home/wtan10/Desktop/ECE217/project2_ws/install/ece217_project2_tan/share/ece217_project2_tan/environment/path.dsv
-- Up-to-date: /gpfs/fs1/home/wtan10/Desktop/ECE217/project2_ws/install/ece217_project2_tan/share/ece217_project2_tan/local_setup.bash
-- Up-to-date: /gpfs/fs1/home/wtan10/Desktop/ECE217/project2_ws/install/ece217_project2_tan/share/ece217_project2_tan/local_setup.sh
-- Up-to-date: /gpfs/fs1/home/wtan10/Desktop/ECE217/project2_ws/install/ece217_project2_tan/share/ece217_project2_tan/local_setup.zsh
-- Up-to-date: /gpfs/fs1/home/wtan10/Desktop/ECE217/project2_ws/install/ece217_project2_tan/share/ece217_project2_tan/local_setup.dsv
-- Installing: /gpfs/fs1/home/wtan10/Desktop/ECE217/project2_ws/install/ece217_project2_tan/share/ece217_project2_tan/package.dsv
-- Up-to-date: /gpfs/fs1/home/wtan10/Desktop/ECE217/project2_ws/install/ece217_project2_tan/share/ament_index/resource_index/packages/ece217_project2_tan
-- Up-to-date: /gpfs/fs1/home/wtan10/Desktop/ECE217/project2_ws/install/ece217_project2_tan/share/ece217_project2_tan/cmake/export_ece217_project2_tan__rosidl_generator_cExport.cmake
-- Up-to-date: /gpfs/fs1/home/wtan10/Desktop/ECE217/project2_ws/install/ece217_project2_tan/share/ece217_project2_tan/cmake/export_ece217_project2_tan__rosidl_generator_cExport-noconfig.cmake
-- Up-to-date: /gpfs/fs1/home/wtan10/Desktop/ECE217/project2_ws/install/ece217_project2_tan/share/ece217_project2_tan/cmake/export_ece217_project2_tan__rosidl_typesupport_fastrtps_cExport.cmake
-- Up-to-date: /gpfs/fs1/home/wtan10/Desktop/ECE217/project2_ws/install/ece217_project2_tan/share/ece217_project2_tan/cmake/export_ece217_project2_tan__rosidl_typesupport_fastrtps_cExport-noconfig.cmake
-- Up-to-date: /gpfs/fs1/home/wtan10/Desktop/ECE217/project2_ws/install/ece217_project2_tan/share/ece217_project2_tan/cmake/export_ece217_project2_tan__rosidl_generator_cppExport.cmake
-- Up-to-date: /gpfs/fs1/home/wtan10/Desktop/ECE217/project2_ws/install/ece217_project2_tan/share/ece217_project2_tan/cmake/export_ece217_project2_tan__rosidl_typesupport_fastrtps_cppExport.cmake
-- Up-to-date: /gpfs/fs1/home/wtan10/Desktop/ECE217/project2_ws/install/ece217_project2_tan/share/ece217_project2_tan/cmake/export_ece217_project2_tan__rosidl_typesupport_fastrtps_cppExport-noconfig.cmake
-- Up-to-date: /gpfs/fs1/home/wtan10/Desktop/ECE217/project2_ws/install/ece217_project2_tan/share/ece217_project2_tan/cmake/ece217_project2_tan__rosidl_typesupport_introspection_cExport.cmake
-- Up-to-date: /gpfs/fs1/home/wtan10/Desktop/ECE217/project2_ws/install/ece217_project2_tan/share/ece217_project2_tan/cmake/ece217_project2_tan__rosidl_typesupport_introspection_cExport-noconfig.cmake
-- Up-to-date: /gpfs/fs1/home/wtan10/Desktop/ECE217/project2_ws/install/ece217_project2_tan/share/ece217_project2_tan/cmake/ece217_project2_tan__rosidl_typesupport_cExport.cmake
-- Up-to-date: /gpfs/fs1/home/wtan10/Desktop/ECE217/project2_ws/install/ece217_project2_tan/share/ece217_project2_tan/cmake/ece217_project2_tan__rosidl_typesupport_cExport-noconfig.cmake
-- Up-to-date: /gpfs/fs1/home/wtan10/Desktop/ECE217/project2_ws/install/ece217_project2_tan/share/ece217_project2_tan/cmake/ece217_project2_tan__rosidl_typesupport_introspection_cppExport.cmake
-- Up-to-date: /gpfs/fs1/home/wtan10/Desktop/ECE217/project2_ws/install/ece217_project2_tan/share/ece217_project2_tan/cmake/ece217_project2_tan__rosidl_typesupport_introspection_cppExport-noconfig.cmake
-- Up-to-date: /gpfs/fs1/home/wtan10/Desktop/ECE217/project2_ws/install/ece217_project2_tan/share/ece217_project2_tan/cmake/ece217_project2_tan__rosidl_typesupport_cppExport.cmake
-- Up-to-date: /gpfs/fs1/home/wtan10/Desktop/ECE217/project2_ws/install/ece217_project2_tan/share/ece217_project2_tan/cmake/ece217_project2_tan__rosidl_typesupport_cppExport-noconfig.cmake
-- Up-to-date: /gpfs/fs1/home/wtan10/Desktop/ECE217/project2_ws/install/ece217_project2_tan/share/ece217_project2_tan/cmake/export_ece217_project2_tan__rosidl_generator_pyExport.cmake
-- Up-to-date: /gpfs/fs1/home/wtan10/Desktop/ECE217/project2_ws/install/ece217_project2_tan/share/ece217_project2_tan/cmake/export_ece217_project2_tan__rosidl_generator_pyExport-noconfig.cmake
-- Up-to-date: /gpfs/fs1/home/wtan10/Desktop/ECE217/project2_ws/install/ece217_project2_tan/share/ece217_project2_tan/cmake/rosidl_cmake-extras.cmake
-- Up-to-date: /gpfs/fs1/home/wtan10/Desktop/ECE217/project2_ws/install/ece217_project2_tan/share/ece217_project2_tan/cmake/ament_cmake_export_dependencies-extras.cmake
-- Up-to-date: /gpfs/fs1/home/wtan10/Desktop/ECE217/project2_ws/install/ece217_project2_tan/share/ece217_project2_tan/cmake/ament_cmake_export_include_directories-extras.cmake
-- Up-to-date: /gpfs/fs1/home/wtan10/Desktop/ECE217/project2_ws/install/ece217_project2_tan/share/ece217_project2_tan/cmake/ament_cmake_export_libraries-extras.cmake
-- Up-to-date: /gpfs/fs1/home/wtan10/Desktop/ECE217/project2_ws/install/ece217_project2_tan/share/ece217_project2_tan/cmake/ament_cmake_export_targets-extras.cmake
-- Up-to-date: /gpfs/fs1/home/wtan10/Desktop/ECE217/project2_ws/install/ece217_project2_tan/share/ece217_project2_tan/cmake/rosidl_cmake_export_typesupport_targets-extras.cmake
-- Up-to-date: /gpfs/fs1/home/wtan10/Desktop/ECE217/project2_ws/install/ece217_project2_tan/share/ece217_project2_tan/cmake/rosidl_cmake_export_typesupport_libraries-extras.cmake
-- Up-to-date: /gpfs/fs1/home/wtan10/Desktop/ECE217/project2_ws/install/ece217_project2_tan/share/ece217_project2_tan/cmake/ece217_project2_tanConfig.cmake
-- Up-to-date: /gpfs/fs1/home/wtan10/Desktop/ECE217/project2_ws/install/ece217_project2_tan/share/ece217_project2_tan/cmake/ece217_project2_tanConfig-version.cmake
-- Up-to-date: /gpfs/fs1/home/wtan10/Desktop/ECE217/project2_ws/install/ece217_project2_tan/share/ece217_project2_tan/package.xml
