[0.019s] Invoking command in '/gpfs/fs1/home/wtan10/Desktop/ECE217/project2_ws/build/ece217_project2_tan': CONDA_PROMPT_MODIFIER=(ros2_env) _=/usr/bin/env /gpfs/fs1/sfw3/rhel9-x86_64/miniforge3/25.11.0-1/envs/ros2_env/bin/cmake --build /gpfs/fs1/home/wtan10/Desktop/ECE217/project2_ws/build/ece217_project2_tan -- -j2 -l2
[0.115s] [  2%] Built target ece217_project2_tan__rosidl_generator_type_description
[0.128s] [  2%] Built target ament_cmake_python_copy_ece217_project2_tan
[0.140s] [  5%] Built target ece217_project2_tan__cpp
[0.156s] [ 17%] Built target ece217_project2_tan__rosidl_generator_c
[0.185s] [ 25%] Built target ece217_project2_tan__rosidl_typesupport_cpp
[0.214s] [ 33%] Built target ece217_project2_tan__rosidl_typesupport_fastrtps_c
[0.244s] [ 41%] Built target ece217_project2_tan__rosidl_typesupport_fastrtps_cpp
[0.282s] [ 48%] Built target ece217_project2_tan__rosidl_typesupport_introspection_c
[0.310s] [ 56%] Built target ece217_project2_tan__rosidl_typesupport_c
[0.339s] [ 64%] Built target ece217_project2_tan__rosidl_typesupport_introspection_cpp
[0.377s] [ 69%] Built target project2-client
[0.431s] [ 71%] [32mBuilding CXX object CMakeFiles/project2-server.dir/src/kinematic_control.cpp.o[0m
[0.520s] running egg_info
[0.554s] writing ece217_project2_tan.egg-info/PKG-INFO
[0.556s] writing dependency_links to ece217_project2_tan.egg-info/dependency_links.txt
[0.556s] writing top-level names to ece217_project2_tan.egg-info/top_level.txt
[0.662s] reading manifest file 'ece217_project2_tan.egg-info/SOURCES.txt'
[0.663s] writing manifest file 'ece217_project2_tan.egg-info/SOURCES.txt'
[0.697s] [ 71%] Built target ament_cmake_python_build_ece217_project2_tan_egg
[0.721s] [ 71%] Built target ece217_project2_tan
[0.747s] [ 74%] Built target ece217_project2_tan__py
[0.775s] [ 79%] Built target ece217_project2_tan__rosidl_generator_py
[0.804s] [ 84%] Built target ece217_project2_tan_s__rosidl_typesupport_fastrtps_c
[0.831s] [ 89%] Built target ece217_project2_tan_s__rosidl_typesupport_introspection_c
[0.858s] [ 94%] Built target ece217_project2_tan_s__rosidl_typesupport_c
[0.868s] [ 97%] [32mBuilding CXX object CMakeFiles/project2-server.dir/src/project2-server.cpp.o[0m
[1.831s] [01m[K/gpfs/fs1/home/wtan10/Desktop/ECE217/project2_ws/src/ece217_project2_tan/src/kinematic_control.cpp:11:1:[m[K [01;31m[Kerror: [m[Kexpected initializer before '[01m[KEigen[m[K'
[1.831s]    11 | [01;31m[KEigen[m[K::MatrixXd compute_dh_table(double theta1, double theta2, double theta3, double theta4, double theta5, double theta6);
[1.831s]       | [01;31m[K^~~~~[m[K
[1.854s] [01m[K/gpfs/fs1/home/wtan10/Desktop/ECE217/project2_ws/src/ece217_project2_tan/src/kinematic_control.cpp:[m[K In function '[01m[KEigen::VectorXd[01;32m[K kinematic[m[K(double, double, double, double, double, double, double, double, double, double, double, double, double)[m[K':
[1.854s] [01m[K/gpfs/fs1/home/wtan10/Desktop/ECE217/project2_ws/src/ece217_project2_tan/src/kinematic_control.cpp:21:20:[m[K [01;31m[Kerror: [m[K'[01m[Kcompute_dh_table[m[K' was not declared in this scope
[1.854s]    21 |         dh_table = [01;31m[Kcompute_dh_table[m[K(joint1theta, joint2theta, joint3theta, joint4theta, joint5theta, joint6theta);
[1.854s]       |                    [01;31m[K^~~~~~~~~~~~~~~~[m[K
[1.953s] [01m[K/gpfs/fs1/home/wtan10/Desktop/ECE217/project2_ws/src/ece217_project2_tan/src/kinematic_control.cpp:71:36:[m[K [01;31m[Kerror: [m[Kno match for '[01m[Koperator*[m[K' (operand types are '[01m[KEigen::Vector3d[m[K' {aka '[01m[KEigen::Matrix<double, 3, 1>[m[K'} and '[01m[K<unresolved overloaded function type>[m[K')
[1.953s]    71 |         erroro = [32m[Kquaternion_vector[m[K [01;31m[K*[m[K [34m[Kgoal_q.w[m[K - goal_quaternion_vector * q.w - cross;
[1.953s]       |                  [32m[K~~~~~~~~~~~~~~~~~[m[K [01;31m[K^[m[K [34m[K~~~~~~~~[m[K
[1.953s]       |                  [32m[K|[m[K                          [34m[K|[m[K
[1.954s]       |                  [32m[K|[m[K                          [34m[K<unresolved overloaded function type>[m[K
[1.954s]       |                  [32m[KEigen::Vector3d {aka Eigen::Matrix<double, 3, 1>}[m[K
[1.954s] In file included from [01m[K/gpfs/fs1/sfw3/rhel9-x86_64/miniforge3/25.11.0-1/envs/ros2_env/include/eigen3/Eigen/Core:19[m[K,
[1.954s]                  from [01m[K/gpfs/fs1/sfw3/rhel9-x86_64/miniforge3/25.11.0-1/envs/ros2_env/include/eigen3/Eigen/Dense:1[m[K,
[1.955s]                  from [01m[K/gpfs/fs1/home/wtan10/Desktop/ECE217/project2_ws/src/ece217_project2_tan/src/kinematic_control.cpp:7[m[K:
[1.955s] [01m[K/gpfs/fs1/sfw3/rhel9-x86_64/miniforge3/25.11.0-1/envs/ros2_env/include/eigen3/Eigen/src/Core/../plugins/CommonCwiseBinaryOps.h:50:29:[m[K [01;36m[Knote: [m[Kcandidate: '[01m[Ktemplate<class T> const Eigen::CwiseBinaryOp<Eigen::internal::scalar_product_op<typename Eigen::internal::traits<T>::Scalar, typename Eigen::internal::promote_scalar_arg<typename Eigen::internal::traits<T>::Scalar, T, Eigen::internal::has_ReturnType<Eigen::ScalarBinaryOpTraits<typename Eigen::internal::traits<T>::Scalar, T, Eigen::internal::scalar_product_op<typename Eigen::internal::traits<T>::Scalar, T> > >::value>::type>, const Derived, const typename Eigen::internal::plain_constant_type<Derived, typename Eigen::internal::promote_scalar_arg<typename Eigen::internal::traits<T>::Scalar, T, Eigen::internal::has_ReturnType<Eigen::ScalarBinaryOpTraits<typename Eigen::internal::traits<T>::Scalar, T, Eigen::internal::scalar_product_op<typename Eigen::internal::traits<T>::Scalar, T> > >::value>::type>::type> Eigen::MatrixBase<Derived>::[01;32m[Koperator*[m[K(const T&) const [35m[K[with Derived = Eigen::Matrix<double, 3, 1>][m[K[m[K'
[1.955s]    50 | EIGEN_MAKE_SCALAR_BINARY_OP([01;36m[Koperator[m[K*,product)
[1.955s]       |                             [01;36m[K^~~~~~~~[m[K
[1.955s] [01m[K/gpfs/fs1/sfw3/rhel9-x86_64/miniforge3/25.11.0-1/envs/ros2_env/include/eigen3/Eigen/src/Core/util/Macros.h:1365:4:[m[K [01;36m[Knote: [m[Kin definition of macro '[01m[KEIGEN_MAKE_SCALAR_BINARY_OP_ONTHERIGHT[m[K'
[1.955s]  1365 |   ([01;36m[KMETHOD[m[K)(const T& scalar) const { \
[1.955s]       |    [01;36m[K^~~~~~[m[K
[1.956s] [01m[K/gpfs/fs1/sfw3/rhel9-x86_64/miniforge3/25.11.0-1/envs/ros2_env/include/eigen3/Eigen/src/Core/../plugins/CommonCwiseBinaryOps.h:50:1:[m[K [01;36m[Knote: [m[Kin expansion of macro '[01m[KEIGEN_MAKE_SCALAR_BINARY_OP[m[K'
[1.956s]    50 | [01;36m[KEIGEN_MAKE_SCALAR_BINARY_OP[m[K(operator*,product)
[1.956s]       | [01;36m[K^~~~~~~~~~~~~~~~~~~~~~~~~~~[m[K
[1.956s] [01m[K/gpfs/fs1/sfw3/rhel9-x86_64/miniforge3/25.11.0-1/envs/ros2_env/include/eigen3/Eigen/src/Core/../plugins/CommonCwiseBinaryOps.h:50:29:[m[K [01;36m[Knote: [m[K  template argument deduction/substitution failed:
[1.956s]    50 | EIGEN_MAKE_SCALAR_BINARY_OP([01;36m[Koperator[m[K*,product)
[1.956s]       |                             [01;36m[K^~~~~~~~[m[K
[1.956s] [01m[K/gpfs/fs1/sfw3/rhel9-x86_64/miniforge3/25.11.0-1/envs/ros2_env/include/eigen3/Eigen/src/Core/util/Macros.h:1365:4:[m[K [01;36m[Knote: [m[Kin definition of macro '[01m[KEIGEN_MAKE_SCALAR_BINARY_OP_ONTHERIGHT[m[K'
[1.956s]  1365 |   ([01;36m[KMETHOD[m[K)(const T& scalar) const { \
[1.957s]       |    [01;36m[K^~~~~~[m[K
[1.957s] [01m[K/gpfs/fs1/sfw3/rhel9-x86_64/miniforge3/25.11.0-1/envs/ros2_env/include/eigen3/Eigen/src/Core/../plugins/CommonCwiseBinaryOps.h:50:1:[m[K [01;36m[Knote: [m[Kin expansion of macro '[01m[KEIGEN_MAKE_SCALAR_BINARY_OP[m[K'
[1.957s]    50 | [01;36m[KEIGEN_MAKE_SCALAR_BINARY_OP[m[K(operator*,product)
[1.957s]       | [01;36m[K^~~~~~~~~~~~~~~~~~~~~~~~~~~[m[K
[1.957s] [01m[K/gpfs/fs1/home/wtan10/Desktop/ECE217/project2_ws/src/ece217_project2_tan/src/kinematic_control.cpp:71:45:[m[K [01;36m[Knote: [m[K  couldn't deduce template parameter '[01m[KT[m[K'
[1.957s]    71 |         erroro = quaternion_vector * goal_q.[01;36m[Kw[m[K - goal_quaternion_vector * q.w - cross;
[1.957s]       |                                             [01;36m[K^[m[K
[1.957s] In file included from [01m[K/gpfs/fs1/sfw3/rhel9-x86_64/miniforge3/25.11.0-1/envs/ros2_env/include/eigen3/Eigen/Core:322[m[K:
[1.957s] [01m[K/gpfs/fs1/sfw3/rhel9-x86_64/miniforge3/25.11.0-1/envs/ros2_env/include/eigen3/Eigen/src/Core/GeneralProduct.h:399:1:[m[K [01;36m[Knote: [m[Kcandidate: '[01m[Ktemplate<class OtherDerived> const Eigen::Product<Derived, OtherDerived> Eigen::MatrixBase<Derived>::[01;32m[Koperator*[m[K(const Eigen::MatrixBase<OtherDerived>&) const [35m[K[with Derived = Eigen::Matrix<double, 3, 1>][m[K[m[K'
[1.957s]   399 | [01;36m[KMatrixBase<Derived>[m[K::operator*(const MatrixBase<OtherDerived> &other) const
[1.957s]       | [01;36m[K^~~~~~~~~~~~~~~~~~~[m[K
[1.957s] [01m[K/gpfs/fs1/sfw3/rhel9-x86_64/miniforge3/25.11.0-1/envs/ros2_env/include/eigen3/Eigen/src/Core/GeneralProduct.h:399:1:[m[K [01;36m[Knote: [m[K  template argument deduction/substitution failed:
[1.957s] [01m[K/gpfs/fs1/home/wtan10/Desktop/ECE217/project2_ws/src/ece217_project2_tan/src/kinematic_control.cpp:71:45:[m[K [01;36m[Knote: [m[K  mismatched types '[01m[Kconst Eigen::MatrixBase<Derived>[m[K' and '[01m[Kdouble& (Eigen::QuaternionBase<Eigen::Quaternion<double> >::*)()[m[K'
[1.957s]    71 |         erroro = quaternion_vector * goal_q.[01;36m[Kw[m[K - goal_quaternion_vector * q.w - cross;
[1.957s]       |                                             [01;36m[K^[m[K
[1.958s] [01m[K/gpfs/fs1/home/wtan10/Desktop/ECE217/project2_ws/src/ece217_project2_tan/src/kinematic_control.cpp:71:45:[m[K [01;36m[Knote: [m[K  mismatched types '[01m[Kconst Eigen::MatrixBase<Derived>[m[K' and '[01m[Kconst double& (Eigen::QuaternionBase<Eigen::Quaternion<double> >::*)() const[m[K'
[1.958s] [01m[K/gpfs/fs1/home/wtan10/Desktop/ECE217/project2_ws/src/ece217_project2_tan/src/kinematic_control.cpp:71:45:[m[K [01;36m[Knote: [m[K  couldn't deduce template parameter '[01m[KOtherDerived[m[K'
[1.958s] In file included from [01m[K/gpfs/fs1/sfw3/rhel9-x86_64/miniforge3/25.11.0-1/envs/ros2_env/include/eigen3/Eigen/Core:273[m[K:
[1.958s] [01m[K/gpfs/fs1/sfw3/rhel9-x86_64/miniforge3/25.11.0-1/envs/ros2_env/include/eigen3/Eigen/src/Core/MatrixBase.h:185:5:[m[K [01;36m[Knote: [m[Kcandidate: '[01m[Ktemplate<class DiagonalDerived> const Eigen::Product<Derived, OtherDerived, 1> Eigen::MatrixBase<Derived>::[01;32m[Koperator*[m[K(const Eigen::DiagonalBase<DiagonalDerived>&) const [35m[K[with Derived = Eigen::Matrix<double, 3, 1>][m[K[m[K'
[1.958s]   185 |     [01;36m[Koperator[m[K*(const DiagonalBase<DiagonalDerived> &diagonal) const;
[1.958s]       |     [01;36m[K^~~~~~~~[m[K
[1.958s] [01m[K/gpfs/fs1/sfw3/rhel9-x86_64/miniforge3/25.11.0-1/envs/ros2_env/include/eigen3/Eigen/src/Core/MatrixBase.h:185:5:[m[K [01;36m[Knote: [m[K  template argument deduction/substitution failed:
[1.958s] [01m[K/gpfs/fs1/home/wtan10/Desktop/ECE217/project2_ws/src/ece217_project2_tan/src/kinematic_control.cpp:71:45:[m[K [01;36m[Knote: [m[K  mismatched types '[01m[Kconst Eigen::DiagonalBase<T>[m[K' and '[01m[Kdouble& (Eigen::QuaternionBase<Eigen::Quaternion<double> >::*)()[m[K'
[1.958s]    71 |         erroro = quaternion_vector * goal_q.[01;36m[Kw[m[K - goal_quaternion_vector * q.w - cross;
[1.958s]       |                                             [01;36m[K^[m[K
[1.958s] [01m[K/gpfs/fs1/home/wtan10/Desktop/ECE217/project2_ws/src/ece217_project2_tan/src/kinematic_control.cpp:71:45:[m[K [01;36m[Knote: [m[K  mismatched types '[01m[Kconst Eigen::DiagonalBase<T>[m[K' and '[01m[Kconst double& (Eigen::QuaternionBase<Eigen::Quaternion<double> >::*)() const[m[K'
[1.958s] [01m[K/gpfs/fs1/home/wtan10/Desktop/ECE217/project2_ws/src/ece217_project2_tan/src/kinematic_control.cpp:71:45:[m[K [01;36m[Knote: [m[K  couldn't deduce template parameter '[01m[KDiagonalDerived[m[K'
[1.958s] [01m[K/gpfs/fs1/sfw3/rhel9-x86_64/miniforge3/25.11.0-1/envs/ros2_env/include/eigen3/Eigen/src/Core/../plugins/CommonCwiseBinaryOps.h:50:29:[m[K [01;36m[Knote: [m[Kcandidate: '[01m[Ktemplate<class T> const Eigen::CwiseBinaryOp<Eigen::internal::scalar_product_op<typename Eigen::internal::promote_scalar_arg<double, T, Eigen::internal::has_ReturnType<Eigen::ScalarBinaryOpTraits<T, double, Eigen::internal::scalar_product_op<T, double> > >::value>::type, double>, const typename Eigen::internal::plain_constant_type<Eigen::Matrix<double, 3, 1>, typename Eigen::internal::promote_scalar_arg<double, T, Eigen::internal::has_ReturnType<Eigen::ScalarBinaryOpTraits<T, double, Eigen::internal::scalar_product_op<T, double> > >::value>::type>::type, const Eigen::Matrix<double, 3, 1> > Eigen::[01;32m[Koperator*[m[K(const T&, const MatrixBase<Matrix<double, 3, 1> >::StorageBaseType&)[m[K'
[1.958s]    50 | EIGEN_MAKE_SCALAR_BINARY_OP([01;36m[Koperator[m[K*,product)
[1.959s]       |                             [01;36m[K^~~~~~~~[m[K
[1.959s] [01m[K/gpfs/fs1/sfw3/rhel9-x86_64/miniforge3/25.11.0-1/envs/ros2_env/include/eigen3/Eigen/src/Core/util/Macros.h:1374:4:[m[K [01;36m[Knote: [m[Kin definition of macro '[01m[KEIGEN_MAKE_SCALAR_BINARY_OP_ONTHELEFT[m[K'
[1.959s]  1374 |   ([01;36m[KMETHOD[m[K)(const T& scalar, const StorageBaseType& matrix) { \
[1.959s]       |    [01;36m[K^~~~~~[m[K
[1.959s] [01m[K/gpfs/fs1/sfw3/rhel9-x86_64/miniforge3/25.11.0-1/envs/ros2_env/include/eigen3/Eigen/src/Core/../plugins/CommonCwiseBinaryOps.h:50:1:[m[K [01;36m[Knote: [m[Kin expansion of macro '[01m[KEIGEN_MAKE_SCALAR_BINARY_OP[m[K'
[1.959s]    50 | [01;36m[KEIGEN_MAKE_SCALAR_BINARY_OP[m[K(operator*,product)
[1.959s]       | [01;36m[K^~~~~~~~~~~~~~~~~~~~~~~~~~~[m[K
[1.959s] [01m[K/gpfs/fs1/sfw3/rhel9-x86_64/miniforge3/25.11.0-1/envs/ros2_env/include/eigen3/Eigen/src/Core/../plugins/CommonCwiseBinaryOps.h:50:29:[m[K [01;36m[Knote: [m[K  template argument deduction/substitution failed:
[1.959s]    50 | EIGEN_MAKE_SCALAR_BINARY_OP([01;36m[Koperator[m[K*,product)
[1.959s]       |                             [01;36m[K^~~~~~~~[m[K
[1.959s] [01m[K/gpfs/fs1/sfw3/rhel9-x86_64/miniforge3/25.11.0-1/envs/ros2_env/include/eigen3/Eigen/src/Core/util/Macros.h:1374:4:[m[K [01;36m[Knote: [m[Kin definition of macro '[01m[KEIGEN_MAKE_SCALAR_BINARY_OP_ONTHELEFT[m[K'
[1.959s]  1374 |   ([01;36m[KMETHOD[m[K)(const T& scalar, const StorageBaseType& matrix) { \
[1.959s]       |    [01;36m[K^~~~~~[m[K
[1.959s] [01m[K/gpfs/fs1/sfw3/rhel9-x86_64/miniforge3/25.11.0-1/envs/ros2_env/include/eigen3/Eigen/src/Core/../plugins/CommonCwiseBinaryOps.h:50:1:[m[K [01;36m[Knote: [m[Kin expansion of macro '[01m[KEIGEN_MAKE_SCALAR_BINARY_OP[m[K'
[1.960s]    50 | [01;36m[KEIGEN_MAKE_SCALAR_BINARY_OP[m[K(operator*,product)
[1.960s]       | [01;36m[K^~~~~~~~~~~~~~~~~~~~~~~~~~~[m[K
[1.960s] [01m[K/gpfs/fs1/home/wtan10/Desktop/ECE217/project2_ws/src/ece217_project2_tan/src/kinematic_control.cpp:71:45:[m[K [01;36m[Knote: [m[K  cannot convert '[01m[Kgoal_q.Eigen::QuaternionBase<Eigen::Quaternion<double> >::w[m[K' (type '[01m[K<unresolved overloaded function type>[m[K') to type '[01m[Kconst Eigen::MatrixBase<Eigen::Matrix<double, 3, 1> >::StorageBaseType&[m[K' {aka '[01m[Kconst Eigen::MatrixBase<Eigen::Matrix<double, 3, 1> >&[m[K'}
[1.960s]    71 |         erroro = quaternion_vector * [01;36m[Kgoal_q.w[m[K - goal_quaternion_vector * q.w - cross;
[1.960s]       |                                      [01;36m[K~~~~~~~^[m[K
[1.960s] In file included from [01m[K/gpfs/fs1/sfw3/rhel9-x86_64/miniforge3/25.11.0-1/envs/ros2_env/include/eigen3/Eigen/Geometry:40[m[K,
[1.960s]                  from [01m[K/gpfs/fs1/sfw3/rhel9-x86_64/miniforge3/25.11.0-1/envs/ros2_env/include/eigen3/Eigen/Dense:6[m[K:
[1.960s] [01m[K/gpfs/fs1/sfw3/rhel9-x86_64/miniforge3/25.11.0-1/envs/ros2_env/include/eigen3/Eigen/src/Geometry/RotationBase.h:76:49:[m[K [01;36m[Knote: [m[Kcandidate: '[01m[Ktemplate<class OtherDerived> Eigen::RotationBase<Eigen::Quaternion<double>, 3>::RotationMatrixType Eigen::[01;32m[Koperator*[m[K(const EigenBase<Derived>&, const Quaternion<double>&)[m[K'
[1.960s]    76 |     EIGEN_DEVICE_FUNC inline RotationMatrixType [01;36m[Koperator[m[K*(const EigenBase<OtherDerived>& l, const Derived& r)
[1.960s]       |                                                 [01;36m[K^~~~~~~~[m[K
[1.960s] [01m[K/gpfs/fs1/sfw3/rhel9-x86_64/miniforge3/25.11.0-1/envs/ros2_env/include/eigen3/Eigen/src/Geometry/RotationBase.h:76:49:[m[K [01;36m[Knote: [m[K  template argument deduction/substitution failed:
[1.960s] [01m[K/gpfs/fs1/home/wtan10/Desktop/ECE217/project2_ws/src/ece217_project2_tan/src/kinematic_control.cpp:71:45:[m[K [01;36m[Knote: [m[K  cannot convert '[01m[Kgoal_q.Eigen::QuaternionBase<Eigen::Quaternion<double> >::w[m[K' (type '[01m[K<unresolved overloaded function type>[m[K') to type '[01m[Kconst Eigen::Quaternion<double>&[m[K'
[1.960s]    71 |         erroro = quaternion_vector * [01;36m[Kgoal_q.w[m[K - goal_quaternion_vector * q.w - cross;
[1.960s]       |                                      [01;36m[K~~~~~~~^[m[K
[1.960s] In file included from [01m[K/gpfs/fs1/sfw3/rhel9-x86_64/miniforge3/25.11.0-1/envs/ros2_env/include/eigen3/Eigen/Core:326[m[K:
[1.961s] [01m[K/gpfs/fs1/sfw3/rhel9-x86_64/miniforge3/25.11.0-1/envs/ros2_env/include/eigen3/Eigen/src/Core/PermutationMatrix.h:515:1:[m[K [01;36m[Knote: [m[Kcandidate: '[01m[Ktemplate<class MatrixDerived, class PermutationDerived> const Eigen::Product<MatrixDerived, PermutationDerived, 2> Eigen::[01;32m[Koperator*[m[K(const MatrixBase<Derived>&, const PermutationBase<PermutationDerived>&)[m[K'
[1.961s]   515 | [01;36m[Koperator[m[K*(const MatrixBase<MatrixDerived> &matrix,
[1.961s]       | [01;36m[K^~~~~~~~[m[K
[1.961s] [01m[K/gpfs/fs1/sfw3/rhel9-x86_64/miniforge3/25.11.0-1/envs/ros2_env/include/eigen3/Eigen/src/Core/PermutationMatrix.h:515:1:[m[K [01;36m[Knote: [m[K  template argument deduction/substitution failed:
[1.961s] [01m[K/gpfs/fs1/home/wtan10/Desktop/ECE217/project2_ws/src/ece217_project2_tan/src/kinematic_control.cpp:71:45:[m[K [01;36m[Knote: [m[K  mismatched types '[01m[Kconst Eigen::PermutationBase<PermutationDerived>[m[K' and '[01m[Kdouble& (Eigen::QuaternionBase<Eigen::Quaternion<double> >::*)()[m[K'
[1.961s]    71 |         erroro = quaternion_vector * goal_q.[01;36m[Kw[m[K - goal_quaternion_vector * q.w - cross;
[1.961s]       |                                             [01;36m[K^[m[K
[1.961s] [01m[K/gpfs/fs1/home/wtan10/Desktop/ECE217/project2_ws/src/ece217_project2_tan/src/kinematic_control.cpp:71:45:[m[K [01;36m[Knote: [m[K  mismatched types '[01m[Kconst Eigen::PermutationBase<PermutationDerived>[m[K' and '[01m[Kconst double& (Eigen::QuaternionBase<Eigen::Quaternion<double> >::*)() const[m[K'
[1.961s] [01m[K/gpfs/fs1/home/wtan10/Desktop/ECE217/project2_ws/src/ece217_project2_tan/src/kinematic_control.cpp:71:45:[m[K [01;36m[Knote: [m[K  couldn't deduce template parameter '[01m[KPermutationDerived[m[K'
[1.961s] [01m[K/gpfs/fs1/sfw3/rhel9-x86_64/miniforge3/25.11.0-1/envs/ros2_env/include/eigen3/Eigen/src/Core/PermutationMatrix.h:527:1:[m[K [01;36m[Knote: [m[Kcandidate: '[01m[Ktemplate<class PermutationDerived, class MatrixDerived> const Eigen::Product<MatrixDerived, PermutationDerived, 2> Eigen::[01;32m[Koperator*[m[K(const PermutationBase<PermutationDerived>&, const MatrixBase<U>&)[m[K'
[1.961s]   527 | [01;36m[Koperator[m[K*(const PermutationBase<PermutationDerived> &permutation,
[1.961s]       | [01;36m[K^~~~~~~~[m[K
[1.961s] [01m[K/gpfs/fs1/sfw3/rhel9-x86_64/miniforge3/25.11.0-1/envs/ros2_env/include/eigen3/Eigen/src/Core/PermutationMatrix.h:527:1:[m[K [01;36m[Knote: [m[K  template argument deduction/substitution failed:
[1.961s] [01m[K/gpfs/fs1/home/wtan10/Desktop/ECE217/project2_ws/src/ece217_project2_tan/src/kinematic_control.cpp:71:45:[m[K [01;36m[Knote: [m[K  '[01m[KEigen::Vector3d[m[K' {aka '[01m[KEigen::Matrix<double, 3, 1>[m[K'} is not derived from '[01m[Kconst Eigen::PermutationBase<PermutationDerived>[m[K'
[1.962s]    71 |         erroro = quaternion_vector * goal_q.[01;36m[Kw[m[K - goal_quaternion_vector * q.w - cross;
[1.962s]       |                                             [01;36m[K^[m[K
[1.962s] In file included from [01m[K/gpfs/fs1/sfw3/rhel9-x86_64/miniforge3/25.11.0-1/envs/ros2_env/include/eigen3/Eigen/Core:327[m[K:
[1.962s] [01m[K/gpfs/fs1/sfw3/rhel9-x86_64/miniforge3/25.11.0-1/envs/ros2_env/include/eigen3/Eigen/src/Core/Transpositions.h:313:1:[m[K [01;36m[Knote: [m[Kcandidate: '[01m[Ktemplate<class MatrixDerived, class TranspositionsDerived> const Eigen::Product<MatrixDerived, PermutationDerived, 2> Eigen::[01;32m[Koperator*[m[K(const MatrixBase<Derived>&, const TranspositionsBase<TranspositionsDerived>&)[m[K'
[1.962s]   313 | [01;36m[Koperator[m[K*(const MatrixBase<MatrixDerived> &matrix,
[1.962s]       | [01;36m[K^~~~~~~~[m[K
[1.962s] [01m[K/gpfs/fs1/sfw3/rhel9-x86_64/miniforge3/25.11.0-1/envs/ros2_env/include/eigen3/Eigen/src/Core/Transpositions.h:313:1:[m[K [01;36m[Knote: [m[K  template argument deduction/substitution failed:
[1.962s] [01m[K/gpfs/fs1/home/wtan10/Desktop/ECE217/project2_ws/src/ece217_project2_tan/src/kinematic_control.cpp:71:45:[m[K [01;36m[Knote: [m[K  mismatched types '[01m[Kconst Eigen::TranspositionsBase<TranspositionsDerived>[m[K' and '[01m[Kdouble& (Eigen::QuaternionBase<Eigen::Quaternion<double> >::*)()[m[K'
[1.962s]    71 |         erroro = quaternion_vector * goal_q.[01;36m[Kw[m[K - goal_quaternion_vector * q.w - cross;
[1.962s]       |                                             [01;36m[K^[m[K
[1.962s] [01m[K/gpfs/fs1/home/wtan10/Desktop/ECE217/project2_ws/src/ece217_project2_tan/src/kinematic_control.cpp:71:45:[m[K [01;36m[Knote: [m[K  mismatched types '[01m[Kconst Eigen::TranspositionsBase<TranspositionsDerived>[m[K' and '[01m[Kconst double& (Eigen::QuaternionBase<Eigen::Quaternion<double> >::*)() const[m[K'
[1.962s] [01m[K/gpfs/fs1/home/wtan10/Desktop/ECE217/project2_ws/src/ece217_project2_tan/src/kinematic_control.cpp:71:45:[m[K [01;36m[Knote: [m[K  couldn't deduce template parameter '[01m[KTranspositionsDerived[m[K'
[1.962s] [01m[K/gpfs/fs1/sfw3/rhel9-x86_64/miniforge3/25.11.0-1/envs/ros2_env/include/eigen3/Eigen/src/Core/Transpositions.h:325:1:[m[K [01;36m[Knote: [m[Kcandidate: '[01m[Ktemplate<class TranspositionsDerived, class MatrixDerived> const Eigen::Product<MatrixDerived, PermutationDerived, 2> Eigen::[01;32m[Koperator*[m[K(const TranspositionsBase<TranspositionsDerived>&, const MatrixBase<U>&)[m[K'
[1.962s]   325 | [01;36m[Koperator[m[K*(const TranspositionsBase<TranspositionsDerived> &transpositions,
[1.962s]       | [01;36m[K^~~~~~~~[m[K
[1.963s] [01m[K/gpfs/fs1/sfw3/rhel9-x86_64/miniforge3/25.11.0-1/envs/ros2_env/include/eigen3/Eigen/src/Core/Transpositions.h:325:1:[m[K [01;36m[Knote: [m[K  template argument deduction/substitution failed:
[1.963s] [01m[K/gpfs/fs1/home/wtan10/Desktop/ECE217/project2_ws/src/ece217_project2_tan/src/kinematic_control.cpp:71:45:[m[K [01;36m[Knote: [m[K  '[01m[KEigen::Vector3d[m[K' {aka '[01m[KEigen::Matrix<double, 3, 1>[m[K'} is not derived from '[01m[Kconst Eigen::TranspositionsBase<TranspositionsDerived>[m[K'
[1.963s]    71 |         erroro = quaternion_vector * goal_q.[01;36m[Kw[m[K - goal_quaternion_vector * q.w - cross;
[1.963s]       |                                             [01;36m[K^[m[K
[1.963s] In file included from [01m[K/gpfs/fs1/sfw3/rhel9-x86_64/miniforge3/25.11.0-1/envs/ros2_env/include/eigen3/Eigen/Householder:24[m[K,
[1.963s]                  from [01m[K/gpfs/fs1/sfw3/rhel9-x86_64/miniforge3/25.11.0-1/envs/ros2_env/include/eigen3/Eigen/QR:15[m[K,
[1.963s]                  from [01m[K/gpfs/fs1/sfw3/rhel9-x86_64/miniforge3/25.11.0-1/envs/ros2_env/include/eigen3/Eigen/Dense:4[m[K:
[1.963s] [01m[K/gpfs/fs1/sfw3/rhel9-x86_64/miniforge3/25.11.0-1/envs/ros2_env/include/eigen3/Eigen/src/Householder/HouseholderSequence.h:513:99:[m[K [01;36m[Knote: [m[Kcandidate: '[01m[Ktemplate<class OtherDerived, class VectorsType, class CoeffsType, int Side> typename Eigen::internal::matrix_type_times_scalar_type<typename VectorsType::Scalar, OtherDerived>::Type Eigen::[01;32m[Koperator*[m[K(const MatrixBase<Derived>&, const HouseholderSequence<VectorsType, CoeffsType, Side>&)[m[K'
[1.963s]   513 | typename internal::matrix_type_times_scalar_type<typename VectorsType::Scalar,OtherDerived>::Type [01;36m[Koperator[m[K*(const MatrixBase<OtherDerived>& other, const HouseholderSequence<VectorsType,CoeffsType,Side>& h)
[1.963s]       |                                                                                                   [01;36m[K^~~~~~~~[m[K
[1.963s] [01m[K/gpfs/fs1/sfw3/rhel9-x86_64/miniforge3/25.11.0-1/envs/ros2_env/include/eigen3/Eigen/src/Householder/HouseholderSequence.h:513:99:[m[K [01;36m[Knote: [m[K  template argument deduction/substitution failed:
[1.963s] [01m[K/gpfs/fs1/home/wtan10/Desktop/ECE217/project2_ws/src/ece217_project2_tan/src/kinematic_control.cpp:71:45:[m[K [01;36m[Knote: [m[K  mismatched types '[01m[Kconst Eigen::HouseholderSequence<VectorsType, CoeffsType, Side>[m[K' and '[01m[Kdouble& (Eigen::QuaternionBase<Eigen::Quaternion<double> >::*)()[m[K'
[1.963s]    71 |         erroro = quaternion_vector * goal_q.[01;36m[Kw[m[K - goal_quaternion_vector * q.w - cross;
[1.963s]       |                                             [01;36m[K^[m[K
[1.964s] [01m[K/gpfs/fs1/home/wtan10/Desktop/ECE217/project2_ws/src/ece217_project2_tan/src/kinematic_control.cpp:71:45:[m[K [01;36m[Knote: [m[K  mismatched types '[01m[Kconst Eigen::HouseholderSequence<VectorsType, CoeffsType, Side>[m[K' and '[01m[Kconst double& (Eigen::QuaternionBase<Eigen::Quaternion<double> >::*)() const[m[K'
[1.964s] [01m[K/gpfs/fs1/home/wtan10/Desktop/ECE217/project2_ws/src/ece217_project2_tan/src/kinematic_control.cpp:71:45:[m[K [01;36m[Knote: [m[K  couldn't deduce template parameter '[01m[KVectorsType[m[K'
[1.964s] In file included from [01m[K/gpfs/fs1/sfw3/rhel9-x86_64/miniforge3/25.11.0-1/envs/ros2_env/include/eigen3/Eigen/Geometry:46[m[K:
[1.964s] [01m[K/gpfs/fs1/sfw3/rhel9-x86_64/miniforge3/25.11.0-1/envs/ros2_env/include/eigen3/Eigen/src/Geometry/Scaling.h:135:1:[m[K [01;36m[Knote: [m[Kcandidate: '[01m[Ktemplate<class Derived, class Scalar> Eigen::CwiseBinaryOp<Eigen::internal::scalar_product_op<typename Eigen::internal::traits<T>::Scalar, Scalar>, const Derived, const typename Eigen::internal::plain_constant_type<Expr, Scalar>::type> Eigen::[01;32m[Koperator*[m[K(const MatrixBase<Derived>&, const UniformScaling<Scalar>&)[m[K'
[1.965s]   135 | [01;36m[Koperator[m[K*(const MatrixBase<Derived>& matrix, const UniformScaling<Scalar>& s)
[1.965s]       | [01;36m[K^~~~~~~~[m[K
[1.965s] [01m[K/gpfs/fs1/sfw3/rhel9-x86_64/miniforge3/25.11.0-1/envs/ros2_env/include/eigen3/Eigen/src/Geometry/Scaling.h:135:1:[m[K [01;36m[Knote: [m[K  template argument deduction/substitution failed:
[1.965s] [01m[K/gpfs/fs1/home/wtan10/Desktop/ECE217/project2_ws/src/ece217_project2_tan/src/kinematic_control.cpp:71:45:[m[K [01;36m[Knote: [m[K  mismatched types '[01m[Kconst Eigen::UniformScaling<Scalar>[m[K' and '[01m[Kdouble& (Eigen::QuaternionBase<Eigen::Quaternion<double> >::*)()[m[K'
[1.965s]    71 |         erroro = quaternion_vector * goal_q.[01;36m[Kw[m[K - goal_quaternion_vector * q.w - cross;
[1.965s]       |                                             [01;36m[K^[m[K
[1.965s] [01m[K/gpfs/fs1/home/wtan10/Desktop/ECE217/project2_ws/src/ece217_project2_tan/src/kinematic_control.cpp:71:45:[m[K [01;36m[Knote: [m[K  mismatched types '[01m[Kconst Eigen::UniformScaling<Scalar>[m[K' and '[01m[Kconst double& (Eigen::QuaternionBase<Eigen::Quaternion<double> >::*)() const[m[K'
[1.965s] [01m[K/gpfs/fs1/home/wtan10/Desktop/ECE217/project2_ws/src/ece217_project2_tan/src/kinematic_control.cpp:71:45:[m[K [01;36m[Knote: [m[K  couldn't deduce template parameter '[01m[KScalar[m[K'
[1.965s] [01m[K/gpfs/fs1/sfw3/rhel9-x86_64/miniforge3/25.11.0-1/envs/ros2_env/include/eigen3/Eigen/src/Geometry/RotationBase.h:80:66:[m[K [01;36m[Knote: [m[Kcandidate: '[01m[KEigen::Transform<double, 3, 2> Eigen::[01;32m[Koperator*[m[K(const DiagonalMatrix<double, 3>&, const Quaternion<double>&)[m[K'
[1.965s]    80 |     EIGEN_DEVICE_FUNC friend inline Transform<Scalar,Dim,Affine> [01;36m[Koperator[m[K*(const DiagonalMatrix<Scalar,Dim>& l, const Derived& r)
[1.965s]       |                                                                  [01;36m[K^~~~~~~~[m[K
[1.965s] [01m[K/gpfs/fs1/sfw3/rhel9-x86_64/miniforge3/25.11.0-1/envs/ros2_env/include/eigen3/Eigen/src/Geometry/RotationBase.h:80:110:[m[K [01;36m[Knote: [m[K  no known conversion for argument 1 from '[01m[KEigen::Vector3d[m[K' {aka '[01m[KEigen::Matrix<double, 3, 1>[m[K'} to '[01m[Kconst Eigen::DiagonalMatrix<double, 3>&[m[K'
[1.965s]    80 |     EIGEN_DEVICE_FUNC friend inline Transform<Scalar,Dim,Affine> operator*([01;36m[Kconst DiagonalMatrix<Scalar,Dim>& l[m[K, const Derived& r)
[1.966s]       |                                                                            [01;36m[K~~~~~~~~~~~~~~~~~~~~~~~~~~~~~~~~~~^[m[K
[1.966s] [01m[K/gpfs/fs1/home/wtan10/Desktop/ECE217/project2_ws/src/ece217_project2_tan/src/kinematic_control.cpp:71:72:[m[K [01;31m[Kerror: [m[Kno match for '[01m[Koperator*[m[K' (operand types are '[01m[KEigen::Vector3d[m[K' {aka '[01m[KEigen::Matrix<double, 3, 1>[m[K'} and '[01m[K<unresolved overloaded function type>[m[K')
[1.966s]    71 |         erroro = quaternion_vector * goal_q.w - [32m[Kgoal_quaternion_vector[m[K [01;31m[K*[m[K [34m[Kq.w[m[K - cross;
[1.966s]       |                                                 [32m[K~~~~~~~~~~~~~~~~~~~~~~[m[K [01;31m[K^[m[K [34m[K~~~[m[K
[1.966s]       |                                                 [32m[K|[m[K                          [34m[K|[m[K
[1.966s]       |                                                 [32m[K|[m[K                          [34m[K<unresolved overloaded function type>[m[K
[1.966s]       |                                                 [32m[KEigen::Vector3d {aka Eigen::Matrix<double, 3, 1>}[m[K
[1.966s] [01m[K/gpfs/fs1/sfw3/rhel9-x86_64/miniforge3/25.11.0-1/envs/ros2_env/include/eigen3/Eigen/src/Core/../plugins/CommonCwiseBinaryOps.h:50:29:[m[K [01;36m[Knote: [m[Kcandidate: '[01m[Ktemplate<class T> const Eigen::CwiseBinaryOp<Eigen::internal::scalar_product_op<typename Eigen::internal::traits<T>::Scalar, typename Eigen::internal::promote_scalar_arg<typename Eigen::internal::traits<T>::Scalar, T, Eigen::internal::has_ReturnType<Eigen::ScalarBinaryOpTraits<typename Eigen::internal::traits<T>::Scalar, T, Eigen::internal::scalar_product_op<typename Eigen::internal::traits<T>::Scalar, T> > >::value>::type>, const Derived, const typename Eigen::internal::plain_constant_type<Derived, typename Eigen::internal::promote_scalar_arg<typename Eigen::internal::traits<T>::Scalar, T, Eigen::internal::has_ReturnType<Eigen::ScalarBinaryOpTraits<typename Eigen::internal::traits<T>::Scalar, T, Eigen::internal::scalar_product_op<typename Eigen::internal::traits<T>::Scalar, T> > >::value>::type>::type> Eigen::MatrixBase<Derived>::[01;32m[Koperator*[m[K(const T&) const [35m[K[with Derived = Eigen::Matrix<double, 3, 1>][m[K[m[K'
[1.966s]    50 | EIGEN_MAKE_SCALAR_BINARY_OP([01;36m[Koperator[m[K*,product)
[1.966s]       |                             [01;36m[K^~~~~~~~[m[K
[1.966s] [01m[K/gpfs/fs1/sfw3/rhel9-x86_64/miniforge3/25.11.0-1/envs/ros2_env/include/eigen3/Eigen/src/Core/util/Macros.h:1365:4:[m[K [01;36m[Knote: [m[Kin definition of macro '[01m[KEIGEN_MAKE_SCALAR_BINARY_OP_ONTHERIGHT[m[K'
[1.966s]  1365 |   ([01;36m[KMETHOD[m[K)(const T& scalar) const { \
[1.966s]       |    [01;36m[K^~~~~~[m[K
[1.966s] [01m[K/gpfs/fs1/sfw3/rhel9-x86_64/miniforge3/25.11.0-1/envs/ros2_env/include/eigen3/Eigen/src/Core/../plugins/CommonCwiseBinaryOps.h:50:1:[m[K [01;36m[Knote: [m[Kin expansion of macro '[01m[KEIGEN_MAKE_SCALAR_BINARY_OP[m[K'
[1.967s]    50 | [01;36m[KEIGEN_MAKE_SCALAR_BINARY_OP[m[K(operator*,product)
[1.967s]       | [01;36m[K^~~~~~~~~~~~~~~~~~~~~~~~~~~[m[K
[1.967s] [01m[K/gpfs/fs1/sfw3/rhel9-x86_64/miniforge3/25.11.0-1/envs/ros2_env/include/eigen3/Eigen/src/Core/../plugins/CommonCwiseBinaryOps.h:50:29:[m[K [01;36m[Knote: [m[K  template argument deduction/substitution failed:
[1.967s]    50 | EIGEN_MAKE_SCALAR_BINARY_OP([01;36m[Koperator[m[K*,product)
[1.967s]       |                             [01;36m[K^~~~~~~~[m[K
[1.967s] [01m[K/gpfs/fs1/sfw3/rhel9-x86_64/miniforge3/25.11.0-1/envs/ros2_env/include/eigen3/Eigen/src/Core/util/Macros.h:1365:4:[m[K [01;36m[Knote: [m[Kin definition of macro '[01m[KEIGEN_MAKE_SCALAR_BINARY_OP_ONTHERIGHT[m[K'
[1.967s]  1365 |   ([01;36m[KMETHOD[m[K)(const T& scalar) const { \
[1.967s]       |    [01;36m[K^~~~~~[m[K
[1.967s] [01m[K/gpfs/fs1/sfw3/rhel9-x86_64/miniforge3/25.11.0-1/envs/ros2_env/include/eigen3/Eigen/src/Core/../plugins/CommonCwiseBinaryOps.h:50:1:[m[K [01;36m[Knote: [m[Kin expansion of macro '[01m[KEIGEN_MAKE_SCALAR_BINARY_OP[m[K'
[1.967s]    50 | [01;36m[KEIGEN_MAKE_SCALAR_BINARY_OP[m[K(operator*,product)
[1.967s]       | [01;36m[K^~~~~~~~~~~~~~~~~~~~~~~~~~~[m[K
[1.967s] [01m[K/gpfs/fs1/home/wtan10/Desktop/ECE217/project2_ws/src/ece217_project2_tan/src/kinematic_control.cpp:71:76:[m[K [01;36m[Knote: [m[K  couldn't deduce template parameter '[01m[KT[m[K'
[1.967s]    71 |         erroro = quaternion_vector * goal_q.w - goal_quaternion_vector * q.[01;36m[Kw[m[K - cross;
[1.967s]       |                                                                            [01;36m[K^[m[K
[1.967s] [01m[K/gpfs/fs1/sfw3/rhel9-x86_64/miniforge3/25.11.0-1/envs/ros2_env/include/eigen3/Eigen/src/Core/GeneralProduct.h:399:1:[m[K [01;36m[Knote: [m[Kcandidate: '[01m[Ktemplate<class OtherDerived> const Eigen::Product<Derived, OtherDerived> Eigen::MatrixBase<Derived>::[01;32m[Koperator*[m[K(const Eigen::MatrixBase<OtherDerived>&) const [35m[K[with Derived = Eigen::Matrix<double, 3, 1>][m[K[m[K'
[1.968s]   399 | [01;36m[KMatrixBase<Derived>[m[K::operator*(const MatrixBase<OtherDerived> &other) const
[1.968s]       | [01;36m[K^~~~~~~~~~~~~~~~~~~[m[K
[1.968s] [01m[K/gpfs/fs1/sfw3/rhel9-x86_64/miniforge3/25.11.0-1/envs/ros2_env/include/eigen3/Eigen/src/Core/GeneralProduct.h:399:1:[m[K [01;36m[Knote: [m[K  template argument deduction/substitution failed:
[1.968s] [01m[K/gpfs/fs1/home/wtan10/Desktop/ECE217/project2_ws/src/ece217_project2_tan/src/kinematic_control.cpp:71:76:[m[K [01;36m[Knote: [m[K  mismatched types '[01m[Kconst Eigen::MatrixBase<Derived>[m[K' and '[01m[Kdouble& (Eigen::QuaternionBase<Eigen::Quaternion<double> >::*)()[m[K'
[1.968s]    71 |         erroro = quaternion_vector * goal_q.w - goal_quaternion_vector * q.[01;36m[Kw[m[K - cross;
[1.968s]       |                                                                            [01;36m[K^[m[K
[1.968s] [01m[K/gpfs/fs1/home/wtan10/Desktop/ECE217/project2_ws/src/ece217_project2_tan/src/kinematic_control.cpp:71:76:[m[K [01;36m[Knote: [m[K  mismatched types '[01m[Kconst Eigen::MatrixBase<Derived>[m[K' and '[01m[Kconst double& (Eigen::QuaternionBase<Eigen::Quaternion<double> >::*)() const[m[K'
[1.968s] [01m[K/gpfs/fs1/home/wtan10/Desktop/ECE217/project2_ws/src/ece217_project2_tan/src/kinematic_control.cpp:71:76:[m[K [01;36m[Knote: [m[K  couldn't deduce template parameter '[01m[KOtherDerived[m[K'
[1.968s] [01m[K/gpfs/fs1/sfw3/rhel9-x86_64/miniforge3/25.11.0-1/envs/ros2_env/include/eigen3/Eigen/src/Core/MatrixBase.h:185:5:[m[K [01;36m[Knote: [m[Kcandidate: '[01m[Ktemplate<class DiagonalDerived> const Eigen::Product<Derived, OtherDerived, 1> Eigen::MatrixBase<Derived>::[01;32m[Koperator*[m[K(const Eigen::DiagonalBase<DiagonalDerived>&) const [35m[K[with Derived = Eigen::Matrix<double, 3, 1>][m[K[m[K'
[1.968s]   185 |     [01;36m[Koperator[m[K*(const DiagonalBase<DiagonalDerived> &diagonal) const;
[1.968s]       |     [01;36m[K^~~~~~~~[m[K
[1.968s] [01m[K/gpfs/fs1/sfw3/rhel9-x86_64/miniforge3/25.11.0-1/envs/ros2_env/include/eigen3/Eigen/src/Core/MatrixBase.h:185:5:[m[K [01;36m[Knote: [m[K  template argument deduction/substitution failed:
[1.968s] [01m[K/gpfs/fs1/home/wtan10/Desktop/ECE217/project2_ws/src/ece217_project2_tan/src/kinematic_control.cpp:71:76:[m[K [01;36m[Knote: [m[K  mismatched types '[01m[Kconst Eigen::DiagonalBase<T>[m[K' and '[01m[Kdouble& (Eigen::QuaternionBase<Eigen::Quaternion<double> >::*)()[m[K'
[1.968s]    71 |         erroro = quaternion_vector * goal_q.w - goal_quaternion_vector * q.[01;36m[Kw[m[K - cross;
[1.969s]       |                                                                            [01;36m[K^[m[K
[1.969s] [01m[K/gpfs/fs1/home/wtan10/Desktop/ECE217/project2_ws/src/ece217_project2_tan/src/kinematic_control.cpp:71:76:[m[K [01;36m[Knote: [m[K  mismatched types '[01m[Kconst Eigen::DiagonalBase<T>[m[K' and '[01m[Kconst double& (Eigen::QuaternionBase<Eigen::Quaternion<double> >::*)() const[m[K'
[1.969s] [01m[K/gpfs/fs1/home/wtan10/Desktop/ECE217/project2_ws/src/ece217_project2_tan/src/kinematic_control.cpp:71:76:[m[K [01;36m[Knote: [m[K  couldn't deduce template parameter '[01m[KDiagonalDerived[m[K'
[1.969s] [01m[K/gpfs/fs1/sfw3/rhel9-x86_64/miniforge3/25.11.0-1/envs/ros2_env/include/eigen3/Eigen/src/Core/../plugins/CommonCwiseBinaryOps.h:50:29:[m[K [01;36m[Knote: [m[Kcandidate: '[01m[Ktemplate<class T> const Eigen::CwiseBinaryOp<Eigen::internal::scalar_product_op<typename Eigen::internal::promote_scalar_arg<double, T, Eigen::internal::has_ReturnType<Eigen::ScalarBinaryOpTraits<T, double, Eigen::internal::scalar_product_op<T, double> > >::value>::type, double>, const typename Eigen::internal::plain_constant_type<Eigen::Matrix<double, 3, 1>, typename Eigen::internal::promote_scalar_arg<double, T, Eigen::internal::has_ReturnType<Eigen::ScalarBinaryOpTraits<T, double, Eigen::internal::scalar_product_op<T, double> > >::value>::type>::type, const Eigen::Matrix<double, 3, 1> > Eigen::[01;32m[Koperator*[m[K(const T&, const MatrixBase<Matrix<double, 3, 1> >::StorageBaseType&)[m[K'
[1.969s]    50 | EIGEN_MAKE_SCALAR_BINARY_OP([01;36m[Koperator[m[K*,product)
[1.969s]       |                             [01;36m[K^~~~~~~~[m[K
[1.969s] [01m[K/gpfs/fs1/sfw3/rhel9-x86_64/miniforge3/25.11.0-1/envs/ros2_env/include/eigen3/Eigen/src/Core/util/Macros.h:1374:4:[m[K [01;36m[Knote: [m[Kin definition of macro '[01m[KEIGEN_MAKE_SCALAR_BINARY_OP_ONTHELEFT[m[K'
[1.969s]  1374 |   ([01;36m[KMETHOD[m[K)(const T& scalar, const StorageBaseType& matrix) { \
[1.969s]       |    [01;36m[K^~~~~~[m[K
[1.969s] [01m[K/gpfs/fs1/sfw3/rhel9-x86_64/miniforge3/25.11.0-1/envs/ros2_env/include/eigen3/Eigen/src/Core/../plugins/CommonCwiseBinaryOps.h:50:1:[m[K [01;36m[Knote: [m[Kin expansion of macro '[01m[KEIGEN_MAKE_SCALAR_BINARY_OP[m[K'
[1.969s]    50 | [01;36m[KEIGEN_MAKE_SCALAR_BINARY_OP[m[K(operator*,product)
[1.969s]       | [01;36m[K^~~~~~~~~~~~~~~~~~~~~~~~~~~[m[K
[1.969s] [01m[K/gpfs/fs1/sfw3/rhel9-x86_64/miniforge3/25.11.0-1/envs/ros2_env/include/eigen3/Eigen/src/Core/../plugins/CommonCwiseBinaryOps.h:50:29:[m[K [01;36m[Knote: [m[K  template argument deduction/substitution failed:
[1.969s]    50 | EIGEN_MAKE_SCALAR_BINARY_OP([01;36m[Koperator[m[K*,product)
[1.969s]       |                             [01;36m[K^~~~~~~~[m[K
[1.970s] [01m[K/gpfs/fs1/sfw3/rhel9-x86_64/miniforge3/25.11.0-1/envs/ros2_env/include/eigen3/Eigen/src/Core/util/Macros.h:1374:4:[m[K [01;36m[Knote: [m[Kin definition of macro '[01m[KEIGEN_MAKE_SCALAR_BINARY_OP_ONTHELEFT[m[K'
[1.970s]  1374 |   ([01;36m[KMETHOD[m[K)(const T& scalar, const StorageBaseType& matrix) { \
[1.970s]       |    [01;36m[K^~~~~~[m[K
[1.970s] [01m[K/gpfs/fs1/sfw3/rhel9-x86_64/miniforge3/25.11.0-1/envs/ros2_env/include/eigen3/Eigen/src/Core/../plugins/CommonCwiseBinaryOps.h:50:1:[m[K [01;36m[Knote: [m[Kin expansion of macro '[01m[KEIGEN_MAKE_SCALAR_BINARY_OP[m[K'
[1.970s]    50 | [01;36m[KEIGEN_MAKE_SCALAR_BINARY_OP[m[K(operator*,product)
[1.970s]       | [01;36m[K^~~~~~~~~~~~~~~~~~~~~~~~~~~[m[K
[1.970s] [01m[K/gpfs/fs1/home/wtan10/Desktop/ECE217/project2_ws/src/ece217_project2_tan/src/kinematic_control.cpp:71:76:[m[K [01;36m[Knote: [m[K  cannot convert '[01m[Kq.Eigen::QuaternionBase<Eigen::Quaternion<double> >::w[m[K' (type '[01m[K<unresolved overloaded function type>[m[K') to type '[01m[Kconst Eigen::MatrixBase<Eigen::Matrix<double, 3, 1> >::StorageBaseType&[m[K' {aka '[01m[Kconst Eigen::MatrixBase<Eigen::Matrix<double, 3, 1> >&[m[K'}
[1.970s]    71 |         erroro = quaternion_vector * goal_q.w - goal_quaternion_vector * [01;36m[Kq.w[m[K - cross;
[1.970s]       |                                                                          [01;36m[K~~^[m[K
[1.970s] [01m[K/gpfs/fs1/sfw3/rhel9-x86_64/miniforge3/25.11.0-1/envs/ros2_env/include/eigen3/Eigen/src/Geometry/RotationBase.h:76:49:[m[K [01;36m[Knote: [m[Kcandidate: '[01m[Ktemplate<class OtherDerived> Eigen::RotationBase<Eigen::Quaternion<double>, 3>::RotationMatrixType Eigen::[01;32m[Koperator*[m[K(const EigenBase<Derived>&, const Quaternion<double>&)[m[K'
[1.970s]    76 |     EIGEN_DEVICE_FUNC inline RotationMatrixType [01;36m[Koperator[m[K*(const EigenBase<OtherDerived>& l, const Derived& r)
[1.970s]       |                                                 [01;36m[K^~~~~~~~[m[K
[1.970s] [01m[K/gpfs/fs1/sfw3/rhel9-x86_64/miniforge3/25.11.0-1/envs/ros2_env/include/eigen3/Eigen/src/Geometry/RotationBase.h:76:49:[m[K [01;36m[Knote: [m[K  template argument deduction/substitution failed:
[1.970s] [01m[K/gpfs/fs1/home/wtan10/Desktop/ECE217/project2_ws/src/ece217_project2_tan/src/kinematic_control.cpp:71:76:[m[K [01;36m[Knote: [m[K  cannot convert '[01m[Kq.Eigen::QuaternionBase<Eigen::Quaternion<double> >::w[m[K' (type '[01m[K<unresolved overloaded function type>[m[K') to type '[01m[Kconst Eigen::Quaternion<double>&[m[K'
[1.971s]    71 |         erroro = quaternion_vector * goal_q.w - goal_quaternion_vector * [01;36m[Kq.w[m[K - cross;
[1.971s]       |                                                                          [01;36m[K~~^[m[K
[1.971s] [01m[K/gpfs/fs1/sfw3/rhel9-x86_64/miniforge3/25.11.0-1/envs/ros2_env/include/eigen3/Eigen/src/Core/PermutationMatrix.h:515:1:[m[K [01;36m[Knote: [m[Kcandidate: '[01m[Ktemplate<class MatrixDerived, class PermutationDerived> const Eigen::Product<MatrixDerived, PermutationDerived, 2> Eigen::[01;32m[Koperator*[m[K(const MatrixBase<Derived>&, const PermutationBase<PermutationDerived>&)[m[K'
[1.971s]   515 | [01;36m[Koperator[m[K*(const MatrixBase<MatrixDerived> &matrix,
[1.971s]       | [01;36m[K^~~~~~~~[m[K
[1.971s] [01m[K/gpfs/fs1/sfw3/rhel9-x86_64/miniforge3/25.11.0-1/envs/ros2_env/include/eigen3/Eigen/src/Core/PermutationMatrix.h:515:1:[m[K [01;36m[Knote: [m[K  template argument deduction/substitution failed:
[1.971s] [01m[K/gpfs/fs1/home/wtan10/Desktop/ECE217/project2_ws/src/ece217_project2_tan/src/kinematic_control.cpp:71:76:[m[K [01;36m[Knote: [m[K  mismatched types '[01m[Kconst Eigen::PermutationBase<PermutationDerived>[m[K' and '[01m[Kdouble& (Eigen::QuaternionBase<Eigen::Quaternion<double> >::*)()[m[K'
[1.971s]    71 |         erroro = quaternion_vector * goal_q.w - goal_quaternion_vector * q.[01;36m[Kw[m[K - cross;
[1.971s]       |                                                                            [01;36m[K^[m[K
[1.971s] [01m[K/gpfs/fs1/home/wtan10/Desktop/ECE217/project2_ws/src/ece217_project2_tan/src/kinematic_control.cpp:71:76:[m[K [01;36m[Knote: [m[K  mismatched types '[01m[Kconst Eigen::PermutationBase<PermutationDerived>[m[K' and '[01m[Kconst double& (Eigen::QuaternionBase<Eigen::Quaternion<double> >::*)() const[m[K'
[1.971s] [01m[K/gpfs/fs1/home/wtan10/Desktop/ECE217/project2_ws/src/ece217_project2_tan/src/kinematic_control.cpp:71:76:[m[K [01;36m[Knote: [m[K  couldn't deduce template parameter '[01m[KPermutationDerived[m[K'
[1.971s] [01m[K/gpfs/fs1/sfw3/rhel9-x86_64/miniforge3/25.11.0-1/envs/ros2_env/include/eigen3/Eigen/src/Core/PermutationMatrix.h:527:1:[m[K [01;36m[Knote: [m[Kcandidate: '[01m[Ktemplate<class PermutationDerived, class MatrixDerived> const Eigen::Product<MatrixDerived, PermutationDerived, 2> Eigen::[01;32m[Koperator*[m[K(const PermutationBase<PermutationDerived>&, const MatrixBase<U>&)[m[K'
[1.971s]   527 | [01;36m[Koperator[m[K*(const PermutationBase<PermutationDerived> &permutation,
[1.971s]       | [01;36m[K^~~~~~~~[m[K
[1.971s] [01m[K/gpfs/fs1/sfw3/rhel9-x86_64/miniforge3/25.11.0-1/envs/ros2_env/include/eigen3/Eigen/src/Core/PermutationMatrix.h:527:1:[m[K [01;36m[Knote: [m[K  template argument deduction/substitution failed:
[1.972s] [01m[K/gpfs/fs1/home/wtan10/Desktop/ECE217/project2_ws/src/ece217_project2_tan/src/kinematic_control.cpp:71:76:[m[K [01;36m[Knote: [m[K  '[01m[KEigen::Vector3d[m[K' {aka '[01m[KEigen::Matrix<double, 3, 1>[m[K'} is not derived from '[01m[Kconst Eigen::PermutationBase<PermutationDerived>[m[K'
[1.972s]    71 |         erroro = quaternion_vector * goal_q.w - goal_quaternion_vector * q.[01;36m[Kw[m[K - cross;
[1.972s]       |                                                                            [01;36m[K^[m[K
[1.972s] [01m[K/gpfs/fs1/sfw3/rhel9-x86_64/miniforge3/25.11.0-1/envs/ros2_env/include/eigen3/Eigen/src/Core/Transpositions.h:313:1:[m[K [01;36m[Knote: [m[Kcandidate: '[01m[Ktemplate<class MatrixDerived, class TranspositionsDerived> const Eigen::Product<MatrixDerived, PermutationDerived, 2> Eigen::[01;32m[Koperator*[m[K(const MatrixBase<Derived>&, const TranspositionsBase<TranspositionsDerived>&)[m[K'
[1.972s]   313 | [01;36m[Koperator[m[K*(const MatrixBase<MatrixDerived> &matrix,
[1.972s]       | [01;36m[K^~~~~~~~[m[K
[1.972s] [01m[K/gpfs/fs1/sfw3/rhel9-x86_64/miniforge3/25.11.0-1/envs/ros2_env/include/eigen3/Eigen/src/Core/Transpositions.h:313:1:[m[K [01;36m[Knote: [m[K  template argument deduction/substitution failed:
[1.972s] [01m[K/gpfs/fs1/home/wtan10/Desktop/ECE217/project2_ws/src/ece217_project2_tan/src/kinematic_control.cpp:71:76:[m[K [01;36m[Knote: [m[K  mismatched types '[01m[Kconst Eigen::TranspositionsBase<TranspositionsDerived>[m[K' and '[01m[Kdouble& (Eigen::QuaternionBase<Eigen::Quaternion<double> >::*)()[m[K'
[1.972s]    71 |         erroro = quaternion_vector * goal_q.w - goal_quaternion_vector * q.[01;36m[Kw[m[K - cross;
[1.972s]       |                                                                            [01;36m[K^[m[K
[1.972s] [01m[K/gpfs/fs1/home/wtan10/Desktop/ECE217/project2_ws/src/ece217_project2_tan/src/kinematic_control.cpp:71:76:[m[K [01;36m[Knote: [m[K  mismatched types '[01m[Kconst Eigen::TranspositionsBase<TranspositionsDerived>[m[K' and '[01m[Kconst double& (Eigen::QuaternionBase<Eigen::Quaternion<double> >::*)() const[m[K'
[1.972s] [01m[K/gpfs/fs1/home/wtan10/Desktop/ECE217/project2_ws/src/ece217_project2_tan/src/kinematic_control.cpp:71:76:[m[K [01;36m[Knote: [m[K  couldn't deduce template parameter '[01m[KTranspositionsDerived[m[K'
[1.972s] [01m[K/gpfs/fs1/sfw3/rhel9-x86_64/miniforge3/25.11.0-1/envs/ros2_env/include/eigen3/Eigen/src/Core/Transpositions.h:325:1:[m[K [01;36m[Knote: [m[Kcandidate: '[01m[Ktemplate<class TranspositionsDerived, class MatrixDerived> const Eigen::Product<MatrixDerived, PermutationDerived, 2> Eigen::[01;32m[Koperator*[m[K(const TranspositionsBase<TranspositionsDerived>&, const MatrixBase<U>&)[m[K'
[1.972s]   325 | [01;36m[Koperator[m[K*(const TranspositionsBase<TranspositionsDerived> &transpositions,
[1.973s]       | [01;36m[K^~~~~~~~[m[K
[1.973s] [01m[K/gpfs/fs1/sfw3/rhel9-x86_64/miniforge3/25.11.0-1/envs/ros2_env/include/eigen3/Eigen/src/Core/Transpositions.h:325:1:[m[K [01;36m[Knote: [m[K  template argument deduction/substitution failed:
[1.973s] [01m[K/gpfs/fs1/home/wtan10/Desktop/ECE217/project2_ws/src/ece217_project2_tan/src/kinematic_control.cpp:71:76:[m[K [01;36m[Knote: [m[K  '[01m[KEigen::Vector3d[m[K' {aka '[01m[KEigen::Matrix<double, 3, 1>[m[K'} is not derived from '[01m[Kconst Eigen::TranspositionsBase<TranspositionsDerived>[m[K'
[1.973s]    71 |         erroro = quaternion_vector * goal_q.w - goal_quaternion_vector * q.[01;36m[Kw[m[K - cross;
[1.973s]       |                                                                            [01;36m[K^[m[K
[1.973s] [01m[K/gpfs/fs1/sfw3/rhel9-x86_64/miniforge3/25.11.0-1/envs/ros2_env/include/eigen3/Eigen/src/Householder/HouseholderSequence.h:513:99:[m[K [01;36m[Knote: [m[Kcandidate: '[01m[Ktemplate<class OtherDerived, class VectorsType, class CoeffsType, int Side> typename Eigen::internal::matrix_type_times_scalar_type<typename VectorsType::Scalar, OtherDerived>::Type Eigen::[01;32m[Koperator*[m[K(const MatrixBase<Derived>&, const HouseholderSequence<VectorsType, CoeffsType, Side>&)[m[K'
[1.973s]   513 | typename internal::matrix_type_times_scalar_type<typename VectorsType::Scalar,OtherDerived>::Type [01;36m[Koperator[m[K*(const MatrixBase<OtherDerived>& other, const HouseholderSequence<VectorsType,CoeffsType,Side>& h)
[1.973s]       |                                                                                                   [01;36m[K^~~~~~~~[m[K
[1.973s] [01m[K/gpfs/fs1/sfw3/rhel9-x86_64/miniforge3/25.11.0-1/envs/ros2_env/include/eigen3/Eigen/src/Householder/HouseholderSequence.h:513:99:[m[K [01;36m[Knote: [m[K  template argument deduction/substitution failed:
[1.973s] [01m[K/gpfs/fs1/home/wtan10/Desktop/ECE217/project2_ws/src/ece217_project2_tan/src/kinematic_control.cpp:71:76:[m[K [01;36m[Knote: [m[K  mismatched types '[01m[Kconst Eigen::HouseholderSequence<VectorsType, CoeffsType, Side>[m[K' and '[01m[Kdouble& (Eigen::QuaternionBase<Eigen::Quaternion<double> >::*)()[m[K'
[1.973s]    71 |         erroro = quaternion_vector * goal_q.w - goal_quaternion_vector * q.[01;36m[Kw[m[K - cross;
[1.973s]       |                                                                            [01;36m[K^[m[K
[1.973s] [01m[K/gpfs/fs1/home/wtan10/Desktop/ECE217/project2_ws/src/ece217_project2_tan/src/kinematic_control.cpp:71:76:[m[K [01;36m[Knote: [m[K  mismatched types '[01m[Kconst Eigen::HouseholderSequence<VectorsType, CoeffsType, Side>[m[K' and '[01m[Kconst double& (Eigen::QuaternionBase<Eigen::Quaternion<double> >::*)() const[m[K'
[1.973s] [01m[K/gpfs/fs1/home/wtan10/Desktop/ECE217/project2_ws/src/ece217_project2_tan/src/kinematic_control.cpp:71:76:[m[K [01;36m[Knote: [m[K  couldn't deduce template parameter '[01m[KVectorsType[m[K'
[1.973s] [01m[K/gpfs/fs1/sfw3/rhel9-x86_64/miniforge3/25.11.0-1/envs/ros2_env/include/eigen3/Eigen/src/Geometry/Scaling.h:135:1:[m[K [01;36m[Knote: [m[Kcandidate: '[01m[Ktemplate<class Derived, class Scalar> Eigen::CwiseBinaryOp<Eigen::internal::scalar_product_op<typename Eigen::internal::traits<T>::Scalar, Scalar>, const Derived, const typename Eigen::internal::plain_constant_type<Expr, Scalar>::type> Eigen::[01;32m[Koperator*[m[K(const MatrixBase<Derived>&, const UniformScaling<Scalar>&)[m[K'
[1.974s]   135 | [01;36m[Koperator[m[K*(const MatrixBase<Derived>& matrix, const UniformScaling<Scalar>& s)
[1.974s]       | [01;36m[K^~~~~~~~[m[K
[1.974s] [01m[K/gpfs/fs1/sfw3/rhel9-x86_64/miniforge3/25.11.0-1/envs/ros2_env/include/eigen3/Eigen/src/Geometry/Scaling.h:135:1:[m[K [01;36m[Knote: [m[K  template argument deduction/substitution failed:
[1.974s] [01m[K/gpfs/fs1/home/wtan10/Desktop/ECE217/project2_ws/src/ece217_project2_tan/src/kinematic_control.cpp:71:76:[m[K [01;36m[Knote: [m[K  mismatched types '[01m[Kconst Eigen::UniformScaling<Scalar>[m[K' and '[01m[Kdouble& (Eigen::QuaternionBase<Eigen::Quaternion<double> >::*)()[m[K'
[1.974s]    71 |         erroro = quaternion_vector * goal_q.w - goal_quaternion_vector * q.[01;36m[Kw[m[K - cross;
[1.974s]       |                                                                            [01;36m[K^[m[K
[1.974s] [01m[K/gpfs/fs1/home/wtan10/Desktop/ECE217/project2_ws/src/ece217_project2_tan/src/kinematic_control.cpp:71:76:[m[K [01;36m[Knote: [m[K  mismatched types '[01m[Kconst Eigen::UniformScaling<Scalar>[m[K' and '[01m[Kconst double& (Eigen::QuaternionBase<Eigen::Quaternion<double> >::*)() const[m[K'
[1.974s] [01m[K/gpfs/fs1/home/wtan10/Desktop/ECE217/project2_ws/src/ece217_project2_tan/src/kinematic_control.cpp:71:76:[m[K [01;36m[Knote: [m[K  couldn't deduce template parameter '[01m[KScalar[m[K'
[1.974s] [01m[K/gpfs/fs1/sfw3/rhel9-x86_64/miniforge3/25.11.0-1/envs/ros2_env/include/eigen3/Eigen/src/Geometry/RotationBase.h:80:66:[m[K [01;36m[Knote: [m[Kcandidate: '[01m[KEigen::Transform<double, 3, 2> Eigen::[01;32m[Koperator*[m[K(const DiagonalMatrix<double, 3>&, const Quaternion<double>&)[m[K'
[1.974s]    80 |     EIGEN_DEVICE_FUNC friend inline Transform<Scalar,Dim,Affine> [01;36m[Koperator[m[K*(const DiagonalMatrix<Scalar,Dim>& l, const Derived& r)
[1.974s]       |                                                                  [01;36m[K^~~~~~~~[m[K
[1.974s] [01m[K/gpfs/fs1/sfw3/rhel9-x86_64/miniforge3/25.11.0-1/envs/ros2_env/include/eigen3/Eigen/src/Geometry/RotationBase.h:80:110:[m[K [01;36m[Knote: [m[K  no known conversion for argument 1 from '[01m[KEigen::Vector3d[m[K' {aka '[01m[KEigen::Matrix<double, 3, 1>[m[K'} to '[01m[Kconst Eigen::DiagonalMatrix<double, 3>&[m[K'
[1.974s]    80 |     EIGEN_DEVICE_FUNC friend inline Transform<Scalar,Dim,Affine> operator*([01;36m[Kconst DiagonalMatrix<Scalar,Dim>& l[m[K, const Derived& r)
[1.974s]       |                                                                            [01;36m[K~~~~~~~~~~~~~~~~~~~~~~~~~~~~~~~~~~^[m[K
[2.083s] In file included from [01m[K/gpfs/fs1/sfw3/rhel9-x86_64/miniforge3/25.11.0-1/envs/ros2_env/include/eigen3/Eigen/Core:164[m[K:
[2.083s] /gpfs/fs1/sfw3/rhel9-x86_64/miniforge3/25.11.0-1/envs/ros2_env/include/eigen3/Eigen/src/Core/GeneralProduct.h: In instantiation of '[01m[Kconst Eigen::Product<Derived, OtherDerived> Eigen::MatrixBase<Derived>::[01;32m[Koperator*[m[K(const Eigen::MatrixBase<OtherDerived>&) const [35m[K[with OtherDerived = Eigen::Block<Eigen::Matrix<double, 4, 1>, 3, 1, false>; Derived = Eigen::Block<Eigen::Matrix<double, 4, 1>, 3, 1, false>][m[K[m[K':
[2.083s] [01m[K/gpfs/fs1/home/wtan10/Desktop/ECE217/project2_ws/src/ece217_project2_tan/src/kinematic_control.cpp:69:47:[m[K   required from here
[2.083s]    69 |         Eigen::Vector3d cross = goal_q.vec() * q.vec([01;36m[K)[m[K;
[2.083s]       |                                                      [01;36m[K^[m[K
[2.083s] [01m[K/gpfs/fs1/sfw3/rhel9-x86_64/miniforge3/25.11.0-1/envs/ros2_env/include/eigen3/Eigen/src/Core/GeneralProduct.h:415:38:[m[K [01;31m[Kerror: [m[Kstatic assertion failed: INVALID_VECTOR_VECTOR_PRODUCT__IF_YOU_WANTED_A_DOT_OR_COEFF_WISE_PRODUCT_YOU_MUST_USE_THE_EXPLICIT_FUNCTIONS
[2.083s]   415 |   EIGEN_STATIC_ASSERT([01;31m[KProductIsValid || !(AreVectors && SameSizes)[m[K,
[2.083s]       |                       [01;31m[K~~~~~~~~~~~~~~~^~~~~~~~~~~~~~~~~~~~~~~~~~~~~[m[K
[2.084s] [01m[K/gpfs/fs1/sfw3/rhel9-x86_64/miniforge3/25.11.0-1/envs/ros2_env/include/eigen3/Eigen/src/Core/util/StaticAssert.h:33:54:[m[K [01;36m[Knote: [m[Kin definition of macro '[01m[KEIGEN_STATIC_ASSERT[m[K'
[2.084s]    33 |     #define EIGEN_STATIC_ASSERT(X,MSG) static_assert([01;36m[KX[m[K,#MSG);
[2.084s]       |                                                      [01;36m[K^[m[K
[2.084s] [01m[K/gpfs/fs1/sfw3/rhel9-x86_64/miniforge3/25.11.0-1/envs/ros2_env/include/eigen3/Eigen/src/Core/GeneralProduct.h:415:38:[m[K [01;36m[Knote: [m[K'[01m[K(false || (false || false))[m[K' evaluates to false
[2.084s]   415 |   EIGEN_STATIC_ASSERT([01;36m[KProductIsValid || !(AreVectors && SameSizes)[m[K,
[2.084s]       |                       [01;36m[K~~~~~~~~~~~~~~~^~~~~~~~~~~~~~~~~~~~~~~~~~~~~[m[K
[2.084s] [01m[K/gpfs/fs1/sfw3/rhel9-x86_64/miniforge3/25.11.0-1/envs/ros2_env/include/eigen3/Eigen/src/Core/util/StaticAssert.h:33:54:[m[K [01;36m[Knote: [m[Kin definition of macro '[01m[KEIGEN_STATIC_ASSERT[m[K'
[2.084s]    33 |     #define EIGEN_STATIC_ASSERT(X,MSG) static_assert([01;36m[KX[m[K,#MSG);
[2.084s]       |                                                      [01;36m[K^[m[K
[2.265s] /gpfs/fs1/sfw3/rhel9-x86_64/miniforge3/25.11.0-1/envs/ros2_env/include/eigen3/Eigen/src/Core/GeneralProduct.h: In instantiation of '[01m[Kconst Eigen::Product<Derived, OtherDerived, 1> Eigen::MatrixBase<Derived>::[01;32m[KlazyProduct[m[K(const Eigen::MatrixBase<OtherDerived>&) const [35m[K[with OtherDerived = Eigen::Block<Eigen::Matrix<double, 4, 1>, 3, 1, false>; Derived = Eigen::Block<Eigen::Matrix<double, 4, 1>, 3, 1, false>][m[K[m[K':
[2.265s] [01m[K/gpfs/fs1/sfw3/rhel9-x86_64/miniforge3/25.11.0-1/envs/ros2_env/include/eigen3/Eigen/src/Core/ProductEvaluators.h:402:50:[m[K   required from '[01m[Kstatic void Eigen::internal::generic_product_impl<Lhs, Rhs, Eigen::DenseShape, Eigen::DenseShape, 3>::[01;32m[KevalTo[m[K(Dst&, const Lhs&, const Rhs&) [35m[K[with Dst = Eigen::Matrix<double, 3, 1>; Lhs = Eigen::Block<Eigen::Matrix<double, 4, 1>, 3, 1, false>; Rhs = Eigen::Block<Eigen::Matrix<double, 4, 1>, 3, 1, false>][m[K[m[K'
[2.265s]   402 |     call_assignment_no_alias(dst, [01;36m[Klhs.lazyProduct(rhs)[m[K, internal::assign_op<typename Dst::Scalar,Scalar>());
[2.266s]       |                                   [01;36m[K~~~~~~~~~~~~~~~^~~~~[m[K
[2.266s] [01m[K/gpfs/fs1/sfw3/rhel9-x86_64/miniforge3/25.11.0-1/envs/ros2_env/include/eigen3/Eigen/src/Core/ProductEvaluators.h:148:43:[m[K   required from '[01m[Kstatic void Eigen::internal::Assignment<DstXprType, Eigen::Product<Lhs, Rhs, Options>, Eigen::internal::assign_op<Scalar, Scalar>, Eigen::internal::Dense2Dense, typename Eigen::internal::enable_if<((Options == Eigen::DefaultProduct) || (Options == Eigen::AliasFreeProduct))>::type>::[01;32m[Krun[m[K(DstXprType&, const SrcXprType&, const Eigen::internal::assign_op<Scalar, Scalar>&) [35m[K[with DstXprType = Eigen::Matrix<double, 3, 1>; Lhs = Eigen::Block<Eigen::Matrix<double, 4, 1>, 3, 1, false>; Rhs = Eigen::Block<Eigen::Matrix<double, 4, 1>, 3, 1, false>; int Options = 0; Scalar = double; SrcXprType = Eigen::Product<Eigen::Block<Eigen::Matrix<double, 4, 1>, 3, 1, false>, Eigen::Block<Eigen::Matrix<double, 4, 1>, 3, 1, false>, 0>][m[K[m[K'
[2.266s]   148 |     [01;36m[Kgeneric_product_impl<Lhs, Rhs>::evalTo(dst, src.lhs(), src.rhs())[m[K;
[2.266s]       |     [01;36m[K~~~~~~~~~~~~~~~~~~~~~~~~~~~~~~~~~~~~~~^~~~~~~~~~~~~~~~~~~~~~~~~~~[m[K
[2.266s] [01m[K/gpfs/fs1/sfw3/rhel9-x86_64/miniforge3/25.11.0-1/envs/ros2_env/include/eigen3/Eigen/src/Core/AssignEvaluator.h:890:49:[m[K   required from '[01m[Kvoid Eigen::internal::[01;32m[Kcall_assignment_no_alias[m[K(Dst&, const Src&, const Func&) [35m[K[with Dst = Eigen::Matrix<double, 3, 1>; Src = Eigen::Product<Eigen::Block<Eigen::Matrix<double, 4, 1>, 3, 1, false>, Eigen::Block<Eigen::Matrix<double, 4, 1>, 3, 1, false>, 0>; Func = assign_op<double, double>][m[K[m[K'
[2.266s]   890 |   [01;36m[KAssignment<ActualDstTypeCleaned,Src,Func>::run(actualDst, src, func)[m[K;
[2.266s]       |   [01;36m[K~~~~~~~~~~~~~~~~~~~~~~~~~~~~~~~~~~~~~~~~~~~~~~^~~~~~~~~~~~~~~~~~~~~~[m[K
[2.266s] [01m[K/gpfs/fs1/sfw3/rhel9-x86_64/miniforge3/25.11.0-1/envs/ros2_env/include/eigen3/Eigen/src/Core/PlainObjectBase.h:797:41:[m[K   required from '[01m[KDerived& Eigen::PlainObjectBase<Derived>::[01;32m[K_set_noalias[m[K(const Eigen::DenseBase<OtherDerived>&) [35m[K[with OtherDerived = Eigen::Product<Eigen::Block<Eigen::Matrix<double, 4, 1>, 3, 1, false>, Eigen::Block<Eigen::Matrix<double, 4, 1>, 3, 1, false>, 0>; Derived = Eigen::Matrix<double, 3, 1>][m[K[m[K'
[2.266s]   797 |       [01;36m[Kinternal::call_assignment_no_alias(this->derived(), other.derived(), internal::assign_op<Scalar,typename OtherDerived::Scalar>())[m[K;
[2.266s]       |       [01;36m[K~~~~~~~~~~~~~~~~~~~~~~~~~~~~~~~~~~^~~~~~~~~~~~~~~~~~~~~~~~~~~~~~~~~~~~~~~~~~~~~~~~~~~~~~~~~~~~~~~~~~~~~~~~~~~~~~~~~~~~~~~~~~~~~~~[m[K
[2.266s] [01m[K/gpfs/fs1/sfw3/rhel9-x86_64/miniforge3/25.11.0-1/envs/ros2_env/include/eigen3/Eigen/src/Core/PlainObjectBase.h:594:19:[m[K   required from '[01m[KEigen::PlainObjectBase<Derived>::[01;32m[KPlainObjectBase[m[K(const Eigen::DenseBase<OtherDerived>&) [35m[K[with OtherDerived = Eigen::Product<Eigen::Block<Eigen::Matrix<double, 4, 1>, 3, 1, false>, Eigen::Block<Eigen::Matrix<double, 4, 1>, 3, 1, false>, 0>; Derived = Eigen::Matrix<double, 3, 1>][m[K[m[K'
[2.266s]   594 |       [01;36m[K_set_noalias(other)[m[K;
[2.266s]       |       [01;36m[K~~~~~~~~~~~~^~~~~~~[m[K
[2.266s] [01m[K/gpfs/fs1/sfw3/rhel9-x86_64/miniforge3/25.11.0-1/envs/ros2_env/include/eigen3/Eigen/src/Core/Matrix.h:423:29:[m[K   required from '[01m[KEigen::Matrix<_Scalar, _Rows, _Cols, _Options, _MaxRows, _MaxCols>::[01;32m[KMatrix[m[K(const Eigen::EigenBase<OtherDerived>&) [35m[K[with OtherDerived = Eigen::Product<Eigen::Block<Eigen::Matrix<double, 4, 1>, 3, 1, false>, Eigen::Block<Eigen::Matrix<double, 4, 1>, 3, 1, false>, 0>; _Scalar = double; int _Rows = 3; int _Cols = 1; int _Options = 0; int _MaxRows = 3; int _MaxCols = 1][m[K[m[K'
[2.267s]   423 |       : Base(other.derived()[01;36m[K)[m[K
[2.267s]       |                             [01;36m[K^[m[K
[2.267s] [01m[K/gpfs/fs1/home/wtan10/Desktop/ECE217/project2_ws/src/ece217_project2_tan/src/kinematic_control.cpp:69:47:[m[K   required from here
[2.267s]    69 |         Eigen::Vector3d cross = goal_q.vec() * q.vec([01;36m[K)[m[K;
[2.267s]       |                                                      [01;36m[K^[m[K
[2.267s] [01m[K/gpfs/fs1/sfw3/rhel9-x86_64/miniforge3/25.11.0-1/envs/ros2_env/include/eigen3/Eigen/src/Core/GeneralProduct.h:454:38:[m[K [01;31m[Kerror: [m[Kstatic assertion failed: INVALID_VECTOR_VECTOR_PRODUCT__IF_YOU_WANTED_A_DOT_OR_COEFF_WISE_PRODUCT_YOU_MUST_USE_THE_EXPLICIT_FUNCTIONS
[2.267s]   454 |   EIGEN_STATIC_ASSERT([01;31m[KProductIsValid || !(AreVectors && SameSizes)[m[K,
[2.267s]       |                       [01;31m[K~~~~~~~~~~~~~~~^~~~~~~~~~~~~~~~~~~~~~~~~~~~~[m[K
[2.267s] [01m[K/gpfs/fs1/sfw3/rhel9-x86_64/miniforge3/25.11.0-1/envs/ros2_env/include/eigen3/Eigen/src/Core/util/StaticAssert.h:33:54:[m[K [01;36m[Knote: [m[Kin definition of macro '[01m[KEIGEN_STATIC_ASSERT[m[K'
[2.267s]    33 |     #define EIGEN_STATIC_ASSERT(X,MSG) static_assert([01;36m[KX[m[K,#MSG);
[2.267s]       |                                                      [01;36m[K^[m[K
[2.267s] [01m[K/gpfs/fs1/sfw3/rhel9-x86_64/miniforge3/25.11.0-1/envs/ros2_env/include/eigen3/Eigen/src/Core/GeneralProduct.h:454:38:[m[K [01;36m[Knote: [m[K'[01m[K(false || (false || false))[m[K' evaluates to false
[2.267s]   454 |   EIGEN_STATIC_ASSERT([01;36m[KProductIsValid || !(AreVectors && SameSizes)[m[K,
[2.267s]       |                       [01;36m[K~~~~~~~~~~~~~~~^~~~~~~~~~~~~~~~~~~~~~~~~~~~~[m[K
[2.267s] [01m[K/gpfs/fs1/sfw3/rhel9-x86_64/miniforge3/25.11.0-1/envs/ros2_env/include/eigen3/Eigen/src/Core/util/StaticAssert.h:33:54:[m[K [01;36m[Knote: [m[Kin definition of macro '[01m[KEIGEN_STATIC_ASSERT[m[K'
[2.268s]    33 |     #define EIGEN_STATIC_ASSERT(X,MSG) static_assert([01;36m[KX[m[K,#MSG);
[2.268s]       |                                                      [01;36m[K^[m[K
[2.680s] /gpfs/fs1/sfw3/rhel9-x86_64/miniforge3/25.11.0-1/envs/ros2_env/include/eigen3/Eigen/src/Core/CwiseBinaryOp.h: In instantiation of '[01m[KEigen::CwiseBinaryOp<BinaryOp, Lhs, Rhs>::[01;32m[KCwiseBinaryOp[m[K(const Lhs&, const Rhs&, const BinaryOp&) [35m[K[with BinaryOp = Eigen::internal::scalar_product_op<double, double>; LhsType = const Eigen::Transpose<const Eigen::Block<const Eigen::Block<Eigen::Matrix<double, 4, 1>, 3, 1, false>, 1, 1, false> >; RhsType = const Eigen::Block<const Eigen::Block<Eigen::Matrix<double, 4, 1>, 3, 1, false>, 3, 1, true>; Lhs = Eigen::Transpose<const Eigen::Block<const Eigen::Block<Eigen::Matrix<double, 4, 1>, 3, 1, false>, 1, 1, false> >; Rhs = Eigen::Block<const Eigen::Block<Eigen::Matrix<double, 4, 1>, 3, 1, false>, 3, 1, true>][m[K[m[K':
[2.680s] [01m[K/gpfs/fs1/sfw3/rhel9-x86_64/miniforge3/25.11.0-1/envs/ros2_env/include/eigen3/Eigen/src/Core/../plugins/MatrixCwiseBinaryOps.h:25:10:[m[K   required from '[01m[Kconst Eigen::CwiseBinaryOp<Eigen::internal::scalar_product_op<typename Eigen::internal::traits<T>::Scalar, typename Eigen::internal::traits<OtherDerived>::Scalar>, const Derived, const OtherDerived> Eigen::MatrixBase<Derived>::[01;32m[KcwiseProduct[m[K(const Eigen::MatrixBase<OtherDerived>&) const [35m[K[with OtherDerived = Eigen::Block<const Eigen::Block<Eigen::Matrix<double, 4, 1>, 3, 1, false>, 3, 1, true>; Derived = Eigen::Transpose<const Eigen::Block<const Eigen::Block<Eigen::Matrix<double, 4, 1>, 3, 1, false>, 1, 1, false> >; typename Eigen::internal::traits<T>::Scalar = double; typename Eigen::internal::traits<OtherDerived>::Scalar = double][m[K[m[K'
[2.680s]  1327 |     CwiseBinaryOp< \
[2.680s] [01m[K/gpfs/fs1/sfw3/rhel9-x86_64/miniforge3/25.11.0-1/envs/ros2_env/include/eigen3/Eigen/src/Core/ProductEvaluators.h:606:52:[m[K   required from '[01m[Kconst Eigen::internal::product_evaluator<Eigen::Product<Lhs, Rhs, 1>, ProductTag, Eigen::DenseShape, Eigen::DenseShape>::CoeffReturnType Eigen::internal::product_evaluator<Eigen::Product<Lhs, Rhs, 1>, ProductTag, Eigen::DenseShape, Eigen::DenseShape>::[01;32m[Kcoeff[m[K(Eigen::Index, Eigen::Index) const [35m[K[with Lhs = Eigen::Block<Eigen::Matrix<double, 4, 1>, 3, 1, false>; Rhs = Eigen::Block<Eigen::Matrix<double, 4, 1>, 3, 1, false>; int ProductTag = 4; typename Eigen::internal::traits<typename Eigen::Product<Lhs, Rhs, 1>::Lhs>::Scalar = double; typename Eigen::Product<Lhs, Rhs, 1>::Lhs = Eigen::Block<Eigen::Matrix<double, 4, 1>, 3, 1, false>; typename Eigen::internal::traits<typename Eigen::Product<Lhs, Rhs, 1>::Rhs>::Scalar = double; typename Eigen::Product<Lhs, Rhs, 1>::Rhs = Eigen::Block<Eigen::Matrix<double, 4, 1>, 3, 1, false>; CoeffReturnType = double; Eigen::Index = long int][m[K[m[K'
[2.680s]   606 |     return [01;36m[K(m_lhs.row(row).transpose().cwiseProduct( m_rhs.col(col) ))[m[K.sum();
[2.680s]       |            [01;36m[K~~~~~~~~~~~~~~~~~~~~~~~~~~~~~~~~~~~~~~~~^~~~~~~~~~~~~~~~~~~[m[K
[2.680s] [01m[K/gpfs/fs1/sfw3/rhel9-x86_64/miniforge3/25.11.0-1/envs/ros2_env/include/eigen3/Eigen/src/Core/AssignEvaluator.h:654:63:[m[K   required from '[01m[Kvoid Eigen::internal::generic_dense_assignment_kernel<DstEvaluatorTypeT, SrcEvaluatorTypeT, Functor, Version>::[01;32m[KassignCoeff[m[K(Eigen::Index, Eigen::Index) [35m[K[with DstEvaluatorTypeT = Eigen::internal::evaluator<Eigen::Matrix<double, 3, 1> >; SrcEvaluatorTypeT = Eigen::internal::evaluator<Eigen::Product<Eigen::Block<Eigen::Matrix<double, 4, 1>, 3, 1, false>, Eigen::Block<Eigen::Matrix<double, 4, 1>, 3, 1, false>, 1> >; Functor = Eigen::internal::assign_op<double, double>; int Version = 0; Eigen::Index = long int][m[K[m[K'
[2.680s]   654 |     m_functor.assignCoeff(m_dst.coeffRef(row,col), [01;36m[Km_src.coeff(row,col)[m[K);
[2.680s]       |                                                    [01;36m[K~~~~~~~~~~~^~~~~~~~~[m[K
[2.680s] [01m[K/gpfs/fs1/sfw3/rhel9-x86_64/miniforge3/25.11.0-1/envs/ros2_env/include/eigen3/Eigen/src/Core/AssignEvaluator.h:668:16:[m[K   required from '[01m[Kvoid Eigen::internal::generic_dense_assignment_kernel<DstEvaluatorTypeT, SrcEvaluatorTypeT, Functor, Version>::[01;32m[KassignCoeffByOuterInner[m[K(Eigen::Index, Eigen::Index) [35m[K[with DstEvaluatorTypeT = Eigen::internal::evaluator<Eigen::Matrix<double, 3, 1> >; SrcEvaluatorTypeT = Eigen::internal::evaluator<Eigen::Product<Eigen::Block<Eigen::Matrix<double, 4, 1>, 3, 1, false>, Eigen::Block<Eigen::Matrix<double, 4, 1>, 3, 1, false>, 1> >; Functor = Eigen::internal::assign_op<double, double>; int Version = 0; Eigen::Index = long int][m[K[m[K'
[2.680s]   668 |     [01;36m[KassignCoeff(row, col)[m[K;
[2.681s]       |     [01;36m[K~~~~~~~~~~~^~~~~~~~~~[m[K
[2.681s] [01m[K/gpfs/fs1/sfw3/rhel9-x86_64/miniforge3/25.11.0-1/envs/ros2_env/include/eigen3/Eigen/src/Core/AssignEvaluator.h:211:35:[m[K   required from '[01m[Kstatic void Eigen::internal::copy_using_evaluator_DefaultTraversal_CompleteUnrolling<Kernel, Index, Stop>::[01;32m[Krun[m[K(Kernel&) [35m[K[with Kernel = Eigen::internal::generic_dense_assignment_kernel<Eigen::internal::evaluator<Eigen::Matrix<double, 3, 1> >, Eigen::internal::evaluator<Eigen::Product<Eigen::Block<Eigen::Matrix<double, 4, 1>, 3, 1, false>, Eigen::Block<Eigen::Matrix<double, 4, 1>, 3, 1, false>, 1> >, Eigen::internal::assign_op<double, double>, 0>; int Index = 2; int Stop = 3][m[K[m[K'
[2.681s]   211 |     [01;36m[Kkernel.assignCoeffByOuterInner(outer, inner)[m[K;
[2.681s]       |     [01;36m[K~~~~~~~~~~~~~~~~~~~~~~~~~~~~~~^~~~~~~~~~~~~~[m[K
[2.681s] [01m[K/gpfs/fs1/sfw3/rhel9-x86_64/miniforge3/25.11.0-1/envs/ros2_env/include/eigen3/Eigen/src/Core/AssignEvaluator.h:456:92:[m[K   [ skipping 5 instantiation contexts, use -ftemplate-backtrace-limit=0 to disable ]
[2.681s] [01m[K/gpfs/fs1/sfw3/rhel9-x86_64/miniforge3/25.11.0-1/envs/ros2_env/include/eigen3/Eigen/src/Core/ProductEvaluators.h:148:43:[m[K   required from '[01m[Kstatic void Eigen::internal::Assignment<DstXprType, Eigen::Product<Lhs, Rhs, Options>, Eigen::internal::assign_op<Scalar, Scalar>, Eigen::internal::Dense2Dense, typename Eigen::internal::enable_if<((Options == Eigen::DefaultProduct) || (Options == Eigen::AliasFreeProduct))>::type>::[01;32m[Krun[m[K(DstXprType&, const SrcXprType&, const Eigen::internal::assign_op<Scalar, Scalar>&) [35m[K[with DstXprType = Eigen::Matrix<double, 3, 1>; Lhs = Eigen::Block<Eigen::Matrix<double, 4, 1>, 3, 1, false>; Rhs = Eigen::Block<Eigen::Matrix<double, 4, 1>, 3, 1, false>; int Options = 0; Scalar = double; SrcXprType = Eigen::Product<Eigen::Block<Eigen::Matrix<double, 4, 1>, 3, 1, false>, Eigen::Block<Eigen::Matrix<double, 4, 1>, 3, 1, false>, 0>][m[K[m[K'
[2.681s]   148 |     [01;36m[Kgeneric_product_impl<Lhs, Rhs>::evalTo(dst, src.lhs(), src.rhs())[m[K;
[2.681s]       |     [01;36m[K~~~~~~~~~~~~~~~~~~~~~~~~~~~~~~~~~~~~~~^~~~~~~~~~~~~~~~~~~~~~~~~~~[m[K
[2.681s] [01m[K/gpfs/fs1/sfw3/rhel9-x86_64/miniforge3/25.11.0-1/envs/ros2_env/include/eigen3/Eigen/src/Core/AssignEvaluator.h:890:49:[m[K   required from '[01m[Kvoid Eigen::internal::[01;32m[Kcall_assignment_no_alias[m[K(Dst&, const Src&, const Func&) [35m[K[with Dst = Eigen::Matrix<double, 3, 1>; Src = Eigen::Product<Eigen::Block<Eigen::Matrix<double, 4, 1>, 3, 1, false>, Eigen::Block<Eigen::Matrix<double, 4, 1>, 3, 1, false>, 0>; Func = assign_op<double, double>][m[K[m[K'
[2.681s]   890 |   [01;36m[KAssignment<ActualDstTypeCleaned,Src,Func>::run(actualDst, src, func)[m[K;
[2.681s]       |   [01;36m[K~~~~~~~~~~~~~~~~~~~~~~~~~~~~~~~~~~~~~~~~~~~~~~^~~~~~~~~~~~~~~~~~~~~~[m[K
[2.681s] [01m[K/gpfs/fs1/sfw3/rhel9-x86_64/miniforge3/25.11.0-1/envs/ros2_env/include/eigen3/Eigen/src/Core/PlainObjectBase.h:797:41:[m[K   required from '[01m[KDerived& Eigen::PlainObjectBase<Derived>::[01;32m[K_set_noalias[m[K(const Eigen::DenseBase<OtherDerived>&) [35m[K[with OtherDerived = Eigen::Product<Eigen::Block<Eigen::Matrix<double, 4, 1>, 3, 1, false>, Eigen::Block<Eigen::Matrix<double, 4, 1>, 3, 1, false>, 0>; Derived = Eigen::Matrix<double, 3, 1>][m[K[m[K'
[2.681s]   797 |       [01;36m[Kinternal::call_assignment_no_alias(this->derived(), other.derived(), internal::assign_op<Scalar,typename OtherDerived::Scalar>())[m[K;
[2.681s]       |       [01;36m[K~~~~~~~~~~~~~~~~~~~~~~~~~~~~~~~~~~^~~~~~~~~~~~~~~~~~~~~~~~~~~~~~~~~~~~~~~~~~~~~~~~~~~~~~~~~~~~~~~~~~~~~~~~~~~~~~~~~~~~~~~~~~~~~~~[m[K
[2.682s] [01m[K/gpfs/fs1/sfw3/rhel9-x86_64/miniforge3/25.11.0-1/envs/ros2_env/include/eigen3/Eigen/src/Core/PlainObjectBase.h:594:19:[m[K   required from '[01m[KEigen::PlainObjectBase<Derived>::[01;32m[KPlainObjectBase[m[K(const Eigen::DenseBase<OtherDerived>&) [35m[K[with OtherDerived = Eigen::Product<Eigen::Block<Eigen::Matrix<double, 4, 1>, 3, 1, false>, Eigen::Block<Eigen::Matrix<double, 4, 1>, 3, 1, false>, 0>; Derived = Eigen::Matrix<double, 3, 1>][m[K[m[K'
[2.682s]   594 |       [01;36m[K_set_noalias(other)[m[K;
[2.682s]       |       [01;36m[K~~~~~~~~~~~~^~~~~~~[m[K
[2.682s] [01m[K/gpfs/fs1/sfw3/rhel9-x86_64/miniforge3/25.11.0-1/envs/ros2_env/include/eigen3/Eigen/src/Core/Matrix.h:423:29:[m[K   required from '[01m[KEigen::Matrix<_Scalar, _Rows, _Cols, _Options, _MaxRows, _MaxCols>::[01;32m[KMatrix[m[K(const Eigen::EigenBase<OtherDerived>&) [35m[K[with OtherDerived = Eigen::Product<Eigen::Block<Eigen::Matrix<double, 4, 1>, 3, 1, false>, Eigen::Block<Eigen::Matrix<double, 4, 1>, 3, 1, false>, 0>; _Scalar = double; int _Rows = 3; int _Cols = 1; int _Options = 0; int _MaxRows = 3; int _MaxCols = 1][m[K[m[K'
[2.682s]   423 |       : Base(other.derived()[01;36m[K)[m[K
[2.682s]       |                             [01;36m[K^[m[K
[2.682s] [01m[K/gpfs/fs1/home/wtan10/Desktop/ECE217/project2_ws/src/ece217_project2_tan/src/kinematic_control.cpp:69:47:[m[K   required from here
[2.682s]    69 |         Eigen::Vector3d cross = goal_q.vec() * q.vec([01;36m[K)[m[K;
[2.682s]       |                                                      [01;36m[K^[m[K
[2.682s] [01m[K/gpfs/fs1/sfw3/rhel9-x86_64/miniforge3/25.11.0-1/envs/ros2_env/include/eigen3/Eigen/src/Core/util/StaticAssert.h:177:5:[m[K [01;31m[Kerror: [m[Kstatic assertion failed: YOU_MIXED_MATRICES_OF_DIFFERENT_SIZES
[2.682s]   175 |      [01;31m[K( \[m[K
[2.682s]       |      [01;31m[K~~~[m[K
[2.682s]   176 | [01;31m[K        (int(Eigen::internal::size_of_xpr_at_compile_time<TYPE0>::ret)==0 && int(Eigen::internal::size_of_xpr_at_compile_time<TYPE1>::ret)==0) \[m[K
[2.682s]       |         [01;31m[K~~~~~~~~~~~~~~~~~~~~~~~~~~~~~~~~~~~~~~~~~~~~~~~~~~~~~~~~~~~~~~~~~~~~~~~~~~~~~~~~~~~~~~~~~~~~~~~~~~~~~~~~~~~~~~~~~~~~~~~~~~~~~~~~~~~~~~~~[m[K
[2.682s]   177 | [01;31m[K    || (\[m[K
[2.683s]       |     [01;31m[K^~~~~[m[K
[2.683s]   178 | [01;31m[K          (int(TYPE0::RowsAtCompileTime)==Eigen::Dynamic \[m[K
[2.683s]       |           [01;31m[K~~~~~~~~~~~~~~~~~~~~~~~~~~~~~~~~~~~~~~~~~~~~~~~~[m[K
[2.683s]   179 | [01;31m[K        || int(TYPE1::RowsAtCompileTime)==Eigen::Dynamic \[m[K
[2.683s]       |         [01;31m[K~~~~~~~~~~~~~~~~~~~~~~~~~~~~~~~~~~~~~~~~~~~~~~~~~~[m[K
[2.683s]   180 | [01;31m[K        || int(TYPE0::RowsAtCompileTime)==int(TYPE1::RowsAtCompileTime)) \[m[K
[2.683s]       |         [01;31m[K~~~~~~~~~~~~~~~~~~~~~~~~~~~~~~~~~~~~~~~~~~~~~~~~~~~~~~~~~~~~~~~~~~[m[K
[2.683s]   181 | [01;31m[K      &&  (int(TYPE0::ColsAtCompileTime)==Eigen::Dynamic \[m[K
[2.683s]       |       [01;31m[K~~~~~~~~~~~~~~~~~~~~~~~~~~~~~~~~~~~~~~~~~~~~~~~~~~~~[m[K
[2.683s]   182 | [01;31m[K        || int(TYPE1::ColsAtCompileTime)==Eigen::Dynamic \[m[K
[2.683s]       |         [01;31m[K~~~~~~~~~~~~~~~~~~~~~~~~~~~~~~~~~~~~~~~~~~~~~~~~~~[m[K
[2.683s]   183 | [01;31m[K        || int(TYPE0::ColsAtCompileTime)==int(TYPE1::ColsAtCompileTime))\[m[K
[2.683s]       |         [01;31m[K~~~~~~~~~~~~~~~~~~~~~~~~~~~~~~~~~~~~~~~~~~~~~~~~~~~~~~~~~~~~~~~~~[m[K
[2.683s]   184 | [01;31m[K       ) \[m[K
[2.683s]       |        [01;31m[K~~~[m[K
[2.684s]   185 | [01;31m[K     )[m[K
[2.684s]       |      [01;31m[K~[m[K
[2.684s] [01m[K/gpfs/fs1/sfw3/rhel9-x86_64/miniforge3/25.11.0-1/envs/ros2_env/include/eigen3/Eigen/src/Core/util/StaticAssert.h:33:54:[m[K [01;36m[Knote: [m[Kin definition of macro '[01m[KEIGEN_STATIC_ASSERT[m[K'
[2.684s]    33 |     #define EIGEN_STATIC_ASSERT(X,MSG) static_assert([01;36m[KX[m[K,#MSG);
[2.684s]       |                                                      [01;36m[K^[m[K
[2.684s] [01m[K/gpfs/fs1/sfw3/rhel9-x86_64/miniforge3/25.11.0-1/envs/ros2_env/include/eigen3/Eigen/src/Core/util/StaticAssert.h:194:6:[m[K [01;36m[Knote: [m[Kin expansion of macro '[01m[KEIGEN_PREDICATE_SAME_MATRIX_SIZE[m[K'
[2.684s]   194 |      [01;36m[KEIGEN_PREDICATE_SAME_MATRIX_SIZE[m[K(TYPE0,TYPE1),\
[2.684s]       |      [01;36m[K^~~~~~~~~~~~~~~~~~~~~~~~~~~~~~~~[m[K
[2.684s] [01m[K/gpfs/fs1/sfw3/rhel9-x86_64/miniforge3/25.11.0-1/envs/ros2_env/include/eigen3/Eigen/src/Core/CwiseBinaryOp.h:115:7:[m[K [01;36m[Knote: [m[Kin expansion of macro '[01m[KEIGEN_STATIC_ASSERT_SAME_MATRIX_SIZE[m[K'
[2.684s]   115 |       [01;36m[KEIGEN_STATIC_ASSERT_SAME_MATRIX_SIZE[m[K(Lhs, Rhs)
[2.684s]       |       [01;36m[K^~~~~~~~~~~~~~~~~~~~~~~~~~~~~~~~~~~~[m[K
[2.684s] [01m[K/gpfs/fs1/sfw3/rhel9-x86_64/miniforge3/25.11.0-1/envs/ros2_env/include/eigen3/Eigen/src/Core/util/StaticAssert.h:177:5:[m[K [01;36m[Knote: [m[K'[01m[K(((((int)Eigen::internal::size_of_xpr_at_compile_time<Eigen::Transpose<const Eigen::Block<const Eigen::Block<Eigen::Matrix<double, 4, 1>, 3, 1, false>, 1, 1, false> > >::ret) == 0) && (((int)Eigen::internal::size_of_xpr_at_compile_time<Eigen::Block<const Eigen::Block<Eigen::Matrix<double, 4, 1>, 3, 1, false>, 3, 1, true> >::ret) == 0)) || ((((((int)Eigen::Transpose<const Eigen::Block<const Eigen::Block<Eigen::Matrix<double, 4, 1>, 3, 1, false>, 1, 1, false> >::RowsAtCompileTime) == ((int)Eigen::Dynamic)) || (((int)Eigen::Block<const Eigen::Block<Eigen::Matrix<double, 4, 1>, 3, 1, false>, 3, 1, true>::RowsAtCompileTime) == ((int)Eigen::Dynamic))) || (((int)Eigen::Transpose<const Eigen::Block<const Eigen::Block<Eigen::Matrix<double, 4, 1>, 3, 1, false>, 1, 1, false> >::RowsAtCompileTime) == ((int)Eigen::Block<const Eigen::Block<Eigen::Matrix<double, 4, 1>, 3, 1, false>, 3, 1, true>::RowsAtCompileTime))) && (((((int)Eigen::Transpose<const Eigen::Block<const Eigen::Block<Eigen::Matrix<double, 4, 1>, 3, 1, false>, 1, 1, false> >::ColsAtCompileTime) == ((int)Eigen::Dynamic)) || (((int)Eigen::Block<const Eigen::Block<Eigen::Matrix<double, 4, 1>, 3, 1, false>, 3, 1, true>::ColsAtCompileTime) == ((int)Eigen::Dynamic))) || (((int)Eigen::Transpose<const Eigen::Block<const Eigen::Block<Eigen::Matrix<double, 4, 1>, 3, 1, false>, 1, 1, false> >::ColsAtCompileTime) == ((int)Eigen::Block<const Eigen::Block<Eigen::Matrix<double, 4, 1>, 3, 1, false>, 3, 1, true>::ColsAtCompileTime)))))[m[K' evaluates to false
[2.684s]   175 |      [01;36m[K( \[m[K
[2.684s]       |      [01;36m[K~~~[m[K
[2.685s]   176 | [01;36m[K        (int(Eigen::internal::size_of_xpr_at_compile_time<TYPE0>::ret)==0 && int(Eigen::internal::size_of_xpr_at_compile_time<TYPE1>::ret)==0) \[m[K
[2.685s]       |         [01;36m[K~~~~~~~~~~~~~~~~~~~~~~~~~~~~~~~~~~~~~~~~~~~~~~~~~~~~~~~~~~~~~~~~~~~~~~~~~~~~~~~~~~~~~~~~~~~~~~~~~~~~~~~~~~~~~~~~~~~~~~~~~~~~~~~~~~~~~~~~[m[K
[2.685s]   177 | [01;36m[K    || (\[m[K
[2.685s]       |     [01;36m[K^~~~~[m[K
[2.685s]   178 | [01;36m[K          (int(TYPE0::RowsAtCompileTime)==Eigen::Dynamic \[m[K
[2.685s]       |           [01;36m[K~~~~~~~~~~~~~~~~~~~~~~~~~~~~~~~~~~~~~~~~~~~~~~~~[m[K
[2.685s]   179 | [01;36m[K        || int(TYPE1::RowsAtCompileTime)==Eigen::Dynamic \[m[K
[2.685s]       |         [01;36m[K~~~~~~~~~~~~~~~~~~~~~~~~~~~~~~~~~~~~~~~~~~~~~~~~~~[m[K
[2.685s]   180 | [01;36m[K        || int(TYPE0::RowsAtCompileTime)==int(TYPE1::RowsAtCompileTime)) \[m[K
[2.685s]       |         [01;36m[K~~~~~~~~~~~~~~~~~~~~~~~~~~~~~~~~~~~~~~~~~~~~~~~~~~~~~~~~~~~~~~~~~~[m[K
[2.685s]   181 | [01;36m[K      &&  (int(TYPE0::ColsAtCompileTime)==Eigen::Dynamic \[m[K
[2.685s]       |       [01;36m[K~~~~~~~~~~~~~~~~~~~~~~~~~~~~~~~~~~~~~~~~~~~~~~~~~~~~[m[K
[2.685s]   182 | [01;36m[K        || int(TYPE1::ColsAtCompileTime)==Eigen::Dynamic \[m[K
[2.685s]       |         [01;36m[K~~~~~~~~~~~~~~~~~~~~~~~~~~~~~~~~~~~~~~~~~~~~~~~~~~[m[K
[2.685s]   183 | [01;36m[K        || int(TYPE0::ColsAtCompileTime)==int(TYPE1::ColsAtCompileTime))\[m[K
[2.686s]       |         [01;36m[K~~~~~~~~~~~~~~~~~~~~~~~~~~~~~~~~~~~~~~~~~~~~~~~~~~~~~~~~~~~~~~~~~[m[K
[2.686s]   184 | [01;36m[K       ) \[m[K
[2.686s]       |        [01;36m[K~~~[m[K
[2.686s]   185 | [01;36m[K     )[m[K
[2.686s]       |      [01;36m[K~[m[K
[2.686s] [01m[K/gpfs/fs1/sfw3/rhel9-x86_64/miniforge3/25.11.0-1/envs/ros2_env/include/eigen3/Eigen/src/Core/util/StaticAssert.h:33:54:[m[K [01;36m[Knote: [m[Kin definition of macro '[01m[KEIGEN_STATIC_ASSERT[m[K'
[2.686s]    33 |     #define EIGEN_STATIC_ASSERT(X,MSG) static_assert([01;36m[KX[m[K,#MSG);
[2.686s]       |                                                      [01;36m[K^[m[K
[2.686s] [01m[K/gpfs/fs1/sfw3/rhel9-x86_64/miniforge3/25.11.0-1/envs/ros2_env/include/eigen3/Eigen/src/Core/util/StaticAssert.h:194:6:[m[K [01;36m[Knote: [m[Kin expansion of macro '[01m[KEIGEN_PREDICATE_SAME_MATRIX_SIZE[m[K'
[2.686s]   194 |      [01;36m[KEIGEN_PREDICATE_SAME_MATRIX_SIZE[m[K(TYPE0,TYPE1),\
[2.686s]       |      [01;36m[K^~~~~~~~~~~~~~~~~~~~~~~~~~~~~~~~[m[K
[2.686s] [01m[K/gpfs/fs1/sfw3/rhel9-x86_64/miniforge3/25.11.0-1/envs/ros2_env/include/eigen3/Eigen/src/Core/CwiseBinaryOp.h:115:7:[m[K [01;36m[Knote: [m[Kin expansion of macro '[01m[KEIGEN_STATIC_ASSERT_SAME_MATRIX_SIZE[m[K'
[2.686s]   115 |       [01;36m[KEIGEN_STATIC_ASSERT_SAME_MATRIX_SIZE[m[K(Lhs, Rhs)
[2.686s]       |       [01;36m[K^~~~~~~~~~~~~~~~~~~~~~~~~~~~~~~~~~~~[m[K
[3.513s] gmake[2]: *** [CMakeFiles/project2-server.dir/build.make:93: CMakeFiles/project2-server.dir/src/kinematic_control.cpp.o] Error 1
[3.513s] gmake[2]: *** Waiting for unfinished jobs....
[3.729s] In file included from [01m[K/gpfs/fs1/home/wtan10/Desktop/ECE217/project2_ws/src/ece217_project2_tan/src/project2-server.cpp:5[m[K:
[3.729s] [01m[K/gpfs/fs1/home/wtan10/Desktop/ECE217/project2_ws/src/ece217_project2_tan/include/ece217_project2_tan/project2-server.h:4:1:[m[K [01;31m[Kerror: [m[K'[01m[KEigen[m[K' does not name a type
[3.729s]     4 | [01;31m[KEigen[m[K::VectorXd kinematic(double joint1theta=0.0, double joint2theta=0.0, double joint3theta=0.0, double joint4theta=0.0, double joint5theta=0.0, double joint6theta=0.0,
[3.729s]       | [01;31m[K^~~~~[m[K
[3.735s] [01m[K/gpfs/fs1/home/wtan10/Desktop/ECE217/project2_ws/src/ece217_project2_tan/src/project2-server.cpp:[m[K In function '[01m[Kint[01;32m[K main[m[K(int, char**)[m[K':
[3.736s] [01m[K/gpfs/fs1/home/wtan10/Desktop/ECE217/project2_ws/src/ece217_project2_tan/src/project2-server.cpp:65:35:[m[K [01;31m[Kerror: [m[K'[01m[KManipulationService[m[K' was not declared in this scope
[3.736s]    65 |   rclcpp::spin( std::make_shared< [01;31m[KManipulationService[m[K >() );
[3.736s]       |                                   [01;31m[K^~~~~~~~~~~~~~~~~~~[m[K
[3.736s] [01m[K/gpfs/fs1/home/wtan10/Desktop/ECE217/project2_ws/src/ece217_project2_tan/src/project2-server.cpp:65:56:[m[K [01;31m[Kerror: [m[Kno matching function for call to '[01m[Kmake_shared<<expression error> >()[m[K'
[3.736s]    65 |   rclcpp::spin( [01;31m[Kstd::make_shared< ManipulationService >()[m[K );
[3.736s]       |                 [01;31m[K~~~~~~~~~~~~~~~~~~~~~~~~~~~~~~~~~~~~~~~^~[m[K
[3.736s] In file included from [01m[K/gpfs/fs1/sfw3/rhel9-x86_64/miniforge3/25.11.0-1/envs/ros2_env/lib/gcc/x86_64-conda-linux-gnu/14.3.0/include/c++/memory:80[m[K,
[3.736s]                  from [01m[K/gpfs/fs1/sfw3/rhel9-x86_64/miniforge3/25.11.0-1/envs/ros2_env/include/rclcpp/rclcpp/rclcpp.hpp:169[m[K,
[3.736s]                  from [01m[K/gpfs/fs1/home/wtan10/Desktop/ECE217/project2_ws/src/ece217_project2_tan/src/project2-server.cpp:2[m[K:
[3.736s] [01m[K/gpfs/fs1/sfw3/rhel9-x86_64/miniforge3/25.11.0-1/envs/ros2_env/lib/gcc/x86_64-conda-linux-gnu/14.3.0/include/c++/bits/shared_ptr.h:1003:5:[m[K [01;36m[Knote: [m[Kcandidate: '[01m[Ktemplate<class _Tp, class ... _Args> std::shared_ptr<typename std::enable_if<(! std::is_array<_Tp>::value), _Tp>::type> std::[01;32m[Kmake_shared[m[K(_Args&& ...)[m[K'
[3.736s]  1003 |     [01;36m[Kmake_shared[m[K(_Args&&... __args)
[3.736s]       |     [01;36m[K^~~~~~~~~~~[m[K
[3.736s] [01m[K/gpfs/fs1/sfw3/rhel9-x86_64/miniforge3/25.11.0-1/envs/ros2_env/lib/gcc/x86_64-conda-linux-gnu/14.3.0/include/c++/bits/shared_ptr.h:1003:5:[m[K [01;36m[Knote: [m[K  template argument deduction/substitution failed:
[3.737s] [01m[K/gpfs/fs1/home/wtan10/Desktop/ECE217/project2_ws/src/ece217_project2_tan/src/project2-server.cpp:65:56:[m[K [01;31m[Kerror: [m[Ktemplate argument 1 is invalid
[3.737s]    65 |   rclcpp::spin( [01;31m[Kstd::make_shared< ManipulationService >()[m[K );
[3.737s]       |                 [01;31m[K~~~~~~~~~~~~~~~~~~~~~~~~~~~~~~~~~~~~~~~^~[m[K
[4.464s] gmake[2]: *** [CMakeFiles/project2-server.dir/build.make:79: CMakeFiles/project2-server.dir/src/project2-server.cpp.o] Error 1
[4.465s] gmake[1]: *** [CMakeFiles/Makefile2:805: CMakeFiles/project2-server.dir/all] Error 2
[4.465s] gmake: *** [Makefile:146: all] Error 2
[4.467s] Invoked command in '/gpfs/fs1/home/wtan10/Desktop/ECE217/project2_ws/build/ece217_project2_tan' returned '2': CONDA_PROMPT_MODIFIER=(ros2_env) _=/usr/bin/env /gpfs/fs1/sfw3/rhel9-x86_64/miniforge3/25.11.0-1/envs/ros2_env/bin/cmake --build /gpfs/fs1/home/wtan10/Desktop/ECE217/project2_ws/build/ece217_project2_tan -- -j2 -l2
