[0mCMake Deprecation Warning at CMakeLists.txt:1 (cmake_minimum_required):
  Compatibility with CMake < 3.10 will be removed from a future version of
  CMake.

  Update the VERSION argument <min> value.  Or, use the <min>...<max> syntax
  to tell CMake that the project requires at least <min> but has been updated
  to work with policies introduced by <max> or earlier.

[0m
-- Found ament_cmake: 2.5.4 (/gpfs/fs1/sfw3/rhel9-x86_64/miniforge3/25.11.0-1/envs/ros2_env/share/ament_cmake/cmake)
-- Found Python3: /gpfs/fs1/sfw3/rhel9-x86_64/miniforge3/25.11.0-1/envs/ros2_env/bin/python3 (found version "3.12.12") found components: Interpreter
-- Found rclcpp: 28.1.15 (/gpfs/fs1/sfw3/rhel9-x86_64/miniforge3/25.11.0-1/envs/ros2_env/share/rclcpp/cmake)
-- Found rosidl_generator_c: 4.6.7 (/gpfs/fs1/sfw3/rhel9-x86_64/miniforge3/25.11.0-1/envs/ros2_env/share/rosidl_generator_c/cmake)
-- Found rosidl_generator_cpp: 4.6.7 (/gpfs/fs1/sfw3/rhel9-x86_64/miniforge3/25.11.0-1/envs/ros2_env/share/rosidl_generator_cpp/cmake)
-- Using all available rosidl_typesupport_c: rosidl_typesupport_fastrtps_c;rosidl_typesupport_introspection_c
-- Using all available rosidl_typesupport_cpp: rosidl_typesupport_fastrtps_cpp;rosidl_typesupport_introspection_cpp
-- Found rmw_implementation_cmake: 7.3.2 (/gpfs/fs1/sfw3/rhel9-x86_64/miniforge3/25.11.0-1/envs/ros2_env/share/rmw_implementation_cmake/cmake)
-- Found rmw_fastrtps_cpp: 8.4.3 (/gpfs/fs1/sfw3/rhel9-x86_64/miniforge3/25.11.0-1/envs/ros2_env/share/rmw_fastrtps_cpp/cmake)
-- Using RMW implementation 'rmw_fastrtps_cpp' as default
-- Found geometry_msgs: 5.3.6 (/gpfs/fs1/sfw3/rhel9-x86_64/miniforge3/25.11.0-1/envs/ros2_env/share/geometry_msgs/cmake)
[33mCMake Warning (dev) at CMakeLists.txt:12 (find_package):
  Policy CMP0167 is not set: The FindBoost module is removed.  Run "cmake
  --help-policy CMP0167" for policy details.  Use the cmake_policy command to
  set the policy and suppress this warning.

This warning is for project developers.  Use -Wno-dev to suppress it.
[0m
-- Found rosidl_default_generators: 1.6.0 (/gpfs/fs1/sfw3/rhel9-x86_64/miniforge3/25.11.0-1/envs/ros2_env/share/rosidl_default_generators/cmake)
-- Found rosidl_adapter: 4.6.7 (/gpfs/fs1/sfw3/rhel9-x86_64/miniforge3/25.11.0-1/envs/ros2_env/share/rosidl_adapter/cmake)
-- Found nav_msgs: 5.3.6 (/gpfs/fs1/sfw3/rhel9-x86_64/miniforge3/25.11.0-1/envs/ros2_env/share/nav_msgs/cmake)
-- Found pluginlib: 5.4.4 (/gpfs/fs1/sfw3/rhel9-x86_64/miniforge3/25.11.0-1/envs/ros2_env/share/pluginlib/cmake)
-- Found visualization_msgs: 5.3.6 (/gpfs/fs1/sfw3/rhel9-x86_64/miniforge3/25.11.0-1/envs/ros2_env/share/visualization_msgs/cmake)
-- Found ament_cmake_ros: 0.12.0 (/gpfs/fs1/sfw3/rhel9-x86_64/miniforge3/25.11.0-1/envs/ros2_env/share/ament_cmake_ros/cmake)
-- Using all available rosidl_typesupport_c: rosidl_typesupport_fastrtps_c;rosidl_typesupport_introspection_c
-- Using all available rosidl_typesupport_cpp: rosidl_typesupport_fastrtps_cpp;rosidl_typesupport_introspection_cpp
-- Found python_cmake_module: 0.11.1 (/gpfs/fs1/sfw3/rhel9-x86_64/miniforge3/25.11.0-1/envs/ros2_env/share/python_cmake_module/cmake)
-- Found Python3: /gpfs/fs1/sfw3/rhel9-x86_64/miniforge3/25.11.0-1/envs/ros2_env/bin/python3 (found version "3.12.12") found components: Interpreter Development NumPy Development.Module Development.Embed
-- Found ament_lint_auto: 0.17.3 (/gpfs/fs1/sfw3/rhel9-x86_64/miniforge3/25.11.0-1/envs/ros2_env/share/ament_lint_auto/cmake)
-- Added test 'cppcheck' to perform static code analysis on C / C++ code
-- Configured cppcheck include dirs: /gpfs/fs1/home/wtan10/Desktop/ECE217/project2_ws/src/ece217_project2_tan/include;$<BUILD_INTERFACE:/gpfs/fs1/home/wtan10/Desktop/ECE217/project2_ws/src/ece217_project2_tan/include>
-- Configured cppcheck exclude dirs and/or files: 
-- Added test 'lint_cmake' to check CMake code style
-- Added test 'uncrustify' to check C / C++ code style
-- Configured uncrustify additional arguments: 
-- Added test 'xmllint' to check XML markup files
-- Configuring done (5.0s)
-- Generating done (1.4s)
-- Build files have been written to: /gpfs/fs1/home/wtan10/Desktop/ECE217/project2_ws/build/ece217_project2_tan
[  2%] Built target ece217_project2_tan__rosidl_generator_type_description
[  5%] Built target ece217_project2_tan__cpp
[  5%] Built target ament_cmake_python_copy_ece217_project2_tan
[  7%] [32mBuilding C object CMakeFiles/ece217_project2_tan__rosidl_generator_c.dir/rosidl_generator_c/ece217_project2_tan/srv/detail/manipulation_query__description.c.o[0m
running egg_info
writing ece217_project2_tan.egg-info/PKG-INFO
writing dependency_links to ece217_project2_tan.egg-info/dependency_links.txt
writing top-level names to ece217_project2_tan.egg-info/top_level.txt
reading manifest file 'ece217_project2_tan.egg-info/SOURCES.txt'
writing manifest file 'ece217_project2_tan.egg-info/SOURCES.txt'
[  7%] Built target ament_cmake_python_build_ece217_project2_tan_egg
[ 10%] [32mBuilding C object CMakeFiles/ece217_project2_tan__rosidl_generator_c.dir/rosidl_generator_c/ece217_project2_tan/srv/detail/manipulation_query__functions.c.o[0m
[ 13%] [32mBuilding C object CMakeFiles/ece217_project2_tan__rosidl_generator_c.dir/rosidl_generator_c/ece217_project2_tan/srv/detail/manipulation_query__type_support.c.o[0m
[ 15%] [1m[32mLinking C shared library libece217_project2_tan__rosidl_generator_c.so[0m
[ 18%] Built target ece217_project2_tan__rosidl_generator_c
[ 21%] [32mBuilding CXX object CMakeFiles/ece217_project2_tan__rosidl_typesupport_cpp.dir/rosidl_typesupport_cpp/ece217_project2_tan/srv/manipulation_query__type_support.cpp.o[0m
[ 23%] [32mBuilding CXX object CMakeFiles/ece217_project2_tan__rosidl_typesupport_fastrtps_c.dir/rosidl_typesupport_fastrtps_c/ece217_project2_tan/srv/detail/manipulation_query__type_support_c.cpp.o[0m
[ 26%] [1m[32mLinking CXX shared library libece217_project2_tan__rosidl_typesupport_cpp.so[0m
[ 28%] Built target ece217_project2_tan__rosidl_typesupport_cpp
[ 31%] [32mBuilding CXX object CMakeFiles/ece217_project2_tan__rosidl_typesupport_fastrtps_cpp.dir/rosidl_typesupport_fastrtps_cpp/ece217_project2_tan/srv/detail/dds_fastrtps/manipulation_query__type_support.cpp.o[0m
[ 34%] [1m[32mLinking CXX shared library libece217_project2_tan__rosidl_typesupport_fastrtps_c.so[0m
[ 36%] Built target ece217_project2_tan__rosidl_typesupport_fastrtps_c
[ 39%] [32mBuilding C object CMakeFiles/ece217_project2_tan__rosidl_typesupport_introspection_c.dir/rosidl_typesupport_introspection_c/ece217_project2_tan/srv/detail/manipulation_query__type_support.c.o[0m
[ 42%] [1m[32mLinking C shared library libece217_project2_tan__rosidl_typesupport_introspection_c.so[0m
[ 44%] Built target ece217_project2_tan__rosidl_typesupport_introspection_c
[ 47%] [32mBuilding CXX object CMakeFiles/ece217_project2_tan__rosidl_typesupport_c.dir/rosidl_typesupport_c/ece217_project2_tan/srv/manipulation_query__type_support.cpp.o[0m
[ 50%] [1m[32mLinking CXX shared library libece217_project2_tan__rosidl_typesupport_c.so[0m
[ 52%] Built target ece217_project2_tan__rosidl_typesupport_c
[ 55%] [32mBuilding CXX object CMakeFiles/ece217_project2_tan__rosidl_typesupport_introspection_cpp.dir/rosidl_typesupport_introspection_cpp/ece217_project2_tan/srv/detail/manipulation_query__type_support.cpp.o[0m
[ 57%] [1m[32mLinking CXX shared library libece217_project2_tan__rosidl_typesupport_fastrtps_cpp.so[0m
[ 60%] Built target ece217_project2_tan__rosidl_typesupport_fastrtps_cpp
[ 63%] [32mBuilding CXX object CMakeFiles/project2-client.dir/src/project2-client.cpp.o[0m
[ 65%] [1m[32mLinking CXX shared library libece217_project2_tan__rosidl_typesupport_introspection_cpp.so[0m
[ 68%] Built target ece217_project2_tan__rosidl_typesupport_introspection_cpp
[ 71%] [32mBuilding CXX object CMakeFiles/project2-server.dir/src/project2-server.cpp.o[0m
[01m[K/gpfs/fs1/home/wtan10/Desktop/ECE217/project2_ws/src/ece217_project2_tan/src/project2-client.cpp:4:10:[m[K [01;31m[Kfatal error: [m[Kboost/program_option.hpp: No such file or directory
    4 | #include [01;31m[K<boost/program_option.hpp>[m[K
      |          [01;31m[K^~~~~~~~~~~~~~~~~~~~~~~~~~[m[K
compilation terminated.
gmake[2]: *** [CMakeFiles/project2-client.dir/build.make:79: CMakeFiles/project2-client.dir/src/project2-client.cpp.o] Error 1
gmake[1]: *** [CMakeFiles/Makefile2:771: CMakeFiles/project2-client.dir/all] Error 2
gmake[1]: *** Waiting for unfinished jobs....
[01m[K/gpfs/fs1/home/wtan10/Desktop/ECE217/project2_ws/src/ece217_project2_tan/src/project2-server.cpp:[m[K In member function '[01m[Kvoid ManipulationService::[01;32m[Kgenerate_manipulation[m[K(std::shared_ptr<ece217_project2_tan::srv::ManipulationQuery_Request_<std::allocator<void> > >, std::shared_ptr<ece217_project2_tan::srv::ManipulationQuery_Response_<std::allocator<void> > >)[m[K':
[01m[K/gpfs/fs1/home/wtan10/Desktop/ECE217/project2_ws/src/ece217_project2_tan/src/project2-server.cpp:15:100:[m[K [01;35m[Kwarning: [m[Kunused parameter '[01m[Kresponse[m[K' [[01;35m[K]8;;https://gcc.gnu.org/onlinedocs/gcc-14.3.0/gcc/Warning-Options.html#index-Wno-unused-parameter-Wunused-parameter]8;;[m[K]
   15 |                     [01;35m[Kconst std::shared_ptr< ece217_project2_tan::srv::ManipulationQuery::Response > response[m[K ){
      |                     [01;35m[K~~~~~~~~~~~~~~~~~~~~~~~~~~~~~~~~~~~~~~~~~~~~~~~~~~~~~~~~~~~~~~~~~~~~~~~~~~~~~~~^~~~~~~~[m[K
[ 73%] [1m[32mLinking CXX executable project2-server[0m
[ 73%] Built target project2-server
gmake: *** [Makefile:146: all] Error 2
