[0.024s] Invoking command in '/gpfs/fs1/home/wtan10/Desktop/ECE217/project2_ws/build/ece217_project2_tan': CONDA_PROMPT_MODIFIER=(ros2_env) _=/usr/bin/env /gpfs/fs1/sfw3/rhel9-x86_64/miniforge3/25.11.0-1/envs/ros2_env/bin/cmake --build /gpfs/fs1/home/wtan10/Desktop/ECE217/project2_ws/build/ece217_project2_tan -- -j2 -l2
[0.072s] [0mCMake Deprecation Warning at CMakeLists.txt:1 (cmake_minimum_required):
[0.072s]   Compatibility with CMake < 3.10 will be removed from a future version of
[0.072s]   CMake.
[0.072s] 
[0.072s]   Update the VERSION argument <min> value.  Or, use the <min>...<max> syntax
[0.072s]   to tell CMake that the project requires at least <min> but has been updated
[0.072s]   to work with policies introduced by <max> or earlier.
[0.072s] 
[0.072s] [0m
[0.081s] -- Found ament_cmake: 2.5.4 (/gpfs/fs1/sfw3/rhel9-x86_64/miniforge3/25.11.0-1/envs/ros2_env/share/ament_cmake/cmake)
[0.246s] -- Found Python3: /gpfs/fs1/sfw3/rhel9-x86_64/miniforge3/25.11.0-1/envs/ros2_env/bin/python3 (found version "3.12.12") found components: Interpreter
[0.351s] -- Found rclcpp: 28.1.15 (/gpfs/fs1/sfw3/rhel9-x86_64/miniforge3/25.11.0-1/envs/ros2_env/share/rclcpp/cmake)
[0.390s] -- Found rosidl_generator_c: 4.6.7 (/gpfs/fs1/sfw3/rhel9-x86_64/miniforge3/25.11.0-1/envs/ros2_env/share/rosidl_generator_c/cmake)
[0.405s] -- Found rosidl_generator_cpp: 4.6.7 (/gpfs/fs1/sfw3/rhel9-x86_64/miniforge3/25.11.0-1/envs/ros2_env/share/rosidl_generator_cpp/cmake)
[0.424s] -- Using all available rosidl_typesupport_c: rosidl_typesupport_fastrtps_c;rosidl_typesupport_introspection_c
[0.448s] -- Using all available rosidl_typesupport_cpp: rosidl_typesupport_fastrtps_cpp;rosidl_typesupport_introspection_cpp
[0.554s] -- Found rmw_implementation_cmake: 7.3.2 (/gpfs/fs1/sfw3/rhel9-x86_64/miniforge3/25.11.0-1/envs/ros2_env/share/rmw_implementation_cmake/cmake)
[0.556s] -- Found rmw_fastrtps_cpp: 8.4.3 (/gpfs/fs1/sfw3/rhel9-x86_64/miniforge3/25.11.0-1/envs/ros2_env/share/rmw_fastrtps_cpp/cmake)
[1.191s] -- Using RMW implementation 'rmw_fastrtps_cpp' as default
[1.296s] -- Found geometry_msgs: 5.3.6 (/gpfs/fs1/sfw3/rhel9-x86_64/miniforge3/25.11.0-1/envs/ros2_env/share/geometry_msgs/cmake)
[1.350s] [33mCMake Warning (dev) at CMakeLists.txt:12 (find_package):
[1.350s]   Policy CMP0167 is not set: The FindBoost module is removed.  Run "cmake
[1.350s]   --help-policy CMP0167" for policy details.  Use the cmake_policy command to
[1.350s]   set the policy and suppress this warning.
[1.350s] 
[1.350s] This warning is for project developers.  Use -Wno-dev to suppress it.
[1.350s] [0m
[1.356s] -- Found rosidl_default_generators: 1.6.0 (/gpfs/fs1/sfw3/rhel9-x86_64/miniforge3/25.11.0-1/envs/ros2_env/share/rosidl_default_generators/cmake)
[1.369s] -- Found rosidl_adapter: 4.6.7 (/gpfs/fs1/sfw3/rhel9-x86_64/miniforge3/25.11.0-1/envs/ros2_env/share/rosidl_adapter/cmake)
[1.372s] -- Found nav_msgs: 5.3.6 (/gpfs/fs1/sfw3/rhel9-x86_64/miniforge3/25.11.0-1/envs/ros2_env/share/nav_msgs/cmake)
[1.415s] -- Found pluginlib: 5.4.4 (/gpfs/fs1/sfw3/rhel9-x86_64/miniforge3/25.11.0-1/envs/ros2_env/share/pluginlib/cmake)
[1.423s] -- Found visualization_msgs: 5.3.6 (/gpfs/fs1/sfw3/rhel9-x86_64/miniforge3/25.11.0-1/envs/ros2_env/share/visualization_msgs/cmake)
[2.286s] -- Found ament_cmake_ros: 0.12.0 (/gpfs/fs1/sfw3/rhel9-x86_64/miniforge3/25.11.0-1/envs/ros2_env/share/ament_cmake_ros/cmake)
[3.349s] -- Using all available rosidl_typesupport_c: rosidl_typesupport_fastrtps_c;rosidl_typesupport_introspection_c
[3.767s] -- Using all available rosidl_typesupport_cpp: rosidl_typesupport_fastrtps_cpp;rosidl_typesupport_introspection_cpp
[3.768s] -- Found python_cmake_module: 0.11.1 (/gpfs/fs1/sfw3/rhel9-x86_64/miniforge3/25.11.0-1/envs/ros2_env/share/python_cmake_module/cmake)
[4.331s] -- Found Python3: /gpfs/fs1/sfw3/rhel9-x86_64/miniforge3/25.11.0-1/envs/ros2_env/bin/python3 (found version "3.12.12") found components: Interpreter Development NumPy Development.Module Development.Embed
[4.395s] -- Found ament_lint_auto: 0.17.3 (/gpfs/fs1/sfw3/rhel9-x86_64/miniforge3/25.11.0-1/envs/ros2_env/share/ament_lint_auto/cmake)
[4.783s] -- Added test 'cppcheck' to perform static code analysis on C / C++ code
[4.784s] -- Configured cppcheck include dirs: /gpfs/fs1/home/wtan10/Desktop/ECE217/project2_ws/src/ece217_project2_tan/include;$<BUILD_INTERFACE:/gpfs/fs1/home/wtan10/Desktop/ECE217/project2_ws/src/ece217_project2_tan/include>
[4.784s] -- Configured cppcheck exclude dirs and/or files: 
[4.786s] -- Added test 'lint_cmake' to check CMake code style
[4.788s] -- Added test 'uncrustify' to check C / C++ code style
[4.788s] -- Configured uncrustify additional arguments: 
[4.789s] -- Added test 'xmllint' to check XML markup files
[5.070s] -- Configuring done (5.0s)
[6.449s] -- Generating done (1.4s)
[6.725s] -- Build files have been written to: /gpfs/fs1/home/wtan10/Desktop/ECE217/project2_ws/build/ece217_project2_tan
[6.770s] [  2%] Built target ece217_project2_tan__rosidl_generator_type_description
[6.794s] [  5%] Built target ece217_project2_tan__cpp
[6.841s] [  5%] Built target ament_cmake_python_copy_ece217_project2_tan
[6.854s] [  7%] [32mBuilding C object CMakeFiles/ece217_project2_tan__rosidl_generator_c.dir/rosidl_generator_c/ece217_project2_tan/srv/detail/manipulation_query__description.c.o[0m
[7.182s] running egg_info
[7.216s] writing ece217_project2_tan.egg-info/PKG-INFO
[7.216s] writing dependency_links to ece217_project2_tan.egg-info/dependency_links.txt
[7.217s] writing top-level names to ece217_project2_tan.egg-info/top_level.txt
[7.322s] reading manifest file 'ece217_project2_tan.egg-info/SOURCES.txt'
[7.323s] writing manifest file 'ece217_project2_tan.egg-info/SOURCES.txt'
[7.353s] [  7%] Built target ament_cmake_python_build_ece217_project2_tan_egg
[7.363s] [ 10%] [32mBuilding C object CMakeFiles/ece217_project2_tan__rosidl_generator_c.dir/rosidl_generator_c/ece217_project2_tan/srv/detail/manipulation_query__functions.c.o[0m
[8.235s] [ 13%] [32mBuilding C object CMakeFiles/ece217_project2_tan__rosidl_generator_c.dir/rosidl_generator_c/ece217_project2_tan/srv/detail/manipulation_query__type_support.c.o[0m
[8.327s] [ 15%] [1m[32mLinking C shared library libece217_project2_tan__rosidl_generator_c.so[0m
[8.637s] [ 18%] Built target ece217_project2_tan__rosidl_generator_c
[8.671s] [ 21%] [32mBuilding CXX object CMakeFiles/ece217_project2_tan__rosidl_typesupport_cpp.dir/rosidl_typesupport_cpp/ece217_project2_tan/srv/manipulation_query__type_support.cpp.o[0m
[8.673s] [ 23%] [32mBuilding CXX object CMakeFiles/ece217_project2_tan__rosidl_typesupport_fastrtps_c.dir/rosidl_typesupport_fastrtps_c/ece217_project2_tan/srv/detail/manipulation_query__type_support_c.cpp.o[0m
[10.878s] [ 26%] [1m[32mLinking CXX shared library libece217_project2_tan__rosidl_typesupport_cpp.so[0m
[11.149s] [ 28%] Built target ece217_project2_tan__rosidl_typesupport_cpp
[11.183s] [ 31%] [32mBuilding CXX object CMakeFiles/ece217_project2_tan__rosidl_typesupport_fastrtps_cpp.dir/rosidl_typesupport_fastrtps_cpp/ece217_project2_tan/srv/detail/dds_fastrtps/manipulation_query__type_support.cpp.o[0m
[11.414s] [ 34%] [1m[32mLinking CXX shared library libece217_project2_tan__rosidl_typesupport_fastrtps_c.so[0m
[11.568s] [ 36%] Built target ece217_project2_tan__rosidl_typesupport_fastrtps_c
[11.598s] [ 39%] [32mBuilding C object CMakeFiles/ece217_project2_tan__rosidl_typesupport_introspection_c.dir/rosidl_typesupport_introspection_c/ece217_project2_tan/srv/detail/manipulation_query__type_support.c.o[0m
[11.735s] [ 42%] [1m[32mLinking C shared library libece217_project2_tan__rosidl_typesupport_introspection_c.so[0m
[11.859s] [ 44%] Built target ece217_project2_tan__rosidl_typesupport_introspection_c
[11.888s] [ 47%] [32mBuilding CXX object CMakeFiles/ece217_project2_tan__rosidl_typesupport_c.dir/rosidl_typesupport_c/ece217_project2_tan/srv/manipulation_query__type_support.cpp.o[0m
[11.976s] [ 50%] [1m[32mLinking CXX shared library libece217_project2_tan__rosidl_typesupport_c.so[0m
[12.106s] [ 52%] Built target ece217_project2_tan__rosidl_typesupport_c
[12.139s] [ 55%] [32mBuilding CXX object CMakeFiles/ece217_project2_tan__rosidl_typesupport_introspection_cpp.dir/rosidl_typesupport_introspection_cpp/ece217_project2_tan/srv/detail/manipulation_query__type_support.cpp.o[0m
[12.396s] [ 57%] [1m[32mLinking CXX shared library libece217_project2_tan__rosidl_typesupport_fastrtps_cpp.so[0m
[12.531s] [ 60%] Built target ece217_project2_tan__rosidl_typesupport_fastrtps_cpp
[12.556s] [ 63%] [32mBuilding CXX object CMakeFiles/project2-client.dir/src/project2-client.cpp.o[0m
[12.986s] [ 65%] [1m[32mLinking CXX shared library libece217_project2_tan__rosidl_typesupport_introspection_cpp.so[0m
[13.138s] [ 68%] Built target ece217_project2_tan__rosidl_typesupport_introspection_cpp
[13.162s] [ 71%] [32mBuilding CXX object CMakeFiles/project2-server.dir/src/project2-server.cpp.o[0m
[16.698s] [01m[K/gpfs/fs1/home/wtan10/Desktop/ECE217/project2_ws/src/ece217_project2_tan/src/project2-client.cpp:4:10:[m[K [01;31m[Kfatal error: [m[Kboost/program_option.hpp: No such file or directory
[16.698s]     4 | #include [01;31m[K<boost/program_option.hpp>[m[K
[16.698s]       |          [01;31m[K^~~~~~~~~~~~~~~~~~~~~~~~~~[m[K
[16.698s] compilation terminated.
[16.701s] gmake[2]: *** [CMakeFiles/project2-client.dir/build.make:79: CMakeFiles/project2-client.dir/src/project2-client.cpp.o] Error 1
[16.701s] gmake[1]: *** [CMakeFiles/Makefile2:771: CMakeFiles/project2-client.dir/all] Error 2
[16.701s] gmake[1]: *** Waiting for unfinished jobs....
[18.792s] [01m[K/gpfs/fs1/home/wtan10/Desktop/ECE217/project2_ws/src/ece217_project2_tan/src/project2-server.cpp:[m[K In member function '[01m[Kvoid ManipulationService::[01;32m[Kgenerate_manipulation[m[K(std::shared_ptr<ece217_project2_tan::srv::ManipulationQuery_Request_<std::allocator<void> > >, std::shared_ptr<ece217_project2_tan::srv::ManipulationQuery_Response_<std::allocator<void> > >)[m[K':
[18.792s] [01m[K/gpfs/fs1/home/wtan10/Desktop/ECE217/project2_ws/src/ece217_project2_tan/src/project2-server.cpp:15:100:[m[K [01;35m[Kwarning: [m[Kunused parameter '[01m[Kresponse[m[K' [[01;35m[K]8;;https://gcc.gnu.org/onlinedocs/gcc-14.3.0/gcc/Warning-Options.html#index-Wno-unused-parameter-Wunused-parameter]8;;[m[K]
[18.792s]    15 |                     [01;35m[Kconst std::shared_ptr< ece217_project2_tan::srv::ManipulationQuery::Response > response[m[K ){
[18.792s]       |                     [01;35m[K~~~~~~~~~~~~~~~~~~~~~~~~~~~~~~~~~~~~~~~~~~~~~~~~~~~~~~~~~~~~~~~~~~~~~~~~~~~~~~~^~~~~~~~[m[K
[20.900s] [ 73%] [1m[32mLinking CXX executable project2-server[0m
[21.992s] [ 73%] Built target project2-server
[21.992s] gmake: *** [Makefile:146: all] Error 2
[21.994s] Invoked command in '/gpfs/fs1/home/wtan10/Desktop/ECE217/project2_ws/build/ece217_project2_tan' returned '2': CONDA_PROMPT_MODIFIER=(ros2_env) _=/usr/bin/env /gpfs/fs1/sfw3/rhel9-x86_64/miniforge3/25.11.0-1/envs/ros2_env/bin/cmake --build /gpfs/fs1/home/wtan10/Desktop/ECE217/project2_ws/build/ece217_project2_tan -- -j2 -l2
