[  2%] Built target ece217_project2_tan__rosidl_generator_type_description
[  2%] Built target ament_cmake_python_copy_ece217_project2_tan
[  4%] Built target ece217_project2_tan__cpp
[ 17%] Built target ece217_project2_tan__rosidl_generator_c
[ 24%] Built target ece217_project2_tan__rosidl_typesupport_cpp
[ 31%] Built target ece217_project2_tan__rosidl_typesupport_fastrtps_c
[ 39%] Built target ece217_project2_tan__rosidl_typesupport_fastrtps_cpp
[ 46%] Built target ece217_project2_tan__rosidl_typesupport_introspection_c
[ 53%] Built target ece217_project2_tan__rosidl_typesupport_c
[ 60%] Built target ece217_project2_tan__rosidl_typesupport_introspection_cpp
[ 65%] Built target project2-client
[ 73%] Built target project2-server
[ 75%] [32mBuilding CXX object CMakeFiles/joint-state-publisher.dir/src/joint-state-publisher.cpp.o[0m
running egg_info
writing ece217_project2_tan.egg-info/PKG-INFO
writing dependency_links to ece217_project2_tan.egg-info/dependency_links.txt
writing top-level names to ece217_project2_tan.egg-info/top_level.txt
reading manifest file 'ece217_project2_tan.egg-info/SOURCES.txt'
writing manifest file 'ece217_project2_tan.egg-info/SOURCES.txt'
[ 75%] Built target ament_cmake_python_build_ece217_project2_tan_egg
[ 75%] Built target ece217_project2_tan
[ 78%] Built target ece217_project2_tan__py
[ 82%] Built target ece217_project2_tan__rosidl_generator_py
[ 87%] Built target ece217_project2_tan_s__rosidl_typesupport_fastrtps_c
[ 92%] Built target ece217_project2_tan_s__rosidl_typesupport_introspection_c
[ 97%] Built target ece217_project2_tan_s__rosidl_typesupport_c
[01m[K/gpfs/fs1/home/wtan10/Desktop/ECE217/project2_ws/src/ece217_project2_tan/src/joint-state-publisher.cpp:68:22:[m[K [01;31m[Kerror: [m[K'[01m[Ktf2_ros2[m[K' was not declared in this scope; did you mean '[01m[Ktf2_ros[m[K'?
   68 |     std::shared_ptr< [01;31m[Ktf2_ros2[m[K::TransformBroadcaster > broadcaster;
      |                      [01;31m[K^~~~~~~~[m[K
      |                      [32m[Ktf2_ros[m[K
[01m[K/gpfs/fs1/home/wtan10/Desktop/ECE217/project2_ws/src/ece217_project2_tan/src/joint-state-publisher.cpp:68:53:[m[K [01;31m[Kerror: [m[Ktemplate argument 1 is invalid
   68 |     std::shared_ptr< tf2_ros2::TransformBroadcaster [01;31m[K>[m[K broadcaster;
      |                                                     [01;31m[K^[m[K
[01m[K/gpfs/fs1/home/wtan10/Desktop/ECE217/project2_ws/src/ece217_project2_tan/src/joint-state-publisher.cpp:[m[K In constructor '[01m[KRobotJointStatePublisher::[01;32m[KRobotJointStatePublisher[m[K()[m[K':
[01m[K/gpfs/fs1/home/wtan10/Desktop/ECE217/project2_ws/src/ece217_project2_tan/src/joint-state-publisher.cpp:19:68:[m[K [01;31m[Kerror: [m[Kcannot convert '[01m[Kstd::shared_ptr<tf2_ros::TransformBroadcaster>[m[K' to '[01m[Kint[m[K' in assignment
   19 |       broadcaster = [01;31m[Kstd::make_shared<tf2_ros::TransformBroadcaster>(this)[m[K;
      |                     [01;31m[K~~~~~~~~~~~~~~~~~~~~~~~~~~~~~~~~~~~~~~~~~~~~~~~^~~~~~[m[K
      |                                                                    [01;31m[K|[m[K
      |                                                                    [01;31m[Kstd::shared_ptr<tf2_ros::TransformBroadcaster>[m[K
[01m[K/gpfs/fs1/home/wtan10/Desktop/ECE217/project2_ws/src/ece217_project2_tan/src/joint-state-publisher.cpp:[m[K In member function '[01m[Kvoid RobotJointStatePublisher::[01;32m[Kpublish[m[K()[m[K':
[01m[K/gpfs/fs1/home/wtan10/Desktop/ECE217/project2_ws/src/ece217_project2_tan/src/joint-state-publisher.cpp:61:18:[m[K [01;31m[Kerror: [m[Kbase operand of '[01m[K->[m[K' is not a pointer
   61 |       broadcaster[01;31m[K->[m[KsendTranform(transform_msg);
      |                  [01;31m[K^~[m[K
gmake[2]: *** [CMakeFiles/joint-state-publisher.dir/build.make:79: CMakeFiles/joint-state-publisher.dir/src/joint-state-publisher.cpp.o] Error 1
gmake[1]: *** [CMakeFiles/Makefile2:842: CMakeFiles/joint-state-publisher.dir/all] Error 2
gmake: *** [Makefile:146: all] Error 2
