[0.018s] Invoking command in '/gpfs/fs1/home/wtan10/Desktop/ECE217/project2_ws/build/ece217_project2_tan': CONDA_PROMPT_MODIFIER=(ros2_env) _=/usr/bin/env /gpfs/fs1/sfw3/rhel9-x86_64/miniforge3/25.11.0-1/envs/ros2_env/bin/cmake --build /gpfs/fs1/home/wtan10/Desktop/ECE217/project2_ws/build/ece217_project2_tan -- -j2 -l2
[0.091s] [  2%] Built target ece217_project2_tan__rosidl_generator_type_description
[0.107s] [  2%] Built target ament_cmake_python_copy_ece217_project2_tan
[0.116s] [  4%] Built target ece217_project2_tan__cpp
[0.136s] [ 17%] Built target ece217_project2_tan__rosidl_generator_c
[0.164s] [ 24%] Built target ece217_project2_tan__rosidl_typesupport_cpp
[0.193s] [ 31%] Built target ece217_project2_tan__rosidl_typesupport_fastrtps_c
[0.223s] [ 39%] Built target ece217_project2_tan__rosidl_typesupport_fastrtps_cpp
[0.257s] [ 46%] Built target ece217_project2_tan__rosidl_typesupport_introspection_c
[0.284s] [ 53%] Built target ece217_project2_tan__rosidl_typesupport_c
[0.312s] [ 60%] Built target ece217_project2_tan__rosidl_typesupport_introspection_cpp
[0.350s] [ 65%] Built target project2-client
[0.390s] [ 73%] Built target project2-server
[0.435s] [ 75%] [32mBuilding CXX object CMakeFiles/joint-state-publisher.dir/src/joint-state-publisher.cpp.o[0m
[0.464s] running egg_info
[0.499s] writing ece217_project2_tan.egg-info/PKG-INFO
[0.499s] writing dependency_links to ece217_project2_tan.egg-info/dependency_links.txt
[0.500s] writing top-level names to ece217_project2_tan.egg-info/top_level.txt
[0.607s] reading manifest file 'ece217_project2_tan.egg-info/SOURCES.txt'
[0.607s] writing manifest file 'ece217_project2_tan.egg-info/SOURCES.txt'
[0.640s] [ 75%] Built target ament_cmake_python_build_ece217_project2_tan_egg
[0.665s] [ 75%] Built target ece217_project2_tan
[0.691s] [ 78%] Built target ece217_project2_tan__py
[0.719s] [ 82%] Built target ece217_project2_tan__rosidl_generator_py
[0.747s] [ 87%] Built target ece217_project2_tan_s__rosidl_typesupport_fastrtps_c
[0.775s] [ 92%] Built target ece217_project2_tan_s__rosidl_typesupport_introspection_c
[0.803s] [ 97%] Built target ece217_project2_tan_s__rosidl_typesupport_c
[3.573s] [01m[K/gpfs/fs1/home/wtan10/Desktop/ECE217/project2_ws/src/ece217_project2_tan/src/joint-state-publisher.cpp:68:22:[m[K [01;31m[Kerror: [m[K'[01m[Ktf2_ros2[m[K' was not declared in this scope; did you mean '[01m[Ktf2_ros[m[K'?
[3.573s]    68 |     std::shared_ptr< [01;31m[Ktf2_ros2[m[K::TransformBroadcaster > broadcaster;
[3.574s]       |                      [01;31m[K^~~~~~~~[m[K
[3.574s]       |                      [32m[Ktf2_ros[m[K
[3.574s] [01m[K/gpfs/fs1/home/wtan10/Desktop/ECE217/project2_ws/src/ece217_project2_tan/src/joint-state-publisher.cpp:68:53:[m[K [01;31m[Kerror: [m[Ktemplate argument 1 is invalid
[3.574s]    68 |     std::shared_ptr< tf2_ros2::TransformBroadcaster [01;31m[K>[m[K broadcaster;
[3.574s]       |                                                     [01;31m[K^[m[K
[3.577s] [01m[K/gpfs/fs1/home/wtan10/Desktop/ECE217/project2_ws/src/ece217_project2_tan/src/joint-state-publisher.cpp:[m[K In constructor '[01m[KRobotJointStatePublisher::[01;32m[KRobotJointStatePublisher[m[K()[m[K':
[3.577s] [01m[K/gpfs/fs1/home/wtan10/Desktop/ECE217/project2_ws/src/ece217_project2_tan/src/joint-state-publisher.cpp:19:68:[m[K [01;31m[Kerror: [m[Kcannot convert '[01m[Kstd::shared_ptr<tf2_ros::TransformBroadcaster>[m[K' to '[01m[Kint[m[K' in assignment
[3.578s]    19 |       broadcaster = [01;31m[Kstd::make_shared<tf2_ros::TransformBroadcaster>(this)[m[K;
[3.578s]       |                     [01;31m[K~~~~~~~~~~~~~~~~~~~~~~~~~~~~~~~~~~~~~~~~~~~~~~~^~~~~~[m[K
[3.578s]       |                                                                    [01;31m[K|[m[K
[3.578s]       |                                                                    [01;31m[Kstd::shared_ptr<tf2_ros::TransformBroadcaster>[m[K
[3.588s] [01m[K/gpfs/fs1/home/wtan10/Desktop/ECE217/project2_ws/src/ece217_project2_tan/src/joint-state-publisher.cpp:[m[K In member function '[01m[Kvoid RobotJointStatePublisher::[01;32m[Kpublish[m[K()[m[K':
[3.588s] [01m[K/gpfs/fs1/home/wtan10/Desktop/ECE217/project2_ws/src/ece217_project2_tan/src/joint-state-publisher.cpp:61:18:[m[K [01;31m[Kerror: [m[Kbase operand of '[01m[K->[m[K' is not a pointer
[3.588s]    61 |       broadcaster[01;31m[K->[m[KsendTranform(transform_msg);
[3.588s]       |                  [01;31m[K^~[m[K
[4.967s] gmake[2]: *** [CMakeFiles/joint-state-publisher.dir/build.make:79: CMakeFiles/joint-state-publisher.dir/src/joint-state-publisher.cpp.o] Error 1
[4.967s] gmake[1]: *** [CMakeFiles/Makefile2:842: CMakeFiles/joint-state-publisher.dir/all] Error 2
[4.967s] gmake: *** [Makefile:146: all] Error 2
[4.969s] Invoked command in '/gpfs/fs1/home/wtan10/Desktop/ECE217/project2_ws/build/ece217_project2_tan' returned '2': CONDA_PROMPT_MODIFIER=(ros2_env) _=/usr/bin/env /gpfs/fs1/sfw3/rhel9-x86_64/miniforge3/25.11.0-1/envs/ros2_env/bin/cmake --build /gpfs/fs1/home/wtan10/Desktop/ECE217/project2_ws/build/ece217_project2_tan -- -j2 -l2
