[0.018s] Invoking command in '/gpfs/fs1/home/wtan10/Desktop/ECE217/project2_ws/build/ece217_project2_tan': CONDA_PROMPT_MODIFIER=(ros2_env) _=/usr/bin/env /gpfs/fs1/sfw3/rhel9-x86_64/miniforge3/25.11.0-1/envs/ros2_env/bin/cmake --build /gpfs/fs1/home/wtan10/Desktop/ECE217/project2_ws/build/ece217_project2_tan -- -j2 -l2
[0.098s] [  2%] Built target ece217_project2_tan__rosidl_generator_type_description
[0.122s] [  5%] Built target ece217_project2_tan__cpp
[0.128s] [  5%] Built target ament_cmake_python_copy_ece217_project2_tan
[0.150s] [ 18%] Built target ece217_project2_tan__rosidl_generator_c
[0.178s] [ 26%] Built target ece217_project2_tan__rosidl_typesupport_cpp
[0.207s] [ 34%] Built target ece217_project2_tan__rosidl_typesupport_fastrtps_c
[0.237s] [ 42%] Built target ece217_project2_tan__rosidl_typesupport_fastrtps_cpp
[0.265s] [ 50%] Built target ece217_project2_tan__rosidl_typesupport_introspection_c
[0.291s] [ 57%] Built target ece217_project2_tan__rosidl_typesupport_c
[0.320s] [ 65%] Built target ece217_project2_tan__rosidl_typesupport_introspection_cpp
[0.369s] [ 68%] [32mBuilding CXX object CMakeFiles/project2-client.dir/src/project2-client.cpp.o[0m
[0.476s] running egg_info
[0.509s] writing ece217_project2_tan.egg-info/PKG-INFO
[0.510s] writing dependency_links to ece217_project2_tan.egg-info/dependency_links.txt
[0.511s] writing top-level names to ece217_project2_tan.egg-info/top_level.txt
[0.616s] reading manifest file 'ece217_project2_tan.egg-info/SOURCES.txt'
[0.617s] writing manifest file 'ece217_project2_tan.egg-info/SOURCES.txt'
[0.649s] [ 68%] Built target ament_cmake_python_build_ece217_project2_tan_egg
[0.687s] [ 73%] Built target project2-server
[0.712s] [ 73%] Built target ece217_project2_tan
[0.737s] [ 76%] Built target ece217_project2_tan__py
[0.771s] [ 81%] Built target ece217_project2_tan__rosidl_generator_py
[0.803s] [ 86%] Built target ece217_project2_tan_s__rosidl_typesupport_fastrtps_c
[0.867s] [ 92%] Built target ece217_project2_tan_s__rosidl_typesupport_introspection_c
[0.899s] [ 97%] Built target ece217_project2_tan_s__rosidl_typesupport_c
[2.093s] gmake[2]: *** [CMakeFiles/project2-client.dir/build.make:79: CMakeFiles/project2-client.dir/src/project2-client.cpp.o] Interrupt
[2.093s] gmake[1]: *** wait: No child processes.  Stop.
[2.093s] gmake[1]: *** Waiting for unfinished jobs....
[2.093s] gmake[1]: *** wait: No child processes.  Stop.
[2.093s] gmake: *** [Makefile:146: all] Error 2
[2.101s] Invoked command in '/gpfs/fs1/home/wtan10/Desktop/ECE217/project2_ws/build/ece217_project2_tan' returned '-2': CONDA_PROMPT_MODIFIER=(ros2_env) _=/usr/bin/env /gpfs/fs1/sfw3/rhel9-x86_64/miniforge3/25.11.0-1/envs/ros2_env/bin/cmake --build /gpfs/fs1/home/wtan10/Desktop/ECE217/project2_ws/build/ece217_project2_tan -- -j2 -l2
