[  2%] Built target ece217_project2_tan__rosidl_generator_type_description
[  2%] Built target ament_cmake_python_copy_ece217_project2_tan
[  5%] Built target ece217_project2_tan__cpp
[ 18%] Built target ece217_project2_tan__rosidl_generator_c
[ 26%] Built target ece217_project2_tan__rosidl_typesupport_cpp
[ 34%] Built target ece217_project2_tan__rosidl_typesupport_fastrtps_c
[ 42%] Built target ece217_project2_tan__rosidl_typesupport_fastrtps_cpp
[ 50%] Built target ece217_project2_tan__rosidl_typesupport_introspection_c
[ 57%] Built target ece217_project2_tan__rosidl_typesupport_c
[ 65%] Built target ece217_project2_tan__rosidl_typesupport_introspection_cpp
running egg_info
[ 71%] Built target project2-client
writing ece217_project2_tan.egg-info/PKG-INFO
writing dependency_links to ece217_project2_tan.egg-info/dependency_links.txt
writing top-level names to ece217_project2_tan.egg-info/top_level.txt
[ 73%] [32mBuilding CXX object CMakeFiles/project2-server.dir/src/project2-server.cpp.o[0m
reading manifest file 'ece217_project2_tan.egg-info/SOURCES.txt'
writing manifest file 'ece217_project2_tan.egg-info/SOURCES.txt'
[ 73%] Built target ament_cmake_python_build_ece217_project2_tan_egg
[ 73%] Built target ece217_project2_tan
[ 76%] Built target ece217_project2_tan__py
[ 78%] [32mBuilding C object CMakeFiles/ece217_project2_tan__rosidl_generator_py.dir/rosidl_generator_py/ece217_project2_tan/srv/_manipulation_query_s.c.o[0m
[ 81%] [1m[32mLinking C shared library libece217_project2_tan__rosidl_generator_py.so[0m
[ 81%] Built target ece217_project2_tan__rosidl_generator_py
