[0.019s] Invoking command in '/gpfs/fs1/home/wtan10/Desktop/ECE217/project2_ws/build/ece217_project2_tan': CONDA_PROMPT_MODIFIER=(ros2_env) _=/usr/bin/env /gpfs/fs1/sfw3/rhel9-x86_64/miniforge3/25.11.0-1/envs/ros2_env/bin/cmake --build /gpfs/fs1/home/wtan10/Desktop/ECE217/project2_ws/build/ece217_project2_tan -- -j2 -l2
[0.090s] [  2%] Built target ece217_project2_tan__rosidl_generator_type_description
[0.104s] [  2%] Built target ament_cmake_python_copy_ece217_project2_tan
[0.114s] [  5%] Built target ece217_project2_tan__cpp
[0.224s] [ 18%] Built target ece217_project2_tan__rosidl_generator_c
[0.259s] [ 26%] Built target ece217_project2_tan__rosidl_typesupport_cpp
[0.295s] [ 34%] Built target ece217_project2_tan__rosidl_typesupport_fastrtps_c
[0.357s] [ 42%] Built target ece217_project2_tan__rosidl_typesupport_fastrtps_cpp
[0.387s] [ 50%] Built target ece217_project2_tan__rosidl_typesupport_introspection_c
[0.416s] [ 57%] Built target ece217_project2_tan__rosidl_typesupport_c
[0.450s] [ 65%] Built target ece217_project2_tan__rosidl_typesupport_introspection_cpp
[0.497s] running egg_info
[0.501s] [ 71%] Built target project2-client
[0.532s] writing ece217_project2_tan.egg-info/PKG-INFO
[0.533s] writing dependency_links to ece217_project2_tan.egg-info/dependency_links.txt
[0.533s] writing top-level names to ece217_project2_tan.egg-info/top_level.txt
[0.537s] [ 73%] [32mBuilding CXX object CMakeFiles/project2-server.dir/src/project2-server.cpp.o[0m
[0.644s] reading manifest file 'ece217_project2_tan.egg-info/SOURCES.txt'
[0.645s] writing manifest file 'ece217_project2_tan.egg-info/SOURCES.txt'
[0.677s] [ 73%] Built target ament_cmake_python_build_ece217_project2_tan_egg
[0.702s] [ 73%] Built target ece217_project2_tan
[0.727s] [ 76%] Built target ece217_project2_tan__py
[0.760s] [ 78%] [32mBuilding C object CMakeFiles/ece217_project2_tan__rosidl_generator_py.dir/rosidl_generator_py/ece217_project2_tan/srv/_manipulation_query_s.c.o[0m
[1.208s] [01m[K/gpfs/fs1/home/wtan10/Desktop/ECE217/project2_ws/src/ece217_project2_tan/src/project2-server.cpp:5:10:[m[K [01;31m[Kfatal error: [m[Kproject2-server.h: No such file or directory
[1.208s]     5 | #include [01;31m[K"project2-server.h"[m[K
[1.208s]       |          [01;31m[K^~~~~~~~~~~~~~~~~~~[m[K
[1.208s] compilation terminated.
[1.211s] gmake[2]: *** [CMakeFiles/project2-server.dir/build.make:79: CMakeFiles/project2-server.dir/src/project2-server.cpp.o] Error 1
[1.211s] gmake[1]: *** [CMakeFiles/Makefile2:805: CMakeFiles/project2-server.dir/all] Error 2
[1.212s] gmake[1]: *** Waiting for unfinished jobs....
[1.290s] [ 81%] [1m[32mLinking C shared library libece217_project2_tan__rosidl_generator_py.so[0m
[1.350s] [ 81%] Built target ece217_project2_tan__rosidl_generator_py
[1.351s] gmake: *** [Makefile:146: all] Error 2
[1.353s] Invoked command in '/gpfs/fs1/home/wtan10/Desktop/ECE217/project2_ws/build/ece217_project2_tan' returned '2': CONDA_PROMPT_MODIFIER=(ros2_env) _=/usr/bin/env /gpfs/fs1/sfw3/rhel9-x86_64/miniforge3/25.11.0-1/envs/ros2_env/bin/cmake --build /gpfs/fs1/home/wtan10/Desktop/ECE217/project2_ws/build/ece217_project2_tan -- -j2 -l2
