[0.091s] Invoking command in '/gpfs/fs1/home/wtan10/Desktop/ECE217/project2_ws/build/ece217_project2_tan': CONDA_PROMPT_MODIFIER=(ros2_env) _=/usr/bin/env /gpfs/fs1/sfw3/rhel9-x86_64/miniforge3/25.11.0-1/envs/ros2_env/bin/cmake --build /gpfs/fs1/home/wtan10/Desktop/ECE217/project2_ws/build/ece217_project2_tan -- -j2 -l2
[0.454s] [0mCMake Deprecation Warning at CMakeLists.txt:1 (cmake_minimum_required):
[0.454s]   Compatibility with CMake < 3.10 will be removed from a future version of
[0.454s]   CMake.
[0.455s] 
[0.455s]   Update the VERSION argument <min> value.  Or, use the <min>...<max> syntax
[0.455s]   to tell CMake that the project requires at least <min> but has been updated
[0.455s]   to work with policies introduced by <max> or earlier.
[0.455s] 
[0.455s] [0m
[0.614s] -- Found ament_cmake: 2.5.4 (/gpfs/fs1/sfw3/rhel9-x86_64/miniforge3/25.11.0-1/envs/ros2_env/share/ament_cmake/cmake)
[0.926s] -- Found Python3: /gpfs/fs1/sfw3/rhel9-x86_64/miniforge3/25.11.0-1/envs/ros2_env/bin/python3 (found version "3.12.12") found components: Interpreter
[1.730s] -- Found rclcpp: 28.1.15 (/gpfs/fs1/sfw3/rhel9-x86_64/miniforge3/25.11.0-1/envs/ros2_env/share/rclcpp/cmake)
[2.146s] -- Found rosidl_generator_c: 4.6.7 (/gpfs/fs1/sfw3/rhel9-x86_64/miniforge3/25.11.0-1/envs/ros2_env/share/rosidl_generator_c/cmake)
[2.232s] -- Found rosidl_generator_cpp: 4.6.7 (/gpfs/fs1/sfw3/rhel9-x86_64/miniforge3/25.11.0-1/envs/ros2_env/share/rosidl_generator_cpp/cmake)
[2.451s] -- Using all available rosidl_typesupport_c: rosidl_typesupport_fastrtps_c;rosidl_typesupport_introspection_c
[2.606s] -- Using all available rosidl_typesupport_cpp: rosidl_typesupport_fastrtps_cpp;rosidl_typesupport_introspection_cpp
[3.459s] -- Found rmw_implementation_cmake: 7.3.2 (/gpfs/fs1/sfw3/rhel9-x86_64/miniforge3/25.11.0-1/envs/ros2_env/share/rmw_implementation_cmake/cmake)
[3.566s] -- Found rmw_fastrtps_cpp: 8.4.3 (/gpfs/fs1/sfw3/rhel9-x86_64/miniforge3/25.11.0-1/envs/ros2_env/share/rmw_fastrtps_cpp/cmake)
[5.064s] -- Using RMW implementation 'rmw_fastrtps_cpp' as default
[5.700s] -- Found geometry_msgs: 5.3.6 (/gpfs/fs1/sfw3/rhel9-x86_64/miniforge3/25.11.0-1/envs/ros2_env/share/geometry_msgs/cmake)
[6.067s] [33mCMake Warning (dev) at CMakeLists.txt:12 (find_package):
[6.067s]   Policy CMP0167 is not set: The FindBoost module is removed.  Run "cmake
[6.067s]   --help-policy CMP0167" for policy details.  Use the cmake_policy command to
[6.068s]   set the policy and suppress this warning.
[6.068s] 
[6.068s] This warning is for project developers.  Use -Wno-dev to suppress it.
[6.068s] [0m
[6.193s] -- Found rosidl_default_generators: 1.6.0 (/gpfs/fs1/sfw3/rhel9-x86_64/miniforge3/25.11.0-1/envs/ros2_env/share/rosidl_default_generators/cmake)
[6.318s] -- Found rosidl_adapter: 4.6.7 (/gpfs/fs1/sfw3/rhel9-x86_64/miniforge3/25.11.0-1/envs/ros2_env/share/rosidl_adapter/cmake)
[6.372s] -- Found nav_msgs: 5.3.6 (/gpfs/fs1/sfw3/rhel9-x86_64/miniforge3/25.11.0-1/envs/ros2_env/share/nav_msgs/cmake)
[6.733s] -- Found pluginlib: 5.4.4 (/gpfs/fs1/sfw3/rhel9-x86_64/miniforge3/25.11.0-1/envs/ros2_env/share/pluginlib/cmake)
[6.908s] -- Found visualization_msgs: 5.3.6 (/gpfs/fs1/sfw3/rhel9-x86_64/miniforge3/25.11.0-1/envs/ros2_env/share/visualization_msgs/cmake)
[9.049s] -- Found ament_cmake_ros: 0.12.0 (/gpfs/fs1/sfw3/rhel9-x86_64/miniforge3/25.11.0-1/envs/ros2_env/share/ament_cmake_ros/cmake)
[10.682s] -- Using all available rosidl_typesupport_c: rosidl_typesupport_fastrtps_c;rosidl_typesupport_introspection_c
[11.141s] -- Using all available rosidl_typesupport_cpp: rosidl_typesupport_fastrtps_cpp;rosidl_typesupport_introspection_cpp
[11.163s] -- Found python_cmake_module: 0.11.1 (/gpfs/fs1/sfw3/rhel9-x86_64/miniforge3/25.11.0-1/envs/ros2_env/share/python_cmake_module/cmake)
[14.669s] -- Found Python3: /gpfs/fs1/sfw3/rhel9-x86_64/miniforge3/25.11.0-1/envs/ros2_env/bin/python3 (found version "3.12.12") found components: Interpreter Development NumPy Development.Module Development.Embed
[14.820s] -- Found ament_lint_auto: 0.17.3 (/gpfs/fs1/sfw3/rhel9-x86_64/miniforge3/25.11.0-1/envs/ros2_env/share/ament_lint_auto/cmake)
[15.306s] -- Added test 'cppcheck' to perform static code analysis on C / C++ code
[15.308s] -- Configured cppcheck include dirs: /gpfs/fs1/home/wtan10/Desktop/ECE217/project2_ws/src/ece217_project2_tan/include;$<BUILD_INTERFACE:/gpfs/fs1/home/wtan10/Desktop/ECE217/project2_ws/src/ece217_project2_tan/include>
[15.308s] -- Configured cppcheck exclude dirs and/or files: 
[15.310s] -- Added test 'lint_cmake' to check CMake code style
[15.314s] -- Added test 'uncrustify' to check C / C++ code style
[15.314s] -- Configured uncrustify additional arguments: 
[15.316s] -- Added test 'xmllint' to check XML markup files
[15.566s] -- Configuring done (15.1s)
[17.346s] -- Generating done (1.8s)
[17.629s] -- Build files have been written to: /gpfs/fs1/home/wtan10/Desktop/ECE217/project2_ws/build/ece217_project2_tan
[17.675s] [  2%] Built target ece217_project2_tan__rosidl_generator_type_description
[17.709s] [  4%] Built target ece217_project2_tan__cpp
[17.739s] [  4%] Built target ament_cmake_python_copy_ece217_project2_tan
[17.897s] [ 17%] Built target ece217_project2_tan__rosidl_generator_c
[17.961s] [ 24%] Built target ece217_project2_tan__rosidl_typesupport_cpp
[18.080s] [ 31%] Built target ece217_project2_tan__rosidl_typesupport_fastrtps_c
[18.358s] [ 39%] Built target ece217_project2_tan__rosidl_typesupport_fastrtps_cpp
[18.423s] [ 46%] Built target ece217_project2_tan__rosidl_typesupport_introspection_c
[18.508s] [ 53%] Built target ece217_project2_tan__rosidl_typesupport_c
[18.579s] [ 60%] Built target ece217_project2_tan__rosidl_typesupport_introspection_cpp
[18.812s] running egg_info
[18.880s] writing ece217_project2_tan.egg-info/PKG-INFO
[18.881s] writing dependency_links to ece217_project2_tan.egg-info/dependency_links.txt
[18.881s] writing top-level names to ece217_project2_tan.egg-info/top_level.txt
[18.983s] reading manifest file 'ece217_project2_tan.egg-info/SOURCES.txt'
[18.984s] writing manifest file 'ece217_project2_tan.egg-info/SOURCES.txt'
[19.015s] [ 60%] Built target ament_cmake_python_build_ece217_project2_tan_egg
[19.358s] [ 73%] Built target project2-server
[19.358s] [ 73%] Built target project2-client
[19.383s] [ 73%] Built target ece217_project2_tan
[19.383s] [ 75%] [32mBuilding CXX object CMakeFiles/joint-state-publisher.dir/src/joint-state-publisher.cpp.o[0m
[19.408s] [ 78%] Built target ece217_project2_tan__py
[19.544s] [ 82%] Built target ece217_project2_tan__rosidl_generator_py
[19.612s] [ 87%] Built target ece217_project2_tan_s__rosidl_typesupport_fastrtps_c
[19.686s] [ 92%] Built target ece217_project2_tan_s__rosidl_typesupport_introspection_c
[19.744s] [ 97%] Built target ece217_project2_tan_s__rosidl_typesupport_c
[28.134s] [01m[K/gpfs/fs1/home/wtan10/Desktop/ECE217/project2_ws/src/ece217_project2_tan/src/joint-state-publisher.cpp:4:10:[m[K [01;31m[Kfatal error: [m[Ktf2_ros/transform_broadcaster.h: No such file or directory
[28.134s]     4 | #include [01;31m[K<tf2_ros/transform_broadcaster.h>[m[K
[28.134s]       |          [01;31m[K^~~~~~~~~~~~~~~~~~~~~~~~~~~~~~~~~[m[K
[28.134s] compilation terminated.
[28.137s] gmake[2]: *** [CMakeFiles/joint-state-publisher.dir/build.make:79: CMakeFiles/joint-state-publisher.dir/src/joint-state-publisher.cpp.o] Error 1
[28.137s] gmake[1]: *** [CMakeFiles/Makefile2:842: CMakeFiles/joint-state-publisher.dir/all] Error 2
[28.137s] gmake: *** [Makefile:146: all] Error 2
[28.139s] Invoked command in '/gpfs/fs1/home/wtan10/Desktop/ECE217/project2_ws/build/ece217_project2_tan' returned '2': CONDA_PROMPT_MODIFIER=(ros2_env) _=/usr/bin/env /gpfs/fs1/sfw3/rhel9-x86_64/miniforge3/25.11.0-1/envs/ros2_env/bin/cmake --build /gpfs/fs1/home/wtan10/Desktop/ECE217/project2_ws/build/ece217_project2_tan -- -j2 -l2
